[0.129s] DEBUG:colcon:Command line arguments: ['/usr/bin/colcon', 'build', '--packages-select', 'cognitive_architecture']
[0.129s] DEBUG:colcon:Parsed command line arguments: Namespace(log_base=None, log_level=None, verb_name='build', build_base='build', install_base='install', merge_install=False, symlink_install=False, test_result_base=None, continue_on_error=False, executor='parallel', parallel_workers=4, event_handlers=None, ignore_user_meta=False, metas=['./colcon.meta'], base_paths=['.'], packages_ignore=None, packages_ignore_regex=None, paths=None, packages_up_to=None, packages_up_to_regex=None, packages_above=None, packages_above_and_dependencies=None, packages_above_depth=None, packages_select_by_dep=None, packages_skip_by_dep=None, packages_skip_up_to=None, packages_select_build_failed=False, packages_skip_build_finished=False, packages_select_test_failures=False, packages_skip_test_passed=False, packages_select=['cognitive_architecture'], packages_skip=None, packages_select_regex=None, packages_skip_regex=None, packages_start=None, packages_end=None, allow_overriding=[], cmake_args=None, cmake_target=None, cmake_target_skip_unavailable=False, cmake_clean_cache=False, cmake_clean_first=False, cmake_force_configure=False, ament_cmake_args=None, catkin_cmake_args=None, catkin_skip_building_tests=False, mixin_files=None, mixin=None, verb_parser=<colcon_mixin.mixin.mixin_argument.MixinArgumentDecorator object at 0x7433e27c16f0>, verb_extension=<colcon_core.verb.build.BuildVerb object at 0x7433e27c11e0>, main=<bound method BuildVerb.main of <colcon_core.verb.build.BuildVerb object at 0x7433e27c11e0>>, mixin_verb=('build',))
[0.315s] Level 1:colcon.colcon_core.package_discovery:discover_packages(colcon_meta) check parameters
[0.315s] Level 1:colcon.colcon_core.package_discovery:discover_packages(recursive) check parameters
[0.315s] Level 1:colcon.colcon_core.package_discovery:discover_packages(ignore) check parameters
[0.315s] Level 1:colcon.colcon_core.package_discovery:discover_packages(path) check parameters
[0.315s] Level 1:colcon.colcon_core.package_discovery:discover_packages(colcon_meta) discover
[0.315s] Level 1:colcon.colcon_core.package_discovery:discover_packages(recursive) discover
[0.315s] INFO:colcon.colcon_core.package_discovery:Crawling recursively for packages in '/home/antonio/Robotic-Swarms-main/Robotic-Swarms-main'
[0.316s] Level 1:colcon.colcon_core.package_identification:_identify(.) by extensions ['ignore', 'ignore_ament_install']
[0.316s] Level 1:colcon.colcon_core.package_identification:_identify(.) by extension 'ignore'
[0.316s] Level 1:colcon.colcon_core.package_identification:_identify(.) by extension 'ignore_ament_install'
[0.316s] Level 1:colcon.colcon_core.package_identification:_identify(.) by extensions ['colcon_pkg']
[0.316s] Level 1:colcon.colcon_core.package_identification:_identify(.) by extension 'colcon_pkg'
[0.316s] Level 1:colcon.colcon_core.package_identification:_identify(.) by extensions ['colcon_meta']
[0.316s] Level 1:colcon.colcon_core.package_identification:_identify(.) by extension 'colcon_meta'
[0.316s] Level 1:colcon.colcon_core.package_identification:_identify(.) by extensions ['ros']
[0.316s] Level 1:colcon.colcon_core.package_identification:_identify(.) by extension 'ros'
[0.330s] Level 1:colcon.colcon_core.package_identification:_identify(.) by extensions ['cmake', 'python']
[0.331s] Level 1:colcon.colcon_core.package_identification:_identify(.) by extension 'cmake'
[0.331s] Level 1:colcon.colcon_core.package_identification:_identify(.) by extension 'python'
[0.331s] Level 1:colcon.colcon_core.package_identification:_identify(.) by extensions ['python_setup_py']
[0.331s] Level 1:colcon.colcon_core.package_identification:_identify(.) by extension 'python_setup_py'
[0.331s] Level 1:colcon.colcon_core.package_identification:_identify(arlo_interfaces) by extensions ['ignore', 'ignore_ament_install']
[0.331s] Level 1:colcon.colcon_core.package_identification:_identify(arlo_interfaces) by extension 'ignore'
[0.331s] Level 1:colcon.colcon_core.package_identification:_identify(arlo_interfaces) by extension 'ignore_ament_install'
[0.331s] Level 1:colcon.colcon_core.package_identification:_identify(arlo_interfaces) by extensions ['colcon_pkg']
[0.331s] Level 1:colcon.colcon_core.package_identification:_identify(arlo_interfaces) by extension 'colcon_pkg'
[0.331s] Level 1:colcon.colcon_core.package_identification:_identify(arlo_interfaces) by extensions ['colcon_meta']
[0.331s] Level 1:colcon.colcon_core.package_identification:_identify(arlo_interfaces) by extension 'colcon_meta'
[0.331s] Level 1:colcon.colcon_core.package_identification:_identify(arlo_interfaces) by extensions ['ros']
[0.331s] Level 1:colcon.colcon_core.package_identification:_identify(arlo_interfaces) by extension 'ros'
[0.335s] DEBUG:colcon.colcon_core.package_identification:Package 'arlo_interfaces' with type 'ros.ament_cmake' and name 'arlo_interfaces'
[0.335s] Level 1:colcon.colcon_core.package_identification:_identify(build) by extensions ['ignore', 'ignore_ament_install']
[0.335s] Level 1:colcon.colcon_core.package_identification:_identify(build) by extension 'ignore'
[0.335s] Level 1:colcon.colcon_core.package_identification:_identify(build) ignored
[0.335s] Level 1:colcon.colcon_core.package_identification:_identify(cognitive_architecture) by extensions ['ignore', 'ignore_ament_install']
[0.335s] Level 1:colcon.colcon_core.package_identification:_identify(cognitive_architecture) by extension 'ignore'
[0.335s] Level 1:colcon.colcon_core.package_identification:_identify(cognitive_architecture) by extension 'ignore_ament_install'
[0.335s] Level 1:colcon.colcon_core.package_identification:_identify(cognitive_architecture) by extensions ['colcon_pkg']
[0.335s] Level 1:colcon.colcon_core.package_identification:_identify(cognitive_architecture) by extension 'colcon_pkg'
[0.335s] Level 1:colcon.colcon_core.package_identification:_identify(cognitive_architecture) by extensions ['colcon_meta']
[0.336s] Level 1:colcon.colcon_core.package_identification:_identify(cognitive_architecture) by extension 'colcon_meta'
[0.336s] Level 1:colcon.colcon_core.package_identification:_identify(cognitive_architecture) by extensions ['ros']
[0.336s] Level 1:colcon.colcon_core.package_identification:_identify(cognitive_architecture) by extension 'ros'
[0.337s] DEBUG:colcon.colcon_core.package_identification:Package 'cognitive_architecture' with type 'ros.ament_cmake' and name 'cognitive_architecture'
[0.337s] Level 1:colcon.colcon_core.package_identification:_identify(install) by extensions ['ignore', 'ignore_ament_install']
[0.338s] Level 1:colcon.colcon_core.package_identification:_identify(install) by extension 'ignore'
[0.338s] Level 1:colcon.colcon_core.package_identification:_identify(install) ignored
[0.338s] Level 1:colcon.colcon_core.package_identification:_identify(log) by extensions ['ignore', 'ignore_ament_install']
[0.338s] Level 1:colcon.colcon_core.package_identification:_identify(log) by extension 'ignore'
[0.338s] Level 1:colcon.colcon_core.package_identification:_identify(log) ignored
[0.338s] Level 1:colcon.colcon_core.package_discovery:discover_packages(recursive) using defaults
[0.338s] Level 1:colcon.colcon_core.package_discovery:discover_packages(ignore) discover
[0.338s] Level 1:colcon.colcon_core.package_discovery:discover_packages(ignore) using defaults
[0.338s] Level 1:colcon.colcon_core.package_discovery:discover_packages(path) discover
[0.338s] Level 1:colcon.colcon_core.package_discovery:discover_packages(path) using defaults
[0.361s] INFO:colcon.colcon_core.package_selection:Skipping not selected package 'arlo_interfaces' in 'arlo_interfaces'
[0.361s] Level 1:colcon.colcon_core.package_discovery:discover_packages(prefix_path) check parameters
[0.361s] Level 1:colcon.colcon_core.package_discovery:discover_packages(prefix_path) discover
[0.363s] Level 1:colcon.colcon_core.package_discovery:discover_packages(prefix_path) using defaults
[0.364s] Level 5:colcon.colcon_core.verb:set package 'cognitive_architecture' build argument 'cmake_args' from command line to 'None'
[0.364s] Level 5:colcon.colcon_core.verb:set package 'cognitive_architecture' build argument 'cmake_target' from command line to 'None'
[0.364s] Level 5:colcon.colcon_core.verb:set package 'cognitive_architecture' build argument 'cmake_target_skip_unavailable' from command line to 'False'
[0.364s] Level 5:colcon.colcon_core.verb:set package 'cognitive_architecture' build argument 'cmake_clean_cache' from command line to 'False'
[0.364s] Level 5:colcon.colcon_core.verb:set package 'cognitive_architecture' build argument 'cmake_clean_first' from command line to 'False'
[0.364s] Level 5:colcon.colcon_core.verb:set package 'cognitive_architecture' build argument 'cmake_force_configure' from command line to 'False'
[0.364s] Level 5:colcon.colcon_core.verb:set package 'cognitive_architecture' build argument 'ament_cmake_args' from command line to 'None'
[0.364s] Level 5:colcon.colcon_core.verb:set package 'cognitive_architecture' build argument 'catkin_cmake_args' from command line to 'None'
[0.364s] Level 5:colcon.colcon_core.verb:set package 'cognitive_architecture' build argument 'catkin_skip_building_tests' from command line to 'False'
[0.364s] DEBUG:colcon.colcon_core.verb:Building package 'cognitive_architecture' with the following arguments: {'ament_cmake_args': None, 'build_base': '/home/antonio/Robotic-Swarms-main/Robotic-Swarms-main/build/cognitive_architecture', 'catkin_cmake_args': None, 'catkin_skip_building_tests': False, 'cmake_args': None, 'cmake_clean_cache': False, 'cmake_clean_first': False, 'cmake_force_configure': False, 'cmake_target': None, 'cmake_target_skip_unavailable': False, 'install_base': '/home/antonio/Robotic-Swarms-main/Robotic-Swarms-main/install/cognitive_architecture', 'merge_install': False, 'path': '/home/antonio/Robotic-Swarms-main/Robotic-Swarms-main/cognitive_architecture', 'symlink_install': False, 'test_result_base': None}
[0.364s] INFO:colcon.colcon_core.executor:Executing jobs using 'parallel' executor
[0.366s] DEBUG:colcon.colcon_parallel_executor.executor.parallel:run_until_complete
[0.366s] INFO:colcon.colcon_ros.task.ament_cmake.build:Building ROS package in '/home/antonio/Robotic-Swarms-main/Robotic-Swarms-main/cognitive_architecture' with build type 'ament_cmake'
[0.366s] INFO:colcon.colcon_cmake.task.cmake.build:Building CMake package in '/home/antonio/Robotic-Swarms-main/Robotic-Swarms-main/cognitive_architecture'
[0.369s] INFO:colcon.colcon_core.plugin_system:Skipping extension 'colcon_core.shell.bat': Not used on non-Windows systems
[0.370s] INFO:colcon.colcon_core.shell:Skip shell extension 'powershell' for command environment: Not usable outside of PowerShell
[0.370s] DEBUG:colcon.colcon_core.shell:Skip shell extension 'dsv' for command environment
[0.382s] DEBUG:colcon.colcon_core.event_handler.log_command:Invoking command in '/home/antonio/Robotic-Swarms-main/Robotic-Swarms-main/build/cognitive_architecture': AMENT_PREFIX_PATH=/home/antonio/Robotic-Swarms-main/Robotic-Swarms-main/install/arlo_interfaces CMAKE_PREFIX_PATH=/home/antonio/Robotic-Swarms-main/Robotic-Swarms-main/install/arlo_interfaces LD_LIBRARY_PATH=/home/antonio/Robotic-Swarms-main/Robotic-Swarms-main/install/arlo_interfaces/lib PYTHONPATH=/home/antonio/Robotic-Swarms-main/Robotic-Swarms-main/install/arlo_interfaces/local/lib/python3.10/dist-packages /usr/bin/cmake --build /home/antonio/Robotic-Swarms-main/Robotic-Swarms-main/build/cognitive_architecture -- -j4 -l4
[0.784s] DEBUG:colcon.colcon_core.event_handler.log_command:Invoked command in '/home/antonio/Robotic-Swarms-main/Robotic-Swarms-main/build/cognitive_architecture' returned '0': AMENT_PREFIX_PATH=/home/antonio/Robotic-Swarms-main/Robotic-Swarms-main/install/arlo_interfaces CMAKE_PREFIX_PATH=/home/antonio/Robotic-Swarms-main/Robotic-Swarms-main/install/arlo_interfaces LD_LIBRARY_PATH=/home/antonio/Robotic-Swarms-main/Robotic-Swarms-main/install/arlo_interfaces/lib PYTHONPATH=/home/antonio/Robotic-Swarms-main/Robotic-Swarms-main/install/arlo_interfaces/local/lib/python3.10/dist-packages /usr/bin/cmake --build /home/antonio/Robotic-Swarms-main/Robotic-Swarms-main/build/cognitive_architecture -- -j4 -l4
[0.799s] DEBUG:colcon.colcon_core.event_handler.log_command:Invoking command in '/home/antonio/Robotic-Swarms-main/Robotic-Swarms-main/build/cognitive_architecture': AMENT_PREFIX_PATH=/home/antonio/Robotic-Swarms-main/Robotic-Swarms-main/install/arlo_interfaces CMAKE_PREFIX_PATH=/home/antonio/Robotic-Swarms-main/Robotic-Swarms-main/install/arlo_interfaces LD_LIBRARY_PATH=/home/antonio/Robotic-Swarms-main/Robotic-Swarms-main/install/arlo_interfaces/lib PYTHONPATH=/home/antonio/Robotic-Swarms-main/Robotic-Swarms-main/install/arlo_interfaces/local/lib/python3.10/dist-packages /usr/bin/cmake --install /home/antonio/Robotic-Swarms-main/Robotic-Swarms-main/build/cognitive_architecture
[0.868s] Level 1:colcon.colcon_core.environment:create_environment_scripts_only(cognitive_architecture)
[0.886s] DEBUG:colcon.colcon_core.event_handler.log_command:Invoked command in '/home/antonio/Robotic-Swarms-main/Robotic-Swarms-main/build/cognitive_architecture' returned '0': AMENT_PREFIX_PATH=/home/antonio/Robotic-Swarms-main/Robotic-Swarms-main/install/arlo_interfaces CMAKE_PREFIX_PATH=/home/antonio/Robotic-Swarms-main/Robotic-Swarms-main/install/arlo_interfaces LD_LIBRARY_PATH=/home/antonio/Robotic-Swarms-main/Robotic-Swarms-main/install/arlo_interfaces/lib PYTHONPATH=/home/antonio/Robotic-Swarms-main/Robotic-Swarms-main/install/arlo_interfaces/local/lib/python3.10/dist-packages /usr/bin/cmake --install /home/antonio/Robotic-Swarms-main/Robotic-Swarms-main/build/cognitive_architecture
[0.893s] Level 1:colcon.colcon_core.environment:checking '/home/antonio/Robotic-Swarms-main/Robotic-Swarms-main/install/cognitive_architecture' for CMake module files
[0.898s] Level 1:colcon.colcon_core.environment:checking '/home/antonio/Robotic-Swarms-main/Robotic-Swarms-main/install/cognitive_architecture' for CMake config files
[0.902s] Level 1:colcon.colcon_core.shell:create_environment_hook('cognitive_architecture', 'cmake_prefix_path')
[0.903s] INFO:colcon.colcon_core.shell:Creating environment hook '/home/antonio/Robotic-Swarms-main/Robotic-Swarms-main/install/cognitive_architecture/share/cognitive_architecture/hook/cmake_prefix_path.ps1'
[0.906s] INFO:colcon.colcon_core.shell:Creating environment descriptor '/home/antonio/Robotic-Swarms-main/Robotic-Swarms-main/install/cognitive_architecture/share/cognitive_architecture/hook/cmake_prefix_path.dsv'
[0.908s] INFO:colcon.colcon_core.shell:Creating environment hook '/home/antonio/Robotic-Swarms-main/Robotic-Swarms-main/install/cognitive_architecture/share/cognitive_architecture/hook/cmake_prefix_path.sh'
[0.912s] Level 1:colcon.colcon_core.environment:checking '/home/antonio/Robotic-Swarms-main/Robotic-Swarms-main/install/cognitive_architecture/lib'
[0.913s] Level 1:colcon.colcon_core.environment:checking '/home/antonio/Robotic-Swarms-main/Robotic-Swarms-main/install/cognitive_architecture/bin'
[0.913s] Level 1:colcon.colcon_core.environment:checking '/home/antonio/Robotic-Swarms-main/Robotic-Swarms-main/install/cognitive_architecture/lib/pkgconfig/cognitive_architecture.pc'
[0.919s] Level 1:colcon.colcon_core.environment:checking '/home/antonio/Robotic-Swarms-main/Robotic-Swarms-main/install/cognitive_architecture/lib/python3.10/site-packages'
[0.921s] Level 1:colcon.colcon_core.environment:checking '/home/antonio/Robotic-Swarms-main/Robotic-Swarms-main/install/cognitive_architecture/bin'
[0.922s] INFO:colcon.colcon_core.shell:Creating package script '/home/antonio/Robotic-Swarms-main/Robotic-Swarms-main/install/cognitive_architecture/share/cognitive_architecture/package.ps1'
[0.925s] INFO:colcon.colcon_core.shell:Creating package descriptor '/home/antonio/Robotic-Swarms-main/Robotic-Swarms-main/install/cognitive_architecture/share/cognitive_architecture/package.dsv'
[0.926s] INFO:colcon.colcon_core.shell:Creating package script '/home/antonio/Robotic-Swarms-main/Robotic-Swarms-main/install/cognitive_architecture/share/cognitive_architecture/package.sh'
[0.929s] INFO:colcon.colcon_core.shell:Creating package script '/home/antonio/Robotic-Swarms-main/Robotic-Swarms-main/install/cognitive_architecture/share/cognitive_architecture/package.bash'
[0.931s] INFO:colcon.colcon_core.shell:Creating package script '/home/antonio/Robotic-Swarms-main/Robotic-Swarms-main/install/cognitive_architecture/share/cognitive_architecture/package.zsh'
[0.933s] Level 1:colcon.colcon_core.environment:create_file_with_runtime_dependencies(/home/antonio/Robotic-Swarms-main/Robotic-Swarms-main/install/cognitive_architecture/share/colcon-core/packages/cognitive_architecture)
[0.934s] Level 1:colcon.colcon_core.environment:create_environment_scripts_only(cognitive_architecture)
[0.935s] Level 1:colcon.colcon_core.environment:checking '/home/antonio/Robotic-Swarms-main/Robotic-Swarms-main/install/cognitive_architecture' for CMake module files
[0.937s] Level 1:colcon.colcon_core.environment:checking '/home/antonio/Robotic-Swarms-main/Robotic-Swarms-main/install/cognitive_architecture' for CMake config files
[0.939s] Level 1:colcon.colcon_core.shell:create_environment_hook('cognitive_architecture', 'cmake_prefix_path')
[0.939s] INFO:colcon.colcon_core.shell:Creating environment hook '/home/antonio/Robotic-Swarms-main/Robotic-Swarms-main/install/cognitive_architecture/share/cognitive_architecture/hook/cmake_prefix_path.ps1'
[0.940s] INFO:colcon.colcon_core.shell:Creating environment descriptor '/home/antonio/Robotic-Swarms-main/Robotic-Swarms-main/install/cognitive_architecture/share/cognitive_architecture/hook/cmake_prefix_path.dsv'
[0.941s] INFO:colcon.colcon_core.shell:Creating environment hook '/home/antonio/Robotic-Swarms-main/Robotic-Swarms-main/install/cognitive_architecture/share/cognitive_architecture/hook/cmake_prefix_path.sh'
[0.942s] Level 1:colcon.colcon_core.environment:checking '/home/antonio/Robotic-Swarms-main/Robotic-Swarms-main/install/cognitive_architecture/lib'
[0.943s] Level 1:colcon.colcon_core.environment:checking '/home/antonio/Robotic-Swarms-main/Robotic-Swarms-main/install/cognitive_architecture/bin'
[0.943s] Level 1:colcon.colcon_core.environment:checking '/home/antonio/Robotic-Swarms-main/Robotic-Swarms-main/install/cognitive_architecture/lib/pkgconfig/cognitive_architecture.pc'
[0.943s] Level 1:colcon.colcon_core.environment:checking '/home/antonio/Robotic-Swarms-main/Robotic-Swarms-main/install/cognitive_architecture/lib/python3.10/site-packages'
[0.944s] Level 1:colcon.colcon_core.environment:checking '/home/antonio/Robotic-Swarms-main/Robotic-Swarms-main/install/cognitive_architecture/bin'
[0.945s] INFO:colcon.colcon_core.shell:Creating package script '/home/antonio/Robotic-Swarms-main/Robotic-Swarms-main/install/cognitive_architecture/share/cognitive_architecture/package.ps1'
[0.946s] INFO:colcon.colcon_core.shell:Creating package descriptor '/home/antonio/Robotic-Swarms-main/Robotic-Swarms-main/install/cognitive_architecture/share/cognitive_architecture/package.dsv'
[0.947s] INFO:colcon.colcon_core.shell:Creating package script '/home/antonio/Robotic-Swarms-main/Robotic-Swarms-main/install/cognitive_architecture/share/cognitive_architecture/package.sh'
[0.948s] INFO:colcon.colcon_core.shell:Creating package script '/home/antonio/Robotic-Swarms-main/Robotic-Swarms-main/install/cognitive_architecture/share/cognitive_architecture/package.bash'
[0.949s] INFO:colcon.colcon_core.shell:Creating package script '/home/antonio/Robotic-Swarms-main/Robotic-Swarms-main/install/cognitive_architecture/share/cognitive_architecture/package.zsh'
[0.950s] Level 1:colcon.colcon_core.environment:create_file_with_runtime_dependencies(/home/antonio/Robotic-Swarms-main/Robotic-Swarms-main/install/cognitive_architecture/share/colcon-core/packages/cognitive_architecture)
[0.951s] DEBUG:colcon.colcon_parallel_executor.executor.parallel:closing loop
[0.952s] DEBUG:colcon.colcon_parallel_executor.executor.parallel:loop closed
[0.952s] DEBUG:colcon.colcon_parallel_executor.executor.parallel:run_until_complete finished with '0'
[0.952s] DEBUG:colcon.colcon_core.event_reactor:joining thread
[0.984s] INFO:colcon.colcon_core.plugin_system:Skipping extension 'colcon_notification.desktop_notification.terminal_notifier': Not used on non-Darwin systems
[0.985s] INFO:colcon.colcon_core.plugin_system:Skipping extension 'colcon_notification.desktop_notification.win32': Not used on non-Windows systems
[0.985s] INFO:colcon.colcon_notification.desktop_notification:Sending desktop notification using 'notify2'
[1.036s] DEBUG:colcon.colcon_core.event_reactor:joined thread
[1.037s] INFO:colcon.colcon_core.shell:Creating prefix script '/home/antonio/Robotic-Swarms-main/Robotic-Swarms-main/install/local_setup.ps1'
[1.040s] INFO:colcon.colcon_core.shell:Creating prefix util module '/home/antonio/Robotic-Swarms-main/Robotic-Swarms-main/install/_local_setup_util_ps1.py'
[1.045s] INFO:colcon.colcon_core.shell:Creating prefix chain script '/home/antonio/Robotic-Swarms-main/Robotic-Swarms-main/install/setup.ps1'
[1.048s] INFO:colcon.colcon_core.shell:Creating prefix script '/home/antonio/Robotic-Swarms-main/Robotic-Swarms-main/install/local_setup.sh'
[1.050s] INFO:colcon.colcon_core.shell:Creating prefix util module '/home/antonio/Robotic-Swarms-main/Robotic-Swarms-main/install/_local_setup_util_sh.py'
[1.071s] INFO:colcon.colcon_core.shell:Creating prefix chain script '/home/antonio/Robotic-Swarms-main/Robotic-Swarms-main/install/setup.sh'
[1.072s] INFO:colcon.colcon_core.shell:Creating prefix script '/home/antonio/Robotic-Swarms-main/Robotic-Swarms-main/install/local_setup.bash'
[1.073s] INFO:colcon.colcon_core.shell:Creating prefix chain script '/home/antonio/Robotic-Swarms-main/Robotic-Swarms-main/install/setup.bash'
[1.074s] INFO:colcon.colcon_core.shell:Creating prefix script '/home/antonio/Robotic-Swarms-main/Robotic-Swarms-main/install/local_setup.zsh'
[1.074s] INFO:colcon.colcon_core.shell:Creating prefix chain script '/home/antonio/Robotic-Swarms-main/Robotic-Swarms-main/install/setup.zsh'
