[0.014s] Invoking command in '/home/antonio/Robotic-Swarms-main/Robotic-Swarms-main/build/cognitive_architecture': AMENT_PREFIX_PATH=/home/antonio/Robotic-Swarms-main/Robotic-Swarms-main/install/arlo_interfaces CMAKE_PREFIX_PATH=/home/antonio/Robotic-Swarms-main/Robotic-Swarms-main/install/arlo_interfaces LD_LIBRARY_PATH=/home/antonio/Robotic-Swarms-main/Robotic-Swarms-main/install/arlo_interfaces/lib PYTHONPATH=/home/antonio/Robotic-Swarms-main/Robotic-Swarms-main/install/arlo_interfaces/local/lib/python3.10/dist-packages /usr/bin/cmake --build /home/antonio/Robotic-Swarms-main/Robotic-Swarms-main/build/cognitive_architecture -- -j4 -l4
[0.092s] [  0%] Built target ament_cmake_python_copy_cognitive_architecture
[0.098s] [ 50%] Built target cpp_exe
[0.099s] [100%] Built target meta_exe
[0.359s] running egg_info
[0.359s] writing cognitive_architecture.egg-info/PKG-INFO
[0.360s] writing dependency_links to cognitive_architecture.egg-info/dependency_links.txt
[0.360s] writing top-level names to cognitive_architecture.egg-info/top_level.txt
[0.364s] reading manifest file 'cognitive_architecture.egg-info/SOURCES.txt'
[0.365s] writing manifest file 'cognitive_architecture.egg-info/SOURCES.txt'
[0.401s] [100%] Built target ament_cmake_python_build_cognitive_architecture_egg
[0.417s] Invoked command in '/home/antonio/Robotic-Swarms-main/Robotic-Swarms-main/build/cognitive_architecture' returned '0': AMENT_PREFIX_PATH=/home/antonio/Robotic-Swarms-main/Robotic-Swarms-main/install/arlo_interfaces CMAKE_PREFIX_PATH=/home/antonio/Robotic-Swarms-main/Robotic-Swarms-main/install/arlo_interfaces LD_LIBRARY_PATH=/home/antonio/Robotic-Swarms-main/Robotic-Swarms-main/install/arlo_interfaces/lib PYTHONPATH=/home/antonio/Robotic-Swarms-main/Robotic-Swarms-main/install/arlo_interfaces/local/lib/python3.10/dist-packages /usr/bin/cmake --build /home/antonio/Robotic-Swarms-main/Robotic-Swarms-main/build/cognitive_architecture -- -j4 -l4
[0.431s] Invoking command in '/home/antonio/Robotic-Swarms-main/Robotic-Swarms-main/build/cognitive_architecture': AMENT_PREFIX_PATH=/home/antonio/Robotic-Swarms-main/Robotic-Swarms-main/install/arlo_interfaces CMAKE_PREFIX_PATH=/home/antonio/Robotic-Swarms-main/Robotic-Swarms-main/install/arlo_interfaces LD_LIBRARY_PATH=/home/antonio/Robotic-Swarms-main/Robotic-Swarms-main/install/arlo_interfaces/lib PYTHONPATH=/home/antonio/Robotic-Swarms-main/Robotic-Swarms-main/install/arlo_interfaces/local/lib/python3.10/dist-packages /usr/bin/cmake --install /home/antonio/Robotic-Swarms-main/Robotic-Swarms-main/build/cognitive_architecture
[0.443s] -- Install configuration: ""
[0.443s] -- Up-to-date: /home/antonio/Robotic-Swarms-main/Robotic-Swarms-main/install/cognitive_architecture/lib/cognitive_architecture/cpp_exe
[0.444s] -- Up-to-date: /home/antonio/Robotic-Swarms-main/Robotic-Swarms-main/install/cognitive_architecture/lib/cognitive_architecture/meta_exe
[0.444s] -- Up-to-date: /home/antonio/Robotic-Swarms-main/Robotic-Swarms-main/install/cognitive_architecture/share/cognitive_architecture/environment/pythonpath.sh
[0.444s] -- Up-to-date: /home/antonio/Robotic-Swarms-main/Robotic-Swarms-main/install/cognitive_architecture/share/cognitive_architecture/environment/pythonpath.dsv
[0.444s] -- Up-to-date: /home/antonio/Robotic-Swarms-main/Robotic-Swarms-main/install/cognitive_architecture/local/lib/python3.10/dist-packages/cognitive_architecture-0.0.0-py3.10.egg-info
[0.445s] -- Installing: /home/antonio/Robotic-Swarms-main/Robotic-Swarms-main/install/cognitive_architecture/local/lib/python3.10/dist-packages/cognitive_architecture-0.0.0-py3.10.egg-info/dependency_links.txt
[0.445s] -- Installing: /home/antonio/Robotic-Swarms-main/Robotic-Swarms-main/install/cognitive_architecture/local/lib/python3.10/dist-packages/cognitive_architecture-0.0.0-py3.10.egg-info/top_level.txt
[0.445s] -- Installing: /home/antonio/Robotic-Swarms-main/Robotic-Swarms-main/install/cognitive_architecture/local/lib/python3.10/dist-packages/cognitive_architecture-0.0.0-py3.10.egg-info/PKG-INFO
[0.445s] -- Installing: /home/antonio/Robotic-Swarms-main/Robotic-Swarms-main/install/cognitive_architecture/local/lib/python3.10/dist-packages/cognitive_architecture-0.0.0-py3.10.egg-info/SOURCES.txt
[0.445s] -- Up-to-date: /home/antonio/Robotic-Swarms-main/Robotic-Swarms-main/install/cognitive_architecture/local/lib/python3.10/dist-packages/cognitive_architecture
[0.445s] -- Up-to-date: /home/antonio/Robotic-Swarms-main/Robotic-Swarms-main/install/cognitive_architecture/local/lib/python3.10/dist-packages/cognitive_architecture/corteza_motora_primaria.py
[0.446s] -- Up-to-date: /home/antonio/Robotic-Swarms-main/Robotic-Swarms-main/install/cognitive_architecture/local/lib/python3.10/dist-packages/cognitive_architecture/robot.py
[0.446s] -- Up-to-date: /home/antonio/Robotic-Swarms-main/Robotic-Swarms-main/install/cognitive_architecture/local/lib/python3.10/dist-packages/cognitive_architecture/README.md
[0.446s] -- Up-to-date: /home/antonio/Robotic-Swarms-main/Robotic-Swarms-main/install/cognitive_architecture/local/lib/python3.10/dist-packages/cognitive_architecture/__init__.py
[0.446s] -- Up-to-date: /home/antonio/Robotic-Swarms-main/Robotic-Swarms-main/install/cognitive_architecture/local/lib/python3.10/dist-packages/cognitive_architecture/lobulo_temporal.py
[0.481s] Listing '/home/antonio/Robotic-Swarms-main/Robotic-Swarms-main/install/cognitive_architecture/local/lib/python3.10/dist-packages/cognitive_architecture'...
[0.486s] -- Up-to-date: /home/antonio/Robotic-Swarms-main/Robotic-Swarms-main/install/cognitive_architecture/lib/cognitive_architecture/Controlador_individuo.py
[0.486s] -- Up-to-date: /home/antonio/Robotic-Swarms-main/Robotic-Swarms-main/install/cognitive_architecture/share/cognitive_architecture/launch
[0.486s] -- Installing: /home/antonio/Robotic-Swarms-main/Robotic-Swarms-main/install/cognitive_architecture/share/cognitive_architecture/launch/gazebo.launch.py
[0.486s] -- Up-to-date: /home/antonio/Robotic-Swarms-main/Robotic-Swarms-main/install/cognitive_architecture/share/cognitive_architecture/launch/dummys.launch.py
[0.486s] -- Up-to-date: /home/antonio/Robotic-Swarms-main/Robotic-Swarms-main/install/cognitive_architecture/share/cognitive_architecture/launch/meta_trainning.launch.py
[0.487s] -- Up-to-date: /home/antonio/Robotic-Swarms-main/Robotic-Swarms-main/install/cognitive_architecture/share/cognitive_architecture/models
[0.487s] -- Up-to-date: /home/antonio/Robotic-Swarms-main/Robotic-Swarms-main/install/cognitive_architecture/share/cognitive_architecture/models/curling_target
[0.487s] -- Up-to-date: /home/antonio/Robotic-Swarms-main/Robotic-Swarms-main/install/cognitive_architecture/share/cognitive_architecture/models/curling_target/model.config
[0.488s] -- Up-to-date: /home/antonio/Robotic-Swarms-main/Robotic-Swarms-main/install/cognitive_architecture/share/cognitive_architecture/models/curling_target/meshes
[0.488s] -- Up-to-date: /home/antonio/Robotic-Swarms-main/Robotic-Swarms-main/install/cognitive_architecture/share/cognitive_architecture/models/curling_target/meshes/curling.dae
[0.488s] -- Up-to-date: /home/antonio/Robotic-Swarms-main/Robotic-Swarms-main/install/cognitive_architecture/share/cognitive_architecture/models/curling_target/meshes/target.png
[0.488s] -- Up-to-date: /home/antonio/Robotic-Swarms-main/Robotic-Swarms-main/install/cognitive_architecture/share/cognitive_architecture/models/curling_target/meshes/curling_target.dae
[0.489s] -- Up-to-date: /home/antonio/Robotic-Swarms-main/Robotic-Swarms-main/install/cognitive_architecture/share/cognitive_architecture/models/curling_target/meshes/diana.blend
[0.489s] -- Up-to-date: /home/antonio/Robotic-Swarms-main/Robotic-Swarms-main/install/cognitive_architecture/share/cognitive_architecture/models/curling_target/meshes/diana.blend1
[0.489s] -- Up-to-date: /home/antonio/Robotic-Swarms-main/Robotic-Swarms-main/install/cognitive_architecture/share/cognitive_architecture/models/curling_target/materials
[0.489s] -- Up-to-date: /home/antonio/Robotic-Swarms-main/Robotic-Swarms-main/install/cognitive_architecture/share/cognitive_architecture/models/curling_target/materials/textures
[0.490s] -- Up-to-date: /home/antonio/Robotic-Swarms-main/Robotic-Swarms-main/install/cognitive_architecture/share/cognitive_architecture/models/curling_target/materials/textures/target.png
[0.490s] -- Up-to-date: /home/antonio/Robotic-Swarms-main/Robotic-Swarms-main/install/cognitive_architecture/share/cognitive_architecture/models/curling_target/curling_target.sdf
[0.490s] -- Up-to-date: /home/antonio/Robotic-Swarms-main/Robotic-Swarms-main/install/cognitive_architecture/share/cognitive_architecture/models/checkerboard_plane
[0.490s] -- Up-to-date: /home/antonio/Robotic-Swarms-main/Robotic-Swarms-main/install/cognitive_architecture/share/cognitive_architecture/models/checkerboard_plane/model.config
[0.491s] -- Up-to-date: /home/antonio/Robotic-Swarms-main/Robotic-Swarms-main/install/cognitive_architecture/share/cognitive_architecture/models/checkerboard_plane/checkerboard_plane.sdf
[0.491s] -- Up-to-date: /home/antonio/Robotic-Swarms-main/Robotic-Swarms-main/install/cognitive_architecture/share/cognitive_architecture/models/checkerboard_plane/meshes
[0.491s] -- Up-to-date: /home/antonio/Robotic-Swarms-main/Robotic-Swarms-main/install/cognitive_architecture/share/cognitive_architecture/models/checkerboard_plane/meshes/checker.png
[0.491s] -- Up-to-date: /home/antonio/Robotic-Swarms-main/Robotic-Swarms-main/install/cognitive_architecture/share/cognitive_architecture/models/checkerboard_plane/meshes/checkerboard_plane.dae
[0.491s] -- Up-to-date: /home/antonio/Robotic-Swarms-main/Robotic-Swarms-main/install/cognitive_architecture/share/cognitive_architecture/models/checkerboard_plane/materials
[0.492s] -- Up-to-date: /home/antonio/Robotic-Swarms-main/Robotic-Swarms-main/install/cognitive_architecture/share/cognitive_architecture/models/checkerboard_plane/materials/textures
[0.492s] -- Up-to-date: /home/antonio/Robotic-Swarms-main/Robotic-Swarms-main/install/cognitive_architecture/share/cognitive_architecture/models/checkerboard_plane/materials/textures/checker.png
[0.492s] -- Up-to-date: /home/antonio/Robotic-Swarms-main/Robotic-Swarms-main/install/cognitive_architecture/share/cognitive_architecture/models/bardas_madera
[0.492s] -- Up-to-date: /home/antonio/Robotic-Swarms-main/Robotic-Swarms-main/install/cognitive_architecture/share/cognitive_architecture/models/bardas_madera/model.config
[0.492s] -- Up-to-date: /home/antonio/Robotic-Swarms-main/Robotic-Swarms-main/install/cognitive_architecture/share/cognitive_architecture/models/bardas_madera/model.sdf
[0.492s] -- Up-to-date: /home/antonio/Robotic-Swarms-main/Robotic-Swarms-main/install/cognitive_architecture/share/cognitive_architecture/models/cerebral_carpet
[0.492s] -- Up-to-date: /home/antonio/Robotic-Swarms-main/Robotic-Swarms-main/install/cognitive_architecture/share/cognitive_architecture/models/cerebral_carpet/cerebral_carpet.sdf
[0.493s] -- Up-to-date: /home/antonio/Robotic-Swarms-main/Robotic-Swarms-main/install/cognitive_architecture/share/cognitive_architecture/models/cerebral_carpet/model.config
[0.493s] -- Up-to-date: /home/antonio/Robotic-Swarms-main/Robotic-Swarms-main/install/cognitive_architecture/share/cognitive_architecture/models/cerebral_carpet/meshes
[0.493s] -- Up-to-date: /home/antonio/Robotic-Swarms-main/Robotic-Swarms-main/install/cognitive_architecture/share/cognitive_architecture/models/cerebral_carpet/meshes/cerebral_carpet.dae
[0.493s] -- Up-to-date: /home/antonio/Robotic-Swarms-main/Robotic-Swarms-main/install/cognitive_architecture/share/cognitive_architecture/models/cerebral_carpet/meshes/curling.dae
[0.493s] -- Up-to-date: /home/antonio/Robotic-Swarms-main/Robotic-Swarms-main/install/cognitive_architecture/share/cognitive_architecture/models/cerebral_carpet/meshes/cerebral_carpet.svg
[0.494s] -- Up-to-date: /home/antonio/Robotic-Swarms-main/Robotic-Swarms-main/install/cognitive_architecture/share/cognitive_architecture/models/cerebral_carpet/meshes/target.png
[0.494s] -- Up-to-date: /home/antonio/Robotic-Swarms-main/Robotic-Swarms-main/install/cognitive_architecture/share/cognitive_architecture/models/cerebral_carpet/meshes/diana.blend
[0.495s] -- Up-to-date: /home/antonio/Robotic-Swarms-main/Robotic-Swarms-main/install/cognitive_architecture/share/cognitive_architecture/models/cerebral_carpet/meshes/diana.blend1
[0.495s] -- Up-to-date: /home/antonio/Robotic-Swarms-main/Robotic-Swarms-main/install/cognitive_architecture/share/cognitive_architecture/models/cerebral_carpet/materials
[0.496s] -- Up-to-date: /home/antonio/Robotic-Swarms-main/Robotic-Swarms-main/install/cognitive_architecture/share/cognitive_architecture/models/cerebral_carpet/materials/textures
[0.496s] -- Up-to-date: /home/antonio/Robotic-Swarms-main/Robotic-Swarms-main/install/cognitive_architecture/share/cognitive_architecture/models/cerebral_carpet/materials/textures/target.png
[0.497s] -- Up-to-date: /home/antonio/Robotic-Swarms-main/Robotic-Swarms-main/install/cognitive_architecture/share/cognitive_architecture/models/arrow_red
[0.498s] -- Up-to-date: /home/antonio/Robotic-Swarms-main/Robotic-Swarms-main/install/cognitive_architecture/share/cognitive_architecture/models/arrow_red/model.config
[0.498s] -- Up-to-date: /home/antonio/Robotic-Swarms-main/Robotic-Swarms-main/install/cognitive_architecture/share/cognitive_architecture/models/arrow_red/model.sdf
[0.499s] -- Up-to-date: /home/antonio/Robotic-Swarms-main/Robotic-Swarms-main/install/cognitive_architecture/share/cognitive_architecture/models/cerebral_goal
[0.500s] -- Up-to-date: /home/antonio/Robotic-Swarms-main/Robotic-Swarms-main/install/cognitive_architecture/share/cognitive_architecture/models/cerebral_goal/model.config
[0.502s] -- Up-to-date: /home/antonio/Robotic-Swarms-main/Robotic-Swarms-main/install/cognitive_architecture/share/cognitive_architecture/models/cerebral_goal/cerebral_goal.sdf
[0.503s] -- Up-to-date: /home/antonio/Robotic-Swarms-main/Robotic-Swarms-main/install/cognitive_architecture/share/cognitive_architecture/models/cerebral_goal/meshes
[0.503s] -- Up-to-date: /home/antonio/Robotic-Swarms-main/Robotic-Swarms-main/install/cognitive_architecture/share/cognitive_architecture/models/cerebral_goal/meshes/cerebral_goal.svg
[0.503s] -- Up-to-date: /home/antonio/Robotic-Swarms-main/Robotic-Swarms-main/install/cognitive_architecture/share/cognitive_architecture/models/cerebral_goal/meshes/curling.dae
[0.503s] -- Up-to-date: /home/antonio/Robotic-Swarms-main/Robotic-Swarms-main/install/cognitive_architecture/share/cognitive_architecture/models/cerebral_goal/meshes/cerebral_carpet.svg
[0.504s] -- Up-to-date: /home/antonio/Robotic-Swarms-main/Robotic-Swarms-main/install/cognitive_architecture/share/cognitive_architecture/models/cerebral_goal/meshes/target.png
[0.504s] -- Up-to-date: /home/antonio/Robotic-Swarms-main/Robotic-Swarms-main/install/cognitive_architecture/share/cognitive_architecture/models/cerebral_goal/meshes/diana.blend
[0.505s] -- Up-to-date: /home/antonio/Robotic-Swarms-main/Robotic-Swarms-main/install/cognitive_architecture/share/cognitive_architecture/models/cerebral_goal/meshes/diana.blend1
[0.505s] -- Up-to-date: /home/antonio/Robotic-Swarms-main/Robotic-Swarms-main/install/cognitive_architecture/share/cognitive_architecture/models/cerebral_goal/meshes/cerebral_goal.dae
[0.505s] -- Up-to-date: /home/antonio/Robotic-Swarms-main/Robotic-Swarms-main/install/cognitive_architecture/share/cognitive_architecture/models/cerebral_goal/materials
[0.505s] -- Up-to-date: /home/antonio/Robotic-Swarms-main/Robotic-Swarms-main/install/cognitive_architecture/share/cognitive_architecture/models/cerebral_goal/materials/textures
[0.505s] -- Up-to-date: /home/antonio/Robotic-Swarms-main/Robotic-Swarms-main/install/cognitive_architecture/share/cognitive_architecture/models/cerebral_goal/materials/textures/target.png
[0.506s] -- Up-to-date: /home/antonio/Robotic-Swarms-main/Robotic-Swarms-main/install/cognitive_architecture/share/cognitive_architecture/models/arlo
[0.506s] -- Up-to-date: /home/antonio/Robotic-Swarms-main/Robotic-Swarms-main/install/cognitive_architecture/share/cognitive_architecture/models/arlo/arlourdf.urdf
[0.506s] -- Up-to-date: /home/antonio/Robotic-Swarms-main/Robotic-Swarms-main/install/cognitive_architecture/share/cognitive_architecture/models/arlo/model.config
[0.506s] -- Up-to-date: /home/antonio/Robotic-Swarms-main/Robotic-Swarms-main/install/cognitive_architecture/share/cognitive_architecture/models/arlo/prueba.urdf
[0.507s] -- Up-to-date: /home/antonio/Robotic-Swarms-main/Robotic-Swarms-main/install/cognitive_architecture/share/cognitive_architecture/models/arlo/meshes
[0.507s] -- Up-to-date: /home/antonio/Robotic-Swarms-main/Robotic-Swarms-main/install/cognitive_architecture/share/cognitive_architecture/models/arlo/meshes/arlo_base_altura_ok.dae
[0.507s] -- Up-to-date: /home/antonio/Robotic-Swarms-main/Robotic-Swarms-main/install/cognitive_architecture/share/cognitive_architecture/models/arlo/meshes/arlo_wheel_mejorado_backup.dae
[0.507s] -- Up-to-date: /home/antonio/Robotic-Swarms-main/Robotic-Swarms-main/install/cognitive_architecture/share/cognitive_architecture/models/arlo/meshes/Rueda_izquierda_link.STL
[0.508s] -- Up-to-date: /home/antonio/Robotic-Swarms-main/Robotic-Swarms-main/install/cognitive_architecture/share/cognitive_architecture/models/arlo/meshes/arlo_base_backup.dae
[0.508s] -- Up-to-date: /home/antonio/Robotic-Swarms-main/Robotic-Swarms-main/install/cognitive_architecture/share/cognitive_architecture/models/arlo/meshes/Rueda_derecha_link.STL
[0.508s] -- Up-to-date: /home/antonio/Robotic-Swarms-main/Robotic-Swarms-main/install/cognitive_architecture/share/cognitive_architecture/models/arlo/meshes/Rueda_castor_link.STL
[0.508s] -- Up-to-date: /home/antonio/Robotic-Swarms-main/Robotic-Swarms-main/install/cognitive_architecture/share/cognitive_architecture/models/arlo/meshes/arlo_sensor.dae
[0.508s] -- Up-to-date: /home/antonio/Robotic-Swarms-main/Robotic-Swarms-main/install/cognitive_architecture/share/cognitive_architecture/models/arlo/meshes/base_link.STL
[0.509s] -- Up-to-date: /home/antonio/Robotic-Swarms-main/Robotic-Swarms-main/install/cognitive_architecture/share/cognitive_architecture/models/arlo/meshes/Base_castor_link.STL
[0.509s] -- Up-to-date: /home/antonio/Robotic-Swarms-main/Robotic-Swarms-main/install/cognitive_architecture/share/cognitive_architecture/models/arlo/meshes/arlo_wheel_mejorado.dae
[0.509s] -- Up-to-date: /home/antonio/Robotic-Swarms-main/Robotic-Swarms-main/install/cognitive_architecture/share/cognitive_architecture/models/arlo/meshes/arlo_base.dae
[0.509s] -- Up-to-date: /home/antonio/Robotic-Swarms-main/Robotic-Swarms-main/install/cognitive_architecture/share/cognitive_architecture/models/arlo/meshes/arlo_wheel.dae
[0.509s] -- Up-to-date: /home/antonio/Robotic-Swarms-main/Robotic-Swarms-main/install/cognitive_architecture/share/cognitive_architecture/models/arlo/model.sdf
[0.509s] -- Up-to-date: /home/antonio/Robotic-Swarms-main/Robotic-Swarms-main/install/cognitive_architecture/share/cognitive_architecture/worlds
[0.510s] -- Up-to-date: /home/antonio/Robotic-Swarms-main/Robotic-Swarms-main/install/cognitive_architecture/share/cognitive_architecture/worlds/curling_obstaculo.world.xml
[0.510s] -- Up-to-date: /home/antonio/Robotic-Swarms-main/Robotic-Swarms-main/install/cognitive_architecture/share/cognitive_architecture/worlds/box_bot_empty.world
[0.511s] -- Up-to-date: /home/antonio/Robotic-Swarms-main/Robotic-Swarms-main/install/cognitive_architecture/share/cognitive_architecture/worlds/arena_cerebral.world
[0.511s] -- Up-to-date: /home/antonio/Robotic-Swarms-main/Robotic-Swarms-main/install/cognitive_architecture/share/cognitive_architecture/worlds/walk_verde.dae
[0.511s] -- Up-to-date: /home/antonio/Robotic-Swarms-main/Robotic-Swarms-main/install/cognitive_architecture/share/cognitive_architecture/worlds/escenarioRiesgoso.world.docx
[0.511s] -- Up-to-date: /home/antonio/Robotic-Swarms-main/Robotic-Swarms-main/install/cognitive_architecture/share/cognitive_architecture/worlds/cafe_uam_1.world
[0.512s] -- Up-to-date: /home/antonio/Robotic-Swarms-main/Robotic-Swarms-main/install/cognitive_architecture/share/cognitive_architecture/worlds/cafe_uam.world.docx
[0.512s] -- Up-to-date: /home/antonio/Robotic-Swarms-main/Robotic-Swarms-main/install/cognitive_architecture/share/cognitive_architecture/worlds/curling_empty_field.world.xml
[0.512s] -- Up-to-date: /home/antonio/Robotic-Swarms-main/Robotic-Swarms-main/install/cognitive_architecture/share/cognitive_architecture/worlds/pista_pasillo_cerebral.world
[0.512s] -- Up-to-date: /home/antonio/Robotic-Swarms-main/Robotic-Swarms-main/install/cognitive_architecture/share/cognitive_architecture/worlds/curling_libre.world.xml
[0.512s] -- Up-to-date: /home/antonio/Robotic-Swarms-main/Robotic-Swarms-main/install/cognitive_architecture/share/cognitive_architecture/worlds/pista_herradura.world
[0.513s] -- Up-to-date: /home/antonio/Robotic-Swarms-main/Robotic-Swarms-main/install/cognitive_architecture/share/cognitive_architecture/worlds/basic_house_obstacles.world.xml
[0.513s] -- Up-to-date: /home/antonio/Robotic-Swarms-main/Robotic-Swarms-main/install/cognitive_architecture/share/cognitive_architecture/worlds/escenarioAusteroCalvos.world.docx
[0.513s] -- Up-to-date: /home/antonio/Robotic-Swarms-main/Robotic-Swarms-main/install/cognitive_architecture/share/cognitive_architecture/worlds/pista_herradura_cerebral.world
[0.513s] -- Up-to-date: /home/antonio/Robotic-Swarms-main/Robotic-Swarms-main/install/cognitive_architecture/share/cognitive_architecture/worlds/bote_azul_obstaculos.world.xml
[0.513s] -- Up-to-date: /home/antonio/Robotic-Swarms-main/Robotic-Swarms-main/install/cognitive_architecture/share/cognitive_architecture/worlds/cuadrilatero_obstaculos.world.xml
[0.514s] -- Up-to-date: /home/antonio/Robotic-Swarms-main/Robotic-Swarms-main/install/cognitive_architecture/share/cognitive_architecture/worlds/bote_azul_libre.world.xml
[0.514s] -- Up-to-date: /home/antonio/Robotic-Swarms-main/Robotic-Swarms-main/install/cognitive_architecture/share/cognitive_architecture/worlds/laberinto_01.world
[0.514s] -- Up-to-date: /home/antonio/Robotic-Swarms-main/Robotic-Swarms-main/install/cognitive_architecture/share/cognitive_architecture/worlds/escenarioAustero.world.docx
[0.514s] -- Up-to-date: /home/antonio/Robotic-Swarms-main/Robotic-Swarms-main/install/cognitive_architecture/share/ament_index/resource_index/package_run_dependencies/cognitive_architecture
[0.514s] -- Up-to-date: /home/antonio/Robotic-Swarms-main/Robotic-Swarms-main/install/cognitive_architecture/share/ament_index/resource_index/parent_prefix_path/cognitive_architecture
[0.515s] -- Up-to-date: /home/antonio/Robotic-Swarms-main/Robotic-Swarms-main/install/cognitive_architecture/share/cognitive_architecture/environment/ament_prefix_path.sh
[0.515s] -- Up-to-date: /home/antonio/Robotic-Swarms-main/Robotic-Swarms-main/install/cognitive_architecture/share/cognitive_architecture/environment/ament_prefix_path.dsv
[0.515s] -- Up-to-date: /home/antonio/Robotic-Swarms-main/Robotic-Swarms-main/install/cognitive_architecture/share/cognitive_architecture/environment/path.sh
[0.515s] -- Up-to-date: /home/antonio/Robotic-Swarms-main/Robotic-Swarms-main/install/cognitive_architecture/share/cognitive_architecture/environment/path.dsv
[0.516s] -- Up-to-date: /home/antonio/Robotic-Swarms-main/Robotic-Swarms-main/install/cognitive_architecture/share/cognitive_architecture/local_setup.bash
[0.516s] -- Up-to-date: /home/antonio/Robotic-Swarms-main/Robotic-Swarms-main/install/cognitive_architecture/share/cognitive_architecture/local_setup.sh
[0.517s] -- Up-to-date: /home/antonio/Robotic-Swarms-main/Robotic-Swarms-main/install/cognitive_architecture/share/cognitive_architecture/local_setup.zsh
[0.517s] -- Up-to-date: /home/antonio/Robotic-Swarms-main/Robotic-Swarms-main/install/cognitive_architecture/share/cognitive_architecture/local_setup.dsv
[0.517s] -- Installing: /home/antonio/Robotic-Swarms-main/Robotic-Swarms-main/install/cognitive_architecture/share/cognitive_architecture/package.dsv
[0.517s] -- Up-to-date: /home/antonio/Robotic-Swarms-main/Robotic-Swarms-main/install/cognitive_architecture/share/ament_index/resource_index/packages/cognitive_architecture
[0.518s] -- Up-to-date: /home/antonio/Robotic-Swarms-main/Robotic-Swarms-main/install/cognitive_architecture/share/cognitive_architecture/cmake/cognitive_architectureConfig.cmake
[0.518s] -- Up-to-date: /home/antonio/Robotic-Swarms-main/Robotic-Swarms-main/install/cognitive_architecture/share/cognitive_architecture/cmake/cognitive_architectureConfig-version.cmake
[0.518s] -- Up-to-date: /home/antonio/Robotic-Swarms-main/Robotic-Swarms-main/install/cognitive_architecture/share/cognitive_architecture/package.xml
[0.519s] Invoked command in '/home/antonio/Robotic-Swarms-main/Robotic-Swarms-main/build/cognitive_architecture' returned '0': AMENT_PREFIX_PATH=/home/antonio/Robotic-Swarms-main/Robotic-Swarms-main/install/arlo_interfaces CMAKE_PREFIX_PATH=/home/antonio/Robotic-Swarms-main/Robotic-Swarms-main/install/arlo_interfaces LD_LIBRARY_PATH=/home/antonio/Robotic-Swarms-main/Robotic-Swarms-main/install/arlo_interfaces/lib PYTHONPATH=/home/antonio/Robotic-Swarms-main/Robotic-Swarms-main/install/arlo_interfaces/local/lib/python3.10/dist-packages /usr/bin/cmake --install /home/antonio/Robotic-Swarms-main/Robotic-Swarms-main/build/cognitive_architecture
