[1.000s] DEBUG:colcon:Command line arguments: ['/usr/bin/colcon', 'build', '--packages-select', 'cognitive_architecture']
[1.000s] DEBUG:colcon:Parsed command line arguments: Namespace(log_base=None, log_level=None, verb_name='build', build_base='build', install_base='install', merge_install=False, symlink_install=False, test_result_base=None, continue_on_error=False, executor='parallel', parallel_workers=4, event_handlers=None, ignore_user_meta=False, metas=['./colcon.meta'], base_paths=['.'], packages_ignore=None, packages_ignore_regex=None, paths=None, packages_up_to=None, packages_up_to_regex=None, packages_above=None, packages_above_and_dependencies=None, packages_above_depth=None, packages_select_by_dep=None, packages_skip_by_dep=None, packages_skip_up_to=None, packages_select_build_failed=False, packages_skip_build_finished=False, packages_select_test_failures=False, packages_skip_test_passed=False, packages_select=['cognitive_architecture'], packages_skip=None, packages_select_regex=None, packages_skip_regex=None, packages_start=None, packages_end=None, allow_overriding=[], cmake_args=None, cmake_target=None, cmake_target_skip_unavailable=False, cmake_clean_cache=False, cmake_clean_first=False, cmake_force_configure=False, ament_cmake_args=None, catkin_cmake_args=None, catkin_skip_building_tests=False, mixin_files=None, mixin=None, verb_parser=<colcon_mixin.mixin.mixin_argument.MixinArgumentDecorator object at 0x7d340ebf6500>, verb_extension=<colcon_core.verb.build.BuildVerb object at 0x7d340ebf5fc0>, main=<bound method BuildVerb.main of <colcon_core.verb.build.BuildVerb object at 0x7d340ebf5fc0>>, mixin_verb=('build',))
[6.737s] Level 1:colcon.colcon_core.package_discovery:discover_packages(colcon_meta) check parameters
[6.738s] Level 1:colcon.colcon_core.package_discovery:discover_packages(recursive) check parameters
[6.738s] Level 1:colcon.colcon_core.package_discovery:discover_packages(ignore) check parameters
[6.738s] Level 1:colcon.colcon_core.package_discovery:discover_packages(path) check parameters
[6.738s] Level 1:colcon.colcon_core.package_discovery:discover_packages(colcon_meta) discover
[6.739s] Level 1:colcon.colcon_core.package_discovery:discover_packages(recursive) discover
[6.739s] INFO:colcon.colcon_core.package_discovery:Crawling recursively for packages in '/home/antonio/Robotic-Swarms-main/Robotic-Swarms-main'
[6.739s] Level 1:colcon.colcon_core.package_identification:_identify(.) by extensions ['ignore', 'ignore_ament_install']
[6.740s] Level 1:colcon.colcon_core.package_identification:_identify(.) by extension 'ignore'
[6.740s] Level 1:colcon.colcon_core.package_identification:_identify(.) by extension 'ignore_ament_install'
[6.741s] Level 1:colcon.colcon_core.package_identification:_identify(.) by extensions ['colcon_pkg']
[6.741s] Level 1:colcon.colcon_core.package_identification:_identify(.) by extension 'colcon_pkg'
[6.742s] Level 1:colcon.colcon_core.package_identification:_identify(.) by extensions ['colcon_meta']
[6.742s] Level 1:colcon.colcon_core.package_identification:_identify(.) by extension 'colcon_meta'
[6.742s] Level 1:colcon.colcon_core.package_identification:_identify(.) by extensions ['ros']
[6.742s] Level 1:colcon.colcon_core.package_identification:_identify(.) by extension 'ros'
[6.836s] Level 1:colcon.colcon_core.package_identification:_identify(.) by extensions ['cmake', 'python']
[6.836s] Level 1:colcon.colcon_core.package_identification:_identify(.) by extension 'cmake'
[6.836s] Level 1:colcon.colcon_core.package_identification:_identify(.) by extension 'python'
[6.836s] Level 1:colcon.colcon_core.package_identification:_identify(.) by extensions ['python_setup_py']
[6.836s] Level 1:colcon.colcon_core.package_identification:_identify(.) by extension 'python_setup_py'
[6.865s] Level 1:colcon.colcon_core.package_identification:_identify(arlo_interfaces) by extensions ['ignore', 'ignore_ament_install']
[6.866s] Level 1:colcon.colcon_core.package_identification:_identify(arlo_interfaces) by extension 'ignore'
[6.866s] Level 1:colcon.colcon_core.package_identification:_identify(arlo_interfaces) by extension 'ignore_ament_install'
[6.867s] Level 1:colcon.colcon_core.package_identification:_identify(arlo_interfaces) by extensions ['colcon_pkg']
[6.867s] Level 1:colcon.colcon_core.package_identification:_identify(arlo_interfaces) by extension 'colcon_pkg'
[6.867s] Level 1:colcon.colcon_core.package_identification:_identify(arlo_interfaces) by extensions ['colcon_meta']
[6.867s] Level 1:colcon.colcon_core.package_identification:_identify(arlo_interfaces) by extension 'colcon_meta'
[6.867s] Level 1:colcon.colcon_core.package_identification:_identify(arlo_interfaces) by extensions ['ros']
[6.867s] Level 1:colcon.colcon_core.package_identification:_identify(arlo_interfaces) by extension 'ros'
[6.915s] DEBUG:colcon.colcon_core.package_identification:Package 'arlo_interfaces' with type 'ros.ament_cmake' and name 'arlo_interfaces'
[6.942s] Level 1:colcon.colcon_core.package_identification:_identify(build) by extensions ['ignore', 'ignore_ament_install']
[6.943s] Level 1:colcon.colcon_core.package_identification:_identify(build) by extension 'ignore'
[6.943s] Level 1:colcon.colcon_core.package_identification:_identify(build) ignored
[6.944s] Level 1:colcon.colcon_core.package_identification:_identify(cognitive_architecture) by extensions ['ignore', 'ignore_ament_install']
[6.945s] Level 1:colcon.colcon_core.package_identification:_identify(cognitive_architecture) by extension 'ignore'
[6.945s] Level 1:colcon.colcon_core.package_identification:_identify(cognitive_architecture) by extension 'ignore_ament_install'
[6.945s] Level 1:colcon.colcon_core.package_identification:_identify(cognitive_architecture) by extensions ['colcon_pkg']
[6.946s] Level 1:colcon.colcon_core.package_identification:_identify(cognitive_architecture) by extension 'colcon_pkg'
[6.946s] Level 1:colcon.colcon_core.package_identification:_identify(cognitive_architecture) by extensions ['colcon_meta']
[6.946s] Level 1:colcon.colcon_core.package_identification:_identify(cognitive_architecture) by extension 'colcon_meta'
[6.946s] Level 1:colcon.colcon_core.package_identification:_identify(cognitive_architecture) by extensions ['ros']
[6.947s] Level 1:colcon.colcon_core.package_identification:_identify(cognitive_architecture) by extension 'ros'
[6.955s] DEBUG:colcon.colcon_core.package_identification:Package 'cognitive_architecture' with type 'ros.ament_cmake' and name 'cognitive_architecture'
[6.957s] Level 1:colcon.colcon_core.package_identification:_identify(install) by extensions ['ignore', 'ignore_ament_install']
[6.957s] Level 1:colcon.colcon_core.package_identification:_identify(install) by extension 'ignore'
[6.958s] Level 1:colcon.colcon_core.package_identification:_identify(install) ignored
[6.958s] Level 1:colcon.colcon_core.package_identification:_identify(log) by extensions ['ignore', 'ignore_ament_install']
[6.959s] Level 1:colcon.colcon_core.package_identification:_identify(log) by extension 'ignore'
[6.959s] Level 1:colcon.colcon_core.package_identification:_identify(log) ignored
[6.966s] Level 1:colcon.colcon_core.package_identification:_identify(salidafinal) by extensions ['ignore', 'ignore_ament_install']
[6.967s] Level 1:colcon.colcon_core.package_identification:_identify(salidafinal) by extension 'ignore'
[6.967s] Level 1:colcon.colcon_core.package_identification:_identify(salidafinal) by extension 'ignore_ament_install'
[6.967s] Level 1:colcon.colcon_core.package_identification:_identify(salidafinal) by extensions ['colcon_pkg']
[6.968s] Level 1:colcon.colcon_core.package_identification:_identify(salidafinal) by extension 'colcon_pkg'
[6.968s] Level 1:colcon.colcon_core.package_identification:_identify(salidafinal) by extensions ['colcon_meta']
[6.968s] Level 1:colcon.colcon_core.package_identification:_identify(salidafinal) by extension 'colcon_meta'
[6.968s] Level 1:colcon.colcon_core.package_identification:_identify(salidafinal) by extensions ['ros']
[6.969s] Level 1:colcon.colcon_core.package_identification:_identify(salidafinal) by extension 'ros'
[6.969s] Level 1:colcon.colcon_core.package_identification:_identify(salidafinal) by extensions ['cmake', 'python']
[6.969s] Level 1:colcon.colcon_core.package_identification:_identify(salidafinal) by extension 'cmake'
[6.970s] Level 1:colcon.colcon_core.package_identification:_identify(salidafinal) by extension 'python'
[6.970s] Level 1:colcon.colcon_core.package_identification:_identify(salidafinal) by extensions ['python_setup_py']
[6.970s] Level 1:colcon.colcon_core.package_identification:_identify(salidafinal) by extension 'python_setup_py'
[6.970s] Level 1:colcon.colcon_core.package_discovery:discover_packages(recursive) using defaults
[6.971s] Level 1:colcon.colcon_core.package_discovery:discover_packages(ignore) discover
[6.971s] Level 1:colcon.colcon_core.package_discovery:discover_packages(ignore) using defaults
[6.971s] Level 1:colcon.colcon_core.package_discovery:discover_packages(path) discover
[6.971s] Level 1:colcon.colcon_core.package_discovery:discover_packages(path) using defaults
[7.342s] INFO:colcon.colcon_core.package_selection:Skipping not selected package 'arlo_interfaces' in 'arlo_interfaces'
[7.351s] Level 1:colcon.colcon_core.package_discovery:discover_packages(prefix_path) check parameters
[7.352s] Level 1:colcon.colcon_core.package_discovery:discover_packages(prefix_path) discover
[7.486s] DEBUG:colcon.colcon_installed_package_information.package_discovery:Found 2 installed packages in /home/antonio/Robotic-Swarms-main/Robotic-Swarms-main/install
[7.494s] DEBUG:colcon.colcon_installed_package_information.package_discovery:Found 293 installed packages in /opt/ros/humble
[7.505s] Level 1:colcon.colcon_core.package_discovery:discover_packages(prefix_path) using defaults
[7.734s] Level 5:colcon.colcon_core.verb:set package 'cognitive_architecture' build argument 'cmake_args' from command line to 'None'
[7.734s] Level 5:colcon.colcon_core.verb:set package 'cognitive_architecture' build argument 'cmake_target' from command line to 'None'
[7.734s] Level 5:colcon.colcon_core.verb:set package 'cognitive_architecture' build argument 'cmake_target_skip_unavailable' from command line to 'False'
[7.734s] Level 5:colcon.colcon_core.verb:set package 'cognitive_architecture' build argument 'cmake_clean_cache' from command line to 'False'
[7.734s] Level 5:colcon.colcon_core.verb:set package 'cognitive_architecture' build argument 'cmake_clean_first' from command line to 'False'
[7.734s] Level 5:colcon.colcon_core.verb:set package 'cognitive_architecture' build argument 'cmake_force_configure' from command line to 'False'
[7.734s] Level 5:colcon.colcon_core.verb:set package 'cognitive_architecture' build argument 'ament_cmake_args' from command line to 'None'
[7.734s] Level 5:colcon.colcon_core.verb:set package 'cognitive_architecture' build argument 'catkin_cmake_args' from command line to 'None'
[7.734s] Level 5:colcon.colcon_core.verb:set package 'cognitive_architecture' build argument 'catkin_skip_building_tests' from command line to 'False'
[7.734s] DEBUG:colcon.colcon_core.verb:Building package 'cognitive_architecture' with the following arguments: {'ament_cmake_args': None, 'build_base': '/home/antonio/Robotic-Swarms-main/Robotic-Swarms-main/build/cognitive_architecture', 'catkin_cmake_args': None, 'catkin_skip_building_tests': False, 'cmake_args': None, 'cmake_clean_cache': False, 'cmake_clean_first': False, 'cmake_force_configure': False, 'cmake_target': None, 'cmake_target_skip_unavailable': False, 'install_base': '/home/antonio/Robotic-Swarms-main/Robotic-Swarms-main/install/cognitive_architecture', 'merge_install': False, 'path': '/home/antonio/Robotic-Swarms-main/Robotic-Swarms-main/cognitive_architecture', 'symlink_install': False, 'test_result_base': None}
[7.735s] INFO:colcon.colcon_core.executor:Executing jobs using 'parallel' executor
[7.736s] DEBUG:colcon.colcon_parallel_executor.executor.parallel:run_until_complete
[7.737s] INFO:colcon.colcon_ros.task.ament_cmake.build:Building ROS package in '/home/antonio/Robotic-Swarms-main/Robotic-Swarms-main/cognitive_architecture' with build type 'ament_cmake'
[7.737s] INFO:colcon.colcon_cmake.task.cmake.build:Building CMake package in '/home/antonio/Robotic-Swarms-main/Robotic-Swarms-main/cognitive_architecture'
[7.815s] INFO:colcon.colcon_core.plugin_system:Skipping extension 'colcon_core.shell.bat': Not used on non-Windows systems
[7.816s] INFO:colcon.colcon_core.shell:Skip shell extension 'powershell' for command environment: Not usable outside of PowerShell
[7.817s] DEBUG:colcon.colcon_core.shell:Skip shell extension 'dsv' for command environment
[8.012s] DEBUG:colcon.colcon_core.event_handler.log_command:Invoking command in '/home/antonio/Robotic-Swarms-main/Robotic-Swarms-main/build/cognitive_architecture': CMAKE_PREFIX_PATH=/home/antonio/Robotic-Swarms-main/Robotic-Swarms-main/install/arlo_interfaces:/home/antonio/Robotic-Swarms-main/Robotic-Swarms-main/install/cognitive_architecture:/opt/ros/humble /usr/bin/cmake --build /home/antonio/Robotic-Swarms-main/Robotic-Swarms-main/build/cognitive_architecture -- -j4 -l4
[55.739s] DEBUG:colcon.colcon_core.event_handler.log_command:Invoked command in '/home/antonio/Robotic-Swarms-main/Robotic-Swarms-main/build/cognitive_architecture' returned '0': CMAKE_PREFIX_PATH=/home/antonio/Robotic-Swarms-main/Robotic-Swarms-main/install/arlo_interfaces:/home/antonio/Robotic-Swarms-main/Robotic-Swarms-main/install/cognitive_architecture:/opt/ros/humble /usr/bin/cmake --build /home/antonio/Robotic-Swarms-main/Robotic-Swarms-main/build/cognitive_architecture -- -j4 -l4
[55.774s] DEBUG:colcon.colcon_core.event_handler.log_command:Invoking command in '/home/antonio/Robotic-Swarms-main/Robotic-Swarms-main/build/cognitive_architecture': CMAKE_PREFIX_PATH=/home/antonio/Robotic-Swarms-main/Robotic-Swarms-main/install/arlo_interfaces:/home/antonio/Robotic-Swarms-main/Robotic-Swarms-main/install/cognitive_architecture:/opt/ros/humble /usr/bin/cmake --install /home/antonio/Robotic-Swarms-main/Robotic-Swarms-main/build/cognitive_architecture
[56.147s] Level 1:colcon.colcon_core.environment:create_environment_scripts_only(cognitive_architecture)
[56.148s] DEBUG:colcon.colcon_core.event_handler.log_command:Invoked command in '/home/antonio/Robotic-Swarms-main/Robotic-Swarms-main/build/cognitive_architecture' returned '0': CMAKE_PREFIX_PATH=/home/antonio/Robotic-Swarms-main/Robotic-Swarms-main/install/arlo_interfaces:/home/antonio/Robotic-Swarms-main/Robotic-Swarms-main/install/cognitive_architecture:/opt/ros/humble /usr/bin/cmake --install /home/antonio/Robotic-Swarms-main/Robotic-Swarms-main/build/cognitive_architecture
[56.262s] Level 1:colcon.colcon_core.environment:checking '/home/antonio/Robotic-Swarms-main/Robotic-Swarms-main/install/cognitive_architecture' for CMake module files
[56.264s] Level 1:colcon.colcon_core.environment:checking '/home/antonio/Robotic-Swarms-main/Robotic-Swarms-main/install/cognitive_architecture' for CMake config files
[56.274s] Level 1:colcon.colcon_core.shell:create_environment_hook('cognitive_architecture', 'cmake_prefix_path')
[56.274s] INFO:colcon.colcon_core.shell:Creating environment hook '/home/antonio/Robotic-Swarms-main/Robotic-Swarms-main/install/cognitive_architecture/share/cognitive_architecture/hook/cmake_prefix_path.ps1'
[56.287s] INFO:colcon.colcon_core.shell:Creating environment descriptor '/home/antonio/Robotic-Swarms-main/Robotic-Swarms-main/install/cognitive_architecture/share/cognitive_architecture/hook/cmake_prefix_path.dsv'
[56.301s] INFO:colcon.colcon_core.shell:Creating environment hook '/home/antonio/Robotic-Swarms-main/Robotic-Swarms-main/install/cognitive_architecture/share/cognitive_architecture/hook/cmake_prefix_path.sh'
[56.303s] Level 1:colcon.colcon_core.environment:checking '/home/antonio/Robotic-Swarms-main/Robotic-Swarms-main/install/cognitive_architecture/lib'
[56.304s] Level 1:colcon.colcon_core.environment:checking '/home/antonio/Robotic-Swarms-main/Robotic-Swarms-main/install/cognitive_architecture/bin'
[56.304s] Level 1:colcon.colcon_core.environment:checking '/home/antonio/Robotic-Swarms-main/Robotic-Swarms-main/install/cognitive_architecture/lib/pkgconfig/cognitive_architecture.pc'
[56.304s] Level 1:colcon.colcon_core.environment:checking '/home/antonio/Robotic-Swarms-main/Robotic-Swarms-main/install/cognitive_architecture/lib/python3.10/site-packages'
[56.304s] Level 1:colcon.colcon_core.environment:checking '/home/antonio/Robotic-Swarms-main/Robotic-Swarms-main/install/cognitive_architecture/bin'
[56.305s] INFO:colcon.colcon_core.shell:Creating package script '/home/antonio/Robotic-Swarms-main/Robotic-Swarms-main/install/cognitive_architecture/share/cognitive_architecture/package.ps1'
[56.306s] INFO:colcon.colcon_core.shell:Creating package descriptor '/home/antonio/Robotic-Swarms-main/Robotic-Swarms-main/install/cognitive_architecture/share/cognitive_architecture/package.dsv'
[56.308s] INFO:colcon.colcon_core.shell:Creating package script '/home/antonio/Robotic-Swarms-main/Robotic-Swarms-main/install/cognitive_architecture/share/cognitive_architecture/package.sh'
[56.309s] INFO:colcon.colcon_core.shell:Creating package script '/home/antonio/Robotic-Swarms-main/Robotic-Swarms-main/install/cognitive_architecture/share/cognitive_architecture/package.bash'
[56.322s] INFO:colcon.colcon_core.shell:Creating package script '/home/antonio/Robotic-Swarms-main/Robotic-Swarms-main/install/cognitive_architecture/share/cognitive_architecture/package.zsh'
[56.324s] Level 1:colcon.colcon_core.environment:create_file_with_runtime_dependencies(/home/antonio/Robotic-Swarms-main/Robotic-Swarms-main/install/cognitive_architecture/share/colcon-core/packages/cognitive_architecture)
[56.324s] Level 1:colcon.colcon_core.environment:create_environment_scripts_only(cognitive_architecture)
[56.325s] Level 1:colcon.colcon_core.environment:checking '/home/antonio/Robotic-Swarms-main/Robotic-Swarms-main/install/cognitive_architecture' for CMake module files
[56.325s] Level 1:colcon.colcon_core.environment:checking '/home/antonio/Robotic-Swarms-main/Robotic-Swarms-main/install/cognitive_architecture' for CMake config files
[56.327s] Level 1:colcon.colcon_core.shell:create_environment_hook('cognitive_architecture', 'cmake_prefix_path')
[56.327s] INFO:colcon.colcon_core.shell:Creating environment hook '/home/antonio/Robotic-Swarms-main/Robotic-Swarms-main/install/cognitive_architecture/share/cognitive_architecture/hook/cmake_prefix_path.ps1'
[56.328s] INFO:colcon.colcon_core.shell:Creating environment descriptor '/home/antonio/Robotic-Swarms-main/Robotic-Swarms-main/install/cognitive_architecture/share/cognitive_architecture/hook/cmake_prefix_path.dsv'
[56.328s] INFO:colcon.colcon_core.shell:Creating environment hook '/home/antonio/Robotic-Swarms-main/Robotic-Swarms-main/install/cognitive_architecture/share/cognitive_architecture/hook/cmake_prefix_path.sh'
[56.329s] Level 1:colcon.colcon_core.environment:checking '/home/antonio/Robotic-Swarms-main/Robotic-Swarms-main/install/cognitive_architecture/lib'
[56.329s] Level 1:colcon.colcon_core.environment:checking '/home/antonio/Robotic-Swarms-main/Robotic-Swarms-main/install/cognitive_architecture/bin'
[56.329s] Level 1:colcon.colcon_core.environment:checking '/home/antonio/Robotic-Swarms-main/Robotic-Swarms-main/install/cognitive_architecture/lib/pkgconfig/cognitive_architecture.pc'
[56.329s] Level 1:colcon.colcon_core.environment:checking '/home/antonio/Robotic-Swarms-main/Robotic-Swarms-main/install/cognitive_architecture/lib/python3.10/site-packages'
[56.330s] Level 1:colcon.colcon_core.environment:checking '/home/antonio/Robotic-Swarms-main/Robotic-Swarms-main/install/cognitive_architecture/bin'
[56.331s] INFO:colcon.colcon_core.shell:Creating package script '/home/antonio/Robotic-Swarms-main/Robotic-Swarms-main/install/cognitive_architecture/share/cognitive_architecture/package.ps1'
[56.332s] INFO:colcon.colcon_core.shell:Creating package descriptor '/home/antonio/Robotic-Swarms-main/Robotic-Swarms-main/install/cognitive_architecture/share/cognitive_architecture/package.dsv'
[56.332s] INFO:colcon.colcon_core.shell:Creating package script '/home/antonio/Robotic-Swarms-main/Robotic-Swarms-main/install/cognitive_architecture/share/cognitive_architecture/package.sh'
[56.333s] INFO:colcon.colcon_core.shell:Creating package script '/home/antonio/Robotic-Swarms-main/Robotic-Swarms-main/install/cognitive_architecture/share/cognitive_architecture/package.bash'
[56.333s] INFO:colcon.colcon_core.shell:Creating package script '/home/antonio/Robotic-Swarms-main/Robotic-Swarms-main/install/cognitive_architecture/share/cognitive_architecture/package.zsh'
[56.334s] Level 1:colcon.colcon_core.environment:create_file_with_runtime_dependencies(/home/antonio/Robotic-Swarms-main/Robotic-Swarms-main/install/cognitive_architecture/share/colcon-core/packages/cognitive_architecture)
[56.334s] DEBUG:colcon.colcon_parallel_executor.executor.parallel:closing loop
[56.335s] DEBUG:colcon.colcon_parallel_executor.executor.parallel:loop closed
[56.335s] DEBUG:colcon.colcon_parallel_executor.executor.parallel:run_until_complete finished with '0'
[56.335s] DEBUG:colcon.colcon_core.event_reactor:joining thread
[56.663s] INFO:colcon.colcon_core.plugin_system:Skipping extension 'colcon_notification.desktop_notification.terminal_notifier': Not used on non-Darwin systems
[56.663s] INFO:colcon.colcon_core.plugin_system:Skipping extension 'colcon_notification.desktop_notification.win32': Not used on non-Windows systems
[56.663s] INFO:colcon.colcon_notification.desktop_notification:Sending desktop notification using 'notify2'
[56.729s] DEBUG:colcon.colcon_core.event_reactor:joined thread
[56.730s] INFO:colcon.colcon_core.shell:Creating prefix script '/home/antonio/Robotic-Swarms-main/Robotic-Swarms-main/install/local_setup.ps1'
[56.733s] INFO:colcon.colcon_core.shell:Creating prefix util module '/home/antonio/Robotic-Swarms-main/Robotic-Swarms-main/install/_local_setup_util_ps1.py'
[56.736s] INFO:colcon.colcon_core.shell:Creating prefix chain script '/home/antonio/Robotic-Swarms-main/Robotic-Swarms-main/install/setup.ps1'
[56.737s] INFO:colcon.colcon_core.shell:Creating prefix script '/home/antonio/Robotic-Swarms-main/Robotic-Swarms-main/install/local_setup.sh'
[56.739s] INFO:colcon.colcon_core.shell:Creating prefix util module '/home/antonio/Robotic-Swarms-main/Robotic-Swarms-main/install/_local_setup_util_sh.py'
[56.740s] INFO:colcon.colcon_core.shell:Creating prefix chain script '/home/antonio/Robotic-Swarms-main/Robotic-Swarms-main/install/setup.sh'
[56.743s] INFO:colcon.colcon_core.shell:Creating prefix script '/home/antonio/Robotic-Swarms-main/Robotic-Swarms-main/install/local_setup.bash'
[56.744s] INFO:colcon.colcon_core.shell:Creating prefix chain script '/home/antonio/Robotic-Swarms-main/Robotic-Swarms-main/install/setup.bash'
[56.746s] INFO:colcon.colcon_core.shell:Creating prefix script '/home/antonio/Robotic-Swarms-main/Robotic-Swarms-main/install/local_setup.zsh'
[56.747s] INFO:colcon.colcon_core.shell:Creating prefix chain script '/home/antonio/Robotic-Swarms-main/Robotic-Swarms-main/install/setup.zsh'
