[0.236s] Invoking command in '/home/antonio/Robotic-Swarms-main/Robotic-Swarms-main/build/cognitive_architecture': AMENT_PREFIX_PATH=/home/antonio/Robotic-Swarms-main/Robotic-Swarms-main/install/arlo_interfaces:${AMENT_PREFIX_PATH} CMAKE_PREFIX_PATH=/home/antonio/Robotic-Swarms-main/Robotic-Swarms-main/install/arlo_interfaces:/opt/ros/humble LD_LIBRARY_PATH=/home/antonio/Robotic-Swarms-main/Robotic-Swarms-main/install/arlo_interfaces/lib:${LD_LIBRARY_PATH} PYTHONPATH=/home/antonio/Robotic-Swarms-main/Robotic-Swarms-main/install/arlo_interfaces/local/lib/python3.10/dist-packages:${PYTHONPATH} /usr/bin/cmake --build /home/antonio/Robotic-Swarms-main/Robotic-Swarms-main/build/cognitive_architecture -- -j4 -l4
[1.210s] [35m[1mConsolidate compiler generated dependencies of target meta_exe[0m
[1.216s] [35m[1mConsolidate compiler generated dependencies of target cpp_exe[0m
[1.240s] [  0%] Built target ament_cmake_python_copy_cognitive_architecture
[1.268s] [ 50%] Built target cpp_exe
[1.270s] [100%] Built target meta_exe
[1.683s] running egg_info
[1.685s] writing cognitive_architecture.egg-info/PKG-INFO
[1.685s] writing dependency_links to cognitive_architecture.egg-info/dependency_links.txt
[1.686s] writing top-level names to cognitive_architecture.egg-info/top_level.txt
[1.711s] reading manifest file 'cognitive_architecture.egg-info/SOURCES.txt'
[1.735s] writing manifest file 'cognitive_architecture.egg-info/SOURCES.txt'
[1.787s] [100%] Built target ament_cmake_python_build_cognitive_architecture_egg
[1.805s] Invoked command in '/home/antonio/Robotic-Swarms-main/Robotic-Swarms-main/build/cognitive_architecture' returned '0': AMENT_PREFIX_PATH=/home/antonio/Robotic-Swarms-main/Robotic-Swarms-main/install/arlo_interfaces:${AMENT_PREFIX_PATH} CMAKE_PREFIX_PATH=/home/antonio/Robotic-Swarms-main/Robotic-Swarms-main/install/arlo_interfaces:/opt/ros/humble LD_LIBRARY_PATH=/home/antonio/Robotic-Swarms-main/Robotic-Swarms-main/install/arlo_interfaces/lib:${LD_LIBRARY_PATH} PYTHONPATH=/home/antonio/Robotic-Swarms-main/Robotic-Swarms-main/install/arlo_interfaces/local/lib/python3.10/dist-packages:${PYTHONPATH} /usr/bin/cmake --build /home/antonio/Robotic-Swarms-main/Robotic-Swarms-main/build/cognitive_architecture -- -j4 -l4
[1.822s] Invoking command in '/home/antonio/Robotic-Swarms-main/Robotic-Swarms-main/build/cognitive_architecture': AMENT_PREFIX_PATH=/home/antonio/Robotic-Swarms-main/Robotic-Swarms-main/install/arlo_interfaces:${AMENT_PREFIX_PATH} CMAKE_PREFIX_PATH=/home/antonio/Robotic-Swarms-main/Robotic-Swarms-main/install/arlo_interfaces:/opt/ros/humble LD_LIBRARY_PATH=/home/antonio/Robotic-Swarms-main/Robotic-Swarms-main/install/arlo_interfaces/lib:${LD_LIBRARY_PATH} PYTHONPATH=/home/antonio/Robotic-Swarms-main/Robotic-Swarms-main/install/arlo_interfaces/local/lib/python3.10/dist-packages:${PYTHONPATH} /usr/bin/cmake --install /home/antonio/Robotic-Swarms-main/Robotic-Swarms-main/build/cognitive_architecture
[1.856s] -- Install configuration: ""
[1.931s] -- Up-to-date: /home/antonio/Robotic-Swarms-main/Robotic-Swarms-main/install/cognitive_architecture/lib/cognitive_architecture/cpp_exe
[1.972s] -- Up-to-date: /home/antonio/Robotic-Swarms-main/Robotic-Swarms-main/install/cognitive_architecture/lib/cognitive_architecture/meta_exe
[1.974s] -- Up-to-date: /home/antonio/Robotic-Swarms-main/Robotic-Swarms-main/install/cognitive_architecture/share/cognitive_architecture/environment/pythonpath.sh
[1.975s] -- Up-to-date: /home/antonio/Robotic-Swarms-main/Robotic-Swarms-main/install/cognitive_architecture/share/cognitive_architecture/environment/pythonpath.dsv
[1.975s] -- Up-to-date: /home/antonio/Robotic-Swarms-main/Robotic-Swarms-main/install/cognitive_architecture/local/lib/python3.10/dist-packages/cognitive_architecture-0.0.0-py3.10.egg-info
[1.976s] -- Installing: /home/antonio/Robotic-Swarms-main/Robotic-Swarms-main/install/cognitive_architecture/local/lib/python3.10/dist-packages/cognitive_architecture-0.0.0-py3.10.egg-info/dependency_links.txt
[1.977s] -- Installing: /home/antonio/Robotic-Swarms-main/Robotic-Swarms-main/install/cognitive_architecture/local/lib/python3.10/dist-packages/cognitive_architecture-0.0.0-py3.10.egg-info/top_level.txt
[1.977s] -- Installing: /home/antonio/Robotic-Swarms-main/Robotic-Swarms-main/install/cognitive_architecture/local/lib/python3.10/dist-packages/cognitive_architecture-0.0.0-py3.10.egg-info/PKG-INFO
[1.978s] -- Installing: /home/antonio/Robotic-Swarms-main/Robotic-Swarms-main/install/cognitive_architecture/local/lib/python3.10/dist-packages/cognitive_architecture-0.0.0-py3.10.egg-info/SOURCES.txt
[1.979s] -- Up-to-date: /home/antonio/Robotic-Swarms-main/Robotic-Swarms-main/install/cognitive_architecture/local/lib/python3.10/dist-packages/cognitive_architecture
[1.980s] -- Installing: /home/antonio/Robotic-Swarms-main/Robotic-Swarms-main/install/cognitive_architecture/local/lib/python3.10/dist-packages/cognitive_architecture/corteza_motora_primaria.py
[1.981s] -- Up-to-date: /home/antonio/Robotic-Swarms-main/Robotic-Swarms-main/install/cognitive_architecture/local/lib/python3.10/dist-packages/cognitive_architecture/robot.py
[1.981s] -- Up-to-date: /home/antonio/Robotic-Swarms-main/Robotic-Swarms-main/install/cognitive_architecture/local/lib/python3.10/dist-packages/cognitive_architecture/README.md
[1.982s] -- Up-to-date: /home/antonio/Robotic-Swarms-main/Robotic-Swarms-main/install/cognitive_architecture/local/lib/python3.10/dist-packages/cognitive_architecture/__init__.py
[1.982s] -- Up-to-date: /home/antonio/Robotic-Swarms-main/Robotic-Swarms-main/install/cognitive_architecture/local/lib/python3.10/dist-packages/cognitive_architecture/lobulo_temporal.py
[2.054s] Listing '/home/antonio/Robotic-Swarms-main/Robotic-Swarms-main/install/cognitive_architecture/local/lib/python3.10/dist-packages/cognitive_architecture'...
[2.055s] Compiling '/home/antonio/Robotic-Swarms-main/Robotic-Swarms-main/install/cognitive_architecture/local/lib/python3.10/dist-packages/cognitive_architecture/corteza_motora_primaria.py'...
[2.062s] -- Up-to-date: /home/antonio/Robotic-Swarms-main/Robotic-Swarms-main/install/cognitive_architecture/lib/cognitive_architecture/Controlador_individuo.py
[2.062s] -- Up-to-date: /home/antonio/Robotic-Swarms-main/Robotic-Swarms-main/install/cognitive_architecture/share/cognitive_architecture/launch
[2.062s] -- Up-to-date: /home/antonio/Robotic-Swarms-main/Robotic-Swarms-main/install/cognitive_architecture/share/cognitive_architecture/launch/gazebo.launch.py
[2.063s] -- Up-to-date: /home/antonio/Robotic-Swarms-main/Robotic-Swarms-main/install/cognitive_architecture/share/cognitive_architecture/launch/dummys.launch.py
[2.063s] -- Up-to-date: /home/antonio/Robotic-Swarms-main/Robotic-Swarms-main/install/cognitive_architecture/share/cognitive_architecture/launch/meta_trainning.launch.py
[2.063s] -- Up-to-date: /home/antonio/Robotic-Swarms-main/Robotic-Swarms-main/install/cognitive_architecture/share/cognitive_architecture/models
[2.064s] -- Up-to-date: /home/antonio/Robotic-Swarms-main/Robotic-Swarms-main/install/cognitive_architecture/share/cognitive_architecture/models/curling_target
[2.064s] -- Up-to-date: /home/antonio/Robotic-Swarms-main/Robotic-Swarms-main/install/cognitive_architecture/share/cognitive_architecture/models/curling_target/model.config
[2.064s] -- Up-to-date: /home/antonio/Robotic-Swarms-main/Robotic-Swarms-main/install/cognitive_architecture/share/cognitive_architecture/models/curling_target/meshes
[2.065s] -- Up-to-date: /home/antonio/Robotic-Swarms-main/Robotic-Swarms-main/install/cognitive_architecture/share/cognitive_architecture/models/curling_target/meshes/curling.dae
[2.065s] -- Up-to-date: /home/antonio/Robotic-Swarms-main/Robotic-Swarms-main/install/cognitive_architecture/share/cognitive_architecture/models/curling_target/meshes/target.png
[2.065s] -- Up-to-date: /home/antonio/Robotic-Swarms-main/Robotic-Swarms-main/install/cognitive_architecture/share/cognitive_architecture/models/curling_target/meshes/curling_target.dae
[2.066s] -- Up-to-date: /home/antonio/Robotic-Swarms-main/Robotic-Swarms-main/install/cognitive_architecture/share/cognitive_architecture/models/curling_target/meshes/diana.blend
[2.066s] -- Up-to-date: /home/antonio/Robotic-Swarms-main/Robotic-Swarms-main/install/cognitive_architecture/share/cognitive_architecture/models/curling_target/meshes/diana.blend1
[2.066s] -- Up-to-date: /home/antonio/Robotic-Swarms-main/Robotic-Swarms-main/install/cognitive_architecture/share/cognitive_architecture/models/curling_target/materials
[2.067s] -- Up-to-date: /home/antonio/Robotic-Swarms-main/Robotic-Swarms-main/install/cognitive_architecture/share/cognitive_architecture/models/curling_target/materials/textures
[2.067s] -- Up-to-date: /home/antonio/Robotic-Swarms-main/Robotic-Swarms-main/install/cognitive_architecture/share/cognitive_architecture/models/curling_target/materials/textures/target.png
[2.068s] -- Up-to-date: /home/antonio/Robotic-Swarms-main/Robotic-Swarms-main/install/cognitive_architecture/share/cognitive_architecture/models/curling_target/curling_target.sdf
[2.068s] -- Up-to-date: /home/antonio/Robotic-Swarms-main/Robotic-Swarms-main/install/cognitive_architecture/share/cognitive_architecture/models/checkerboard_plane
[2.068s] -- Up-to-date: /home/antonio/Robotic-Swarms-main/Robotic-Swarms-main/install/cognitive_architecture/share/cognitive_architecture/models/checkerboard_plane/model.config
[2.069s] -- Up-to-date: /home/antonio/Robotic-Swarms-main/Robotic-Swarms-main/install/cognitive_architecture/share/cognitive_architecture/models/checkerboard_plane/checkerboard_plane.sdf
[2.069s] -- Up-to-date: /home/antonio/Robotic-Swarms-main/Robotic-Swarms-main/install/cognitive_architecture/share/cognitive_architecture/models/checkerboard_plane/meshes
[2.069s] -- Up-to-date: /home/antonio/Robotic-Swarms-main/Robotic-Swarms-main/install/cognitive_architecture/share/cognitive_architecture/models/checkerboard_plane/meshes/checker.png
[2.070s] -- Up-to-date: /home/antonio/Robotic-Swarms-main/Robotic-Swarms-main/install/cognitive_architecture/share/cognitive_architecture/models/checkerboard_plane/meshes/checkerboard_plane.dae
[2.070s] -- Up-to-date: /home/antonio/Robotic-Swarms-main/Robotic-Swarms-main/install/cognitive_architecture/share/cognitive_architecture/models/checkerboard_plane/materials
[2.070s] -- Up-to-date: /home/antonio/Robotic-Swarms-main/Robotic-Swarms-main/install/cognitive_architecture/share/cognitive_architecture/models/checkerboard_plane/materials/textures
[2.070s] -- Up-to-date: /home/antonio/Robotic-Swarms-main/Robotic-Swarms-main/install/cognitive_architecture/share/cognitive_architecture/models/checkerboard_plane/materials/textures/checker.png
[2.070s] -- Up-to-date: /home/antonio/Robotic-Swarms-main/Robotic-Swarms-main/install/cognitive_architecture/share/cognitive_architecture/models/bardas_madera
[2.071s] -- Up-to-date: /home/antonio/Robotic-Swarms-main/Robotic-Swarms-main/install/cognitive_architecture/share/cognitive_architecture/models/bardas_madera/model.config
[2.071s] -- Up-to-date: /home/antonio/Robotic-Swarms-main/Robotic-Swarms-main/install/cognitive_architecture/share/cognitive_architecture/models/bardas_madera/model.sdf
[2.071s] -- Up-to-date: /home/antonio/Robotic-Swarms-main/Robotic-Swarms-main/install/cognitive_architecture/share/cognitive_architecture/models/cerebral_carpet
[2.071s] -- Up-to-date: /home/antonio/Robotic-Swarms-main/Robotic-Swarms-main/install/cognitive_architecture/share/cognitive_architecture/models/cerebral_carpet/cerebral_carpet.sdf
[2.072s] -- Up-to-date: /home/antonio/Robotic-Swarms-main/Robotic-Swarms-main/install/cognitive_architecture/share/cognitive_architecture/models/cerebral_carpet/model.config
[2.072s] -- Up-to-date: /home/antonio/Robotic-Swarms-main/Robotic-Swarms-main/install/cognitive_architecture/share/cognitive_architecture/models/cerebral_carpet/meshes
[2.072s] -- Up-to-date: /home/antonio/Robotic-Swarms-main/Robotic-Swarms-main/install/cognitive_architecture/share/cognitive_architecture/models/cerebral_carpet/meshes/cerebral_carpet.dae
[2.072s] -- Up-to-date: /home/antonio/Robotic-Swarms-main/Robotic-Swarms-main/install/cognitive_architecture/share/cognitive_architecture/models/cerebral_carpet/meshes/curling.dae
[2.072s] -- Up-to-date: /home/antonio/Robotic-Swarms-main/Robotic-Swarms-main/install/cognitive_architecture/share/cognitive_architecture/models/cerebral_carpet/meshes/cerebral_carpet.svg
[2.073s] -- Up-to-date: /home/antonio/Robotic-Swarms-main/Robotic-Swarms-main/install/cognitive_architecture/share/cognitive_architecture/models/cerebral_carpet/meshes/target.png
[2.073s] -- Up-to-date: /home/antonio/Robotic-Swarms-main/Robotic-Swarms-main/install/cognitive_architecture/share/cognitive_architecture/models/cerebral_carpet/meshes/diana.blend
[2.073s] -- Up-to-date: /home/antonio/Robotic-Swarms-main/Robotic-Swarms-main/install/cognitive_architecture/share/cognitive_architecture/models/cerebral_carpet/meshes/diana.blend1
[2.073s] -- Up-to-date: /home/antonio/Robotic-Swarms-main/Robotic-Swarms-main/install/cognitive_architecture/share/cognitive_architecture/models/cerebral_carpet/materials
[2.073s] -- Up-to-date: /home/antonio/Robotic-Swarms-main/Robotic-Swarms-main/install/cognitive_architecture/share/cognitive_architecture/models/cerebral_carpet/materials/textures
[2.073s] -- Up-to-date: /home/antonio/Robotic-Swarms-main/Robotic-Swarms-main/install/cognitive_architecture/share/cognitive_architecture/models/cerebral_carpet/materials/textures/target.png
[2.074s] -- Up-to-date: /home/antonio/Robotic-Swarms-main/Robotic-Swarms-main/install/cognitive_architecture/share/cognitive_architecture/models/arrow_red
[2.074s] -- Up-to-date: /home/antonio/Robotic-Swarms-main/Robotic-Swarms-main/install/cognitive_architecture/share/cognitive_architecture/models/arrow_red/model.config
[2.074s] -- Up-to-date: /home/antonio/Robotic-Swarms-main/Robotic-Swarms-main/install/cognitive_architecture/share/cognitive_architecture/models/arrow_red/model.sdf
[2.074s] -- Up-to-date: /home/antonio/Robotic-Swarms-main/Robotic-Swarms-main/install/cognitive_architecture/share/cognitive_architecture/models/cerebral_goal
[2.074s] -- Up-to-date: /home/antonio/Robotic-Swarms-main/Robotic-Swarms-main/install/cognitive_architecture/share/cognitive_architecture/models/cerebral_goal/model.config
[2.074s] -- Up-to-date: /home/antonio/Robotic-Swarms-main/Robotic-Swarms-main/install/cognitive_architecture/share/cognitive_architecture/models/cerebral_goal/cerebral_goal.sdf
[2.074s] -- Up-to-date: /home/antonio/Robotic-Swarms-main/Robotic-Swarms-main/install/cognitive_architecture/share/cognitive_architecture/models/cerebral_goal/meshes
[2.075s] -- Up-to-date: /home/antonio/Robotic-Swarms-main/Robotic-Swarms-main/install/cognitive_architecture/share/cognitive_architecture/models/cerebral_goal/meshes/cerebral_goal.svg
[2.075s] -- Up-to-date: /home/antonio/Robotic-Swarms-main/Robotic-Swarms-main/install/cognitive_architecture/share/cognitive_architecture/models/cerebral_goal/meshes/curling.dae
[2.075s] -- Up-to-date: /home/antonio/Robotic-Swarms-main/Robotic-Swarms-main/install/cognitive_architecture/share/cognitive_architecture/models/cerebral_goal/meshes/cerebral_carpet.svg
[2.075s] -- Up-to-date: /home/antonio/Robotic-Swarms-main/Robotic-Swarms-main/install/cognitive_architecture/share/cognitive_architecture/models/cerebral_goal/meshes/target.png
[2.077s] -- Up-to-date: /home/antonio/Robotic-Swarms-main/Robotic-Swarms-main/install/cognitive_architecture/share/cognitive_architecture/models/cerebral_goal/meshes/diana.blend
[2.078s] -- Up-to-date: /home/antonio/Robotic-Swarms-main/Robotic-Swarms-main/install/cognitive_architecture/share/cognitive_architecture/models/cerebral_goal/meshes/diana.blend1
[2.078s] -- Up-to-date: /home/antonio/Robotic-Swarms-main/Robotic-Swarms-main/install/cognitive_architecture/share/cognitive_architecture/models/cerebral_goal/meshes/cerebral_goal.dae
[2.078s] -- Up-to-date: /home/antonio/Robotic-Swarms-main/Robotic-Swarms-main/install/cognitive_architecture/share/cognitive_architecture/models/cerebral_goal/materials
[2.078s] -- Up-to-date: /home/antonio/Robotic-Swarms-main/Robotic-Swarms-main/install/cognitive_architecture/share/cognitive_architecture/models/cerebral_goal/materials/textures
[2.079s] -- Up-to-date: /home/antonio/Robotic-Swarms-main/Robotic-Swarms-main/install/cognitive_architecture/share/cognitive_architecture/models/cerebral_goal/materials/textures/target.png
[2.079s] -- Up-to-date: /home/antonio/Robotic-Swarms-main/Robotic-Swarms-main/install/cognitive_architecture/share/cognitive_architecture/models/arlo
[2.079s] -- Up-to-date: /home/antonio/Robotic-Swarms-main/Robotic-Swarms-main/install/cognitive_architecture/share/cognitive_architecture/models/arlo/arlourdf.urdf
[2.079s] -- Up-to-date: /home/antonio/Robotic-Swarms-main/Robotic-Swarms-main/install/cognitive_architecture/share/cognitive_architecture/models/arlo/model.config
[2.079s] -- Up-to-date: /home/antonio/Robotic-Swarms-main/Robotic-Swarms-main/install/cognitive_architecture/share/cognitive_architecture/models/arlo/prueba.urdf
[2.079s] -- Up-to-date: /home/antonio/Robotic-Swarms-main/Robotic-Swarms-main/install/cognitive_architecture/share/cognitive_architecture/models/arlo/meshes
[2.079s] -- Up-to-date: /home/antonio/Robotic-Swarms-main/Robotic-Swarms-main/install/cognitive_architecture/share/cognitive_architecture/models/arlo/meshes/arlo_base_altura_ok.dae
[2.080s] -- Up-to-date: /home/antonio/Robotic-Swarms-main/Robotic-Swarms-main/install/cognitive_architecture/share/cognitive_architecture/models/arlo/meshes/arlo_wheel_mejorado_backup.dae
[2.080s] -- Up-to-date: /home/antonio/Robotic-Swarms-main/Robotic-Swarms-main/install/cognitive_architecture/share/cognitive_architecture/models/arlo/meshes/Rueda_izquierda_link.STL
[2.080s] -- Up-to-date: /home/antonio/Robotic-Swarms-main/Robotic-Swarms-main/install/cognitive_architecture/share/cognitive_architecture/models/arlo/meshes/arlo_base_backup.dae
[2.080s] -- Up-to-date: /home/antonio/Robotic-Swarms-main/Robotic-Swarms-main/install/cognitive_architecture/share/cognitive_architecture/models/arlo/meshes/Rueda_derecha_link.STL
[2.080s] -- Up-to-date: /home/antonio/Robotic-Swarms-main/Robotic-Swarms-main/install/cognitive_architecture/share/cognitive_architecture/models/arlo/meshes/Rueda_castor_link.STL
[2.080s] -- Up-to-date: /home/antonio/Robotic-Swarms-main/Robotic-Swarms-main/install/cognitive_architecture/share/cognitive_architecture/models/arlo/meshes/arlo_sensor.dae
[2.080s] -- Up-to-date: /home/antonio/Robotic-Swarms-main/Robotic-Swarms-main/install/cognitive_architecture/share/cognitive_architecture/models/arlo/meshes/base_link.STL
[2.080s] -- Up-to-date: /home/antonio/Robotic-Swarms-main/Robotic-Swarms-main/install/cognitive_architecture/share/cognitive_architecture/models/arlo/meshes/Base_castor_link.STL
[2.081s] -- Up-to-date: /home/antonio/Robotic-Swarms-main/Robotic-Swarms-main/install/cognitive_architecture/share/cognitive_architecture/models/arlo/meshes/arlo_wheel_mejorado.dae
[2.081s] -- Up-to-date: /home/antonio/Robotic-Swarms-main/Robotic-Swarms-main/install/cognitive_architecture/share/cognitive_architecture/models/arlo/meshes/arlo_base.dae
[2.081s] -- Up-to-date: /home/antonio/Robotic-Swarms-main/Robotic-Swarms-main/install/cognitive_architecture/share/cognitive_architecture/models/arlo/meshes/arlo_wheel.dae
[2.081s] -- Up-to-date: /home/antonio/Robotic-Swarms-main/Robotic-Swarms-main/install/cognitive_architecture/share/cognitive_architecture/models/arlo/model.sdf
[2.081s] -- Up-to-date: /home/antonio/Robotic-Swarms-main/Robotic-Swarms-main/install/cognitive_architecture/share/cognitive_architecture/worlds
[2.081s] -- Up-to-date: /home/antonio/Robotic-Swarms-main/Robotic-Swarms-main/install/cognitive_architecture/share/cognitive_architecture/worlds/curling_obstaculo.world.xml
[2.081s] -- Up-to-date: /home/antonio/Robotic-Swarms-main/Robotic-Swarms-main/install/cognitive_architecture/share/cognitive_architecture/worlds/box_bot_empty.world
[2.081s] -- Up-to-date: /home/antonio/Robotic-Swarms-main/Robotic-Swarms-main/install/cognitive_architecture/share/cognitive_architecture/worlds/arena_cerebral.world
[2.081s] -- Up-to-date: /home/antonio/Robotic-Swarms-main/Robotic-Swarms-main/install/cognitive_architecture/share/cognitive_architecture/worlds/walk_verde.dae
[2.082s] -- Up-to-date: /home/antonio/Robotic-Swarms-main/Robotic-Swarms-main/install/cognitive_architecture/share/cognitive_architecture/worlds/escenarioRiesgoso.world.docx
[2.082s] -- Up-to-date: /home/antonio/Robotic-Swarms-main/Robotic-Swarms-main/install/cognitive_architecture/share/cognitive_architecture/worlds/cafe_uam_1.world
[2.082s] -- Up-to-date: /home/antonio/Robotic-Swarms-main/Robotic-Swarms-main/install/cognitive_architecture/share/cognitive_architecture/worlds/cafe_uam.world.docx
[2.082s] -- Up-to-date: /home/antonio/Robotic-Swarms-main/Robotic-Swarms-main/install/cognitive_architecture/share/cognitive_architecture/worlds/curling_empty_field.world.xml
[2.082s] -- Up-to-date: /home/antonio/Robotic-Swarms-main/Robotic-Swarms-main/install/cognitive_architecture/share/cognitive_architecture/worlds/pista_pasillo_cerebral.world
[2.082s] -- Up-to-date: /home/antonio/Robotic-Swarms-main/Robotic-Swarms-main/install/cognitive_architecture/share/cognitive_architecture/worlds/curling_libre.world.xml
[2.082s] -- Up-to-date: /home/antonio/Robotic-Swarms-main/Robotic-Swarms-main/install/cognitive_architecture/share/cognitive_architecture/worlds/pista_herradura.world
[2.082s] -- Up-to-date: /home/antonio/Robotic-Swarms-main/Robotic-Swarms-main/install/cognitive_architecture/share/cognitive_architecture/worlds/basic_house_obstacles.world.xml
[2.083s] -- Up-to-date: /home/antonio/Robotic-Swarms-main/Robotic-Swarms-main/install/cognitive_architecture/share/cognitive_architecture/worlds/escenarioAusteroCalvos.world.docx
[2.083s] -- Up-to-date: /home/antonio/Robotic-Swarms-main/Robotic-Swarms-main/install/cognitive_architecture/share/cognitive_architecture/worlds/pista_herradura_cerebral.world
[2.083s] -- Up-to-date: /home/antonio/Robotic-Swarms-main/Robotic-Swarms-main/install/cognitive_architecture/share/cognitive_architecture/worlds/bote_azul_obstaculos.world.xml
[2.083s] -- Up-to-date: /home/antonio/Robotic-Swarms-main/Robotic-Swarms-main/install/cognitive_architecture/share/cognitive_architecture/worlds/cuadrilatero_obstaculos.world.xml
[2.083s] -- Up-to-date: /home/antonio/Robotic-Swarms-main/Robotic-Swarms-main/install/cognitive_architecture/share/cognitive_architecture/worlds/bote_azul_libre.world.xml
[2.083s] -- Up-to-date: /home/antonio/Robotic-Swarms-main/Robotic-Swarms-main/install/cognitive_architecture/share/cognitive_architecture/worlds/laberinto_01.world
[2.083s] -- Up-to-date: /home/antonio/Robotic-Swarms-main/Robotic-Swarms-main/install/cognitive_architecture/share/cognitive_architecture/worlds/escenarioAustero.world.docx
[2.083s] -- Up-to-date: /home/antonio/Robotic-Swarms-main/Robotic-Swarms-main/install/cognitive_architecture/share/ament_index/resource_index/package_run_dependencies/cognitive_architecture
[2.083s] -- Up-to-date: /home/antonio/Robotic-Swarms-main/Robotic-Swarms-main/install/cognitive_architecture/share/ament_index/resource_index/parent_prefix_path/cognitive_architecture
[2.084s] -- Up-to-date: /home/antonio/Robotic-Swarms-main/Robotic-Swarms-main/install/cognitive_architecture/share/cognitive_architecture/environment/ament_prefix_path.sh
[2.084s] -- Up-to-date: /home/antonio/Robotic-Swarms-main/Robotic-Swarms-main/install/cognitive_architecture/share/cognitive_architecture/environment/ament_prefix_path.dsv
[2.084s] -- Up-to-date: /home/antonio/Robotic-Swarms-main/Robotic-Swarms-main/install/cognitive_architecture/share/cognitive_architecture/environment/path.sh
[2.084s] -- Up-to-date: /home/antonio/Robotic-Swarms-main/Robotic-Swarms-main/install/cognitive_architecture/share/cognitive_architecture/environment/path.dsv
[2.084s] -- Up-to-date: /home/antonio/Robotic-Swarms-main/Robotic-Swarms-main/install/cognitive_architecture/share/cognitive_architecture/local_setup.bash
[2.084s] -- Up-to-date: /home/antonio/Robotic-Swarms-main/Robotic-Swarms-main/install/cognitive_architecture/share/cognitive_architecture/local_setup.sh
[2.084s] -- Up-to-date: /home/antonio/Robotic-Swarms-main/Robotic-Swarms-main/install/cognitive_architecture/share/cognitive_architecture/local_setup.zsh
[2.084s] -- Up-to-date: /home/antonio/Robotic-Swarms-main/Robotic-Swarms-main/install/cognitive_architecture/share/cognitive_architecture/local_setup.dsv
[2.084s] -- Installing: /home/antonio/Robotic-Swarms-main/Robotic-Swarms-main/install/cognitive_architecture/share/cognitive_architecture/package.dsv
[2.085s] -- Up-to-date: /home/antonio/Robotic-Swarms-main/Robotic-Swarms-main/install/cognitive_architecture/share/ament_index/resource_index/packages/cognitive_architecture
[2.085s] -- Up-to-date: /home/antonio/Robotic-Swarms-main/Robotic-Swarms-main/install/cognitive_architecture/share/cognitive_architecture/cmake/cognitive_architectureConfig.cmake
[2.085s] -- Up-to-date: /home/antonio/Robotic-Swarms-main/Robotic-Swarms-main/install/cognitive_architecture/share/cognitive_architecture/cmake/cognitive_architectureConfig-version.cmake
[2.085s] -- Up-to-date: /home/antonio/Robotic-Swarms-main/Robotic-Swarms-main/install/cognitive_architecture/share/cognitive_architecture/package.xml
[2.085s] Invoked command in '/home/antonio/Robotic-Swarms-main/Robotic-Swarms-main/build/cognitive_architecture' returned '0': AMENT_PREFIX_PATH=/home/antonio/Robotic-Swarms-main/Robotic-Swarms-main/install/arlo_interfaces:${AMENT_PREFIX_PATH} CMAKE_PREFIX_PATH=/home/antonio/Robotic-Swarms-main/Robotic-Swarms-main/install/arlo_interfaces:/opt/ros/humble LD_LIBRARY_PATH=/home/antonio/Robotic-Swarms-main/Robotic-Swarms-main/install/arlo_interfaces/lib:${LD_LIBRARY_PATH} PYTHONPATH=/home/antonio/Robotic-Swarms-main/Robotic-Swarms-main/install/arlo_interfaces/local/lib/python3.10/dist-packages:${PYTHONPATH} /usr/bin/cmake --install /home/antonio/Robotic-Swarms-main/Robotic-Swarms-main/build/cognitive_architecture
