[0.141s] DEBUG:colcon:Command line arguments: ['/usr/bin/colcon', 'build']
[0.141s] DEBUG:colcon:Parsed command line arguments: Namespace(log_base=None, log_level=None, verb_name='build', build_base='build', install_base='install', merge_install=False, symlink_install=False, test_result_base=None, continue_on_error=False, executor='parallel', parallel_workers=4, event_handlers=None, ignore_user_meta=False, metas=['./colcon.meta'], base_paths=['.'], packages_ignore=None, packages_ignore_regex=None, paths=None, packages_up_to=None, packages_up_to_regex=None, packages_above=None, packages_above_and_dependencies=None, packages_above_depth=None, packages_select_by_dep=None, packages_skip_by_dep=None, packages_skip_up_to=None, packages_select_build_failed=False, packages_skip_build_finished=False, packages_select_test_failures=False, packages_skip_test_passed=False, packages_select=None, packages_skip=None, packages_select_regex=None, packages_skip_regex=None, packages_start=None, packages_end=None, allow_overriding=[], cmake_args=None, cmake_target=None, cmake_target_skip_unavailable=False, cmake_clean_cache=False, cmake_clean_first=False, cmake_force_configure=False, ament_cmake_args=None, catkin_cmake_args=None, catkin_skip_building_tests=False, mixin_files=None, mixin=None, verb_parser=<colcon_mixin.mixin.mixin_argument.MixinArgumentDecorator object at 0x7444f64d6650>, verb_extension=<colcon_core.verb.build.BuildVerb object at 0x7444f64d6140>, main=<bound method BuildVerb.main of <colcon_core.verb.build.BuildVerb object at 0x7444f64d6140>>, mixin_verb=('build',))
[0.399s] Level 1:colcon.colcon_core.package_discovery:discover_packages(colcon_meta) check parameters
[0.399s] Level 1:colcon.colcon_core.package_discovery:discover_packages(recursive) check parameters
[0.399s] Level 1:colcon.colcon_core.package_discovery:discover_packages(ignore) check parameters
[0.399s] Level 1:colcon.colcon_core.package_discovery:discover_packages(path) check parameters
[0.399s] Level 1:colcon.colcon_core.package_discovery:discover_packages(colcon_meta) discover
[0.399s] Level 1:colcon.colcon_core.package_discovery:discover_packages(recursive) discover
[0.399s] INFO:colcon.colcon_core.package_discovery:Crawling recursively for packages in '/home/antonio/Robotic-Swarms-main/Robotic-Swarms-main'
[0.399s] Level 1:colcon.colcon_core.package_identification:_identify(.) by extensions ['ignore', 'ignore_ament_install']
[0.399s] Level 1:colcon.colcon_core.package_identification:_identify(.) by extension 'ignore'
[0.400s] Level 1:colcon.colcon_core.package_identification:_identify(.) by extension 'ignore_ament_install'
[0.400s] Level 1:colcon.colcon_core.package_identification:_identify(.) by extensions ['colcon_pkg']
[0.400s] Level 1:colcon.colcon_core.package_identification:_identify(.) by extension 'colcon_pkg'
[0.400s] Level 1:colcon.colcon_core.package_identification:_identify(.) by extensions ['colcon_meta']
[0.400s] Level 1:colcon.colcon_core.package_identification:_identify(.) by extension 'colcon_meta'
[0.400s] Level 1:colcon.colcon_core.package_identification:_identify(.) by extensions ['ros']
[0.400s] Level 1:colcon.colcon_core.package_identification:_identify(.) by extension 'ros'
[0.416s] Level 1:colcon.colcon_core.package_identification:_identify(.) by extensions ['cmake', 'python']
[0.417s] Level 1:colcon.colcon_core.package_identification:_identify(.) by extension 'cmake'
[0.417s] Level 1:colcon.colcon_core.package_identification:_identify(.) by extension 'python'
[0.417s] Level 1:colcon.colcon_core.package_identification:_identify(.) by extensions ['python_setup_py']
[0.417s] Level 1:colcon.colcon_core.package_identification:_identify(.) by extension 'python_setup_py'
[0.417s] Level 1:colcon.colcon_core.package_identification:_identify(arlo_interfaces) by extensions ['ignore', 'ignore_ament_install']
[0.417s] Level 1:colcon.colcon_core.package_identification:_identify(arlo_interfaces) by extension 'ignore'
[0.417s] Level 1:colcon.colcon_core.package_identification:_identify(arlo_interfaces) by extension 'ignore_ament_install'
[0.417s] Level 1:colcon.colcon_core.package_identification:_identify(arlo_interfaces) by extensions ['colcon_pkg']
[0.417s] Level 1:colcon.colcon_core.package_identification:_identify(arlo_interfaces) by extension 'colcon_pkg'
[0.417s] Level 1:colcon.colcon_core.package_identification:_identify(arlo_interfaces) by extensions ['colcon_meta']
[0.417s] Level 1:colcon.colcon_core.package_identification:_identify(arlo_interfaces) by extension 'colcon_meta'
[0.418s] Level 1:colcon.colcon_core.package_identification:_identify(arlo_interfaces) by extensions ['ros']
[0.418s] Level 1:colcon.colcon_core.package_identification:_identify(arlo_interfaces) by extension 'ros'
[0.421s] DEBUG:colcon.colcon_core.package_identification:Package 'arlo_interfaces' with type 'ros.ament_cmake' and name 'arlo_interfaces'
[0.421s] Level 1:colcon.colcon_core.package_identification:_identify(build) by extensions ['ignore', 'ignore_ament_install']
[0.421s] Level 1:colcon.colcon_core.package_identification:_identify(build) by extension 'ignore'
[0.422s] Level 1:colcon.colcon_core.package_identification:_identify(build) ignored
[0.422s] Level 1:colcon.colcon_core.package_identification:_identify(cognitive_architecture) by extensions ['ignore', 'ignore_ament_install']
[0.422s] Level 1:colcon.colcon_core.package_identification:_identify(cognitive_architecture) by extension 'ignore'
[0.422s] Level 1:colcon.colcon_core.package_identification:_identify(cognitive_architecture) by extension 'ignore_ament_install'
[0.422s] Level 1:colcon.colcon_core.package_identification:_identify(cognitive_architecture) by extensions ['colcon_pkg']
[0.422s] Level 1:colcon.colcon_core.package_identification:_identify(cognitive_architecture) by extension 'colcon_pkg'
[0.422s] Level 1:colcon.colcon_core.package_identification:_identify(cognitive_architecture) by extensions ['colcon_meta']
[0.422s] Level 1:colcon.colcon_core.package_identification:_identify(cognitive_architecture) by extension 'colcon_meta'
[0.422s] Level 1:colcon.colcon_core.package_identification:_identify(cognitive_architecture) by extensions ['ros']
[0.422s] Level 1:colcon.colcon_core.package_identification:_identify(cognitive_architecture) by extension 'ros'
[0.424s] DEBUG:colcon.colcon_core.package_identification:Package 'cognitive_architecture' with type 'ros.ament_cmake' and name 'cognitive_architecture'
[0.425s] Level 1:colcon.colcon_core.package_identification:_identify(install) by extensions ['ignore', 'ignore_ament_install']
[0.425s] Level 1:colcon.colcon_core.package_identification:_identify(install) by extension 'ignore'
[0.425s] Level 1:colcon.colcon_core.package_identification:_identify(install) ignored
[0.425s] Level 1:colcon.colcon_core.package_identification:_identify(log) by extensions ['ignore', 'ignore_ament_install']
[0.425s] Level 1:colcon.colcon_core.package_identification:_identify(log) by extension 'ignore'
[0.425s] Level 1:colcon.colcon_core.package_identification:_identify(log) ignored
[0.425s] Level 1:colcon.colcon_core.package_identification:_identify(salidafinal) by extensions ['ignore', 'ignore_ament_install']
[0.425s] Level 1:colcon.colcon_core.package_identification:_identify(salidafinal) by extension 'ignore'
[0.426s] Level 1:colcon.colcon_core.package_identification:_identify(salidafinal) by extension 'ignore_ament_install'
[0.426s] Level 1:colcon.colcon_core.package_identification:_identify(salidafinal) by extensions ['colcon_pkg']
[0.426s] Level 1:colcon.colcon_core.package_identification:_identify(salidafinal) by extension 'colcon_pkg'
[0.426s] Level 1:colcon.colcon_core.package_identification:_identify(salidafinal) by extensions ['colcon_meta']
[0.426s] Level 1:colcon.colcon_core.package_identification:_identify(salidafinal) by extension 'colcon_meta'
[0.426s] Level 1:colcon.colcon_core.package_identification:_identify(salidafinal) by extensions ['ros']
[0.426s] Level 1:colcon.colcon_core.package_identification:_identify(salidafinal) by extension 'ros'
[0.426s] Level 1:colcon.colcon_core.package_identification:_identify(salidafinal) by extensions ['cmake', 'python']
[0.426s] Level 1:colcon.colcon_core.package_identification:_identify(salidafinal) by extension 'cmake'
[0.426s] Level 1:colcon.colcon_core.package_identification:_identify(salidafinal) by extension 'python'
[0.426s] Level 1:colcon.colcon_core.package_identification:_identify(salidafinal) by extensions ['python_setup_py']
[0.426s] Level 1:colcon.colcon_core.package_identification:_identify(salidafinal) by extension 'python_setup_py'
[0.426s] Level 1:colcon.colcon_core.package_discovery:discover_packages(recursive) using defaults
[0.426s] Level 1:colcon.colcon_core.package_discovery:discover_packages(ignore) discover
[0.426s] Level 1:colcon.colcon_core.package_discovery:discover_packages(ignore) using defaults
[0.426s] Level 1:colcon.colcon_core.package_discovery:discover_packages(path) discover
[0.427s] Level 1:colcon.colcon_core.package_discovery:discover_packages(path) using defaults
[0.467s] Level 1:colcon.colcon_core.package_discovery:discover_packages(prefix_path) check parameters
[0.468s] Level 1:colcon.colcon_core.package_discovery:discover_packages(prefix_path) discover
[0.469s] WARNING:colcon.colcon_ros.prefix_path.ament:The path '/home/antonio/Robotic-Swarms-main/Robotic-Swarms-main/install/arlo_interfaces' in the environment variable AMENT_PREFIX_PATH doesn't exist
[0.469s] WARNING:colcon.colcon_ros.prefix_path.catkin:The path '/home/antonio/Robotic-Swarms-main/Robotic-Swarms-main/install/arlo_interfaces' in the environment variable CMAKE_PREFIX_PATH doesn't exist
[0.470s] DEBUG:colcon.colcon_installed_package_information.package_discovery:Found 1 installed packages in /home/antonio/Robotic-Swarms-main/Robotic-Swarms-main/install
[0.472s] DEBUG:colcon.colcon_installed_package_information.package_discovery:Found 293 installed packages in /opt/ros/humble
[0.475s] Level 1:colcon.colcon_core.package_discovery:discover_packages(prefix_path) using defaults
[0.538s] Level 5:colcon.colcon_core.verb:set package 'arlo_interfaces' build argument 'cmake_args' from command line to 'None'
[0.538s] Level 5:colcon.colcon_core.verb:set package 'arlo_interfaces' build argument 'cmake_target' from command line to 'None'
[0.538s] Level 5:colcon.colcon_core.verb:set package 'arlo_interfaces' build argument 'cmake_target_skip_unavailable' from command line to 'False'
[0.539s] Level 5:colcon.colcon_core.verb:set package 'arlo_interfaces' build argument 'cmake_clean_cache' from command line to 'False'
[0.539s] Level 5:colcon.colcon_core.verb:set package 'arlo_interfaces' build argument 'cmake_clean_first' from command line to 'False'
[0.539s] Level 5:colcon.colcon_core.verb:set package 'arlo_interfaces' build argument 'cmake_force_configure' from command line to 'False'
[0.539s] Level 5:colcon.colcon_core.verb:set package 'arlo_interfaces' build argument 'ament_cmake_args' from command line to 'None'
[0.539s] Level 5:colcon.colcon_core.verb:set package 'arlo_interfaces' build argument 'catkin_cmake_args' from command line to 'None'
[0.539s] Level 5:colcon.colcon_core.verb:set package 'arlo_interfaces' build argument 'catkin_skip_building_tests' from command line to 'False'
[0.539s] DEBUG:colcon.colcon_core.verb:Building package 'arlo_interfaces' with the following arguments: {'ament_cmake_args': None, 'build_base': '/home/antonio/Robotic-Swarms-main/Robotic-Swarms-main/build/arlo_interfaces', 'catkin_cmake_args': None, 'catkin_skip_building_tests': False, 'cmake_args': None, 'cmake_clean_cache': False, 'cmake_clean_first': False, 'cmake_force_configure': False, 'cmake_target': None, 'cmake_target_skip_unavailable': False, 'install_base': '/home/antonio/Robotic-Swarms-main/Robotic-Swarms-main/install/arlo_interfaces', 'merge_install': False, 'path': '/home/antonio/Robotic-Swarms-main/Robotic-Swarms-main/arlo_interfaces', 'symlink_install': False, 'test_result_base': None}
[0.540s] Level 5:colcon.colcon_core.verb:set package 'cognitive_architecture' build argument 'cmake_args' from command line to 'None'
[0.540s] Level 5:colcon.colcon_core.verb:set package 'cognitive_architecture' build argument 'cmake_target' from command line to 'None'
[0.540s] Level 5:colcon.colcon_core.verb:set package 'cognitive_architecture' build argument 'cmake_target_skip_unavailable' from command line to 'False'
[0.540s] Level 5:colcon.colcon_core.verb:set package 'cognitive_architecture' build argument 'cmake_clean_cache' from command line to 'False'
[0.540s] Level 5:colcon.colcon_core.verb:set package 'cognitive_architecture' build argument 'cmake_clean_first' from command line to 'False'
[0.540s] Level 5:colcon.colcon_core.verb:set package 'cognitive_architecture' build argument 'cmake_force_configure' from command line to 'False'
[0.540s] Level 5:colcon.colcon_core.verb:set package 'cognitive_architecture' build argument 'ament_cmake_args' from command line to 'None'
[0.540s] Level 5:colcon.colcon_core.verb:set package 'cognitive_architecture' build argument 'catkin_cmake_args' from command line to 'None'
[0.540s] Level 5:colcon.colcon_core.verb:set package 'cognitive_architecture' build argument 'catkin_skip_building_tests' from command line to 'False'
[0.540s] DEBUG:colcon.colcon_core.verb:Building package 'cognitive_architecture' with the following arguments: {'ament_cmake_args': None, 'build_base': '/home/antonio/Robotic-Swarms-main/Robotic-Swarms-main/build/cognitive_architecture', 'catkin_cmake_args': None, 'catkin_skip_building_tests': False, 'cmake_args': None, 'cmake_clean_cache': False, 'cmake_clean_first': False, 'cmake_force_configure': False, 'cmake_target': None, 'cmake_target_skip_unavailable': False, 'install_base': '/home/antonio/Robotic-Swarms-main/Robotic-Swarms-main/install/cognitive_architecture', 'merge_install': False, 'path': '/home/antonio/Robotic-Swarms-main/Robotic-Swarms-main/cognitive_architecture', 'symlink_install': False, 'test_result_base': None}
[0.541s] INFO:colcon.colcon_core.executor:Executing jobs using 'parallel' executor
[0.543s] DEBUG:colcon.colcon_parallel_executor.executor.parallel:run_until_complete
[0.543s] INFO:colcon.colcon_ros.task.ament_cmake.build:Building ROS package in '/home/antonio/Robotic-Swarms-main/Robotic-Swarms-main/arlo_interfaces' with build type 'ament_cmake'
[0.543s] INFO:colcon.colcon_cmake.task.cmake.build:Building CMake package in '/home/antonio/Robotic-Swarms-main/Robotic-Swarms-main/arlo_interfaces'
[0.546s] INFO:colcon.colcon_core.plugin_system:Skipping extension 'colcon_core.shell.bat': Not used on non-Windows systems
[0.546s] INFO:colcon.colcon_core.shell:Skip shell extension 'powershell' for command environment: Not usable outside of PowerShell
[0.546s] DEBUG:colcon.colcon_core.shell:Skip shell extension 'dsv' for command environment
[0.556s] DEBUG:colcon.colcon_core.event_handler.log_command:Invoking command in '/home/antonio/Robotic-Swarms-main/Robotic-Swarms-main/build/arlo_interfaces': CMAKE_PREFIX_PATH=${CMAKE_PREFIX_PATH}:/opt/ros/humble /usr/bin/cmake /home/antonio/Robotic-Swarms-main/Robotic-Swarms-main/arlo_interfaces -DCMAKE_INSTALL_PREFIX=/home/antonio/Robotic-Swarms-main/Robotic-Swarms-main/install/arlo_interfaces
[3.705s] DEBUG:colcon.colcon_core.event_handler.log_command:Invoked command in '/home/antonio/Robotic-Swarms-main/Robotic-Swarms-main/build/arlo_interfaces' returned '0': CMAKE_PREFIX_PATH=${CMAKE_PREFIX_PATH}:/opt/ros/humble /usr/bin/cmake /home/antonio/Robotic-Swarms-main/Robotic-Swarms-main/arlo_interfaces -DCMAKE_INSTALL_PREFIX=/home/antonio/Robotic-Swarms-main/Robotic-Swarms-main/install/arlo_interfaces
[3.708s] DEBUG:colcon.colcon_core.event_handler.log_command:Invoking command in '/home/antonio/Robotic-Swarms-main/Robotic-Swarms-main/build/arlo_interfaces': CMAKE_PREFIX_PATH=${CMAKE_PREFIX_PATH}:/opt/ros/humble /usr/bin/cmake --build /home/antonio/Robotic-Swarms-main/Robotic-Swarms-main/build/arlo_interfaces -- -j4 -l4
[19.591s] DEBUG:colcon.colcon_core.event_handler.log_command:Invoked command in '/home/antonio/Robotic-Swarms-main/Robotic-Swarms-main/build/arlo_interfaces' returned '0': CMAKE_PREFIX_PATH=${CMAKE_PREFIX_PATH}:/opt/ros/humble /usr/bin/cmake --build /home/antonio/Robotic-Swarms-main/Robotic-Swarms-main/build/arlo_interfaces -- -j4 -l4
[19.606s] DEBUG:colcon.colcon_core.event_handler.log_command:Invoking command in '/home/antonio/Robotic-Swarms-main/Robotic-Swarms-main/build/arlo_interfaces': CMAKE_PREFIX_PATH=${CMAKE_PREFIX_PATH}:/opt/ros/humble /usr/bin/cmake --install /home/antonio/Robotic-Swarms-main/Robotic-Swarms-main/build/arlo_interfaces
[19.743s] Level 1:colcon.colcon_core.environment:create_environment_scripts_only(arlo_interfaces)
[19.744s] DEBUG:colcon.colcon_core.event_handler.log_command:Invoked command in '/home/antonio/Robotic-Swarms-main/Robotic-Swarms-main/build/arlo_interfaces' returned '0': CMAKE_PREFIX_PATH=${CMAKE_PREFIX_PATH}:/opt/ros/humble /usr/bin/cmake --install /home/antonio/Robotic-Swarms-main/Robotic-Swarms-main/build/arlo_interfaces
[19.747s] Level 1:colcon.colcon_core.environment:checking '/home/antonio/Robotic-Swarms-main/Robotic-Swarms-main/install/arlo_interfaces' for CMake module files
[19.748s] Level 1:colcon.colcon_core.environment:checking '/home/antonio/Robotic-Swarms-main/Robotic-Swarms-main/install/arlo_interfaces' for CMake config files
[19.748s] Level 1:colcon.colcon_core.shell:create_environment_hook('arlo_interfaces', 'cmake_prefix_path')
[19.749s] INFO:colcon.colcon_core.shell:Creating environment hook '/home/antonio/Robotic-Swarms-main/Robotic-Swarms-main/install/arlo_interfaces/share/arlo_interfaces/hook/cmake_prefix_path.ps1'
[19.750s] INFO:colcon.colcon_core.shell:Creating environment descriptor '/home/antonio/Robotic-Swarms-main/Robotic-Swarms-main/install/arlo_interfaces/share/arlo_interfaces/hook/cmake_prefix_path.dsv'
[19.750s] INFO:colcon.colcon_core.shell:Creating environment hook '/home/antonio/Robotic-Swarms-main/Robotic-Swarms-main/install/arlo_interfaces/share/arlo_interfaces/hook/cmake_prefix_path.sh'
[19.751s] Level 1:colcon.colcon_core.environment:checking '/home/antonio/Robotic-Swarms-main/Robotic-Swarms-main/install/arlo_interfaces/lib'
[19.751s] Level 1:colcon.colcon_core.shell:create_environment_hook('arlo_interfaces', 'ld_library_path_lib')
[19.752s] INFO:colcon.colcon_core.shell:Creating environment hook '/home/antonio/Robotic-Swarms-main/Robotic-Swarms-main/install/arlo_interfaces/share/arlo_interfaces/hook/ld_library_path_lib.ps1'
[19.753s] INFO:colcon.colcon_core.shell:Creating environment descriptor '/home/antonio/Robotic-Swarms-main/Robotic-Swarms-main/install/arlo_interfaces/share/arlo_interfaces/hook/ld_library_path_lib.dsv'
[19.753s] INFO:colcon.colcon_core.shell:Creating environment hook '/home/antonio/Robotic-Swarms-main/Robotic-Swarms-main/install/arlo_interfaces/share/arlo_interfaces/hook/ld_library_path_lib.sh'
[19.753s] Level 1:colcon.colcon_core.environment:checking '/home/antonio/Robotic-Swarms-main/Robotic-Swarms-main/install/arlo_interfaces/bin'
[19.754s] Level 1:colcon.colcon_core.environment:checking '/home/antonio/Robotic-Swarms-main/Robotic-Swarms-main/install/arlo_interfaces/lib/pkgconfig/arlo_interfaces.pc'
[19.754s] Level 1:colcon.colcon_core.environment:checking '/home/antonio/Robotic-Swarms-main/Robotic-Swarms-main/install/arlo_interfaces/lib/python3.10/site-packages'
[19.754s] Level 1:colcon.colcon_core.environment:checking '/home/antonio/Robotic-Swarms-main/Robotic-Swarms-main/install/arlo_interfaces/bin'
[19.755s] INFO:colcon.colcon_core.shell:Creating package script '/home/antonio/Robotic-Swarms-main/Robotic-Swarms-main/install/arlo_interfaces/share/arlo_interfaces/package.ps1'
[19.756s] INFO:colcon.colcon_core.shell:Creating package descriptor '/home/antonio/Robotic-Swarms-main/Robotic-Swarms-main/install/arlo_interfaces/share/arlo_interfaces/package.dsv'
[19.757s] INFO:colcon.colcon_core.shell:Creating package script '/home/antonio/Robotic-Swarms-main/Robotic-Swarms-main/install/arlo_interfaces/share/arlo_interfaces/package.sh'
[19.758s] INFO:colcon.colcon_core.shell:Creating package script '/home/antonio/Robotic-Swarms-main/Robotic-Swarms-main/install/arlo_interfaces/share/arlo_interfaces/package.bash'
[19.759s] INFO:colcon.colcon_core.shell:Creating package script '/home/antonio/Robotic-Swarms-main/Robotic-Swarms-main/install/arlo_interfaces/share/arlo_interfaces/package.zsh'
[19.759s] Level 1:colcon.colcon_core.environment:create_file_with_runtime_dependencies(/home/antonio/Robotic-Swarms-main/Robotic-Swarms-main/install/arlo_interfaces/share/colcon-core/packages/arlo_interfaces)
[19.760s] Level 1:colcon.colcon_core.environment:create_environment_scripts_only(arlo_interfaces)
[19.761s] Level 1:colcon.colcon_core.environment:checking '/home/antonio/Robotic-Swarms-main/Robotic-Swarms-main/install/arlo_interfaces' for CMake module files
[19.762s] Level 1:colcon.colcon_core.environment:checking '/home/antonio/Robotic-Swarms-main/Robotic-Swarms-main/install/arlo_interfaces' for CMake config files
[19.762s] Level 1:colcon.colcon_core.shell:create_environment_hook('arlo_interfaces', 'cmake_prefix_path')
[19.763s] INFO:colcon.colcon_core.shell:Creating environment hook '/home/antonio/Robotic-Swarms-main/Robotic-Swarms-main/install/arlo_interfaces/share/arlo_interfaces/hook/cmake_prefix_path.ps1'
[19.764s] INFO:colcon.colcon_core.shell:Creating environment descriptor '/home/antonio/Robotic-Swarms-main/Robotic-Swarms-main/install/arlo_interfaces/share/arlo_interfaces/hook/cmake_prefix_path.dsv'
[19.764s] INFO:colcon.colcon_core.shell:Creating environment hook '/home/antonio/Robotic-Swarms-main/Robotic-Swarms-main/install/arlo_interfaces/share/arlo_interfaces/hook/cmake_prefix_path.sh'
[19.765s] Level 1:colcon.colcon_core.environment:checking '/home/antonio/Robotic-Swarms-main/Robotic-Swarms-main/install/arlo_interfaces/lib'
[19.765s] Level 1:colcon.colcon_core.shell:create_environment_hook('arlo_interfaces', 'ld_library_path_lib')
[19.765s] INFO:colcon.colcon_core.shell:Creating environment hook '/home/antonio/Robotic-Swarms-main/Robotic-Swarms-main/install/arlo_interfaces/share/arlo_interfaces/hook/ld_library_path_lib.ps1'
[19.766s] INFO:colcon.colcon_core.shell:Creating environment descriptor '/home/antonio/Robotic-Swarms-main/Robotic-Swarms-main/install/arlo_interfaces/share/arlo_interfaces/hook/ld_library_path_lib.dsv'
[19.767s] INFO:colcon.colcon_core.shell:Creating environment hook '/home/antonio/Robotic-Swarms-main/Robotic-Swarms-main/install/arlo_interfaces/share/arlo_interfaces/hook/ld_library_path_lib.sh'
[19.767s] Level 1:colcon.colcon_core.environment:checking '/home/antonio/Robotic-Swarms-main/Robotic-Swarms-main/install/arlo_interfaces/bin'
[19.767s] Level 1:colcon.colcon_core.environment:checking '/home/antonio/Robotic-Swarms-main/Robotic-Swarms-main/install/arlo_interfaces/lib/pkgconfig/arlo_interfaces.pc'
[19.768s] Level 1:colcon.colcon_core.environment:checking '/home/antonio/Robotic-Swarms-main/Robotic-Swarms-main/install/arlo_interfaces/lib/python3.10/site-packages'
[19.768s] Level 1:colcon.colcon_core.environment:checking '/home/antonio/Robotic-Swarms-main/Robotic-Swarms-main/install/arlo_interfaces/bin'
[19.769s] INFO:colcon.colcon_core.shell:Creating package script '/home/antonio/Robotic-Swarms-main/Robotic-Swarms-main/install/arlo_interfaces/share/arlo_interfaces/package.ps1'
[19.770s] INFO:colcon.colcon_core.shell:Creating package descriptor '/home/antonio/Robotic-Swarms-main/Robotic-Swarms-main/install/arlo_interfaces/share/arlo_interfaces/package.dsv'
[19.771s] INFO:colcon.colcon_core.shell:Creating package script '/home/antonio/Robotic-Swarms-main/Robotic-Swarms-main/install/arlo_interfaces/share/arlo_interfaces/package.sh'
[19.771s] INFO:colcon.colcon_core.shell:Creating package script '/home/antonio/Robotic-Swarms-main/Robotic-Swarms-main/install/arlo_interfaces/share/arlo_interfaces/package.bash'
[19.772s] INFO:colcon.colcon_core.shell:Creating package script '/home/antonio/Robotic-Swarms-main/Robotic-Swarms-main/install/arlo_interfaces/share/arlo_interfaces/package.zsh'
[19.772s] Level 1:colcon.colcon_core.environment:create_file_with_runtime_dependencies(/home/antonio/Robotic-Swarms-main/Robotic-Swarms-main/install/arlo_interfaces/share/colcon-core/packages/arlo_interfaces)
[19.773s] INFO:colcon.colcon_ros.task.ament_cmake.build:Building ROS package in '/home/antonio/Robotic-Swarms-main/Robotic-Swarms-main/cognitive_architecture' with build type 'ament_cmake'
[19.773s] INFO:colcon.colcon_cmake.task.cmake.build:Building CMake package in '/home/antonio/Robotic-Swarms-main/Robotic-Swarms-main/cognitive_architecture'
[19.774s] INFO:colcon.colcon_core.shell:Skip shell extension 'powershell' for command environment: Not usable outside of PowerShell
[19.774s] DEBUG:colcon.colcon_core.shell:Skip shell extension 'dsv' for command environment
[19.786s] DEBUG:colcon.colcon_core.event_handler.log_command:Invoking command in '/home/antonio/Robotic-Swarms-main/Robotic-Swarms-main/build/cognitive_architecture': CMAKE_PREFIX_PATH=/home/antonio/Robotic-Swarms-main/Robotic-Swarms-main/install/arlo_interfaces:/home/antonio/Robotic-Swarms-main/Robotic-Swarms-main/install/cognitive_architecture:/opt/ros/humble LD_LIBRARY_PATH=/home/antonio/Robotic-Swarms-main/Robotic-Swarms-main/install/arlo_interfaces/lib:/usr/lib/x86_64-linux-gnu/gazebo-11/plugins:/opt/ros/humble/opt/rviz_ogre_vendor/lib:/opt/ros/humble/lib/x86_64-linux-gnu:/opt/ros/humble/lib /usr/bin/cmake /home/antonio/Robotic-Swarms-main/Robotic-Swarms-main/cognitive_architecture -DCMAKE_INSTALL_PREFIX=/home/antonio/Robotic-Swarms-main/Robotic-Swarms-main/install/cognitive_architecture
[21.756s] DEBUG:colcon.colcon_core.event_handler.log_command:Invoked command in '/home/antonio/Robotic-Swarms-main/Robotic-Swarms-main/build/cognitive_architecture' returned '0': CMAKE_PREFIX_PATH=/home/antonio/Robotic-Swarms-main/Robotic-Swarms-main/install/arlo_interfaces:/home/antonio/Robotic-Swarms-main/Robotic-Swarms-main/install/cognitive_architecture:/opt/ros/humble LD_LIBRARY_PATH=/home/antonio/Robotic-Swarms-main/Robotic-Swarms-main/install/arlo_interfaces/lib:/usr/lib/x86_64-linux-gnu/gazebo-11/plugins:/opt/ros/humble/opt/rviz_ogre_vendor/lib:/opt/ros/humble/lib/x86_64-linux-gnu:/opt/ros/humble/lib /usr/bin/cmake /home/antonio/Robotic-Swarms-main/Robotic-Swarms-main/cognitive_architecture -DCMAKE_INSTALL_PREFIX=/home/antonio/Robotic-Swarms-main/Robotic-Swarms-main/install/cognitive_architecture
[21.759s] DEBUG:colcon.colcon_core.event_handler.log_command:Invoking command in '/home/antonio/Robotic-Swarms-main/Robotic-Swarms-main/build/cognitive_architecture': CMAKE_PREFIX_PATH=/home/antonio/Robotic-Swarms-main/Robotic-Swarms-main/install/arlo_interfaces:/home/antonio/Robotic-Swarms-main/Robotic-Swarms-main/install/cognitive_architecture:/opt/ros/humble LD_LIBRARY_PATH=/home/antonio/Robotic-Swarms-main/Robotic-Swarms-main/install/arlo_interfaces/lib:/usr/lib/x86_64-linux-gnu/gazebo-11/plugins:/opt/ros/humble/opt/rviz_ogre_vendor/lib:/opt/ros/humble/lib/x86_64-linux-gnu:/opt/ros/humble/lib /usr/bin/cmake --build /home/antonio/Robotic-Swarms-main/Robotic-Swarms-main/build/cognitive_architecture -- -j4 -l4
[62.578s] DEBUG:colcon.colcon_core.event_handler.log_command:Invoked command in '/home/antonio/Robotic-Swarms-main/Robotic-Swarms-main/build/cognitive_architecture' returned '0': CMAKE_PREFIX_PATH=/home/antonio/Robotic-Swarms-main/Robotic-Swarms-main/install/arlo_interfaces:/home/antonio/Robotic-Swarms-main/Robotic-Swarms-main/install/cognitive_architecture:/opt/ros/humble LD_LIBRARY_PATH=/home/antonio/Robotic-Swarms-main/Robotic-Swarms-main/install/arlo_interfaces/lib:/usr/lib/x86_64-linux-gnu/gazebo-11/plugins:/opt/ros/humble/opt/rviz_ogre_vendor/lib:/opt/ros/humble/lib/x86_64-linux-gnu:/opt/ros/humble/lib /usr/bin/cmake --build /home/antonio/Robotic-Swarms-main/Robotic-Swarms-main/build/cognitive_architecture -- -j4 -l4
[62.581s] DEBUG:colcon.colcon_core.event_handler.log_command:Invoking command in '/home/antonio/Robotic-Swarms-main/Robotic-Swarms-main/build/cognitive_architecture': CMAKE_PREFIX_PATH=/home/antonio/Robotic-Swarms-main/Robotic-Swarms-main/install/arlo_interfaces:/home/antonio/Robotic-Swarms-main/Robotic-Swarms-main/install/cognitive_architecture:/opt/ros/humble LD_LIBRARY_PATH=/home/antonio/Robotic-Swarms-main/Robotic-Swarms-main/install/arlo_interfaces/lib:/usr/lib/x86_64-linux-gnu/gazebo-11/plugins:/opt/ros/humble/opt/rviz_ogre_vendor/lib:/opt/ros/humble/lib/x86_64-linux-gnu:/opt/ros/humble/lib /usr/bin/cmake --install /home/antonio/Robotic-Swarms-main/Robotic-Swarms-main/build/cognitive_architecture
[62.781s] Level 1:colcon.colcon_core.environment:create_environment_scripts_only(cognitive_architecture)
[62.782s] Level 1:colcon.colcon_core.environment:checking '/home/antonio/Robotic-Swarms-main/Robotic-Swarms-main/install/cognitive_architecture' for CMake module files
[62.786s] Level 1:colcon.colcon_core.environment:checking '/home/antonio/Robotic-Swarms-main/Robotic-Swarms-main/install/cognitive_architecture' for CMake config files
[62.786s] DEBUG:colcon.colcon_core.event_handler.log_command:Invoked command in '/home/antonio/Robotic-Swarms-main/Robotic-Swarms-main/build/cognitive_architecture' returned '0': CMAKE_PREFIX_PATH=/home/antonio/Robotic-Swarms-main/Robotic-Swarms-main/install/arlo_interfaces:/home/antonio/Robotic-Swarms-main/Robotic-Swarms-main/install/cognitive_architecture:/opt/ros/humble LD_LIBRARY_PATH=/home/antonio/Robotic-Swarms-main/Robotic-Swarms-main/install/arlo_interfaces/lib:/usr/lib/x86_64-linux-gnu/gazebo-11/plugins:/opt/ros/humble/opt/rviz_ogre_vendor/lib:/opt/ros/humble/lib/x86_64-linux-gnu:/opt/ros/humble/lib /usr/bin/cmake --install /home/antonio/Robotic-Swarms-main/Robotic-Swarms-main/build/cognitive_architecture
[62.787s] Level 1:colcon.colcon_core.shell:create_environment_hook('cognitive_architecture', 'cmake_prefix_path')
[62.787s] INFO:colcon.colcon_core.shell:Creating environment hook '/home/antonio/Robotic-Swarms-main/Robotic-Swarms-main/install/cognitive_architecture/share/cognitive_architecture/hook/cmake_prefix_path.ps1'
[62.788s] INFO:colcon.colcon_core.shell:Creating environment descriptor '/home/antonio/Robotic-Swarms-main/Robotic-Swarms-main/install/cognitive_architecture/share/cognitive_architecture/hook/cmake_prefix_path.dsv'
[62.789s] INFO:colcon.colcon_core.shell:Creating environment hook '/home/antonio/Robotic-Swarms-main/Robotic-Swarms-main/install/cognitive_architecture/share/cognitive_architecture/hook/cmake_prefix_path.sh'
[62.789s] Level 1:colcon.colcon_core.environment:checking '/home/antonio/Robotic-Swarms-main/Robotic-Swarms-main/install/cognitive_architecture/lib'
[62.789s] Level 1:colcon.colcon_core.environment:checking '/home/antonio/Robotic-Swarms-main/Robotic-Swarms-main/install/cognitive_architecture/bin'
[62.789s] Level 1:colcon.colcon_core.environment:checking '/home/antonio/Robotic-Swarms-main/Robotic-Swarms-main/install/cognitive_architecture/lib/pkgconfig/cognitive_architecture.pc'
[62.790s] Level 1:colcon.colcon_core.environment:checking '/home/antonio/Robotic-Swarms-main/Robotic-Swarms-main/install/cognitive_architecture/lib/python3.10/site-packages'
[62.790s] Level 1:colcon.colcon_core.environment:checking '/home/antonio/Robotic-Swarms-main/Robotic-Swarms-main/install/cognitive_architecture/bin'
[62.791s] INFO:colcon.colcon_core.shell:Creating package script '/home/antonio/Robotic-Swarms-main/Robotic-Swarms-main/install/cognitive_architecture/share/cognitive_architecture/package.ps1'
[62.791s] INFO:colcon.colcon_core.shell:Creating package descriptor '/home/antonio/Robotic-Swarms-main/Robotic-Swarms-main/install/cognitive_architecture/share/cognitive_architecture/package.dsv'
[62.792s] INFO:colcon.colcon_core.shell:Creating package script '/home/antonio/Robotic-Swarms-main/Robotic-Swarms-main/install/cognitive_architecture/share/cognitive_architecture/package.sh'
[62.793s] INFO:colcon.colcon_core.shell:Creating package script '/home/antonio/Robotic-Swarms-main/Robotic-Swarms-main/install/cognitive_architecture/share/cognitive_architecture/package.bash'
[62.793s] INFO:colcon.colcon_core.shell:Creating package script '/home/antonio/Robotic-Swarms-main/Robotic-Swarms-main/install/cognitive_architecture/share/cognitive_architecture/package.zsh'
[62.794s] Level 1:colcon.colcon_core.environment:create_file_with_runtime_dependencies(/home/antonio/Robotic-Swarms-main/Robotic-Swarms-main/install/cognitive_architecture/share/colcon-core/packages/cognitive_architecture)
[62.794s] Level 1:colcon.colcon_core.environment:create_environment_scripts_only(cognitive_architecture)
[62.795s] Level 1:colcon.colcon_core.environment:checking '/home/antonio/Robotic-Swarms-main/Robotic-Swarms-main/install/cognitive_architecture' for CMake module files
[62.795s] Level 1:colcon.colcon_core.environment:checking '/home/antonio/Robotic-Swarms-main/Robotic-Swarms-main/install/cognitive_architecture' for CMake config files
[62.797s] Level 1:colcon.colcon_core.shell:create_environment_hook('cognitive_architecture', 'cmake_prefix_path')
[62.797s] INFO:colcon.colcon_core.shell:Creating environment hook '/home/antonio/Robotic-Swarms-main/Robotic-Swarms-main/install/cognitive_architecture/share/cognitive_architecture/hook/cmake_prefix_path.ps1'
[62.797s] INFO:colcon.colcon_core.shell:Creating environment descriptor '/home/antonio/Robotic-Swarms-main/Robotic-Swarms-main/install/cognitive_architecture/share/cognitive_architecture/hook/cmake_prefix_path.dsv'
[62.798s] INFO:colcon.colcon_core.shell:Creating environment hook '/home/antonio/Robotic-Swarms-main/Robotic-Swarms-main/install/cognitive_architecture/share/cognitive_architecture/hook/cmake_prefix_path.sh'
[62.798s] Level 1:colcon.colcon_core.environment:checking '/home/antonio/Robotic-Swarms-main/Robotic-Swarms-main/install/cognitive_architecture/lib'
[62.799s] Level 1:colcon.colcon_core.environment:checking '/home/antonio/Robotic-Swarms-main/Robotic-Swarms-main/install/cognitive_architecture/bin'
[62.799s] Level 1:colcon.colcon_core.environment:checking '/home/antonio/Robotic-Swarms-main/Robotic-Swarms-main/install/cognitive_architecture/lib/pkgconfig/cognitive_architecture.pc'
[62.799s] Level 1:colcon.colcon_core.environment:checking '/home/antonio/Robotic-Swarms-main/Robotic-Swarms-main/install/cognitive_architecture/lib/python3.10/site-packages'
[62.799s] Level 1:colcon.colcon_core.environment:checking '/home/antonio/Robotic-Swarms-main/Robotic-Swarms-main/install/cognitive_architecture/bin'
[62.800s] INFO:colcon.colcon_core.shell:Creating package script '/home/antonio/Robotic-Swarms-main/Robotic-Swarms-main/install/cognitive_architecture/share/cognitive_architecture/package.ps1'
[62.801s] INFO:colcon.colcon_core.shell:Creating package descriptor '/home/antonio/Robotic-Swarms-main/Robotic-Swarms-main/install/cognitive_architecture/share/cognitive_architecture/package.dsv'
[62.801s] INFO:colcon.colcon_core.shell:Creating package script '/home/antonio/Robotic-Swarms-main/Robotic-Swarms-main/install/cognitive_architecture/share/cognitive_architecture/package.sh'
[62.802s] INFO:colcon.colcon_core.shell:Creating package script '/home/antonio/Robotic-Swarms-main/Robotic-Swarms-main/install/cognitive_architecture/share/cognitive_architecture/package.bash'
[62.802s] INFO:colcon.colcon_core.shell:Creating package script '/home/antonio/Robotic-Swarms-main/Robotic-Swarms-main/install/cognitive_architecture/share/cognitive_architecture/package.zsh'
[62.803s] Level 1:colcon.colcon_core.environment:create_file_with_runtime_dependencies(/home/antonio/Robotic-Swarms-main/Robotic-Swarms-main/install/cognitive_architecture/share/colcon-core/packages/cognitive_architecture)
[62.803s] DEBUG:colcon.colcon_parallel_executor.executor.parallel:closing loop
[62.804s] DEBUG:colcon.colcon_parallel_executor.executor.parallel:loop closed
[62.804s] DEBUG:colcon.colcon_parallel_executor.executor.parallel:run_until_complete finished with '0'
[62.804s] DEBUG:colcon.colcon_core.event_reactor:joining thread
[62.828s] INFO:colcon.colcon_core.plugin_system:Skipping extension 'colcon_notification.desktop_notification.terminal_notifier': Not used on non-Darwin systems
[62.828s] INFO:colcon.colcon_core.plugin_system:Skipping extension 'colcon_notification.desktop_notification.win32': Not used on non-Windows systems
[62.828s] INFO:colcon.colcon_notification.desktop_notification:Sending desktop notification using 'notify2'
[62.849s] DEBUG:colcon.colcon_core.event_reactor:joined thread
[62.850s] INFO:colcon.colcon_core.shell:Creating prefix script '/home/antonio/Robotic-Swarms-main/Robotic-Swarms-main/install/local_setup.ps1'
[62.853s] INFO:colcon.colcon_core.shell:Creating prefix util module '/home/antonio/Robotic-Swarms-main/Robotic-Swarms-main/install/_local_setup_util_ps1.py'
[62.856s] INFO:colcon.colcon_core.shell:Creating prefix chain script '/home/antonio/Robotic-Swarms-main/Robotic-Swarms-main/install/setup.ps1'
[62.858s] INFO:colcon.colcon_core.shell:Creating prefix script '/home/antonio/Robotic-Swarms-main/Robotic-Swarms-main/install/local_setup.sh'
[62.859s] INFO:colcon.colcon_core.shell:Creating prefix util module '/home/antonio/Robotic-Swarms-main/Robotic-Swarms-main/install/_local_setup_util_sh.py'
[62.860s] INFO:colcon.colcon_core.shell:Creating prefix chain script '/home/antonio/Robotic-Swarms-main/Robotic-Swarms-main/install/setup.sh'
[62.862s] INFO:colcon.colcon_core.shell:Creating prefix script '/home/antonio/Robotic-Swarms-main/Robotic-Swarms-main/install/local_setup.bash'
[62.863s] INFO:colcon.colcon_core.shell:Creating prefix chain script '/home/antonio/Robotic-Swarms-main/Robotic-Swarms-main/install/setup.bash'
[62.864s] INFO:colcon.colcon_core.shell:Creating prefix script '/home/antonio/Robotic-Swarms-main/Robotic-Swarms-main/install/local_setup.zsh'
[62.865s] INFO:colcon.colcon_core.shell:Creating prefix chain script '/home/antonio/Robotic-Swarms-main/Robotic-Swarms-main/install/setup.zsh'
