[0.027s] Invoking command in '/home/antonio/Robotic-Swarms-main/Robotic-Swarms-main/build/arlo_interfaces': CMAKE_PREFIX_PATH=${CMAKE_PREFIX_PATH}:/opt/ros/humble /usr/bin/cmake /home/antonio/Robotic-Swarms-main/Robotic-Swarms-main/arlo_interfaces -DCMAKE_INSTALL_PREFIX=/home/antonio/Robotic-Swarms-main/Robotic-Swarms-main/install/arlo_interfaces
[1.542s] -- The C compiler identification is GNU 11.4.0
[2.196s] -- The CXX compiler identification is GNU 11.4.0
[2.309s] -- Detecting C compiler ABI info
[2.582s] -- Detecting C compiler ABI info - done
[2.595s] -- Check for working C compiler: /usr/bin/cc - skipped
[2.597s] -- Detecting C compile features
[2.621s] -- Detecting C compile features - done
[2.642s] -- Detecting CXX compiler ABI info
[2.812s] -- Detecting CXX compiler ABI info - done
[2.827s] -- Check for working CXX compiler: /usr/bin/c++ - skipped
[2.827s] -- Detecting CXX compile features
[2.828s] -- Detecting CXX compile features - done
[2.955s] -- Found ament_cmake: 1.3.12 (/opt/ros/humble/share/ament_cmake/cmake)
[3.351s] -- Found Python3: /usr/bin/python3 (found version "3.10.12") found components: Interpreter 
[3.776s] -- Found sensor_msgs: 4.9.0 (/opt/ros/humble/share/sensor_msgs/cmake)
[4.200s] -- Found rosidl_generator_c: 3.1.7 (/opt/ros/humble/share/rosidl_generator_c/cmake)
[4.247s] -- Found rosidl_adapter: 3.1.7 (/opt/ros/humble/share/rosidl_adapter/cmake)
[4.303s] -- Found rosidl_generator_cpp: 3.1.7 (/opt/ros/humble/share/rosidl_generator_cpp/cmake)
[4.416s] -- Using all available rosidl_typesupport_c: rosidl_typesupport_fastrtps_c;rosidl_typesupport_introspection_c
[4.584s] -- Using all available rosidl_typesupport_cpp: rosidl_typesupport_fastrtps_cpp;rosidl_typesupport_introspection_cpp
[4.939s] -- Found nav_msgs: 4.9.0 (/opt/ros/humble/share/nav_msgs/cmake)
[5.023s] -- Found rosidl_default_generators: 1.2.0 (/opt/ros/humble/share/rosidl_default_generators/cmake)
[5.968s] -- Found ament_cmake_ros: 0.10.0 (/opt/ros/humble/share/ament_cmake_ros/cmake)
[7.009s] -- Using all available rosidl_typesupport_c: rosidl_typesupport_fastrtps_c;rosidl_typesupport_introspection_c
[7.378s] -- Using all available rosidl_typesupport_cpp: rosidl_typesupport_fastrtps_cpp;rosidl_typesupport_introspection_cpp
[7.439s] -- Found PythonInterp: /usr/bin/python3 (found suitable version "3.10.12", minimum required is "3.6") 
[7.462s] -- Found python_cmake_module: 0.10.0 (/opt/ros/humble/share/python_cmake_module/cmake)
[7.608s] -- Found PythonLibs: /usr/lib/x86_64-linux-gnu/libpython3.10.so (found suitable version "3.10.12", minimum required is "3.5") 
[7.609s] -- Using PYTHON_EXECUTABLE: /usr/bin/python3
[7.610s] -- Using PYTHON_INCLUDE_DIRS: /usr/include/python3.10
[7.610s] -- Using PYTHON_LIBRARIES: /usr/lib/x86_64-linux-gnu/libpython3.10.so
[7.644s] -- Found PythonExtra: .so  
[7.952s] -- Configuring done
[8.071s] -- Generating done
[8.100s] -- Build files have been written to: /home/antonio/Robotic-Swarms-main/Robotic-Swarms-main/build/arlo_interfaces
[8.112s] Invoked command in '/home/antonio/Robotic-Swarms-main/Robotic-Swarms-main/build/arlo_interfaces' returned '0': CMAKE_PREFIX_PATH=${CMAKE_PREFIX_PATH}:/opt/ros/humble /usr/bin/cmake /home/antonio/Robotic-Swarms-main/Robotic-Swarms-main/arlo_interfaces -DCMAKE_INSTALL_PREFIX=/home/antonio/Robotic-Swarms-main/Robotic-Swarms-main/install/arlo_interfaces
[8.116s] Invoking command in '/home/antonio/Robotic-Swarms-main/Robotic-Swarms-main/build/arlo_interfaces': CMAKE_PREFIX_PATH=${CMAKE_PREFIX_PATH}:/opt/ros/humble /usr/bin/cmake --build /home/antonio/Robotic-Swarms-main/Robotic-Swarms-main/build/arlo_interfaces -- -j4 -l4
[8.175s] [  1%] [34m[1mGenerating C code for ROS interfaces[0m
[8.191s] [  2%] [34m[1mGenerating C++ code for ROS interfaces[0m
[8.217s] [  2%] Built target ament_cmake_python_copy_arlo_interfaces
[8.846s] running egg_info
[8.847s] creating arlo_interfaces.egg-info
[8.848s] writing arlo_interfaces.egg-info/PKG-INFO
[8.848s] writing dependency_links to arlo_interfaces.egg-info/dependency_links.txt
[8.848s] writing top-level names to arlo_interfaces.egg-info/top_level.txt
[8.850s] writing manifest file 'arlo_interfaces.egg-info/SOURCES.txt'
[8.873s] reading manifest file 'arlo_interfaces.egg-info/SOURCES.txt'
[8.873s] writing manifest file 'arlo_interfaces.egg-info/SOURCES.txt'
[8.930s] [  2%] Built target ament_cmake_python_build_arlo_interfaces_egg
[9.742s] [  2%] Built target arlo_interfaces__cpp
[9.762s] [  3%] [34m[1mGenerating C++ type support dispatch for ROS interfaces[0m
[9.765s] [  5%] [34m[1mGenerating C++ type support for eProsima Fast-RTPS[0m
[9.773s] [  6%] [34m[1mGenerating C++ introspection for ROS interfaces[0m
[9.793s] [  7%] [32mBuilding C object CMakeFiles/arlo_interfaces__rosidl_generator_c.dir/rosidl_generator_c/arlo_interfaces/msg/detail/pesos_struct__functions.c.o[0m
[10.453s] [  8%] [32mBuilding C object CMakeFiles/arlo_interfaces__rosidl_generator_c.dir/rosidl_generator_c/arlo_interfaces/msg/detail/estado_arlo__functions.c.o[0m
[10.703s] [ 10%] [32mBuilding CXX object CMakeFiles/arlo_interfaces__rosidl_typesupport_cpp.dir/rosidl_typesupport_cpp/arlo_interfaces/msg/pesos_struct__type_support.cpp.o[0m
[10.752s] [ 11%] [32mBuilding C object CMakeFiles/arlo_interfaces__rosidl_generator_c.dir/rosidl_generator_c/arlo_interfaces/msg/detail/mates_odom__functions.c.o[0m
[10.865s] [ 12%] [32mBuilding C object CMakeFiles/arlo_interfaces__rosidl_generator_c.dir/rosidl_generator_c/arlo_interfaces/srv/detail/evaluate_driver__functions.c.o[0m
[11.031s] [ 13%] [32mBuilding C object CMakeFiles/arlo_interfaces__rosidl_generator_c.dir/rosidl_generator_c/arlo_interfaces/srv/detail/get_important_weights__functions.c.o[0m
[11.051s] [ 15%] [32mBuilding CXX object CMakeFiles/arlo_interfaces__rosidl_typesupport_introspection_cpp.dir/rosidl_typesupport_introspection_cpp/arlo_interfaces/msg/detail/pesos_struct__type_support.cpp.o[0m
[11.146s] [ 16%] [32mBuilding C object CMakeFiles/arlo_interfaces__rosidl_generator_c.dir/rosidl_generator_c/arlo_interfaces/srv/detail/get_mates_fitness__functions.c.o[0m
[11.240s] [ 17%] [32mBuilding C object CMakeFiles/arlo_interfaces__rosidl_generator_c.dir/rosidl_generator_c/arlo_interfaces/srv/detail/get_robot_pose__functions.c.o[0m
[11.323s] [ 18%] [32m[1mLinking C shared library libarlo_interfaces__rosidl_generator_c.so[0m
[11.375s] [ 18%] Built target arlo_interfaces__rosidl_generator_c
[11.387s] [ 20%] [32mBuilding CXX object CMakeFiles/arlo_interfaces__rosidl_typesupport_introspection_cpp.dir/rosidl_typesupport_introspection_cpp/arlo_interfaces/msg/detail/estado_arlo__type_support.cpp.o[0m
[11.405s] [ 21%] [32mBuilding CXX object CMakeFiles/arlo_interfaces__rosidl_typesupport_fastrtps_cpp.dir/rosidl_typesupport_fastrtps_cpp/arlo_interfaces/msg/detail/dds_fastrtps/pesos_struct__type_support.cpp.o[0m
[12.893s] [ 22%] [32mBuilding CXX object CMakeFiles/arlo_interfaces__rosidl_typesupport_cpp.dir/rosidl_typesupport_cpp/arlo_interfaces/msg/estado_arlo__type_support.cpp.o[0m
[13.297s] [ 24%] [32mBuilding CXX object CMakeFiles/arlo_interfaces__rosidl_typesupport_introspection_cpp.dir/rosidl_typesupport_introspection_cpp/arlo_interfaces/msg/detail/mates_odom__type_support.cpp.o[0m
[13.299s] [ 25%] [32mBuilding CXX object CMakeFiles/arlo_interfaces__rosidl_typesupport_cpp.dir/rosidl_typesupport_cpp/arlo_interfaces/msg/mates_odom__type_support.cpp.o[0m
[13.515s] [ 26%] [32mBuilding CXX object CMakeFiles/arlo_interfaces__rosidl_typesupport_fastrtps_cpp.dir/rosidl_typesupport_fastrtps_cpp/arlo_interfaces/msg/detail/dds_fastrtps/estado_arlo__type_support.cpp.o[0m
[13.608s] [ 27%] [34m[1mGenerating C type support for eProsima Fast-RTPS[0m
[13.962s] [ 29%] [32mBuilding CXX object CMakeFiles/arlo_interfaces__rosidl_typesupport_cpp.dir/rosidl_typesupport_cpp/arlo_interfaces/srv/evaluate_driver__type_support.cpp.o[0m
[14.268s] [ 30%] [32mBuilding CXX object CMakeFiles/arlo_interfaces__rosidl_typesupport_introspection_cpp.dir/rosidl_typesupport_introspection_cpp/arlo_interfaces/srv/detail/evaluate_driver__type_support.cpp.o[0m
[14.532s] [ 31%] [32mBuilding CXX object CMakeFiles/arlo_interfaces__rosidl_typesupport_fastrtps_cpp.dir/rosidl_typesupport_fastrtps_cpp/arlo_interfaces/msg/detail/dds_fastrtps/mates_odom__type_support.cpp.o[0m
[14.708s] [ 32%] [32mBuilding CXX object CMakeFiles/arlo_interfaces__rosidl_typesupport_cpp.dir/rosidl_typesupport_cpp/arlo_interfaces/srv/get_important_weights__type_support.cpp.o[0m
[15.363s] [ 34%] [32mBuilding CXX object CMakeFiles/arlo_interfaces__rosidl_typesupport_introspection_cpp.dir/rosidl_typesupport_introspection_cpp/arlo_interfaces/srv/detail/get_important_weights__type_support.cpp.o[0m
[15.468s] [ 35%] [32mBuilding CXX object CMakeFiles/arlo_interfaces__rosidl_typesupport_fastrtps_c.dir/rosidl_typesupport_fastrtps_c/arlo_interfaces/msg/detail/pesos_struct__type_support_c.cpp.o[0m
[15.580s] [ 36%] [32mBuilding CXX object CMakeFiles/arlo_interfaces__rosidl_typesupport_cpp.dir/rosidl_typesupport_cpp/arlo_interfaces/srv/get_mates_fitness__type_support.cpp.o[0m
[15.660s] [ 37%] [32mBuilding CXX object CMakeFiles/arlo_interfaces__rosidl_typesupport_fastrtps_cpp.dir/rosidl_typesupport_fastrtps_cpp/arlo_interfaces/srv/detail/dds_fastrtps/evaluate_driver__type_support.cpp.o[0m
[16.204s] [ 39%] [32mBuilding CXX object CMakeFiles/arlo_interfaces__rosidl_typesupport_cpp.dir/rosidl_typesupport_cpp/arlo_interfaces/srv/get_robot_pose__type_support.cpp.o[0m
[16.306s] [ 40%] [32mBuilding CXX object CMakeFiles/arlo_interfaces__rosidl_typesupport_introspection_cpp.dir/rosidl_typesupport_introspection_cpp/arlo_interfaces/srv/detail/get_mates_fitness__type_support.cpp.o[0m
[16.485s] [ 41%] [32mBuilding CXX object CMakeFiles/arlo_interfaces__rosidl_typesupport_fastrtps_c.dir/rosidl_typesupport_fastrtps_c/arlo_interfaces/msg/detail/estado_arlo__type_support_c.cpp.o[0m
[16.833s] [ 43%] [32mBuilding CXX object CMakeFiles/arlo_interfaces__rosidl_typesupport_fastrtps_cpp.dir/rosidl_typesupport_fastrtps_cpp/arlo_interfaces/srv/detail/dds_fastrtps/get_important_weights__type_support.cpp.o[0m
[16.873s] [ 44%] [32m[1mLinking CXX shared library libarlo_interfaces__rosidl_typesupport_cpp.so[0m
[16.999s] [ 44%] Built target arlo_interfaces__rosidl_typesupport_cpp
[17.017s] [ 45%] [32mBuilding CXX object CMakeFiles/arlo_interfaces__rosidl_typesupport_fastrtps_c.dir/rosidl_typesupport_fastrtps_c/arlo_interfaces/msg/detail/mates_odom__type_support_c.cpp.o[0m
[17.289s] [ 46%] [32mBuilding CXX object CMakeFiles/arlo_interfaces__rosidl_typesupport_introspection_cpp.dir/rosidl_typesupport_introspection_cpp/arlo_interfaces/srv/detail/get_robot_pose__type_support.cpp.o[0m
[17.384s] [ 48%] [34m[1mGenerating C introspection for ROS interfaces[0m
[17.965s] [ 49%] [32mBuilding CXX object CMakeFiles/arlo_interfaces__rosidl_typesupport_fastrtps_cpp.dir/rosidl_typesupport_fastrtps_cpp/arlo_interfaces/srv/detail/dds_fastrtps/get_mates_fitness__type_support.cpp.o[0m
[17.967s] [ 50%] [32mBuilding CXX object CMakeFiles/arlo_interfaces__rosidl_typesupport_fastrtps_c.dir/rosidl_typesupport_fastrtps_c/arlo_interfaces/srv/detail/evaluate_driver__type_support_c.cpp.o[0m
[18.210s] [ 51%] [32m[1mLinking CXX shared library libarlo_interfaces__rosidl_typesupport_introspection_cpp.so[0m
[18.393s] [ 51%] Built target arlo_interfaces__rosidl_typesupport_introspection_cpp
[18.409s] [ 53%] [32mBuilding CXX object CMakeFiles/arlo_interfaces__rosidl_typesupport_fastrtps_cpp.dir/rosidl_typesupport_fastrtps_cpp/arlo_interfaces/srv/detail/dds_fastrtps/get_robot_pose__type_support.cpp.o[0m
[18.945s] [ 54%] [32mBuilding CXX object CMakeFiles/arlo_interfaces__rosidl_typesupport_fastrtps_c.dir/rosidl_typesupport_fastrtps_c/arlo_interfaces/srv/detail/get_important_weights__type_support_c.cpp.o[0m
[18.975s] [ 55%] [32mBuilding CXX object CMakeFiles/arlo_interfaces__rosidl_typesupport_fastrtps_c.dir/rosidl_typesupport_fastrtps_c/arlo_interfaces/srv/detail/get_mates_fitness__type_support_c.cpp.o[0m
[19.186s] [ 56%] [32mBuilding C object CMakeFiles/arlo_interfaces__rosidl_typesupport_introspection_c.dir/rosidl_typesupport_introspection_c/arlo_interfaces/msg/detail/pesos_struct__type_support.c.o[0m
[19.264s] [ 58%] [32mBuilding C object CMakeFiles/arlo_interfaces__rosidl_typesupport_introspection_c.dir/rosidl_typesupport_introspection_c/arlo_interfaces/msg/detail/estado_arlo__type_support.c.o[0m
[19.429s] [ 59%] [32mBuilding C object CMakeFiles/arlo_interfaces__rosidl_typesupport_introspection_c.dir/rosidl_typesupport_introspection_c/arlo_interfaces/msg/detail/mates_odom__type_support.c.o[0m
[19.431s] [ 60%] [32m[1mLinking CXX shared library libarlo_interfaces__rosidl_typesupport_fastrtps_cpp.so[0m
[19.502s] [ 62%] [32mBuilding C object CMakeFiles/arlo_interfaces__rosidl_typesupport_introspection_c.dir/rosidl_typesupport_introspection_c/arlo_interfaces/srv/detail/evaluate_driver__type_support.c.o[0m
[19.592s] [ 63%] [32mBuilding C object CMakeFiles/arlo_interfaces__rosidl_typesupport_introspection_c.dir/rosidl_typesupport_introspection_c/arlo_interfaces/srv/detail/get_important_weights__type_support.c.o[0m
[19.620s] [ 63%] Built target arlo_interfaces__rosidl_typesupport_fastrtps_cpp
[19.640s] [ 64%] [32mBuilding CXX object CMakeFiles/arlo_interfaces__rosidl_typesupport_fastrtps_c.dir/rosidl_typesupport_fastrtps_c/arlo_interfaces/srv/detail/get_robot_pose__type_support_c.cpp.o[0m
[19.680s] [ 65%] [32mBuilding C object CMakeFiles/arlo_interfaces__rosidl_typesupport_introspection_c.dir/rosidl_typesupport_introspection_c/arlo_interfaces/srv/detail/get_mates_fitness__type_support.c.o[0m
[19.761s] [ 67%] [32mBuilding C object CMakeFiles/arlo_interfaces__rosidl_typesupport_introspection_c.dir/rosidl_typesupport_introspection_c/arlo_interfaces/srv/detail/get_robot_pose__type_support.c.o[0m
[19.844s] [ 68%] [32m[1mLinking C shared library libarlo_interfaces__rosidl_typesupport_introspection_c.so[0m
[19.882s] [ 69%] [34m[1mGenerating C type support dispatch for ROS interfaces[0m
[19.910s] [ 69%] Built target arlo_interfaces__rosidl_typesupport_introspection_c
[20.300s] [ 70%] [32m[1mLinking CXX shared library libarlo_interfaces__rosidl_typesupport_fastrtps_c.so[0m
[20.462s] [ 70%] Built target arlo_interfaces__rosidl_typesupport_fastrtps_c
[20.655s] [ 72%] [32mBuilding CXX object CMakeFiles/arlo_interfaces__rosidl_typesupport_c.dir/rosidl_typesupport_c/arlo_interfaces/msg/mates_odom__type_support.cpp.o[0m
[20.655s] [ 73%] [32mBuilding CXX object CMakeFiles/arlo_interfaces__rosidl_typesupport_c.dir/rosidl_typesupport_c/arlo_interfaces/msg/pesos_struct__type_support.cpp.o[0m
[20.656s] [ 74%] [32mBuilding CXX object CMakeFiles/arlo_interfaces__rosidl_typesupport_c.dir/rosidl_typesupport_c/arlo_interfaces/msg/estado_arlo__type_support.cpp.o[0m
[20.656s] [ 75%] [32mBuilding CXX object CMakeFiles/arlo_interfaces__rosidl_typesupport_c.dir/rosidl_typesupport_c/arlo_interfaces/srv/evaluate_driver__type_support.cpp.o[0m
[20.744s] [ 77%] [32mBuilding CXX object CMakeFiles/arlo_interfaces__rosidl_typesupport_c.dir/rosidl_typesupport_c/arlo_interfaces/srv/get_mates_fitness__type_support.cpp.o[0m
[20.746s] [ 78%] [32mBuilding CXX object CMakeFiles/arlo_interfaces__rosidl_typesupport_c.dir/rosidl_typesupport_c/arlo_interfaces/srv/get_important_weights__type_support.cpp.o[0m
[20.746s] [ 79%] [32mBuilding CXX object CMakeFiles/arlo_interfaces__rosidl_typesupport_c.dir/rosidl_typesupport_c/arlo_interfaces/srv/get_robot_pose__type_support.cpp.o[0m
[20.803s] [ 81%] [32m[1mLinking CXX shared library libarlo_interfaces__rosidl_typesupport_c.so[0m
[20.915s] [ 81%] Built target arlo_interfaces__rosidl_typesupport_c
[20.942s] [ 81%] Built target arlo_interfaces
[20.970s] [ 82%] [34m[1mGenerating Python code for ROS interfaces[0m
[22.664s] [ 82%] Built target arlo_interfaces__py
[22.696s] [ 84%] [32mBuilding C object CMakeFiles/arlo_interfaces__rosidl_generator_py.dir/rosidl_generator_py/arlo_interfaces/msg/_estado_arlo_s.c.o[0m
[22.697s] [ 84%] [32mBuilding C object CMakeFiles/arlo_interfaces__rosidl_generator_py.dir/rosidl_generator_py/arlo_interfaces/msg/_pesos_struct_s.c.o[0m
[22.699s] [ 86%] [32mBuilding C object CMakeFiles/arlo_interfaces__rosidl_generator_py.dir/rosidl_generator_py/arlo_interfaces/msg/_mates_odom_s.c.o[0m
[22.699s] [ 87%] [32mBuilding C object CMakeFiles/arlo_interfaces__rosidl_generator_py.dir/rosidl_generator_py/arlo_interfaces/srv/_evaluate_driver_s.c.o[0m
[23.392s] [ 88%] [32mBuilding C object CMakeFiles/arlo_interfaces__rosidl_generator_py.dir/rosidl_generator_py/arlo_interfaces/srv/_get_important_weights_s.c.o[0m
[23.399s] [ 89%] [32mBuilding C object CMakeFiles/arlo_interfaces__rosidl_generator_py.dir/rosidl_generator_py/arlo_interfaces/srv/_get_mates_fitness_s.c.o[0m
[23.404s] [ 91%] [32mBuilding C object CMakeFiles/arlo_interfaces__rosidl_generator_py.dir/rosidl_generator_py/arlo_interfaces/srv/_get_robot_pose_s.c.o[0m
[23.629s] [ 92%] [32m[1mLinking C shared library rosidl_generator_py/arlo_interfaces/libarlo_interfaces__rosidl_generator_py.so[0m
[23.719s] [ 92%] Built target arlo_interfaces__rosidl_generator_py
[23.751s] [ 94%] [32mBuilding C object CMakeFiles/arlo_interfaces__rosidl_typesupport_introspection_c__pyext.dir/rosidl_generator_py/arlo_interfaces/_arlo_interfaces_s.ep.rosidl_typesupport_introspection_c.c.o[0m
[23.752s] [ 94%] [32mBuilding C object CMakeFiles/arlo_interfaces__rosidl_typesupport_fastrtps_c__pyext.dir/rosidl_generator_py/arlo_interfaces/_arlo_interfaces_s.ep.rosidl_typesupport_fastrtps_c.c.o[0m
[23.756s] [ 96%] [32mBuilding C object CMakeFiles/arlo_interfaces__rosidl_typesupport_c__pyext.dir/rosidl_generator_py/arlo_interfaces/_arlo_interfaces_s.ep.rosidl_typesupport_c.c.o[0m
[23.996s] [ 97%] [32m[1mLinking C shared library rosidl_generator_py/arlo_interfaces/arlo_interfaces_s__rosidl_typesupport_introspection_c.cpython-310-x86_64-linux-gnu.so[0m
[24.029s] [ 98%] [32m[1mLinking C shared library rosidl_generator_py/arlo_interfaces/arlo_interfaces_s__rosidl_typesupport_fastrtps_c.cpython-310-x86_64-linux-gnu.so[0m
[24.061s] [100%] [32m[1mLinking C shared library rosidl_generator_py/arlo_interfaces/arlo_interfaces_s__rosidl_typesupport_c.cpython-310-x86_64-linux-gnu.so[0m
[24.086s] [100%] Built target arlo_interfaces__rosidl_typesupport_introspection_c__pyext
[24.103s] [100%] Built target arlo_interfaces__rosidl_typesupport_fastrtps_c__pyext
[24.125s] [100%] Built target arlo_interfaces__rosidl_typesupport_c__pyext
[24.142s] Invoked command in '/home/antonio/Robotic-Swarms-main/Robotic-Swarms-main/build/arlo_interfaces' returned '0': CMAKE_PREFIX_PATH=${CMAKE_PREFIX_PATH}:/opt/ros/humble /usr/bin/cmake --build /home/antonio/Robotic-Swarms-main/Robotic-Swarms-main/build/arlo_interfaces -- -j4 -l4
[24.155s] Invoking command in '/home/antonio/Robotic-Swarms-main/Robotic-Swarms-main/build/arlo_interfaces': CMAKE_PREFIX_PATH=${CMAKE_PREFIX_PATH}:/opt/ros/humble /usr/bin/cmake --install /home/antonio/Robotic-Swarms-main/Robotic-Swarms-main/build/arlo_interfaces
[24.164s] -- Install configuration: ""
[24.165s] -- Installing: /home/antonio/Robotic-Swarms-main/Robotic-Swarms-main/install/arlo_interfaces/share/ament_index/resource_index/rosidl_interfaces/arlo_interfaces
[24.165s] -- Installing: /home/antonio/Robotic-Swarms-main/Robotic-Swarms-main/install/arlo_interfaces/include/arlo_interfaces/arlo_interfaces
[24.165s] -- Installing: /home/antonio/Robotic-Swarms-main/Robotic-Swarms-main/install/arlo_interfaces/include/arlo_interfaces/arlo_interfaces/srv
[24.166s] -- Installing: /home/antonio/Robotic-Swarms-main/Robotic-Swarms-main/install/arlo_interfaces/include/arlo_interfaces/arlo_interfaces/srv/get_important_weights.h
[24.166s] -- Installing: /home/antonio/Robotic-Swarms-main/Robotic-Swarms-main/install/arlo_interfaces/include/arlo_interfaces/arlo_interfaces/srv/detail
[24.166s] -- Installing: /home/antonio/Robotic-Swarms-main/Robotic-Swarms-main/install/arlo_interfaces/include/arlo_interfaces/arlo_interfaces/srv/detail/get_robot_pose__functions.c
[24.166s] -- Installing: /home/antonio/Robotic-Swarms-main/Robotic-Swarms-main/install/arlo_interfaces/include/arlo_interfaces/arlo_interfaces/srv/detail/get_mates_fitness__type_support.h
[24.167s] -- Installing: /home/antonio/Robotic-Swarms-main/Robotic-Swarms-main/install/arlo_interfaces/include/arlo_interfaces/arlo_interfaces/srv/detail/get_important_weights__functions.h
[24.167s] -- Installing: /home/antonio/Robotic-Swarms-main/Robotic-Swarms-main/install/arlo_interfaces/include/arlo_interfaces/arlo_interfaces/srv/detail/get_mates_fitness__functions.c
[24.167s] -- Installing: /home/antonio/Robotic-Swarms-main/Robotic-Swarms-main/install/arlo_interfaces/include/arlo_interfaces/arlo_interfaces/srv/detail/get_important_weights__functions.c
[24.167s] -- Installing: /home/antonio/Robotic-Swarms-main/Robotic-Swarms-main/install/arlo_interfaces/include/arlo_interfaces/arlo_interfaces/srv/detail/evaluate_driver__type_support.h
[24.167s] -- Installing: /home/antonio/Robotic-Swarms-main/Robotic-Swarms-main/install/arlo_interfaces/include/arlo_interfaces/arlo_interfaces/srv/detail/get_robot_pose__struct.h
[24.168s] -- Installing: /home/antonio/Robotic-Swarms-main/Robotic-Swarms-main/install/arlo_interfaces/include/arlo_interfaces/arlo_interfaces/srv/detail/evaluate_driver__functions.h
[24.168s] -- Installing: /home/antonio/Robotic-Swarms-main/Robotic-Swarms-main/install/arlo_interfaces/include/arlo_interfaces/arlo_interfaces/srv/detail/evaluate_driver__struct.h
[24.168s] -- Installing: /home/antonio/Robotic-Swarms-main/Robotic-Swarms-main/install/arlo_interfaces/include/arlo_interfaces/arlo_interfaces/srv/detail/get_mates_fitness__functions.h
[24.168s] -- Installing: /home/antonio/Robotic-Swarms-main/Robotic-Swarms-main/install/arlo_interfaces/include/arlo_interfaces/arlo_interfaces/srv/detail/get_robot_pose__type_support.h
[24.169s] -- Installing: /home/antonio/Robotic-Swarms-main/Robotic-Swarms-main/install/arlo_interfaces/include/arlo_interfaces/arlo_interfaces/srv/detail/get_robot_pose__functions.h
[24.169s] -- Installing: /home/antonio/Robotic-Swarms-main/Robotic-Swarms-main/install/arlo_interfaces/include/arlo_interfaces/arlo_interfaces/srv/detail/get_important_weights__struct.h
[24.169s] -- Installing: /home/antonio/Robotic-Swarms-main/Robotic-Swarms-main/install/arlo_interfaces/include/arlo_interfaces/arlo_interfaces/srv/detail/get_important_weights__type_support.h
[24.169s] -- Installing: /home/antonio/Robotic-Swarms-main/Robotic-Swarms-main/install/arlo_interfaces/include/arlo_interfaces/arlo_interfaces/srv/detail/evaluate_driver__functions.c
[24.169s] -- Installing: /home/antonio/Robotic-Swarms-main/Robotic-Swarms-main/install/arlo_interfaces/include/arlo_interfaces/arlo_interfaces/srv/detail/get_mates_fitness__struct.h
[24.170s] -- Installing: /home/antonio/Robotic-Swarms-main/Robotic-Swarms-main/install/arlo_interfaces/include/arlo_interfaces/arlo_interfaces/srv/get_mates_fitness.h
[24.170s] -- Installing: /home/antonio/Robotic-Swarms-main/Robotic-Swarms-main/install/arlo_interfaces/include/arlo_interfaces/arlo_interfaces/srv/get_robot_pose.h
[24.170s] -- Installing: /home/antonio/Robotic-Swarms-main/Robotic-Swarms-main/install/arlo_interfaces/include/arlo_interfaces/arlo_interfaces/srv/evaluate_driver.h
[24.170s] -- Installing: /home/antonio/Robotic-Swarms-main/Robotic-Swarms-main/install/arlo_interfaces/include/arlo_interfaces/arlo_interfaces/msg
[24.170s] -- Installing: /home/antonio/Robotic-Swarms-main/Robotic-Swarms-main/install/arlo_interfaces/include/arlo_interfaces/arlo_interfaces/msg/rosidl_generator_c__visibility_control.h
[24.171s] -- Installing: /home/antonio/Robotic-Swarms-main/Robotic-Swarms-main/install/arlo_interfaces/include/arlo_interfaces/arlo_interfaces/msg/pesos_struct.h
[24.171s] -- Installing: /home/antonio/Robotic-Swarms-main/Robotic-Swarms-main/install/arlo_interfaces/include/arlo_interfaces/arlo_interfaces/msg/estado_arlo.h
[24.171s] -- Installing: /home/antonio/Robotic-Swarms-main/Robotic-Swarms-main/install/arlo_interfaces/include/arlo_interfaces/arlo_interfaces/msg/detail
[24.172s] -- Installing: /home/antonio/Robotic-Swarms-main/Robotic-Swarms-main/install/arlo_interfaces/include/arlo_interfaces/arlo_interfaces/msg/detail/estado_arlo__struct.h
[24.172s] -- Installing: /home/antonio/Robotic-Swarms-main/Robotic-Swarms-main/install/arlo_interfaces/include/arlo_interfaces/arlo_interfaces/msg/detail/pesos_struct__functions.h
[24.172s] -- Installing: /home/antonio/Robotic-Swarms-main/Robotic-Swarms-main/install/arlo_interfaces/include/arlo_interfaces/arlo_interfaces/msg/detail/mates_odom__functions.c
[24.172s] -- Installing: /home/antonio/Robotic-Swarms-main/Robotic-Swarms-main/install/arlo_interfaces/include/arlo_interfaces/arlo_interfaces/msg/detail/estado_arlo__functions.c
[24.173s] -- Installing: /home/antonio/Robotic-Swarms-main/Robotic-Swarms-main/install/arlo_interfaces/include/arlo_interfaces/arlo_interfaces/msg/detail/estado_arlo__type_support.h
[24.173s] -- Installing: /home/antonio/Robotic-Swarms-main/Robotic-Swarms-main/install/arlo_interfaces/include/arlo_interfaces/arlo_interfaces/msg/detail/estado_arlo__functions.h
[24.173s] -- Installing: /home/antonio/Robotic-Swarms-main/Robotic-Swarms-main/install/arlo_interfaces/include/arlo_interfaces/arlo_interfaces/msg/detail/pesos_struct__struct.h
[24.173s] -- Installing: /home/antonio/Robotic-Swarms-main/Robotic-Swarms-main/install/arlo_interfaces/include/arlo_interfaces/arlo_interfaces/msg/detail/mates_odom__functions.h
[24.173s] -- Installing: /home/antonio/Robotic-Swarms-main/Robotic-Swarms-main/install/arlo_interfaces/include/arlo_interfaces/arlo_interfaces/msg/detail/mates_odom__struct.h
[24.174s] -- Installing: /home/antonio/Robotic-Swarms-main/Robotic-Swarms-main/install/arlo_interfaces/include/arlo_interfaces/arlo_interfaces/msg/detail/pesos_struct__type_support.h
[24.174s] -- Installing: /home/antonio/Robotic-Swarms-main/Robotic-Swarms-main/install/arlo_interfaces/include/arlo_interfaces/arlo_interfaces/msg/detail/mates_odom__type_support.h
[24.174s] -- Installing: /home/antonio/Robotic-Swarms-main/Robotic-Swarms-main/install/arlo_interfaces/include/arlo_interfaces/arlo_interfaces/msg/detail/pesos_struct__functions.c
[24.174s] -- Installing: /home/antonio/Robotic-Swarms-main/Robotic-Swarms-main/install/arlo_interfaces/include/arlo_interfaces/arlo_interfaces/msg/mates_odom.h
[24.174s] -- Installing: /home/antonio/Robotic-Swarms-main/Robotic-Swarms-main/install/arlo_interfaces/share/arlo_interfaces/environment/library_path.sh
[24.175s] -- Installing: /home/antonio/Robotic-Swarms-main/Robotic-Swarms-main/install/arlo_interfaces/share/arlo_interfaces/environment/library_path.dsv
[24.175s] -- Installing: /home/antonio/Robotic-Swarms-main/Robotic-Swarms-main/install/arlo_interfaces/lib/libarlo_interfaces__rosidl_generator_c.so
[24.175s] -- Set runtime path of "/home/antonio/Robotic-Swarms-main/Robotic-Swarms-main/install/arlo_interfaces/lib/libarlo_interfaces__rosidl_generator_c.so" to ""
[24.176s] -- Up-to-date: /home/antonio/Robotic-Swarms-main/Robotic-Swarms-main/install/arlo_interfaces/include/arlo_interfaces/arlo_interfaces
[24.176s] -- Up-to-date: /home/antonio/Robotic-Swarms-main/Robotic-Swarms-main/install/arlo_interfaces/include/arlo_interfaces/arlo_interfaces/srv
[24.176s] -- Up-to-date: /home/antonio/Robotic-Swarms-main/Robotic-Swarms-main/install/arlo_interfaces/include/arlo_interfaces/arlo_interfaces/srv/detail
[24.176s] -- Installing: /home/antonio/Robotic-Swarms-main/Robotic-Swarms-main/install/arlo_interfaces/include/arlo_interfaces/arlo_interfaces/srv/detail/get_mates_fitness__rosidl_typesupport_fastrtps_c.h
[24.177s] -- Installing: /home/antonio/Robotic-Swarms-main/Robotic-Swarms-main/install/arlo_interfaces/include/arlo_interfaces/arlo_interfaces/srv/detail/get_robot_pose__rosidl_typesupport_fastrtps_c.h
[24.177s] -- Installing: /home/antonio/Robotic-Swarms-main/Robotic-Swarms-main/install/arlo_interfaces/include/arlo_interfaces/arlo_interfaces/srv/detail/evaluate_driver__rosidl_typesupport_fastrtps_c.h
[24.177s] -- Installing: /home/antonio/Robotic-Swarms-main/Robotic-Swarms-main/install/arlo_interfaces/include/arlo_interfaces/arlo_interfaces/srv/detail/get_important_weights__rosidl_typesupport_fastrtps_c.h
[24.177s] -- Up-to-date: /home/antonio/Robotic-Swarms-main/Robotic-Swarms-main/install/arlo_interfaces/include/arlo_interfaces/arlo_interfaces/msg
[24.178s] -- Installing: /home/antonio/Robotic-Swarms-main/Robotic-Swarms-main/install/arlo_interfaces/include/arlo_interfaces/arlo_interfaces/msg/rosidl_typesupport_fastrtps_c__visibility_control.h
[24.178s] -- Up-to-date: /home/antonio/Robotic-Swarms-main/Robotic-Swarms-main/install/arlo_interfaces/include/arlo_interfaces/arlo_interfaces/msg/detail
[24.178s] -- Installing: /home/antonio/Robotic-Swarms-main/Robotic-Swarms-main/install/arlo_interfaces/include/arlo_interfaces/arlo_interfaces/msg/detail/pesos_struct__rosidl_typesupport_fastrtps_c.h
[24.178s] -- Installing: /home/antonio/Robotic-Swarms-main/Robotic-Swarms-main/install/arlo_interfaces/include/arlo_interfaces/arlo_interfaces/msg/detail/mates_odom__rosidl_typesupport_fastrtps_c.h
[24.178s] -- Installing: /home/antonio/Robotic-Swarms-main/Robotic-Swarms-main/install/arlo_interfaces/include/arlo_interfaces/arlo_interfaces/msg/detail/estado_arlo__rosidl_typesupport_fastrtps_c.h
[24.179s] -- Installing: /home/antonio/Robotic-Swarms-main/Robotic-Swarms-main/install/arlo_interfaces/lib/libarlo_interfaces__rosidl_typesupport_fastrtps_c.so
[24.179s] -- Set runtime path of "/home/antonio/Robotic-Swarms-main/Robotic-Swarms-main/install/arlo_interfaces/lib/libarlo_interfaces__rosidl_typesupport_fastrtps_c.so" to ""
[24.179s] -- Up-to-date: /home/antonio/Robotic-Swarms-main/Robotic-Swarms-main/install/arlo_interfaces/include/arlo_interfaces/arlo_interfaces
[24.179s] -- Up-to-date: /home/antonio/Robotic-Swarms-main/Robotic-Swarms-main/install/arlo_interfaces/include/arlo_interfaces/arlo_interfaces/srv
[24.179s] -- Installing: /home/antonio/Robotic-Swarms-main/Robotic-Swarms-main/install/arlo_interfaces/include/arlo_interfaces/arlo_interfaces/srv/get_mates_fitness.hpp
[24.180s] -- Installing: /home/antonio/Robotic-Swarms-main/Robotic-Swarms-main/install/arlo_interfaces/include/arlo_interfaces/arlo_interfaces/srv/evaluate_driver.hpp
[24.180s] -- Installing: /home/antonio/Robotic-Swarms-main/Robotic-Swarms-main/install/arlo_interfaces/include/arlo_interfaces/arlo_interfaces/srv/get_robot_pose.hpp
[24.180s] -- Installing: /home/antonio/Robotic-Swarms-main/Robotic-Swarms-main/install/arlo_interfaces/include/arlo_interfaces/arlo_interfaces/srv/get_important_weights.hpp
[24.180s] -- Up-to-date: /home/antonio/Robotic-Swarms-main/Robotic-Swarms-main/install/arlo_interfaces/include/arlo_interfaces/arlo_interfaces/srv/detail
[24.180s] -- Installing: /home/antonio/Robotic-Swarms-main/Robotic-Swarms-main/install/arlo_interfaces/include/arlo_interfaces/arlo_interfaces/srv/detail/get_robot_pose__type_support.hpp
[24.181s] -- Installing: /home/antonio/Robotic-Swarms-main/Robotic-Swarms-main/install/arlo_interfaces/include/arlo_interfaces/arlo_interfaces/srv/detail/evaluate_driver__traits.hpp
[24.181s] -- Installing: /home/antonio/Robotic-Swarms-main/Robotic-Swarms-main/install/arlo_interfaces/include/arlo_interfaces/arlo_interfaces/srv/detail/evaluate_driver__type_support.hpp
[24.181s] -- Installing: /home/antonio/Robotic-Swarms-main/Robotic-Swarms-main/install/arlo_interfaces/include/arlo_interfaces/arlo_interfaces/srv/detail/get_robot_pose__builder.hpp
[24.181s] -- Installing: /home/antonio/Robotic-Swarms-main/Robotic-Swarms-main/install/arlo_interfaces/include/arlo_interfaces/arlo_interfaces/srv/detail/get_important_weights__type_support.hpp
[24.181s] -- Installing: /home/antonio/Robotic-Swarms-main/Robotic-Swarms-main/install/arlo_interfaces/include/arlo_interfaces/arlo_interfaces/srv/detail/get_mates_fitness__builder.hpp
[24.182s] -- Installing: /home/antonio/Robotic-Swarms-main/Robotic-Swarms-main/install/arlo_interfaces/include/arlo_interfaces/arlo_interfaces/srv/detail/get_robot_pose__traits.hpp
[24.182s] -- Installing: /home/antonio/Robotic-Swarms-main/Robotic-Swarms-main/install/arlo_interfaces/include/arlo_interfaces/arlo_interfaces/srv/detail/get_important_weights__struct.hpp
[24.182s] -- Installing: /home/antonio/Robotic-Swarms-main/Robotic-Swarms-main/install/arlo_interfaces/include/arlo_interfaces/arlo_interfaces/srv/detail/get_important_weights__traits.hpp
[24.182s] -- Installing: /home/antonio/Robotic-Swarms-main/Robotic-Swarms-main/install/arlo_interfaces/include/arlo_interfaces/arlo_interfaces/srv/detail/get_important_weights__builder.hpp
[24.182s] -- Installing: /home/antonio/Robotic-Swarms-main/Robotic-Swarms-main/install/arlo_interfaces/include/arlo_interfaces/arlo_interfaces/srv/detail/get_mates_fitness__struct.hpp
[24.182s] -- Installing: /home/antonio/Robotic-Swarms-main/Robotic-Swarms-main/install/arlo_interfaces/include/arlo_interfaces/arlo_interfaces/srv/detail/evaluate_driver__struct.hpp
[24.183s] -- Installing: /home/antonio/Robotic-Swarms-main/Robotic-Swarms-main/install/arlo_interfaces/include/arlo_interfaces/arlo_interfaces/srv/detail/evaluate_driver__builder.hpp
[24.183s] -- Installing: /home/antonio/Robotic-Swarms-main/Robotic-Swarms-main/install/arlo_interfaces/include/arlo_interfaces/arlo_interfaces/srv/detail/get_mates_fitness__type_support.hpp
[24.183s] -- Installing: /home/antonio/Robotic-Swarms-main/Robotic-Swarms-main/install/arlo_interfaces/include/arlo_interfaces/arlo_interfaces/srv/detail/get_robot_pose__struct.hpp
[24.183s] -- Installing: /home/antonio/Robotic-Swarms-main/Robotic-Swarms-main/install/arlo_interfaces/include/arlo_interfaces/arlo_interfaces/srv/detail/get_mates_fitness__traits.hpp
[24.183s] -- Up-to-date: /home/antonio/Robotic-Swarms-main/Robotic-Swarms-main/install/arlo_interfaces/include/arlo_interfaces/arlo_interfaces/msg
[24.183s] -- Installing: /home/antonio/Robotic-Swarms-main/Robotic-Swarms-main/install/arlo_interfaces/include/arlo_interfaces/arlo_interfaces/msg/mates_odom.hpp
[24.184s] -- Installing: /home/antonio/Robotic-Swarms-main/Robotic-Swarms-main/install/arlo_interfaces/include/arlo_interfaces/arlo_interfaces/msg/rosidl_generator_cpp__visibility_control.hpp
[24.184s] -- Installing: /home/antonio/Robotic-Swarms-main/Robotic-Swarms-main/install/arlo_interfaces/include/arlo_interfaces/arlo_interfaces/msg/estado_arlo.hpp
[24.184s] -- Up-to-date: /home/antonio/Robotic-Swarms-main/Robotic-Swarms-main/install/arlo_interfaces/include/arlo_interfaces/arlo_interfaces/msg/detail
[24.184s] -- Installing: /home/antonio/Robotic-Swarms-main/Robotic-Swarms-main/install/arlo_interfaces/include/arlo_interfaces/arlo_interfaces/msg/detail/mates_odom__builder.hpp
[24.184s] -- Installing: /home/antonio/Robotic-Swarms-main/Robotic-Swarms-main/install/arlo_interfaces/include/arlo_interfaces/arlo_interfaces/msg/detail/pesos_struct__type_support.hpp
[24.185s] -- Installing: /home/antonio/Robotic-Swarms-main/Robotic-Swarms-main/install/arlo_interfaces/include/arlo_interfaces/arlo_interfaces/msg/detail/estado_arlo__struct.hpp
[24.185s] -- Installing: /home/antonio/Robotic-Swarms-main/Robotic-Swarms-main/install/arlo_interfaces/include/arlo_interfaces/arlo_interfaces/msg/detail/mates_odom__traits.hpp
[24.185s] -- Installing: /home/antonio/Robotic-Swarms-main/Robotic-Swarms-main/install/arlo_interfaces/include/arlo_interfaces/arlo_interfaces/msg/detail/pesos_struct__traits.hpp
[24.185s] -- Installing: /home/antonio/Robotic-Swarms-main/Robotic-Swarms-main/install/arlo_interfaces/include/arlo_interfaces/arlo_interfaces/msg/detail/estado_arlo__type_support.hpp
[24.185s] -- Installing: /home/antonio/Robotic-Swarms-main/Robotic-Swarms-main/install/arlo_interfaces/include/arlo_interfaces/arlo_interfaces/msg/detail/mates_odom__struct.hpp
[24.186s] -- Installing: /home/antonio/Robotic-Swarms-main/Robotic-Swarms-main/install/arlo_interfaces/include/arlo_interfaces/arlo_interfaces/msg/detail/estado_arlo__builder.hpp
[24.186s] -- Installing: /home/antonio/Robotic-Swarms-main/Robotic-Swarms-main/install/arlo_interfaces/include/arlo_interfaces/arlo_interfaces/msg/detail/pesos_struct__struct.hpp
[24.186s] -- Installing: /home/antonio/Robotic-Swarms-main/Robotic-Swarms-main/install/arlo_interfaces/include/arlo_interfaces/arlo_interfaces/msg/detail/pesos_struct__builder.hpp
[24.186s] -- Installing: /home/antonio/Robotic-Swarms-main/Robotic-Swarms-main/install/arlo_interfaces/include/arlo_interfaces/arlo_interfaces/msg/detail/estado_arlo__traits.hpp
[24.186s] -- Installing: /home/antonio/Robotic-Swarms-main/Robotic-Swarms-main/install/arlo_interfaces/include/arlo_interfaces/arlo_interfaces/msg/detail/mates_odom__type_support.hpp
[24.187s] -- Installing: /home/antonio/Robotic-Swarms-main/Robotic-Swarms-main/install/arlo_interfaces/include/arlo_interfaces/arlo_interfaces/msg/pesos_struct.hpp
[24.187s] -- Up-to-date: /home/antonio/Robotic-Swarms-main/Robotic-Swarms-main/install/arlo_interfaces/include/arlo_interfaces/arlo_interfaces
[24.187s] -- Up-to-date: /home/antonio/Robotic-Swarms-main/Robotic-Swarms-main/install/arlo_interfaces/include/arlo_interfaces/arlo_interfaces/srv
[24.187s] -- Up-to-date: /home/antonio/Robotic-Swarms-main/Robotic-Swarms-main/install/arlo_interfaces/include/arlo_interfaces/arlo_interfaces/srv/detail
[24.187s] -- Installing: /home/antonio/Robotic-Swarms-main/Robotic-Swarms-main/install/arlo_interfaces/include/arlo_interfaces/arlo_interfaces/srv/detail/dds_fastrtps
[24.187s] -- Installing: /home/antonio/Robotic-Swarms-main/Robotic-Swarms-main/install/arlo_interfaces/include/arlo_interfaces/arlo_interfaces/srv/detail/get_robot_pose__rosidl_typesupport_fastrtps_cpp.hpp
[24.188s] -- Installing: /home/antonio/Robotic-Swarms-main/Robotic-Swarms-main/install/arlo_interfaces/include/arlo_interfaces/arlo_interfaces/srv/detail/get_important_weights__rosidl_typesupport_fastrtps_cpp.hpp
[24.188s] -- Installing: /home/antonio/Robotic-Swarms-main/Robotic-Swarms-main/install/arlo_interfaces/include/arlo_interfaces/arlo_interfaces/srv/detail/get_mates_fitness__rosidl_typesupport_fastrtps_cpp.hpp
[24.188s] -- Installing: /home/antonio/Robotic-Swarms-main/Robotic-Swarms-main/install/arlo_interfaces/include/arlo_interfaces/arlo_interfaces/srv/detail/evaluate_driver__rosidl_typesupport_fastrtps_cpp.hpp
[24.188s] -- Up-to-date: /home/antonio/Robotic-Swarms-main/Robotic-Swarms-main/install/arlo_interfaces/include/arlo_interfaces/arlo_interfaces/msg
[24.188s] -- Installing: /home/antonio/Robotic-Swarms-main/Robotic-Swarms-main/install/arlo_interfaces/include/arlo_interfaces/arlo_interfaces/msg/rosidl_typesupport_fastrtps_cpp__visibility_control.h
[24.188s] -- Up-to-date: /home/antonio/Robotic-Swarms-main/Robotic-Swarms-main/install/arlo_interfaces/include/arlo_interfaces/arlo_interfaces/msg/detail
[24.189s] -- Installing: /home/antonio/Robotic-Swarms-main/Robotic-Swarms-main/install/arlo_interfaces/include/arlo_interfaces/arlo_interfaces/msg/detail/dds_fastrtps
[24.189s] -- Installing: /home/antonio/Robotic-Swarms-main/Robotic-Swarms-main/install/arlo_interfaces/include/arlo_interfaces/arlo_interfaces/msg/detail/pesos_struct__rosidl_typesupport_fastrtps_cpp.hpp
[24.189s] -- Installing: /home/antonio/Robotic-Swarms-main/Robotic-Swarms-main/install/arlo_interfaces/include/arlo_interfaces/arlo_interfaces/msg/detail/estado_arlo__rosidl_typesupport_fastrtps_cpp.hpp
[24.189s] -- Installing: /home/antonio/Robotic-Swarms-main/Robotic-Swarms-main/install/arlo_interfaces/include/arlo_interfaces/arlo_interfaces/msg/detail/mates_odom__rosidl_typesupport_fastrtps_cpp.hpp
[24.189s] -- Installing: /home/antonio/Robotic-Swarms-main/Robotic-Swarms-main/install/arlo_interfaces/lib/libarlo_interfaces__rosidl_typesupport_fastrtps_cpp.so
[24.190s] -- Set runtime path of "/home/antonio/Robotic-Swarms-main/Robotic-Swarms-main/install/arlo_interfaces/lib/libarlo_interfaces__rosidl_typesupport_fastrtps_cpp.so" to ""
[24.190s] -- Up-to-date: /home/antonio/Robotic-Swarms-main/Robotic-Swarms-main/install/arlo_interfaces/include/arlo_interfaces/arlo_interfaces
[24.191s] -- Up-to-date: /home/antonio/Robotic-Swarms-main/Robotic-Swarms-main/install/arlo_interfaces/include/arlo_interfaces/arlo_interfaces/srv
[24.191s] -- Up-to-date: /home/antonio/Robotic-Swarms-main/Robotic-Swarms-main/install/arlo_interfaces/include/arlo_interfaces/arlo_interfaces/srv/detail
[24.191s] -- Installing: /home/antonio/Robotic-Swarms-main/Robotic-Swarms-main/install/arlo_interfaces/include/arlo_interfaces/arlo_interfaces/srv/detail/evaluate_driver__rosidl_typesupport_introspection_c.h
[24.191s] -- Installing: /home/antonio/Robotic-Swarms-main/Robotic-Swarms-main/install/arlo_interfaces/include/arlo_interfaces/arlo_interfaces/srv/detail/evaluate_driver__type_support.c
[24.192s] -- Installing: /home/antonio/Robotic-Swarms-main/Robotic-Swarms-main/install/arlo_interfaces/include/arlo_interfaces/arlo_interfaces/srv/detail/get_robot_pose__rosidl_typesupport_introspection_c.h
[24.192s] -- Installing: /home/antonio/Robotic-Swarms-main/Robotic-Swarms-main/install/arlo_interfaces/include/arlo_interfaces/arlo_interfaces/srv/detail/get_mates_fitness__type_support.c
[24.192s] -- Installing: /home/antonio/Robotic-Swarms-main/Robotic-Swarms-main/install/arlo_interfaces/include/arlo_interfaces/arlo_interfaces/srv/detail/get_robot_pose__type_support.c
[24.192s] -- Installing: /home/antonio/Robotic-Swarms-main/Robotic-Swarms-main/install/arlo_interfaces/include/arlo_interfaces/arlo_interfaces/srv/detail/get_important_weights__rosidl_typesupport_introspection_c.h
[24.192s] -- Installing: /home/antonio/Robotic-Swarms-main/Robotic-Swarms-main/install/arlo_interfaces/include/arlo_interfaces/arlo_interfaces/srv/detail/get_mates_fitness__rosidl_typesupport_introspection_c.h
[24.192s] -- Installing: /home/antonio/Robotic-Swarms-main/Robotic-Swarms-main/install/arlo_interfaces/include/arlo_interfaces/arlo_interfaces/srv/detail/get_important_weights__type_support.c
[24.193s] -- Up-to-date: /home/antonio/Robotic-Swarms-main/Robotic-Swarms-main/install/arlo_interfaces/include/arlo_interfaces/arlo_interfaces/msg
[24.193s] -- Installing: /home/antonio/Robotic-Swarms-main/Robotic-Swarms-main/install/arlo_interfaces/include/arlo_interfaces/arlo_interfaces/msg/rosidl_typesupport_introspection_c__visibility_control.h
[24.193s] -- Up-to-date: /home/antonio/Robotic-Swarms-main/Robotic-Swarms-main/install/arlo_interfaces/include/arlo_interfaces/arlo_interfaces/msg/detail
[24.193s] -- Installing: /home/antonio/Robotic-Swarms-main/Robotic-Swarms-main/install/arlo_interfaces/include/arlo_interfaces/arlo_interfaces/msg/detail/mates_odom__type_support.c
[24.193s] -- Installing: /home/antonio/Robotic-Swarms-main/Robotic-Swarms-main/install/arlo_interfaces/include/arlo_interfaces/arlo_interfaces/msg/detail/pesos_struct__rosidl_typesupport_introspection_c.h
[24.193s] -- Installing: /home/antonio/Robotic-Swarms-main/Robotic-Swarms-main/install/arlo_interfaces/include/arlo_interfaces/arlo_interfaces/msg/detail/pesos_struct__type_support.c
[24.194s] -- Installing: /home/antonio/Robotic-Swarms-main/Robotic-Swarms-main/install/arlo_interfaces/include/arlo_interfaces/arlo_interfaces/msg/detail/estado_arlo__type_support.c
[24.194s] -- Installing: /home/antonio/Robotic-Swarms-main/Robotic-Swarms-main/install/arlo_interfaces/include/arlo_interfaces/arlo_interfaces/msg/detail/estado_arlo__rosidl_typesupport_introspection_c.h
[24.194s] -- Installing: /home/antonio/Robotic-Swarms-main/Robotic-Swarms-main/install/arlo_interfaces/include/arlo_interfaces/arlo_interfaces/msg/detail/mates_odom__rosidl_typesupport_introspection_c.h
[24.194s] -- Installing: /home/antonio/Robotic-Swarms-main/Robotic-Swarms-main/install/arlo_interfaces/lib/libarlo_interfaces__rosidl_typesupport_introspection_c.so
[24.194s] -- Set runtime path of "/home/antonio/Robotic-Swarms-main/Robotic-Swarms-main/install/arlo_interfaces/lib/libarlo_interfaces__rosidl_typesupport_introspection_c.so" to ""
[24.194s] -- Installing: /home/antonio/Robotic-Swarms-main/Robotic-Swarms-main/install/arlo_interfaces/lib/libarlo_interfaces__rosidl_typesupport_c.so
[24.195s] -- Set runtime path of "/home/antonio/Robotic-Swarms-main/Robotic-Swarms-main/install/arlo_interfaces/lib/libarlo_interfaces__rosidl_typesupport_c.so" to ""
[24.195s] -- Up-to-date: /home/antonio/Robotic-Swarms-main/Robotic-Swarms-main/install/arlo_interfaces/include/arlo_interfaces/arlo_interfaces
[24.195s] -- Up-to-date: /home/antonio/Robotic-Swarms-main/Robotic-Swarms-main/install/arlo_interfaces/include/arlo_interfaces/arlo_interfaces/srv
[24.195s] -- Up-to-date: /home/antonio/Robotic-Swarms-main/Robotic-Swarms-main/install/arlo_interfaces/include/arlo_interfaces/arlo_interfaces/srv/detail
[24.195s] -- Installing: /home/antonio/Robotic-Swarms-main/Robotic-Swarms-main/install/arlo_interfaces/include/arlo_interfaces/arlo_interfaces/srv/detail/get_robot_pose__rosidl_typesupport_introspection_cpp.hpp
[24.195s] -- Installing: /home/antonio/Robotic-Swarms-main/Robotic-Swarms-main/install/arlo_interfaces/include/arlo_interfaces/arlo_interfaces/srv/detail/get_mates_fitness__type_support.cpp
[24.196s] -- Installing: /home/antonio/Robotic-Swarms-main/Robotic-Swarms-main/install/arlo_interfaces/include/arlo_interfaces/arlo_interfaces/srv/detail/evaluate_driver__type_support.cpp
[24.196s] -- Installing: /home/antonio/Robotic-Swarms-main/Robotic-Swarms-main/install/arlo_interfaces/include/arlo_interfaces/arlo_interfaces/srv/detail/get_important_weights__type_support.cpp
[24.196s] -- Installing: /home/antonio/Robotic-Swarms-main/Robotic-Swarms-main/install/arlo_interfaces/include/arlo_interfaces/arlo_interfaces/srv/detail/get_robot_pose__type_support.cpp
[24.196s] -- Installing: /home/antonio/Robotic-Swarms-main/Robotic-Swarms-main/install/arlo_interfaces/include/arlo_interfaces/arlo_interfaces/srv/detail/get_important_weights__rosidl_typesupport_introspection_cpp.hpp
[24.196s] -- Installing: /home/antonio/Robotic-Swarms-main/Robotic-Swarms-main/install/arlo_interfaces/include/arlo_interfaces/arlo_interfaces/srv/detail/evaluate_driver__rosidl_typesupport_introspection_cpp.hpp
[24.197s] -- Installing: /home/antonio/Robotic-Swarms-main/Robotic-Swarms-main/install/arlo_interfaces/include/arlo_interfaces/arlo_interfaces/srv/detail/get_mates_fitness__rosidl_typesupport_introspection_cpp.hpp
[24.197s] -- Up-to-date: /home/antonio/Robotic-Swarms-main/Robotic-Swarms-main/install/arlo_interfaces/include/arlo_interfaces/arlo_interfaces/msg
[24.197s] -- Up-to-date: /home/antonio/Robotic-Swarms-main/Robotic-Swarms-main/install/arlo_interfaces/include/arlo_interfaces/arlo_interfaces/msg/detail
[24.197s] -- Installing: /home/antonio/Robotic-Swarms-main/Robotic-Swarms-main/install/arlo_interfaces/include/arlo_interfaces/arlo_interfaces/msg/detail/estado_arlo__rosidl_typesupport_introspection_cpp.hpp
[24.197s] -- Installing: /home/antonio/Robotic-Swarms-main/Robotic-Swarms-main/install/arlo_interfaces/include/arlo_interfaces/arlo_interfaces/msg/detail/mates_odom__type_support.cpp
[24.197s] -- Installing: /home/antonio/Robotic-Swarms-main/Robotic-Swarms-main/install/arlo_interfaces/include/arlo_interfaces/arlo_interfaces/msg/detail/pesos_struct__type_support.cpp
[24.198s] -- Installing: /home/antonio/Robotic-Swarms-main/Robotic-Swarms-main/install/arlo_interfaces/include/arlo_interfaces/arlo_interfaces/msg/detail/mates_odom__rosidl_typesupport_introspection_cpp.hpp
[24.198s] -- Installing: /home/antonio/Robotic-Swarms-main/Robotic-Swarms-main/install/arlo_interfaces/include/arlo_interfaces/arlo_interfaces/msg/detail/pesos_struct__rosidl_typesupport_introspection_cpp.hpp
[24.198s] -- Installing: /home/antonio/Robotic-Swarms-main/Robotic-Swarms-main/install/arlo_interfaces/include/arlo_interfaces/arlo_interfaces/msg/detail/estado_arlo__type_support.cpp
[24.198s] -- Installing: /home/antonio/Robotic-Swarms-main/Robotic-Swarms-main/install/arlo_interfaces/lib/libarlo_interfaces__rosidl_typesupport_introspection_cpp.so
[24.198s] -- Set runtime path of "/home/antonio/Robotic-Swarms-main/Robotic-Swarms-main/install/arlo_interfaces/lib/libarlo_interfaces__rosidl_typesupport_introspection_cpp.so" to ""
[24.198s] -- Installing: /home/antonio/Robotic-Swarms-main/Robotic-Swarms-main/install/arlo_interfaces/lib/libarlo_interfaces__rosidl_typesupport_cpp.so
[24.199s] -- Set runtime path of "/home/antonio/Robotic-Swarms-main/Robotic-Swarms-main/install/arlo_interfaces/lib/libarlo_interfaces__rosidl_typesupport_cpp.so" to ""
[24.199s] -- Installing: /home/antonio/Robotic-Swarms-main/Robotic-Swarms-main/install/arlo_interfaces/share/arlo_interfaces/environment/pythonpath.sh
[24.199s] -- Installing: /home/antonio/Robotic-Swarms-main/Robotic-Swarms-main/install/arlo_interfaces/share/arlo_interfaces/environment/pythonpath.dsv
[24.199s] -- Installing: /home/antonio/Robotic-Swarms-main/Robotic-Swarms-main/install/arlo_interfaces/local/lib/python3.10/dist-packages/arlo_interfaces-0.0.0-py3.10.egg-info
[24.199s] -- Installing: /home/antonio/Robotic-Swarms-main/Robotic-Swarms-main/install/arlo_interfaces/local/lib/python3.10/dist-packages/arlo_interfaces-0.0.0-py3.10.egg-info/dependency_links.txt
[24.200s] -- Installing: /home/antonio/Robotic-Swarms-main/Robotic-Swarms-main/install/arlo_interfaces/local/lib/python3.10/dist-packages/arlo_interfaces-0.0.0-py3.10.egg-info/top_level.txt
[24.200s] -- Installing: /home/antonio/Robotic-Swarms-main/Robotic-Swarms-main/install/arlo_interfaces/local/lib/python3.10/dist-packages/arlo_interfaces-0.0.0-py3.10.egg-info/PKG-INFO
[24.200s] -- Installing: /home/antonio/Robotic-Swarms-main/Robotic-Swarms-main/install/arlo_interfaces/local/lib/python3.10/dist-packages/arlo_interfaces-0.0.0-py3.10.egg-info/SOURCES.txt
[24.200s] -- Installing: /home/antonio/Robotic-Swarms-main/Robotic-Swarms-main/install/arlo_interfaces/local/lib/python3.10/dist-packages/arlo_interfaces
[24.200s] -- Installing: /home/antonio/Robotic-Swarms-main/Robotic-Swarms-main/install/arlo_interfaces/local/lib/python3.10/dist-packages/arlo_interfaces/_arlo_interfaces_s.ep.rosidl_typesupport_c.c
[24.201s] -- Installing: /home/antonio/Robotic-Swarms-main/Robotic-Swarms-main/install/arlo_interfaces/local/lib/python3.10/dist-packages/arlo_interfaces/srv
[24.201s] -- Installing: /home/antonio/Robotic-Swarms-main/Robotic-Swarms-main/install/arlo_interfaces/local/lib/python3.10/dist-packages/arlo_interfaces/srv/_get_important_weights.py
[24.201s] -- Installing: /home/antonio/Robotic-Swarms-main/Robotic-Swarms-main/install/arlo_interfaces/local/lib/python3.10/dist-packages/arlo_interfaces/srv/_get_robot_pose_s.c
[24.201s] -- Installing: /home/antonio/Robotic-Swarms-main/Robotic-Swarms-main/install/arlo_interfaces/local/lib/python3.10/dist-packages/arlo_interfaces/srv/_get_mates_fitness_s.c
[24.201s] -- Installing: /home/antonio/Robotic-Swarms-main/Robotic-Swarms-main/install/arlo_interfaces/local/lib/python3.10/dist-packages/arlo_interfaces/srv/_evaluate_driver_s.c
[24.201s] -- Installing: /home/antonio/Robotic-Swarms-main/Robotic-Swarms-main/install/arlo_interfaces/local/lib/python3.10/dist-packages/arlo_interfaces/srv/_get_mates_fitness.py
[24.202s] -- Installing: /home/antonio/Robotic-Swarms-main/Robotic-Swarms-main/install/arlo_interfaces/local/lib/python3.10/dist-packages/arlo_interfaces/srv/_get_important_weights_s.c
[24.202s] -- Installing: /home/antonio/Robotic-Swarms-main/Robotic-Swarms-main/install/arlo_interfaces/local/lib/python3.10/dist-packages/arlo_interfaces/srv/_get_robot_pose.py
[24.202s] -- Installing: /home/antonio/Robotic-Swarms-main/Robotic-Swarms-main/install/arlo_interfaces/local/lib/python3.10/dist-packages/arlo_interfaces/srv/__init__.py
[24.202s] -- Installing: /home/antonio/Robotic-Swarms-main/Robotic-Swarms-main/install/arlo_interfaces/local/lib/python3.10/dist-packages/arlo_interfaces/srv/_evaluate_driver.py
[24.202s] -- Installing: /home/antonio/Robotic-Swarms-main/Robotic-Swarms-main/install/arlo_interfaces/local/lib/python3.10/dist-packages/arlo_interfaces/arlo_interfaces_s__rosidl_typesupport_fastrtps_c.cpython-310-x86_64-linux-gnu.so
[24.203s] -- Installing: /home/antonio/Robotic-Swarms-main/Robotic-Swarms-main/install/arlo_interfaces/local/lib/python3.10/dist-packages/arlo_interfaces/arlo_interfaces_s__rosidl_typesupport_introspection_c.cpython-310-x86_64-linux-gnu.so
[24.203s] -- Installing: /home/antonio/Robotic-Swarms-main/Robotic-Swarms-main/install/arlo_interfaces/local/lib/python3.10/dist-packages/arlo_interfaces/_arlo_interfaces_s.ep.rosidl_typesupport_introspection_c.c
[24.203s] -- Installing: /home/antonio/Robotic-Swarms-main/Robotic-Swarms-main/install/arlo_interfaces/local/lib/python3.10/dist-packages/arlo_interfaces/msg
[24.203s] -- Installing: /home/antonio/Robotic-Swarms-main/Robotic-Swarms-main/install/arlo_interfaces/local/lib/python3.10/dist-packages/arlo_interfaces/msg/_estado_arlo_s.c
[24.203s] -- Installing: /home/antonio/Robotic-Swarms-main/Robotic-Swarms-main/install/arlo_interfaces/local/lib/python3.10/dist-packages/arlo_interfaces/msg/_pesos_struct_s.c
[24.203s] -- Installing: /home/antonio/Robotic-Swarms-main/Robotic-Swarms-main/install/arlo_interfaces/local/lib/python3.10/dist-packages/arlo_interfaces/msg/_mates_odom_s.c
[24.203s] -- Installing: /home/antonio/Robotic-Swarms-main/Robotic-Swarms-main/install/arlo_interfaces/local/lib/python3.10/dist-packages/arlo_interfaces/msg/_mates_odom.py
[24.204s] -- Installing: /home/antonio/Robotic-Swarms-main/Robotic-Swarms-main/install/arlo_interfaces/local/lib/python3.10/dist-packages/arlo_interfaces/msg/_pesos_struct.py
[24.204s] -- Installing: /home/antonio/Robotic-Swarms-main/Robotic-Swarms-main/install/arlo_interfaces/local/lib/python3.10/dist-packages/arlo_interfaces/msg/_estado_arlo.py
[24.204s] -- Installing: /home/antonio/Robotic-Swarms-main/Robotic-Swarms-main/install/arlo_interfaces/local/lib/python3.10/dist-packages/arlo_interfaces/msg/__init__.py
[24.204s] -- Installing: /home/antonio/Robotic-Swarms-main/Robotic-Swarms-main/install/arlo_interfaces/local/lib/python3.10/dist-packages/arlo_interfaces/arlo_interfaces_s__rosidl_typesupport_c.cpython-310-x86_64-linux-gnu.so
[24.204s] -- Installing: /home/antonio/Robotic-Swarms-main/Robotic-Swarms-main/install/arlo_interfaces/local/lib/python3.10/dist-packages/arlo_interfaces/_arlo_interfaces_s.ep.rosidl_typesupport_fastrtps_c.c
[24.204s] -- Installing: /home/antonio/Robotic-Swarms-main/Robotic-Swarms-main/install/arlo_interfaces/local/lib/python3.10/dist-packages/arlo_interfaces/__init__.py
[24.205s] -- Installing: /home/antonio/Robotic-Swarms-main/Robotic-Swarms-main/install/arlo_interfaces/local/lib/python3.10/dist-packages/arlo_interfaces/libarlo_interfaces__rosidl_generator_py.so
[24.287s] Listing '/home/antonio/Robotic-Swarms-main/Robotic-Swarms-main/install/arlo_interfaces/local/lib/python3.10/dist-packages/arlo_interfaces'...
[24.287s] Compiling '/home/antonio/Robotic-Swarms-main/Robotic-Swarms-main/install/arlo_interfaces/local/lib/python3.10/dist-packages/arlo_interfaces/__init__.py'...
[24.288s] Listing '/home/antonio/Robotic-Swarms-main/Robotic-Swarms-main/install/arlo_interfaces/local/lib/python3.10/dist-packages/arlo_interfaces/msg'...
[24.288s] Compiling '/home/antonio/Robotic-Swarms-main/Robotic-Swarms-main/install/arlo_interfaces/local/lib/python3.10/dist-packages/arlo_interfaces/msg/__init__.py'...
[24.288s] Compiling '/home/antonio/Robotic-Swarms-main/Robotic-Swarms-main/install/arlo_interfaces/local/lib/python3.10/dist-packages/arlo_interfaces/msg/_estado_arlo.py'...
[24.288s] Compiling '/home/antonio/Robotic-Swarms-main/Robotic-Swarms-main/install/arlo_interfaces/local/lib/python3.10/dist-packages/arlo_interfaces/msg/_mates_odom.py'...
[24.288s] Compiling '/home/antonio/Robotic-Swarms-main/Robotic-Swarms-main/install/arlo_interfaces/local/lib/python3.10/dist-packages/arlo_interfaces/msg/_pesos_struct.py'...
[24.288s] Listing '/home/antonio/Robotic-Swarms-main/Robotic-Swarms-main/install/arlo_interfaces/local/lib/python3.10/dist-packages/arlo_interfaces/srv'...
[24.289s] Compiling '/home/antonio/Robotic-Swarms-main/Robotic-Swarms-main/install/arlo_interfaces/local/lib/python3.10/dist-packages/arlo_interfaces/srv/__init__.py'...
[24.289s] Compiling '/home/antonio/Robotic-Swarms-main/Robotic-Swarms-main/install/arlo_interfaces/local/lib/python3.10/dist-packages/arlo_interfaces/srv/_evaluate_driver.py'...
[24.289s] Compiling '/home/antonio/Robotic-Swarms-main/Robotic-Swarms-main/install/arlo_interfaces/local/lib/python3.10/dist-packages/arlo_interfaces/srv/_get_important_weights.py'...
[24.289s] Compiling '/home/antonio/Robotic-Swarms-main/Robotic-Swarms-main/install/arlo_interfaces/local/lib/python3.10/dist-packages/arlo_interfaces/srv/_get_mates_fitness.py'...
[24.289s] Compiling '/home/antonio/Robotic-Swarms-main/Robotic-Swarms-main/install/arlo_interfaces/local/lib/python3.10/dist-packages/arlo_interfaces/srv/_get_robot_pose.py'...
[24.295s] -- Installing: /home/antonio/Robotic-Swarms-main/Robotic-Swarms-main/install/arlo_interfaces/local/lib/python3.10/dist-packages/arlo_interfaces/arlo_interfaces_s__rosidl_typesupport_fastrtps_c.cpython-310-x86_64-linux-gnu.so
[24.295s] -- Set runtime path of "/home/antonio/Robotic-Swarms-main/Robotic-Swarms-main/install/arlo_interfaces/local/lib/python3.10/dist-packages/arlo_interfaces/arlo_interfaces_s__rosidl_typesupport_fastrtps_c.cpython-310-x86_64-linux-gnu.so" to ""
[24.295s] -- Installing: /home/antonio/Robotic-Swarms-main/Robotic-Swarms-main/install/arlo_interfaces/local/lib/python3.10/dist-packages/arlo_interfaces/arlo_interfaces_s__rosidl_typesupport_introspection_c.cpython-310-x86_64-linux-gnu.so
[24.296s] -- Set runtime path of "/home/antonio/Robotic-Swarms-main/Robotic-Swarms-main/install/arlo_interfaces/local/lib/python3.10/dist-packages/arlo_interfaces/arlo_interfaces_s__rosidl_typesupport_introspection_c.cpython-310-x86_64-linux-gnu.so" to ""
[24.296s] -- Installing: /home/antonio/Robotic-Swarms-main/Robotic-Swarms-main/install/arlo_interfaces/local/lib/python3.10/dist-packages/arlo_interfaces/arlo_interfaces_s__rosidl_typesupport_c.cpython-310-x86_64-linux-gnu.so
[24.297s] -- Set runtime path of "/home/antonio/Robotic-Swarms-main/Robotic-Swarms-main/install/arlo_interfaces/local/lib/python3.10/dist-packages/arlo_interfaces/arlo_interfaces_s__rosidl_typesupport_c.cpython-310-x86_64-linux-gnu.so" to ""
[24.297s] -- Installing: /home/antonio/Robotic-Swarms-main/Robotic-Swarms-main/install/arlo_interfaces/lib/libarlo_interfaces__rosidl_generator_py.so
[24.297s] -- Set runtime path of "/home/antonio/Robotic-Swarms-main/Robotic-Swarms-main/install/arlo_interfaces/lib/libarlo_interfaces__rosidl_generator_py.so" to ""
[24.298s] -- Installing: /home/antonio/Robotic-Swarms-main/Robotic-Swarms-main/install/arlo_interfaces/share/arlo_interfaces/msg/PesosStruct.idl
[24.298s] -- Installing: /home/antonio/Robotic-Swarms-main/Robotic-Swarms-main/install/arlo_interfaces/share/arlo_interfaces/msg/EstadoArlo.idl
[24.298s] -- Installing: /home/antonio/Robotic-Swarms-main/Robotic-Swarms-main/install/arlo_interfaces/share/arlo_interfaces/msg/MatesOdom.idl
[24.298s] -- Installing: /home/antonio/Robotic-Swarms-main/Robotic-Swarms-main/install/arlo_interfaces/share/arlo_interfaces/srv/EvaluateDriver.idl
[24.298s] -- Installing: /home/antonio/Robotic-Swarms-main/Robotic-Swarms-main/install/arlo_interfaces/share/arlo_interfaces/srv/GetImportantWeights.idl
[24.299s] -- Installing: /home/antonio/Robotic-Swarms-main/Robotic-Swarms-main/install/arlo_interfaces/share/arlo_interfaces/srv/GetMatesFitness.idl
[24.299s] -- Installing: /home/antonio/Robotic-Swarms-main/Robotic-Swarms-main/install/arlo_interfaces/share/arlo_interfaces/srv/GetRobotPose.idl
[24.299s] -- Installing: /home/antonio/Robotic-Swarms-main/Robotic-Swarms-main/install/arlo_interfaces/share/arlo_interfaces/msg/PesosStruct.msg
[24.299s] -- Installing: /home/antonio/Robotic-Swarms-main/Robotic-Swarms-main/install/arlo_interfaces/share/arlo_interfaces/msg/EstadoArlo.msg
[24.299s] -- Installing: /home/antonio/Robotic-Swarms-main/Robotic-Swarms-main/install/arlo_interfaces/share/arlo_interfaces/msg/MatesOdom.msg
[24.300s] -- Installing: /home/antonio/Robotic-Swarms-main/Robotic-Swarms-main/install/arlo_interfaces/share/arlo_interfaces/srv/EvaluateDriver.srv
[24.300s] -- Installing: /home/antonio/Robotic-Swarms-main/Robotic-Swarms-main/install/arlo_interfaces/share/arlo_interfaces/srv/EvaluateDriver_Request.msg
[24.300s] -- Installing: /home/antonio/Robotic-Swarms-main/Robotic-Swarms-main/install/arlo_interfaces/share/arlo_interfaces/srv/EvaluateDriver_Response.msg
[24.300s] -- Installing: /home/antonio/Robotic-Swarms-main/Robotic-Swarms-main/install/arlo_interfaces/share/arlo_interfaces/srv/GetImportantWeights.srv
[24.300s] -- Installing: /home/antonio/Robotic-Swarms-main/Robotic-Swarms-main/install/arlo_interfaces/share/arlo_interfaces/srv/GetImportantWeights_Request.msg
[24.301s] -- Installing: /home/antonio/Robotic-Swarms-main/Robotic-Swarms-main/install/arlo_interfaces/share/arlo_interfaces/srv/GetImportantWeights_Response.msg
[24.301s] -- Installing: /home/antonio/Robotic-Swarms-main/Robotic-Swarms-main/install/arlo_interfaces/share/arlo_interfaces/srv/GetMatesFitness.srv
[24.301s] -- Installing: /home/antonio/Robotic-Swarms-main/Robotic-Swarms-main/install/arlo_interfaces/share/arlo_interfaces/srv/GetMatesFitness_Request.msg
[24.301s] -- Installing: /home/antonio/Robotic-Swarms-main/Robotic-Swarms-main/install/arlo_interfaces/share/arlo_interfaces/srv/GetMatesFitness_Response.msg
[24.301s] -- Installing: /home/antonio/Robotic-Swarms-main/Robotic-Swarms-main/install/arlo_interfaces/share/arlo_interfaces/srv/GetRobotPose.srv
[24.302s] -- Installing: /home/antonio/Robotic-Swarms-main/Robotic-Swarms-main/install/arlo_interfaces/share/arlo_interfaces/srv/GetRobotPose_Request.msg
[24.302s] -- Installing: /home/antonio/Robotic-Swarms-main/Robotic-Swarms-main/install/arlo_interfaces/share/arlo_interfaces/srv/GetRobotPose_Response.msg
[24.302s] -- Installing: /home/antonio/Robotic-Swarms-main/Robotic-Swarms-main/install/arlo_interfaces/share/ament_index/resource_index/package_run_dependencies/arlo_interfaces
[24.302s] -- Installing: /home/antonio/Robotic-Swarms-main/Robotic-Swarms-main/install/arlo_interfaces/share/ament_index/resource_index/parent_prefix_path/arlo_interfaces
[24.303s] -- Installing: /home/antonio/Robotic-Swarms-main/Robotic-Swarms-main/install/arlo_interfaces/share/arlo_interfaces/environment/ament_prefix_path.sh
[24.303s] -- Installing: /home/antonio/Robotic-Swarms-main/Robotic-Swarms-main/install/arlo_interfaces/share/arlo_interfaces/environment/ament_prefix_path.dsv
[24.303s] -- Installing: /home/antonio/Robotic-Swarms-main/Robotic-Swarms-main/install/arlo_interfaces/share/arlo_interfaces/environment/path.sh
[24.303s] -- Installing: /home/antonio/Robotic-Swarms-main/Robotic-Swarms-main/install/arlo_interfaces/share/arlo_interfaces/environment/path.dsv
[24.303s] -- Installing: /home/antonio/Robotic-Swarms-main/Robotic-Swarms-main/install/arlo_interfaces/share/arlo_interfaces/local_setup.bash
[24.304s] -- Installing: /home/antonio/Robotic-Swarms-main/Robotic-Swarms-main/install/arlo_interfaces/share/arlo_interfaces/local_setup.sh
[24.304s] -- Installing: /home/antonio/Robotic-Swarms-main/Robotic-Swarms-main/install/arlo_interfaces/share/arlo_interfaces/local_setup.zsh
[24.304s] -- Installing: /home/antonio/Robotic-Swarms-main/Robotic-Swarms-main/install/arlo_interfaces/share/arlo_interfaces/local_setup.dsv
[24.305s] -- Installing: /home/antonio/Robotic-Swarms-main/Robotic-Swarms-main/install/arlo_interfaces/share/arlo_interfaces/package.dsv
[24.305s] -- Installing: /home/antonio/Robotic-Swarms-main/Robotic-Swarms-main/install/arlo_interfaces/share/ament_index/resource_index/packages/arlo_interfaces
[24.306s] -- Installing: /home/antonio/Robotic-Swarms-main/Robotic-Swarms-main/install/arlo_interfaces/share/arlo_interfaces/cmake/export_arlo_interfaces__rosidl_generator_cExport.cmake
[24.306s] -- Installing: /home/antonio/Robotic-Swarms-main/Robotic-Swarms-main/install/arlo_interfaces/share/arlo_interfaces/cmake/export_arlo_interfaces__rosidl_generator_cExport-noconfig.cmake
[24.306s] -- Installing: /home/antonio/Robotic-Swarms-main/Robotic-Swarms-main/install/arlo_interfaces/share/arlo_interfaces/cmake/export_arlo_interfaces__rosidl_typesupport_fastrtps_cExport.cmake
[24.306s] -- Installing: /home/antonio/Robotic-Swarms-main/Robotic-Swarms-main/install/arlo_interfaces/share/arlo_interfaces/cmake/export_arlo_interfaces__rosidl_typesupport_fastrtps_cExport-noconfig.cmake
[24.307s] -- Installing: /home/antonio/Robotic-Swarms-main/Robotic-Swarms-main/install/arlo_interfaces/share/arlo_interfaces/cmake/export_arlo_interfaces__rosidl_generator_cppExport.cmake
[24.307s] -- Installing: /home/antonio/Robotic-Swarms-main/Robotic-Swarms-main/install/arlo_interfaces/share/arlo_interfaces/cmake/export_arlo_interfaces__rosidl_typesupport_fastrtps_cppExport.cmake
[24.307s] -- Installing: /home/antonio/Robotic-Swarms-main/Robotic-Swarms-main/install/arlo_interfaces/share/arlo_interfaces/cmake/export_arlo_interfaces__rosidl_typesupport_fastrtps_cppExport-noconfig.cmake
[24.308s] -- Installing: /home/antonio/Robotic-Swarms-main/Robotic-Swarms-main/install/arlo_interfaces/share/arlo_interfaces/cmake/arlo_interfaces__rosidl_typesupport_introspection_cExport.cmake
[24.308s] -- Installing: /home/antonio/Robotic-Swarms-main/Robotic-Swarms-main/install/arlo_interfaces/share/arlo_interfaces/cmake/arlo_interfaces__rosidl_typesupport_introspection_cExport-noconfig.cmake
[24.308s] -- Installing: /home/antonio/Robotic-Swarms-main/Robotic-Swarms-main/install/arlo_interfaces/share/arlo_interfaces/cmake/arlo_interfaces__rosidl_typesupport_cExport.cmake
[24.308s] -- Installing: /home/antonio/Robotic-Swarms-main/Robotic-Swarms-main/install/arlo_interfaces/share/arlo_interfaces/cmake/arlo_interfaces__rosidl_typesupport_cExport-noconfig.cmake
[24.309s] -- Installing: /home/antonio/Robotic-Swarms-main/Robotic-Swarms-main/install/arlo_interfaces/share/arlo_interfaces/cmake/arlo_interfaces__rosidl_typesupport_introspection_cppExport.cmake
[24.309s] -- Installing: /home/antonio/Robotic-Swarms-main/Robotic-Swarms-main/install/arlo_interfaces/share/arlo_interfaces/cmake/arlo_interfaces__rosidl_typesupport_introspection_cppExport-noconfig.cmake
[24.309s] -- Installing: /home/antonio/Robotic-Swarms-main/Robotic-Swarms-main/install/arlo_interfaces/share/arlo_interfaces/cmake/arlo_interfaces__rosidl_typesupport_cppExport.cmake
[24.310s] -- Installing: /home/antonio/Robotic-Swarms-main/Robotic-Swarms-main/install/arlo_interfaces/share/arlo_interfaces/cmake/arlo_interfaces__rosidl_typesupport_cppExport-noconfig.cmake
[24.310s] -- Installing: /home/antonio/Robotic-Swarms-main/Robotic-Swarms-main/install/arlo_interfaces/share/arlo_interfaces/cmake/export_arlo_interfaces__rosidl_generator_pyExport.cmake
[24.310s] -- Installing: /home/antonio/Robotic-Swarms-main/Robotic-Swarms-main/install/arlo_interfaces/share/arlo_interfaces/cmake/export_arlo_interfaces__rosidl_generator_pyExport-noconfig.cmake
[24.310s] -- Installing: /home/antonio/Robotic-Swarms-main/Robotic-Swarms-main/install/arlo_interfaces/share/arlo_interfaces/cmake/rosidl_cmake-extras.cmake
[24.311s] -- Installing: /home/antonio/Robotic-Swarms-main/Robotic-Swarms-main/install/arlo_interfaces/share/arlo_interfaces/cmake/ament_cmake_export_dependencies-extras.cmake
[24.311s] -- Installing: /home/antonio/Robotic-Swarms-main/Robotic-Swarms-main/install/arlo_interfaces/share/arlo_interfaces/cmake/ament_cmake_export_include_directories-extras.cmake
[24.311s] -- Installing: /home/antonio/Robotic-Swarms-main/Robotic-Swarms-main/install/arlo_interfaces/share/arlo_interfaces/cmake/ament_cmake_export_libraries-extras.cmake
[24.312s] -- Installing: /home/antonio/Robotic-Swarms-main/Robotic-Swarms-main/install/arlo_interfaces/share/arlo_interfaces/cmake/ament_cmake_export_targets-extras.cmake
[24.312s] -- Installing: /home/antonio/Robotic-Swarms-main/Robotic-Swarms-main/install/arlo_interfaces/share/arlo_interfaces/cmake/rosidl_cmake_export_typesupport_targets-extras.cmake
[24.313s] -- Installing: /home/antonio/Robotic-Swarms-main/Robotic-Swarms-main/install/arlo_interfaces/share/arlo_interfaces/cmake/rosidl_cmake_export_typesupport_libraries-extras.cmake
[24.313s] -- Installing: /home/antonio/Robotic-Swarms-main/Robotic-Swarms-main/install/arlo_interfaces/share/arlo_interfaces/cmake/arlo_interfacesConfig.cmake
[24.313s] -- Installing: /home/antonio/Robotic-Swarms-main/Robotic-Swarms-main/install/arlo_interfaces/share/arlo_interfaces/cmake/arlo_interfacesConfig-version.cmake
[24.313s] -- Installing: /home/antonio/Robotic-Swarms-main/Robotic-Swarms-main/install/arlo_interfaces/share/arlo_interfaces/package.xml
[24.316s] Invoked command in '/home/antonio/Robotic-Swarms-main/Robotic-Swarms-main/build/arlo_interfaces' returned '0': CMAKE_PREFIX_PATH=${CMAKE_PREFIX_PATH}:/opt/ros/humble /usr/bin/cmake --install /home/antonio/Robotic-Swarms-main/Robotic-Swarms-main/build/arlo_interfaces
