[0.155s] Invoking command in '/home/antonio/Robotic-Swarms-main/Robotic-Swarms-main/build/arlo_interfaces': CMAKE_PREFIX_PATH=${CMAKE_PREFIX_PATH}:/opt/ros/humble /usr/bin/cmake /home/antonio/Robotic-Swarms-main/Robotic-Swarms-main/arlo_interfaces -DCMAKE_INSTALL_PREFIX=/home/antonio/Robotic-Swarms-main/Robotic-Swarms-main/install/arlo_interfaces
[1.908s] -- The C compiler identification is GNU 11.4.0
[2.617s] -- The CXX compiler identification is GNU 11.4.0
[2.780s] -- Detecting C compiler ABI info
[3.085s] -- Detecting C compiler ABI info - done
[3.101s] -- Check for working C compiler: /usr/bin/cc - skipped
[3.102s] -- Detecting C compile features
[3.123s] -- Detecting C compile features - done
[3.145s] -- Detecting CXX compiler ABI info
[3.337s] -- Detecting CXX compiler ABI info - done
[3.348s] -- Check for working CXX compiler: /usr/bin/c++ - skipped
[3.348s] -- Detecting CXX compile features
[3.349s] -- Detecting CXX compile features - done
[3.413s] -- Found ament_cmake: 1.3.12 (/opt/ros/humble/share/ament_cmake/cmake)
[3.743s] -- Found Python3: /usr/bin/python3 (found version "3.10.12") found components: Interpreter 
[4.118s] -- Found sensor_msgs: 4.9.0 (/opt/ros/humble/share/sensor_msgs/cmake)
[4.361s] -- Found rosidl_generator_c: 3.1.7 (/opt/ros/humble/share/rosidl_generator_c/cmake)
[4.400s] -- Found rosidl_adapter: 3.1.7 (/opt/ros/humble/share/rosidl_adapter/cmake)
[4.475s] -- Found rosidl_generator_cpp: 3.1.7 (/opt/ros/humble/share/rosidl_generator_cpp/cmake)
[4.551s] -- Using all available rosidl_typesupport_c: rosidl_typesupport_fastrtps_c;rosidl_typesupport_introspection_c
[4.641s] -- Using all available rosidl_typesupport_cpp: rosidl_typesupport_fastrtps_cpp;rosidl_typesupport_introspection_cpp
[4.981s] -- Found nav_msgs: 4.9.0 (/opt/ros/humble/share/nav_msgs/cmake)
[5.191s] -- Found rosidl_default_generators: 1.2.0 (/opt/ros/humble/share/rosidl_default_generators/cmake)
[6.965s] -- Found ament_cmake_ros: 0.10.0 (/opt/ros/humble/share/ament_cmake_ros/cmake)
[8.094s] -- Using all available rosidl_typesupport_c: rosidl_typesupport_fastrtps_c;rosidl_typesupport_introspection_c
[8.457s] -- Using all available rosidl_typesupport_cpp: rosidl_typesupport_fastrtps_cpp;rosidl_typesupport_introspection_cpp
[8.516s] -- Found PythonInterp: /usr/bin/python3 (found suitable version "3.10.12", minimum required is "3.6") 
[8.549s] -- Found python_cmake_module: 0.10.0 (/opt/ros/humble/share/python_cmake_module/cmake)
[8.660s] -- Found PythonLibs: /usr/lib/x86_64-linux-gnu/libpython3.10.so (found suitable version "3.10.12", minimum required is "3.5") 
[8.661s] -- Using PYTHON_EXECUTABLE: /usr/bin/python3
[8.662s] -- Using PYTHON_INCLUDE_DIRS: /usr/include/python3.10
[8.662s] -- Using PYTHON_LIBRARIES: /usr/lib/x86_64-linux-gnu/libpython3.10.so
[8.699s] -- Found PythonExtra: .so  
[9.029s] -- Configuring done
[9.137s] -- Generating done
[9.154s] -- Build files have been written to: /home/antonio/Robotic-Swarms-main/Robotic-Swarms-main/build/arlo_interfaces
[9.168s] Invoked command in '/home/antonio/Robotic-Swarms-main/Robotic-Swarms-main/build/arlo_interfaces' returned '0': CMAKE_PREFIX_PATH=${CMAKE_PREFIX_PATH}:/opt/ros/humble /usr/bin/cmake /home/antonio/Robotic-Swarms-main/Robotic-Swarms-main/arlo_interfaces -DCMAKE_INSTALL_PREFIX=/home/antonio/Robotic-Swarms-main/Robotic-Swarms-main/install/arlo_interfaces
[9.176s] Invoking command in '/home/antonio/Robotic-Swarms-main/Robotic-Swarms-main/build/arlo_interfaces': CMAKE_PREFIX_PATH=${CMAKE_PREFIX_PATH}:/opt/ros/humble /usr/bin/cmake --build /home/antonio/Robotic-Swarms-main/Robotic-Swarms-main/build/arlo_interfaces -- -j4 -l4
[9.236s] [  1%] [34m[1mGenerating C code for ROS interfaces[0m
[9.256s] [  2%] [34m[1mGenerating C++ code for ROS interfaces[0m
[9.266s] [  2%] Built target ament_cmake_python_copy_arlo_interfaces
[9.676s] running egg_info
[9.678s] creating arlo_interfaces.egg-info
[9.678s] writing arlo_interfaces.egg-info/PKG-INFO
[9.678s] writing dependency_links to arlo_interfaces.egg-info/dependency_links.txt
[9.679s] writing top-level names to arlo_interfaces.egg-info/top_level.txt
[9.680s] writing manifest file 'arlo_interfaces.egg-info/SOURCES.txt'
[9.743s] reading manifest file 'arlo_interfaces.egg-info/SOURCES.txt'
[9.744s] writing manifest file 'arlo_interfaces.egg-info/SOURCES.txt'
[9.794s] [  2%] Built target ament_cmake_python_build_arlo_interfaces_egg
[10.642s] [  2%] Built target arlo_interfaces__cpp
[10.645s] [  3%] [32mBuilding C object CMakeFiles/arlo_interfaces__rosidl_generator_c.dir/rosidl_generator_c/arlo_interfaces/msg/detail/mates_odom__functions.c.o[0m
[10.645s] [  5%] [32mBuilding C object CMakeFiles/arlo_interfaces__rosidl_generator_c.dir/rosidl_generator_c/arlo_interfaces/msg/detail/pesos_struct__functions.c.o[0m
[10.645s] [  6%] [32mBuilding C object CMakeFiles/arlo_interfaces__rosidl_generator_c.dir/rosidl_generator_c/arlo_interfaces/msg/detail/estado_arlo__functions.c.o[0m
[10.656s] [  7%] [32mBuilding C object CMakeFiles/arlo_interfaces__rosidl_generator_c.dir/rosidl_generator_c/arlo_interfaces/srv/detail/evaluate_driver__functions.c.o[0m
[11.449s] [  8%] [34m[1mGenerating C++ type support dispatch for ROS interfaces[0m
[11.449s] [ 10%] [32mBuilding C object CMakeFiles/arlo_interfaces__rosidl_generator_c.dir/rosidl_generator_c/arlo_interfaces/srv/detail/get_mates_fitness__functions.c.o[0m
[11.450s] [ 11%] [32mBuilding C object CMakeFiles/arlo_interfaces__rosidl_generator_c.dir/rosidl_generator_c/arlo_interfaces/srv/detail/get_important_weights__functions.c.o[0m
[11.472s] [ 12%] [34m[1mGenerating C++ type support for eProsima Fast-RTPS[0m
[11.556s] [ 13%] [34m[1mGenerating C++ introspection for ROS interfaces[0m
[11.566s] [ 15%] [32mBuilding C object CMakeFiles/arlo_interfaces__rosidl_generator_c.dir/rosidl_generator_c/arlo_interfaces/srv/detail/get_robot_pose__functions.c.o[0m
[11.684s] [ 16%] [32m[1mLinking C shared library libarlo_interfaces__rosidl_generator_c.so[0m
[11.832s] [ 16%] Built target arlo_interfaces__rosidl_generator_c
[11.852s] [ 17%] [34m[1mGenerating C type support for eProsima Fast-RTPS[0m
[12.511s] [ 18%] [32mBuilding CXX object CMakeFiles/arlo_interfaces__rosidl_typesupport_cpp.dir/rosidl_typesupport_cpp/arlo_interfaces/msg/pesos_struct__type_support.cpp.o[0m
[12.928s] [ 20%] [32mBuilding CXX object CMakeFiles/arlo_interfaces__rosidl_typesupport_fastrtps_cpp.dir/rosidl_typesupport_fastrtps_cpp/arlo_interfaces/msg/detail/dds_fastrtps/pesos_struct__type_support.cpp.o[0m
[12.937s] [ 21%] [32mBuilding CXX object CMakeFiles/arlo_interfaces__rosidl_typesupport_introspection_cpp.dir/rosidl_typesupport_introspection_cpp/arlo_interfaces/msg/detail/pesos_struct__type_support.cpp.o[0m
[13.276s] [ 22%] [32mBuilding CXX object CMakeFiles/arlo_interfaces__rosidl_typesupport_fastrtps_c.dir/rosidl_typesupport_fastrtps_c/arlo_interfaces/msg/detail/pesos_struct__type_support_c.cpp.o[0m
[14.605s] [ 24%] [32mBuilding CXX object CMakeFiles/arlo_interfaces__rosidl_typesupport_cpp.dir/rosidl_typesupport_cpp/arlo_interfaces/msg/estado_arlo__type_support.cpp.o[0m
[14.911s] [ 25%] [32mBuilding CXX object CMakeFiles/arlo_interfaces__rosidl_typesupport_fastrtps_c.dir/rosidl_typesupport_fastrtps_c/arlo_interfaces/msg/detail/estado_arlo__type_support_c.cpp.o[0m
[14.929s] [ 26%] [32mBuilding CXX object CMakeFiles/arlo_interfaces__rosidl_typesupport_introspection_cpp.dir/rosidl_typesupport_introspection_cpp/arlo_interfaces/msg/detail/estado_arlo__type_support.cpp.o[0m
[15.073s] [ 27%] [32mBuilding CXX object CMakeFiles/arlo_interfaces__rosidl_typesupport_fastrtps_cpp.dir/rosidl_typesupport_fastrtps_cpp/arlo_interfaces/msg/detail/dds_fastrtps/estado_arlo__type_support.cpp.o[0m
[15.450s] [ 29%] [32mBuilding CXX object CMakeFiles/arlo_interfaces__rosidl_typesupport_cpp.dir/rosidl_typesupport_cpp/arlo_interfaces/msg/mates_odom__type_support.cpp.o[0m
[15.694s] [ 30%] [32mBuilding CXX object CMakeFiles/arlo_interfaces__rosidl_typesupport_fastrtps_c.dir/rosidl_typesupport_fastrtps_c/arlo_interfaces/msg/detail/mates_odom__type_support_c.cpp.o[0m
[15.904s] [ 31%] [32mBuilding CXX object CMakeFiles/arlo_interfaces__rosidl_typesupport_introspection_cpp.dir/rosidl_typesupport_introspection_cpp/arlo_interfaces/msg/detail/mates_odom__type_support.cpp.o[0m
[16.022s] [ 32%] [32mBuilding CXX object CMakeFiles/arlo_interfaces__rosidl_typesupport_fastrtps_cpp.dir/rosidl_typesupport_fastrtps_cpp/arlo_interfaces/msg/detail/dds_fastrtps/mates_odom__type_support.cpp.o[0m
[16.094s] [ 34%] [32mBuilding CXX object CMakeFiles/arlo_interfaces__rosidl_typesupport_cpp.dir/rosidl_typesupport_cpp/arlo_interfaces/srv/evaluate_driver__type_support.cpp.o[0m
[16.510s] [ 35%] [32mBuilding CXX object CMakeFiles/arlo_interfaces__rosidl_typesupport_fastrtps_c.dir/rosidl_typesupport_fastrtps_c/arlo_interfaces/srv/detail/evaluate_driver__type_support_c.cpp.o[0m
[16.719s] [ 36%] [32mBuilding CXX object CMakeFiles/arlo_interfaces__rosidl_typesupport_cpp.dir/rosidl_typesupport_cpp/arlo_interfaces/srv/get_important_weights__type_support.cpp.o[0m
[16.820s] [ 37%] [32mBuilding CXX object CMakeFiles/arlo_interfaces__rosidl_typesupport_introspection_cpp.dir/rosidl_typesupport_introspection_cpp/arlo_interfaces/srv/detail/evaluate_driver__type_support.cpp.o[0m
[16.963s] [ 39%] [32mBuilding CXX object CMakeFiles/arlo_interfaces__rosidl_typesupport_fastrtps_cpp.dir/rosidl_typesupport_fastrtps_cpp/arlo_interfaces/srv/detail/dds_fastrtps/evaluate_driver__type_support.cpp.o[0m
[17.336s] [ 40%] [32mBuilding CXX object CMakeFiles/arlo_interfaces__rosidl_typesupport_cpp.dir/rosidl_typesupport_cpp/arlo_interfaces/srv/get_mates_fitness__type_support.cpp.o[0m
[17.431s] [ 41%] [32mBuilding CXX object CMakeFiles/arlo_interfaces__rosidl_typesupport_fastrtps_c.dir/rosidl_typesupport_fastrtps_c/arlo_interfaces/srv/detail/get_important_weights__type_support_c.cpp.o[0m
[17.703s] [ 43%] [32mBuilding CXX object CMakeFiles/arlo_interfaces__rosidl_typesupport_introspection_cpp.dir/rosidl_typesupport_introspection_cpp/arlo_interfaces/srv/detail/get_important_weights__type_support.cpp.o[0m
[17.914s] [ 44%] [32mBuilding CXX object CMakeFiles/arlo_interfaces__rosidl_typesupport_fastrtps_cpp.dir/rosidl_typesupport_fastrtps_cpp/arlo_interfaces/srv/detail/dds_fastrtps/get_important_weights__type_support.cpp.o[0m
[17.979s] [ 45%] [32mBuilding CXX object CMakeFiles/arlo_interfaces__rosidl_typesupport_cpp.dir/rosidl_typesupport_cpp/arlo_interfaces/srv/get_robot_pose__type_support.cpp.o[0m
[18.261s] [ 46%] [32mBuilding CXX object CMakeFiles/arlo_interfaces__rosidl_typesupport_fastrtps_c.dir/rosidl_typesupport_fastrtps_c/arlo_interfaces/srv/detail/get_mates_fitness__type_support_c.cpp.o[0m
[18.589s] [ 48%] [32mBuilding CXX object CMakeFiles/arlo_interfaces__rosidl_typesupport_introspection_cpp.dir/rosidl_typesupport_introspection_cpp/arlo_interfaces/srv/detail/get_mates_fitness__type_support.cpp.o[0m
[18.619s] [ 49%] [32m[1mLinking CXX shared library libarlo_interfaces__rosidl_typesupport_cpp.so[0m
[18.728s] [ 49%] Built target arlo_interfaces__rosidl_typesupport_cpp
[18.748s] [ 50%] [32mBuilding CXX object CMakeFiles/arlo_interfaces__rosidl_typesupport_fastrtps_cpp.dir/rosidl_typesupport_fastrtps_cpp/arlo_interfaces/srv/detail/dds_fastrtps/get_mates_fitness__type_support.cpp.o[0m
[18.865s] [ 51%] [32mBuilding CXX object CMakeFiles/arlo_interfaces__rosidl_typesupport_fastrtps_c.dir/rosidl_typesupport_fastrtps_c/arlo_interfaces/srv/detail/get_robot_pose__type_support_c.cpp.o[0m
[19.075s] [ 53%] [32mBuilding CXX object CMakeFiles/arlo_interfaces__rosidl_typesupport_introspection_cpp.dir/rosidl_typesupport_introspection_cpp/arlo_interfaces/srv/detail/get_robot_pose__type_support.cpp.o[0m
[19.484s] [ 54%] [32mBuilding CXX object CMakeFiles/arlo_interfaces__rosidl_typesupport_fastrtps_cpp.dir/rosidl_typesupport_fastrtps_cpp/arlo_interfaces/srv/detail/dds_fastrtps/get_robot_pose__type_support.cpp.o[0m
[19.662s] [ 55%] [32m[1mLinking CXX shared library libarlo_interfaces__rosidl_typesupport_fastrtps_c.so[0m
[19.683s] [ 56%] [34m[1mGenerating C introspection for ROS interfaces[0m
[19.929s] [ 56%] Built target arlo_interfaces__rosidl_typesupport_fastrtps_c
[19.947s] [ 58%] [34m[1mGenerating C type support dispatch for ROS interfaces[0m
[19.977s] [ 59%] [32m[1mLinking CXX shared library libarlo_interfaces__rosidl_typesupport_introspection_cpp.so[0m
[20.295s] [ 59%] Built target arlo_interfaces__rosidl_typesupport_introspection_cpp
[20.385s] [ 60%] [32m[1mLinking CXX shared library libarlo_interfaces__rosidl_typesupport_fastrtps_cpp.so[0m
[20.783s] [ 62%] [32mBuilding CXX object CMakeFiles/arlo_interfaces__rosidl_typesupport_c.dir/rosidl_typesupport_c/arlo_interfaces/msg/pesos_struct__type_support.cpp.o[0m
[20.788s] [ 63%] [32mBuilding CXX object CMakeFiles/arlo_interfaces__rosidl_typesupport_c.dir/rosidl_typesupport_c/arlo_interfaces/msg/estado_arlo__type_support.cpp.o[0m
[20.791s] [ 64%] [32mBuilding C object CMakeFiles/arlo_interfaces__rosidl_typesupport_introspection_c.dir/rosidl_typesupport_introspection_c/arlo_interfaces/msg/detail/pesos_struct__type_support.c.o[0m
[20.851s] [ 65%] [32mBuilding C object CMakeFiles/arlo_interfaces__rosidl_typesupport_introspection_c.dir/rosidl_typesupport_introspection_c/arlo_interfaces/msg/detail/estado_arlo__type_support.c.o[0m
[20.867s] [ 65%] Built target arlo_interfaces__rosidl_typesupport_fastrtps_cpp
[20.879s] [ 67%] [32mBuilding CXX object CMakeFiles/arlo_interfaces__rosidl_typesupport_c.dir/rosidl_typesupport_c/arlo_interfaces/msg/mates_odom__type_support.cpp.o[0m
[20.879s] [ 68%] [32mBuilding CXX object CMakeFiles/arlo_interfaces__rosidl_typesupport_c.dir/rosidl_typesupport_c/arlo_interfaces/srv/evaluate_driver__type_support.cpp.o[0m
[20.883s] [ 69%] [32mBuilding CXX object CMakeFiles/arlo_interfaces__rosidl_typesupport_c.dir/rosidl_typesupport_c/arlo_interfaces/srv/get_important_weights__type_support.cpp.o[0m
[20.935s] [ 70%] [32mBuilding CXX object CMakeFiles/arlo_interfaces__rosidl_typesupport_c.dir/rosidl_typesupport_c/arlo_interfaces/srv/get_mates_fitness__type_support.cpp.o[0m
[20.940s] [ 73%] [32mBuilding C object CMakeFiles/arlo_interfaces__rosidl_typesupport_introspection_c.dir/rosidl_typesupport_introspection_c/arlo_interfaces/msg/detail/mates_odom__type_support.c.o[0m
[20.941s] [ 73%] [32mBuilding CXX object CMakeFiles/arlo_interfaces__rosidl_typesupport_c.dir/rosidl_typesupport_c/arlo_interfaces/srv/get_robot_pose__type_support.cpp.o[0m
[20.965s] [ 74%] [32mBuilding C object CMakeFiles/arlo_interfaces__rosidl_typesupport_introspection_c.dir/rosidl_typesupport_introspection_c/arlo_interfaces/srv/detail/evaluate_driver__type_support.c.o[0m
[20.993s] [ 75%] [32mBuilding C object CMakeFiles/arlo_interfaces__rosidl_typesupport_introspection_c.dir/rosidl_typesupport_introspection_c/arlo_interfaces/srv/detail/get_important_weights__type_support.c.o[0m
[20.999s] [ 77%] [32m[1mLinking CXX shared library libarlo_interfaces__rosidl_typesupport_c.so[0m
[21.013s] [ 78%] [32mBuilding C object CMakeFiles/arlo_interfaces__rosidl_typesupport_introspection_c.dir/rosidl_typesupport_introspection_c/arlo_interfaces/srv/detail/get_mates_fitness__type_support.c.o[0m
[21.039s] [ 79%] [32mBuilding C object CMakeFiles/arlo_interfaces__rosidl_typesupport_introspection_c.dir/rosidl_typesupport_introspection_c/arlo_interfaces/srv/detail/get_robot_pose__type_support.c.o[0m
[21.092s] [ 81%] [32m[1mLinking C shared library libarlo_interfaces__rosidl_typesupport_introspection_c.so[0m
[21.127s] [ 81%] Built target arlo_interfaces__rosidl_typesupport_c
[21.178s] [ 81%] Built target arlo_interfaces__rosidl_typesupport_introspection_c
[21.204s] [ 81%] Built target arlo_interfaces
[21.234s] [ 82%] [34m[1mGenerating Python code for ROS interfaces[0m
[22.822s] [ 82%] Built target arlo_interfaces__py
[22.850s] [ 86%] [32mBuilding C object CMakeFiles/arlo_interfaces__rosidl_generator_py.dir/rosidl_generator_py/arlo_interfaces/msg/_mates_odom_s.c.o[0m
[22.850s] [ 86%] [32mBuilding C object CMakeFiles/arlo_interfaces__rosidl_generator_py.dir/rosidl_generator_py/arlo_interfaces/msg/_pesos_struct_s.c.o[0m
[22.850s] [ 87%] [32mBuilding C object CMakeFiles/arlo_interfaces__rosidl_generator_py.dir/rosidl_generator_py/arlo_interfaces/msg/_estado_arlo_s.c.o[0m
[22.851s] [ 87%] [32mBuilding C object CMakeFiles/arlo_interfaces__rosidl_generator_py.dir/rosidl_generator_py/arlo_interfaces/srv/_evaluate_driver_s.c.o[0m
[23.657s] [ 88%] [32mBuilding C object CMakeFiles/arlo_interfaces__rosidl_generator_py.dir/rosidl_generator_py/arlo_interfaces/srv/_get_important_weights_s.c.o[0m
[23.663s] [ 89%] [32mBuilding C object CMakeFiles/arlo_interfaces__rosidl_generator_py.dir/rosidl_generator_py/arlo_interfaces/srv/_get_mates_fitness_s.c.o[0m
[23.666s] [ 91%] [32mBuilding C object CMakeFiles/arlo_interfaces__rosidl_generator_py.dir/rosidl_generator_py/arlo_interfaces/srv/_get_robot_pose_s.c.o[0m
[23.883s] [ 92%] [32m[1mLinking C shared library rosidl_generator_py/arlo_interfaces/libarlo_interfaces__rosidl_generator_py.so[0m
[24.074s] [ 92%] Built target arlo_interfaces__rosidl_generator_py
[24.101s] [ 93%] [32mBuilding C object CMakeFiles/arlo_interfaces__rosidl_typesupport_c__pyext.dir/rosidl_generator_py/arlo_interfaces/_arlo_interfaces_s.ep.rosidl_typesupport_c.c.o[0m
[24.108s] [ 96%] [32mBuilding C object CMakeFiles/arlo_interfaces__rosidl_typesupport_introspection_c__pyext.dir/rosidl_generator_py/arlo_interfaces/_arlo_interfaces_s.ep.rosidl_typesupport_introspection_c.c.o[0m
[24.109s] [ 96%] [32mBuilding C object CMakeFiles/arlo_interfaces__rosidl_typesupport_fastrtps_c__pyext.dir/rosidl_generator_py/arlo_interfaces/_arlo_interfaces_s.ep.rosidl_typesupport_fastrtps_c.c.o[0m
[24.288s] [ 97%] [32m[1mLinking C shared library rosidl_generator_py/arlo_interfaces/arlo_interfaces_s__rosidl_typesupport_c.cpython-310-x86_64-linux-gnu.so[0m
[24.345s] [ 97%] Built target arlo_interfaces__rosidl_typesupport_c__pyext
[24.391s] [100%] [32m[1mLinking C shared library rosidl_generator_py/arlo_interfaces/arlo_interfaces_s__rosidl_typesupport_fastrtps_c.cpython-310-x86_64-linux-gnu.so[0m
[24.392s] [100%] [32m[1mLinking C shared library rosidl_generator_py/arlo_interfaces/arlo_interfaces_s__rosidl_typesupport_introspection_c.cpython-310-x86_64-linux-gnu.so[0m
[24.449s] [100%] Built target arlo_interfaces__rosidl_typesupport_fastrtps_c__pyext
[24.449s] [100%] Built target arlo_interfaces__rosidl_typesupport_introspection_c__pyext
[24.464s] Invoked command in '/home/antonio/Robotic-Swarms-main/Robotic-Swarms-main/build/arlo_interfaces' returned '0': CMAKE_PREFIX_PATH=${CMAKE_PREFIX_PATH}:/opt/ros/humble /usr/bin/cmake --build /home/antonio/Robotic-Swarms-main/Robotic-Swarms-main/build/arlo_interfaces -- -j4 -l4
[24.479s] Invoking command in '/home/antonio/Robotic-Swarms-main/Robotic-Swarms-main/build/arlo_interfaces': CMAKE_PREFIX_PATH=${CMAKE_PREFIX_PATH}:/opt/ros/humble /usr/bin/cmake --install /home/antonio/Robotic-Swarms-main/Robotic-Swarms-main/build/arlo_interfaces
[24.490s] -- Install configuration: ""
[24.491s] -- Installing: /home/antonio/Robotic-Swarms-main/Robotic-Swarms-main/install/arlo_interfaces/share/ament_index/resource_index/rosidl_interfaces/arlo_interfaces
[24.491s] -- Installing: /home/antonio/Robotic-Swarms-main/Robotic-Swarms-main/install/arlo_interfaces/include/arlo_interfaces/arlo_interfaces
[24.491s] -- Installing: /home/antonio/Robotic-Swarms-main/Robotic-Swarms-main/install/arlo_interfaces/include/arlo_interfaces/arlo_interfaces/srv
[24.491s] -- Installing: /home/antonio/Robotic-Swarms-main/Robotic-Swarms-main/install/arlo_interfaces/include/arlo_interfaces/arlo_interfaces/srv/get_important_weights.h
[24.491s] -- Installing: /home/antonio/Robotic-Swarms-main/Robotic-Swarms-main/install/arlo_interfaces/include/arlo_interfaces/arlo_interfaces/srv/detail
[24.491s] -- Installing: /home/antonio/Robotic-Swarms-main/Robotic-Swarms-main/install/arlo_interfaces/include/arlo_interfaces/arlo_interfaces/srv/detail/get_robot_pose__functions.c
[24.492s] -- Installing: /home/antonio/Robotic-Swarms-main/Robotic-Swarms-main/install/arlo_interfaces/include/arlo_interfaces/arlo_interfaces/srv/detail/get_mates_fitness__type_support.h
[24.492s] -- Installing: /home/antonio/Robotic-Swarms-main/Robotic-Swarms-main/install/arlo_interfaces/include/arlo_interfaces/arlo_interfaces/srv/detail/get_important_weights__functions.h
[24.492s] -- Installing: /home/antonio/Robotic-Swarms-main/Robotic-Swarms-main/install/arlo_interfaces/include/arlo_interfaces/arlo_interfaces/srv/detail/get_mates_fitness__functions.c
[24.492s] -- Installing: /home/antonio/Robotic-Swarms-main/Robotic-Swarms-main/install/arlo_interfaces/include/arlo_interfaces/arlo_interfaces/srv/detail/get_important_weights__functions.c
[24.492s] -- Installing: /home/antonio/Robotic-Swarms-main/Robotic-Swarms-main/install/arlo_interfaces/include/arlo_interfaces/arlo_interfaces/srv/detail/evaluate_driver__type_support.h
[24.492s] -- Installing: /home/antonio/Robotic-Swarms-main/Robotic-Swarms-main/install/arlo_interfaces/include/arlo_interfaces/arlo_interfaces/srv/detail/get_robot_pose__struct.h
[24.493s] -- Installing: /home/antonio/Robotic-Swarms-main/Robotic-Swarms-main/install/arlo_interfaces/include/arlo_interfaces/arlo_interfaces/srv/detail/evaluate_driver__functions.h
[24.493s] -- Installing: /home/antonio/Robotic-Swarms-main/Robotic-Swarms-main/install/arlo_interfaces/include/arlo_interfaces/arlo_interfaces/srv/detail/evaluate_driver__struct.h
[24.493s] -- Installing: /home/antonio/Robotic-Swarms-main/Robotic-Swarms-main/install/arlo_interfaces/include/arlo_interfaces/arlo_interfaces/srv/detail/get_mates_fitness__functions.h
[24.493s] -- Installing: /home/antonio/Robotic-Swarms-main/Robotic-Swarms-main/install/arlo_interfaces/include/arlo_interfaces/arlo_interfaces/srv/detail/get_robot_pose__type_support.h
[24.493s] -- Installing: /home/antonio/Robotic-Swarms-main/Robotic-Swarms-main/install/arlo_interfaces/include/arlo_interfaces/arlo_interfaces/srv/detail/get_robot_pose__functions.h
[24.494s] -- Installing: /home/antonio/Robotic-Swarms-main/Robotic-Swarms-main/install/arlo_interfaces/include/arlo_interfaces/arlo_interfaces/srv/detail/get_important_weights__struct.h
[24.494s] -- Installing: /home/antonio/Robotic-Swarms-main/Robotic-Swarms-main/install/arlo_interfaces/include/arlo_interfaces/arlo_interfaces/srv/detail/get_important_weights__type_support.h
[24.494s] -- Installing: /home/antonio/Robotic-Swarms-main/Robotic-Swarms-main/install/arlo_interfaces/include/arlo_interfaces/arlo_interfaces/srv/detail/evaluate_driver__functions.c
[24.494s] -- Installing: /home/antonio/Robotic-Swarms-main/Robotic-Swarms-main/install/arlo_interfaces/include/arlo_interfaces/arlo_interfaces/srv/detail/get_mates_fitness__struct.h
[24.494s] -- Installing: /home/antonio/Robotic-Swarms-main/Robotic-Swarms-main/install/arlo_interfaces/include/arlo_interfaces/arlo_interfaces/srv/get_mates_fitness.h
[24.494s] -- Installing: /home/antonio/Robotic-Swarms-main/Robotic-Swarms-main/install/arlo_interfaces/include/arlo_interfaces/arlo_interfaces/srv/get_robot_pose.h
[24.495s] -- Installing: /home/antonio/Robotic-Swarms-main/Robotic-Swarms-main/install/arlo_interfaces/include/arlo_interfaces/arlo_interfaces/srv/evaluate_driver.h
[24.495s] -- Installing: /home/antonio/Robotic-Swarms-main/Robotic-Swarms-main/install/arlo_interfaces/include/arlo_interfaces/arlo_interfaces/msg
[24.495s] -- Installing: /home/antonio/Robotic-Swarms-main/Robotic-Swarms-main/install/arlo_interfaces/include/arlo_interfaces/arlo_interfaces/msg/rosidl_generator_c__visibility_control.h
[24.495s] -- Installing: /home/antonio/Robotic-Swarms-main/Robotic-Swarms-main/install/arlo_interfaces/include/arlo_interfaces/arlo_interfaces/msg/pesos_struct.h
[24.495s] -- Installing: /home/antonio/Robotic-Swarms-main/Robotic-Swarms-main/install/arlo_interfaces/include/arlo_interfaces/arlo_interfaces/msg/estado_arlo.h
[24.496s] -- Installing: /home/antonio/Robotic-Swarms-main/Robotic-Swarms-main/install/arlo_interfaces/include/arlo_interfaces/arlo_interfaces/msg/detail
[24.496s] -- Installing: /home/antonio/Robotic-Swarms-main/Robotic-Swarms-main/install/arlo_interfaces/include/arlo_interfaces/arlo_interfaces/msg/detail/estado_arlo__struct.h
[24.496s] -- Installing: /home/antonio/Robotic-Swarms-main/Robotic-Swarms-main/install/arlo_interfaces/include/arlo_interfaces/arlo_interfaces/msg/detail/pesos_struct__functions.h
[24.496s] -- Installing: /home/antonio/Robotic-Swarms-main/Robotic-Swarms-main/install/arlo_interfaces/include/arlo_interfaces/arlo_interfaces/msg/detail/mates_odom__functions.c
[24.496s] -- Installing: /home/antonio/Robotic-Swarms-main/Robotic-Swarms-main/install/arlo_interfaces/include/arlo_interfaces/arlo_interfaces/msg/detail/estado_arlo__functions.c
[24.496s] -- Installing: /home/antonio/Robotic-Swarms-main/Robotic-Swarms-main/install/arlo_interfaces/include/arlo_interfaces/arlo_interfaces/msg/detail/estado_arlo__type_support.h
[24.497s] -- Installing: /home/antonio/Robotic-Swarms-main/Robotic-Swarms-main/install/arlo_interfaces/include/arlo_interfaces/arlo_interfaces/msg/detail/estado_arlo__functions.h
[24.497s] -- Installing: /home/antonio/Robotic-Swarms-main/Robotic-Swarms-main/install/arlo_interfaces/include/arlo_interfaces/arlo_interfaces/msg/detail/pesos_struct__struct.h
[24.497s] -- Installing: /home/antonio/Robotic-Swarms-main/Robotic-Swarms-main/install/arlo_interfaces/include/arlo_interfaces/arlo_interfaces/msg/detail/mates_odom__functions.h
[24.497s] -- Installing: /home/antonio/Robotic-Swarms-main/Robotic-Swarms-main/install/arlo_interfaces/include/arlo_interfaces/arlo_interfaces/msg/detail/mates_odom__struct.h
[24.497s] -- Installing: /home/antonio/Robotic-Swarms-main/Robotic-Swarms-main/install/arlo_interfaces/include/arlo_interfaces/arlo_interfaces/msg/detail/pesos_struct__type_support.h
[24.497s] -- Installing: /home/antonio/Robotic-Swarms-main/Robotic-Swarms-main/install/arlo_interfaces/include/arlo_interfaces/arlo_interfaces/msg/detail/mates_odom__type_support.h
[24.498s] -- Installing: /home/antonio/Robotic-Swarms-main/Robotic-Swarms-main/install/arlo_interfaces/include/arlo_interfaces/arlo_interfaces/msg/detail/pesos_struct__functions.c
[24.498s] -- Installing: /home/antonio/Robotic-Swarms-main/Robotic-Swarms-main/install/arlo_interfaces/include/arlo_interfaces/arlo_interfaces/msg/mates_odom.h
[24.498s] -- Installing: /home/antonio/Robotic-Swarms-main/Robotic-Swarms-main/install/arlo_interfaces/share/arlo_interfaces/environment/library_path.sh
[24.498s] -- Installing: /home/antonio/Robotic-Swarms-main/Robotic-Swarms-main/install/arlo_interfaces/share/arlo_interfaces/environment/library_path.dsv
[24.498s] -- Installing: /home/antonio/Robotic-Swarms-main/Robotic-Swarms-main/install/arlo_interfaces/lib/libarlo_interfaces__rosidl_generator_c.so
[24.498s] -- Set runtime path of "/home/antonio/Robotic-Swarms-main/Robotic-Swarms-main/install/arlo_interfaces/lib/libarlo_interfaces__rosidl_generator_c.so" to ""
[24.499s] -- Up-to-date: /home/antonio/Robotic-Swarms-main/Robotic-Swarms-main/install/arlo_interfaces/include/arlo_interfaces/arlo_interfaces
[24.499s] -- Up-to-date: /home/antonio/Robotic-Swarms-main/Robotic-Swarms-main/install/arlo_interfaces/include/arlo_interfaces/arlo_interfaces/srv
[24.499s] -- Up-to-date: /home/antonio/Robotic-Swarms-main/Robotic-Swarms-main/install/arlo_interfaces/include/arlo_interfaces/arlo_interfaces/srv/detail
[24.499s] -- Installing: /home/antonio/Robotic-Swarms-main/Robotic-Swarms-main/install/arlo_interfaces/include/arlo_interfaces/arlo_interfaces/srv/detail/get_mates_fitness__rosidl_typesupport_fastrtps_c.h
[24.499s] -- Installing: /home/antonio/Robotic-Swarms-main/Robotic-Swarms-main/install/arlo_interfaces/include/arlo_interfaces/arlo_interfaces/srv/detail/get_robot_pose__rosidl_typesupport_fastrtps_c.h
[24.499s] -- Installing: /home/antonio/Robotic-Swarms-main/Robotic-Swarms-main/install/arlo_interfaces/include/arlo_interfaces/arlo_interfaces/srv/detail/evaluate_driver__rosidl_typesupport_fastrtps_c.h
[24.500s] -- Installing: /home/antonio/Robotic-Swarms-main/Robotic-Swarms-main/install/arlo_interfaces/include/arlo_interfaces/arlo_interfaces/srv/detail/get_important_weights__rosidl_typesupport_fastrtps_c.h
[24.500s] -- Up-to-date: /home/antonio/Robotic-Swarms-main/Robotic-Swarms-main/install/arlo_interfaces/include/arlo_interfaces/arlo_interfaces/msg
[24.500s] -- Installing: /home/antonio/Robotic-Swarms-main/Robotic-Swarms-main/install/arlo_interfaces/include/arlo_interfaces/arlo_interfaces/msg/rosidl_typesupport_fastrtps_c__visibility_control.h
[24.500s] -- Up-to-date: /home/antonio/Robotic-Swarms-main/Robotic-Swarms-main/install/arlo_interfaces/include/arlo_interfaces/arlo_interfaces/msg/detail
[24.500s] -- Installing: /home/antonio/Robotic-Swarms-main/Robotic-Swarms-main/install/arlo_interfaces/include/arlo_interfaces/arlo_interfaces/msg/detail/pesos_struct__rosidl_typesupport_fastrtps_c.h
[24.500s] -- Installing: /home/antonio/Robotic-Swarms-main/Robotic-Swarms-main/install/arlo_interfaces/include/arlo_interfaces/arlo_interfaces/msg/detail/mates_odom__rosidl_typesupport_fastrtps_c.h
[24.500s] -- Installing: /home/antonio/Robotic-Swarms-main/Robotic-Swarms-main/install/arlo_interfaces/include/arlo_interfaces/arlo_interfaces/msg/detail/estado_arlo__rosidl_typesupport_fastrtps_c.h
[24.500s] -- Installing: /home/antonio/Robotic-Swarms-main/Robotic-Swarms-main/install/arlo_interfaces/lib/libarlo_interfaces__rosidl_typesupport_fastrtps_c.so
[24.501s] -- Set runtime path of "/home/antonio/Robotic-Swarms-main/Robotic-Swarms-main/install/arlo_interfaces/lib/libarlo_interfaces__rosidl_typesupport_fastrtps_c.so" to ""
[24.501s] -- Up-to-date: /home/antonio/Robotic-Swarms-main/Robotic-Swarms-main/install/arlo_interfaces/include/arlo_interfaces/arlo_interfaces
[24.501s] -- Up-to-date: /home/antonio/Robotic-Swarms-main/Robotic-Swarms-main/install/arlo_interfaces/include/arlo_interfaces/arlo_interfaces/srv
[24.501s] -- Installing: /home/antonio/Robotic-Swarms-main/Robotic-Swarms-main/install/arlo_interfaces/include/arlo_interfaces/arlo_interfaces/srv/get_mates_fitness.hpp
[24.501s] -- Installing: /home/antonio/Robotic-Swarms-main/Robotic-Swarms-main/install/arlo_interfaces/include/arlo_interfaces/arlo_interfaces/srv/evaluate_driver.hpp
[24.501s] -- Installing: /home/antonio/Robotic-Swarms-main/Robotic-Swarms-main/install/arlo_interfaces/include/arlo_interfaces/arlo_interfaces/srv/get_robot_pose.hpp
[24.502s] -- Installing: /home/antonio/Robotic-Swarms-main/Robotic-Swarms-main/install/arlo_interfaces/include/arlo_interfaces/arlo_interfaces/srv/get_important_weights.hpp
[24.502s] -- Up-to-date: /home/antonio/Robotic-Swarms-main/Robotic-Swarms-main/install/arlo_interfaces/include/arlo_interfaces/arlo_interfaces/srv/detail
[24.502s] -- Installing: /home/antonio/Robotic-Swarms-main/Robotic-Swarms-main/install/arlo_interfaces/include/arlo_interfaces/arlo_interfaces/srv/detail/get_robot_pose__type_support.hpp
[24.502s] -- Installing: /home/antonio/Robotic-Swarms-main/Robotic-Swarms-main/install/arlo_interfaces/include/arlo_interfaces/arlo_interfaces/srv/detail/evaluate_driver__traits.hpp
[24.502s] -- Installing: /home/antonio/Robotic-Swarms-main/Robotic-Swarms-main/install/arlo_interfaces/include/arlo_interfaces/arlo_interfaces/srv/detail/evaluate_driver__type_support.hpp
[24.502s] -- Installing: /home/antonio/Robotic-Swarms-main/Robotic-Swarms-main/install/arlo_interfaces/include/arlo_interfaces/arlo_interfaces/srv/detail/get_robot_pose__builder.hpp
[24.503s] -- Installing: /home/antonio/Robotic-Swarms-main/Robotic-Swarms-main/install/arlo_interfaces/include/arlo_interfaces/arlo_interfaces/srv/detail/get_important_weights__type_support.hpp
[24.503s] -- Installing: /home/antonio/Robotic-Swarms-main/Robotic-Swarms-main/install/arlo_interfaces/include/arlo_interfaces/arlo_interfaces/srv/detail/get_mates_fitness__builder.hpp
[24.503s] -- Installing: /home/antonio/Robotic-Swarms-main/Robotic-Swarms-main/install/arlo_interfaces/include/arlo_interfaces/arlo_interfaces/srv/detail/get_robot_pose__traits.hpp
[24.503s] -- Installing: /home/antonio/Robotic-Swarms-main/Robotic-Swarms-main/install/arlo_interfaces/include/arlo_interfaces/arlo_interfaces/srv/detail/get_important_weights__struct.hpp
[24.503s] -- Installing: /home/antonio/Robotic-Swarms-main/Robotic-Swarms-main/install/arlo_interfaces/include/arlo_interfaces/arlo_interfaces/srv/detail/get_important_weights__traits.hpp
[24.503s] -- Installing: /home/antonio/Robotic-Swarms-main/Robotic-Swarms-main/install/arlo_interfaces/include/arlo_interfaces/arlo_interfaces/srv/detail/get_important_weights__builder.hpp
[24.503s] -- Installing: /home/antonio/Robotic-Swarms-main/Robotic-Swarms-main/install/arlo_interfaces/include/arlo_interfaces/arlo_interfaces/srv/detail/get_mates_fitness__struct.hpp
[24.504s] -- Installing: /home/antonio/Robotic-Swarms-main/Robotic-Swarms-main/install/arlo_interfaces/include/arlo_interfaces/arlo_interfaces/srv/detail/evaluate_driver__struct.hpp
[24.504s] -- Installing: /home/antonio/Robotic-Swarms-main/Robotic-Swarms-main/install/arlo_interfaces/include/arlo_interfaces/arlo_interfaces/srv/detail/evaluate_driver__builder.hpp
[24.504s] -- Installing: /home/antonio/Robotic-Swarms-main/Robotic-Swarms-main/install/arlo_interfaces/include/arlo_interfaces/arlo_interfaces/srv/detail/get_mates_fitness__type_support.hpp
[24.504s] -- Installing: /home/antonio/Robotic-Swarms-main/Robotic-Swarms-main/install/arlo_interfaces/include/arlo_interfaces/arlo_interfaces/srv/detail/get_robot_pose__struct.hpp
[24.504s] -- Installing: /home/antonio/Robotic-Swarms-main/Robotic-Swarms-main/install/arlo_interfaces/include/arlo_interfaces/arlo_interfaces/srv/detail/get_mates_fitness__traits.hpp
[24.504s] -- Up-to-date: /home/antonio/Robotic-Swarms-main/Robotic-Swarms-main/install/arlo_interfaces/include/arlo_interfaces/arlo_interfaces/msg
[24.505s] -- Installing: /home/antonio/Robotic-Swarms-main/Robotic-Swarms-main/install/arlo_interfaces/include/arlo_interfaces/arlo_interfaces/msg/mates_odom.hpp
[24.505s] -- Installing: /home/antonio/Robotic-Swarms-main/Robotic-Swarms-main/install/arlo_interfaces/include/arlo_interfaces/arlo_interfaces/msg/rosidl_generator_cpp__visibility_control.hpp
[24.505s] -- Installing: /home/antonio/Robotic-Swarms-main/Robotic-Swarms-main/install/arlo_interfaces/include/arlo_interfaces/arlo_interfaces/msg/estado_arlo.hpp
[24.505s] -- Up-to-date: /home/antonio/Robotic-Swarms-main/Robotic-Swarms-main/install/arlo_interfaces/include/arlo_interfaces/arlo_interfaces/msg/detail
[24.505s] -- Installing: /home/antonio/Robotic-Swarms-main/Robotic-Swarms-main/install/arlo_interfaces/include/arlo_interfaces/arlo_interfaces/msg/detail/mates_odom__builder.hpp
[24.505s] -- Installing: /home/antonio/Robotic-Swarms-main/Robotic-Swarms-main/install/arlo_interfaces/include/arlo_interfaces/arlo_interfaces/msg/detail/pesos_struct__type_support.hpp
[24.505s] -- Installing: /home/antonio/Robotic-Swarms-main/Robotic-Swarms-main/install/arlo_interfaces/include/arlo_interfaces/arlo_interfaces/msg/detail/estado_arlo__struct.hpp
[24.506s] -- Installing: /home/antonio/Robotic-Swarms-main/Robotic-Swarms-main/install/arlo_interfaces/include/arlo_interfaces/arlo_interfaces/msg/detail/mates_odom__traits.hpp
[24.506s] -- Installing: /home/antonio/Robotic-Swarms-main/Robotic-Swarms-main/install/arlo_interfaces/include/arlo_interfaces/arlo_interfaces/msg/detail/pesos_struct__traits.hpp
[24.506s] -- Installing: /home/antonio/Robotic-Swarms-main/Robotic-Swarms-main/install/arlo_interfaces/include/arlo_interfaces/arlo_interfaces/msg/detail/estado_arlo__type_support.hpp
[24.506s] -- Installing: /home/antonio/Robotic-Swarms-main/Robotic-Swarms-main/install/arlo_interfaces/include/arlo_interfaces/arlo_interfaces/msg/detail/mates_odom__struct.hpp
[24.506s] -- Installing: /home/antonio/Robotic-Swarms-main/Robotic-Swarms-main/install/arlo_interfaces/include/arlo_interfaces/arlo_interfaces/msg/detail/estado_arlo__builder.hpp
[24.506s] -- Installing: /home/antonio/Robotic-Swarms-main/Robotic-Swarms-main/install/arlo_interfaces/include/arlo_interfaces/arlo_interfaces/msg/detail/pesos_struct__struct.hpp
[24.507s] -- Installing: /home/antonio/Robotic-Swarms-main/Robotic-Swarms-main/install/arlo_interfaces/include/arlo_interfaces/arlo_interfaces/msg/detail/pesos_struct__builder.hpp
[24.507s] -- Installing: /home/antonio/Robotic-Swarms-main/Robotic-Swarms-main/install/arlo_interfaces/include/arlo_interfaces/arlo_interfaces/msg/detail/estado_arlo__traits.hpp
[24.507s] -- Installing: /home/antonio/Robotic-Swarms-main/Robotic-Swarms-main/install/arlo_interfaces/include/arlo_interfaces/arlo_interfaces/msg/detail/mates_odom__type_support.hpp
[24.507s] -- Installing: /home/antonio/Robotic-Swarms-main/Robotic-Swarms-main/install/arlo_interfaces/include/arlo_interfaces/arlo_interfaces/msg/pesos_struct.hpp
[24.507s] -- Up-to-date: /home/antonio/Robotic-Swarms-main/Robotic-Swarms-main/install/arlo_interfaces/include/arlo_interfaces/arlo_interfaces
[24.507s] -- Up-to-date: /home/antonio/Robotic-Swarms-main/Robotic-Swarms-main/install/arlo_interfaces/include/arlo_interfaces/arlo_interfaces/srv
[24.508s] -- Up-to-date: /home/antonio/Robotic-Swarms-main/Robotic-Swarms-main/install/arlo_interfaces/include/arlo_interfaces/arlo_interfaces/srv/detail
[24.508s] -- Installing: /home/antonio/Robotic-Swarms-main/Robotic-Swarms-main/install/arlo_interfaces/include/arlo_interfaces/arlo_interfaces/srv/detail/dds_fastrtps
[24.508s] -- Installing: /home/antonio/Robotic-Swarms-main/Robotic-Swarms-main/install/arlo_interfaces/include/arlo_interfaces/arlo_interfaces/srv/detail/get_robot_pose__rosidl_typesupport_fastrtps_cpp.hpp
[24.508s] -- Installing: /home/antonio/Robotic-Swarms-main/Robotic-Swarms-main/install/arlo_interfaces/include/arlo_interfaces/arlo_interfaces/srv/detail/get_important_weights__rosidl_typesupport_fastrtps_cpp.hpp
[24.508s] -- Installing: /home/antonio/Robotic-Swarms-main/Robotic-Swarms-main/install/arlo_interfaces/include/arlo_interfaces/arlo_interfaces/srv/detail/get_mates_fitness__rosidl_typesupport_fastrtps_cpp.hpp
[24.508s] -- Installing: /home/antonio/Robotic-Swarms-main/Robotic-Swarms-main/install/arlo_interfaces/include/arlo_interfaces/arlo_interfaces/srv/detail/evaluate_driver__rosidl_typesupport_fastrtps_cpp.hpp
[24.508s] -- Up-to-date: /home/antonio/Robotic-Swarms-main/Robotic-Swarms-main/install/arlo_interfaces/include/arlo_interfaces/arlo_interfaces/msg
[24.508s] -- Installing: /home/antonio/Robotic-Swarms-main/Robotic-Swarms-main/install/arlo_interfaces/include/arlo_interfaces/arlo_interfaces/msg/rosidl_typesupport_fastrtps_cpp__visibility_control.h
[24.509s] -- Up-to-date: /home/antonio/Robotic-Swarms-main/Robotic-Swarms-main/install/arlo_interfaces/include/arlo_interfaces/arlo_interfaces/msg/detail
[24.509s] -- Installing: /home/antonio/Robotic-Swarms-main/Robotic-Swarms-main/install/arlo_interfaces/include/arlo_interfaces/arlo_interfaces/msg/detail/dds_fastrtps
[24.509s] -- Installing: /home/antonio/Robotic-Swarms-main/Robotic-Swarms-main/install/arlo_interfaces/include/arlo_interfaces/arlo_interfaces/msg/detail/pesos_struct__rosidl_typesupport_fastrtps_cpp.hpp
[24.509s] -- Installing: /home/antonio/Robotic-Swarms-main/Robotic-Swarms-main/install/arlo_interfaces/include/arlo_interfaces/arlo_interfaces/msg/detail/estado_arlo__rosidl_typesupport_fastrtps_cpp.hpp
[24.509s] -- Installing: /home/antonio/Robotic-Swarms-main/Robotic-Swarms-main/install/arlo_interfaces/include/arlo_interfaces/arlo_interfaces/msg/detail/mates_odom__rosidl_typesupport_fastrtps_cpp.hpp
[24.509s] -- Installing: /home/antonio/Robotic-Swarms-main/Robotic-Swarms-main/install/arlo_interfaces/lib/libarlo_interfaces__rosidl_typesupport_fastrtps_cpp.so
[24.509s] -- Set runtime path of "/home/antonio/Robotic-Swarms-main/Robotic-Swarms-main/install/arlo_interfaces/lib/libarlo_interfaces__rosidl_typesupport_fastrtps_cpp.so" to ""
[24.510s] -- Up-to-date: /home/antonio/Robotic-Swarms-main/Robotic-Swarms-main/install/arlo_interfaces/include/arlo_interfaces/arlo_interfaces
[24.510s] -- Up-to-date: /home/antonio/Robotic-Swarms-main/Robotic-Swarms-main/install/arlo_interfaces/include/arlo_interfaces/arlo_interfaces/srv
[24.510s] -- Up-to-date: /home/antonio/Robotic-Swarms-main/Robotic-Swarms-main/install/arlo_interfaces/include/arlo_interfaces/arlo_interfaces/srv/detail
[24.510s] -- Installing: /home/antonio/Robotic-Swarms-main/Robotic-Swarms-main/install/arlo_interfaces/include/arlo_interfaces/arlo_interfaces/srv/detail/evaluate_driver__rosidl_typesupport_introspection_c.h
[24.510s] -- Installing: /home/antonio/Robotic-Swarms-main/Robotic-Swarms-main/install/arlo_interfaces/include/arlo_interfaces/arlo_interfaces/srv/detail/evaluate_driver__type_support.c
[24.510s] -- Installing: /home/antonio/Robotic-Swarms-main/Robotic-Swarms-main/install/arlo_interfaces/include/arlo_interfaces/arlo_interfaces/srv/detail/get_robot_pose__rosidl_typesupport_introspection_c.h
[24.510s] -- Installing: /home/antonio/Robotic-Swarms-main/Robotic-Swarms-main/install/arlo_interfaces/include/arlo_interfaces/arlo_interfaces/srv/detail/get_mates_fitness__type_support.c
[24.511s] -- Installing: /home/antonio/Robotic-Swarms-main/Robotic-Swarms-main/install/arlo_interfaces/include/arlo_interfaces/arlo_interfaces/srv/detail/get_robot_pose__type_support.c
[24.511s] -- Installing: /home/antonio/Robotic-Swarms-main/Robotic-Swarms-main/install/arlo_interfaces/include/arlo_interfaces/arlo_interfaces/srv/detail/get_important_weights__rosidl_typesupport_introspection_c.h
[24.511s] -- Installing: /home/antonio/Robotic-Swarms-main/Robotic-Swarms-main/install/arlo_interfaces/include/arlo_interfaces/arlo_interfaces/srv/detail/get_mates_fitness__rosidl_typesupport_introspection_c.h
[24.511s] -- Installing: /home/antonio/Robotic-Swarms-main/Robotic-Swarms-main/install/arlo_interfaces/include/arlo_interfaces/arlo_interfaces/srv/detail/get_important_weights__type_support.c
[24.511s] -- Up-to-date: /home/antonio/Robotic-Swarms-main/Robotic-Swarms-main/install/arlo_interfaces/include/arlo_interfaces/arlo_interfaces/msg
[24.511s] -- Installing: /home/antonio/Robotic-Swarms-main/Robotic-Swarms-main/install/arlo_interfaces/include/arlo_interfaces/arlo_interfaces/msg/rosidl_typesupport_introspection_c__visibility_control.h
[24.511s] -- Up-to-date: /home/antonio/Robotic-Swarms-main/Robotic-Swarms-main/install/arlo_interfaces/include/arlo_interfaces/arlo_interfaces/msg/detail
[24.512s] -- Installing: /home/antonio/Robotic-Swarms-main/Robotic-Swarms-main/install/arlo_interfaces/include/arlo_interfaces/arlo_interfaces/msg/detail/mates_odom__type_support.c
[24.512s] -- Installing: /home/antonio/Robotic-Swarms-main/Robotic-Swarms-main/install/arlo_interfaces/include/arlo_interfaces/arlo_interfaces/msg/detail/pesos_struct__rosidl_typesupport_introspection_c.h
[24.512s] -- Installing: /home/antonio/Robotic-Swarms-main/Robotic-Swarms-main/install/arlo_interfaces/include/arlo_interfaces/arlo_interfaces/msg/detail/pesos_struct__type_support.c
[24.512s] -- Installing: /home/antonio/Robotic-Swarms-main/Robotic-Swarms-main/install/arlo_interfaces/include/arlo_interfaces/arlo_interfaces/msg/detail/estado_arlo__type_support.c
[24.512s] -- Installing: /home/antonio/Robotic-Swarms-main/Robotic-Swarms-main/install/arlo_interfaces/include/arlo_interfaces/arlo_interfaces/msg/detail/estado_arlo__rosidl_typesupport_introspection_c.h
[24.512s] -- Installing: /home/antonio/Robotic-Swarms-main/Robotic-Swarms-main/install/arlo_interfaces/include/arlo_interfaces/arlo_interfaces/msg/detail/mates_odom__rosidl_typesupport_introspection_c.h
[24.512s] -- Installing: /home/antonio/Robotic-Swarms-main/Robotic-Swarms-main/install/arlo_interfaces/lib/libarlo_interfaces__rosidl_typesupport_introspection_c.so
[24.513s] -- Set runtime path of "/home/antonio/Robotic-Swarms-main/Robotic-Swarms-main/install/arlo_interfaces/lib/libarlo_interfaces__rosidl_typesupport_introspection_c.so" to ""
[24.513s] -- Installing: /home/antonio/Robotic-Swarms-main/Robotic-Swarms-main/install/arlo_interfaces/lib/libarlo_interfaces__rosidl_typesupport_c.so
[24.513s] -- Set runtime path of "/home/antonio/Robotic-Swarms-main/Robotic-Swarms-main/install/arlo_interfaces/lib/libarlo_interfaces__rosidl_typesupport_c.so" to ""
[24.513s] -- Up-to-date: /home/antonio/Robotic-Swarms-main/Robotic-Swarms-main/install/arlo_interfaces/include/arlo_interfaces/arlo_interfaces
[24.513s] -- Up-to-date: /home/antonio/Robotic-Swarms-main/Robotic-Swarms-main/install/arlo_interfaces/include/arlo_interfaces/arlo_interfaces/srv
[24.513s] -- Up-to-date: /home/antonio/Robotic-Swarms-main/Robotic-Swarms-main/install/arlo_interfaces/include/arlo_interfaces/arlo_interfaces/srv/detail
[24.513s] -- Installing: /home/antonio/Robotic-Swarms-main/Robotic-Swarms-main/install/arlo_interfaces/include/arlo_interfaces/arlo_interfaces/srv/detail/get_robot_pose__rosidl_typesupport_introspection_cpp.hpp
[24.514s] -- Installing: /home/antonio/Robotic-Swarms-main/Robotic-Swarms-main/install/arlo_interfaces/include/arlo_interfaces/arlo_interfaces/srv/detail/get_mates_fitness__type_support.cpp
[24.514s] -- Installing: /home/antonio/Robotic-Swarms-main/Robotic-Swarms-main/install/arlo_interfaces/include/arlo_interfaces/arlo_interfaces/srv/detail/evaluate_driver__type_support.cpp
[24.514s] -- Installing: /home/antonio/Robotic-Swarms-main/Robotic-Swarms-main/install/arlo_interfaces/include/arlo_interfaces/arlo_interfaces/srv/detail/get_important_weights__type_support.cpp
[24.514s] -- Installing: /home/antonio/Robotic-Swarms-main/Robotic-Swarms-main/install/arlo_interfaces/include/arlo_interfaces/arlo_interfaces/srv/detail/get_robot_pose__type_support.cpp
[24.514s] -- Installing: /home/antonio/Robotic-Swarms-main/Robotic-Swarms-main/install/arlo_interfaces/include/arlo_interfaces/arlo_interfaces/srv/detail/get_important_weights__rosidl_typesupport_introspection_cpp.hpp
[24.514s] -- Installing: /home/antonio/Robotic-Swarms-main/Robotic-Swarms-main/install/arlo_interfaces/include/arlo_interfaces/arlo_interfaces/srv/detail/evaluate_driver__rosidl_typesupport_introspection_cpp.hpp
[24.514s] -- Installing: /home/antonio/Robotic-Swarms-main/Robotic-Swarms-main/install/arlo_interfaces/include/arlo_interfaces/arlo_interfaces/srv/detail/get_mates_fitness__rosidl_typesupport_introspection_cpp.hpp
[24.514s] -- Up-to-date: /home/antonio/Robotic-Swarms-main/Robotic-Swarms-main/install/arlo_interfaces/include/arlo_interfaces/arlo_interfaces/msg
[24.515s] -- Up-to-date: /home/antonio/Robotic-Swarms-main/Robotic-Swarms-main/install/arlo_interfaces/include/arlo_interfaces/arlo_interfaces/msg/detail
[24.515s] -- Installing: /home/antonio/Robotic-Swarms-main/Robotic-Swarms-main/install/arlo_interfaces/include/arlo_interfaces/arlo_interfaces/msg/detail/estado_arlo__rosidl_typesupport_introspection_cpp.hpp
[24.515s] -- Installing: /home/antonio/Robotic-Swarms-main/Robotic-Swarms-main/install/arlo_interfaces/include/arlo_interfaces/arlo_interfaces/msg/detail/mates_odom__type_support.cpp
[24.515s] -- Installing: /home/antonio/Robotic-Swarms-main/Robotic-Swarms-main/install/arlo_interfaces/include/arlo_interfaces/arlo_interfaces/msg/detail/pesos_struct__type_support.cpp
[24.515s] -- Installing: /home/antonio/Robotic-Swarms-main/Robotic-Swarms-main/install/arlo_interfaces/include/arlo_interfaces/arlo_interfaces/msg/detail/mates_odom__rosidl_typesupport_introspection_cpp.hpp
[24.515s] -- Installing: /home/antonio/Robotic-Swarms-main/Robotic-Swarms-main/install/arlo_interfaces/include/arlo_interfaces/arlo_interfaces/msg/detail/pesos_struct__rosidl_typesupport_introspection_cpp.hpp
[24.515s] -- Installing: /home/antonio/Robotic-Swarms-main/Robotic-Swarms-main/install/arlo_interfaces/include/arlo_interfaces/arlo_interfaces/msg/detail/estado_arlo__type_support.cpp
[24.515s] -- Installing: /home/antonio/Robotic-Swarms-main/Robotic-Swarms-main/install/arlo_interfaces/lib/libarlo_interfaces__rosidl_typesupport_introspection_cpp.so
[24.516s] -- Set runtime path of "/home/antonio/Robotic-Swarms-main/Robotic-Swarms-main/install/arlo_interfaces/lib/libarlo_interfaces__rosidl_typesupport_introspection_cpp.so" to ""
[24.516s] -- Installing: /home/antonio/Robotic-Swarms-main/Robotic-Swarms-main/install/arlo_interfaces/lib/libarlo_interfaces__rosidl_typesupport_cpp.so
[24.516s] -- Set runtime path of "/home/antonio/Robotic-Swarms-main/Robotic-Swarms-main/install/arlo_interfaces/lib/libarlo_interfaces__rosidl_typesupport_cpp.so" to ""
[24.516s] -- Installing: /home/antonio/Robotic-Swarms-main/Robotic-Swarms-main/install/arlo_interfaces/share/arlo_interfaces/environment/pythonpath.sh
[24.516s] -- Installing: /home/antonio/Robotic-Swarms-main/Robotic-Swarms-main/install/arlo_interfaces/share/arlo_interfaces/environment/pythonpath.dsv
[24.516s] -- Installing: /home/antonio/Robotic-Swarms-main/Robotic-Swarms-main/install/arlo_interfaces/local/lib/python3.10/dist-packages/arlo_interfaces-0.0.0-py3.10.egg-info
[24.516s] -- Installing: /home/antonio/Robotic-Swarms-main/Robotic-Swarms-main/install/arlo_interfaces/local/lib/python3.10/dist-packages/arlo_interfaces-0.0.0-py3.10.egg-info/dependency_links.txt
[24.517s] -- Installing: /home/antonio/Robotic-Swarms-main/Robotic-Swarms-main/install/arlo_interfaces/local/lib/python3.10/dist-packages/arlo_interfaces-0.0.0-py3.10.egg-info/top_level.txt
[24.517s] -- Installing: /home/antonio/Robotic-Swarms-main/Robotic-Swarms-main/install/arlo_interfaces/local/lib/python3.10/dist-packages/arlo_interfaces-0.0.0-py3.10.egg-info/PKG-INFO
[24.517s] -- Installing: /home/antonio/Robotic-Swarms-main/Robotic-Swarms-main/install/arlo_interfaces/local/lib/python3.10/dist-packages/arlo_interfaces-0.0.0-py3.10.egg-info/SOURCES.txt
[24.517s] -- Installing: /home/antonio/Robotic-Swarms-main/Robotic-Swarms-main/install/arlo_interfaces/local/lib/python3.10/dist-packages/arlo_interfaces
[24.517s] -- Installing: /home/antonio/Robotic-Swarms-main/Robotic-Swarms-main/install/arlo_interfaces/local/lib/python3.10/dist-packages/arlo_interfaces/_arlo_interfaces_s.ep.rosidl_typesupport_c.c
[24.517s] -- Installing: /home/antonio/Robotic-Swarms-main/Robotic-Swarms-main/install/arlo_interfaces/local/lib/python3.10/dist-packages/arlo_interfaces/srv
[24.517s] -- Installing: /home/antonio/Robotic-Swarms-main/Robotic-Swarms-main/install/arlo_interfaces/local/lib/python3.10/dist-packages/arlo_interfaces/srv/_get_important_weights.py
[24.518s] -- Installing: /home/antonio/Robotic-Swarms-main/Robotic-Swarms-main/install/arlo_interfaces/local/lib/python3.10/dist-packages/arlo_interfaces/srv/_get_robot_pose_s.c
[24.518s] -- Installing: /home/antonio/Robotic-Swarms-main/Robotic-Swarms-main/install/arlo_interfaces/local/lib/python3.10/dist-packages/arlo_interfaces/srv/_get_mates_fitness_s.c
[24.518s] -- Installing: /home/antonio/Robotic-Swarms-main/Robotic-Swarms-main/install/arlo_interfaces/local/lib/python3.10/dist-packages/arlo_interfaces/srv/_evaluate_driver_s.c
[24.518s] -- Installing: /home/antonio/Robotic-Swarms-main/Robotic-Swarms-main/install/arlo_interfaces/local/lib/python3.10/dist-packages/arlo_interfaces/srv/_get_mates_fitness.py
[24.518s] -- Installing: /home/antonio/Robotic-Swarms-main/Robotic-Swarms-main/install/arlo_interfaces/local/lib/python3.10/dist-packages/arlo_interfaces/srv/_get_important_weights_s.c
[24.518s] -- Installing: /home/antonio/Robotic-Swarms-main/Robotic-Swarms-main/install/arlo_interfaces/local/lib/python3.10/dist-packages/arlo_interfaces/srv/_get_robot_pose.py
[24.518s] -- Installing: /home/antonio/Robotic-Swarms-main/Robotic-Swarms-main/install/arlo_interfaces/local/lib/python3.10/dist-packages/arlo_interfaces/srv/__init__.py
[24.519s] -- Installing: /home/antonio/Robotic-Swarms-main/Robotic-Swarms-main/install/arlo_interfaces/local/lib/python3.10/dist-packages/arlo_interfaces/srv/_evaluate_driver.py
[24.519s] -- Installing: /home/antonio/Robotic-Swarms-main/Robotic-Swarms-main/install/arlo_interfaces/local/lib/python3.10/dist-packages/arlo_interfaces/arlo_interfaces_s__rosidl_typesupport_fastrtps_c.cpython-310-x86_64-linux-gnu.so
[24.519s] -- Installing: /home/antonio/Robotic-Swarms-main/Robotic-Swarms-main/install/arlo_interfaces/local/lib/python3.10/dist-packages/arlo_interfaces/arlo_interfaces_s__rosidl_typesupport_introspection_c.cpython-310-x86_64-linux-gnu.so
[24.519s] -- Installing: /home/antonio/Robotic-Swarms-main/Robotic-Swarms-main/install/arlo_interfaces/local/lib/python3.10/dist-packages/arlo_interfaces/_arlo_interfaces_s.ep.rosidl_typesupport_introspection_c.c
[24.519s] -- Installing: /home/antonio/Robotic-Swarms-main/Robotic-Swarms-main/install/arlo_interfaces/local/lib/python3.10/dist-packages/arlo_interfaces/msg
[24.519s] -- Installing: /home/antonio/Robotic-Swarms-main/Robotic-Swarms-main/install/arlo_interfaces/local/lib/python3.10/dist-packages/arlo_interfaces/msg/_estado_arlo_s.c
[24.520s] -- Installing: /home/antonio/Robotic-Swarms-main/Robotic-Swarms-main/install/arlo_interfaces/local/lib/python3.10/dist-packages/arlo_interfaces/msg/_pesos_struct_s.c
[24.520s] -- Installing: /home/antonio/Robotic-Swarms-main/Robotic-Swarms-main/install/arlo_interfaces/local/lib/python3.10/dist-packages/arlo_interfaces/msg/_mates_odom_s.c
[24.520s] -- Installing: /home/antonio/Robotic-Swarms-main/Robotic-Swarms-main/install/arlo_interfaces/local/lib/python3.10/dist-packages/arlo_interfaces/msg/_mates_odom.py
[24.520s] -- Installing: /home/antonio/Robotic-Swarms-main/Robotic-Swarms-main/install/arlo_interfaces/local/lib/python3.10/dist-packages/arlo_interfaces/msg/_pesos_struct.py
[24.520s] -- Installing: /home/antonio/Robotic-Swarms-main/Robotic-Swarms-main/install/arlo_interfaces/local/lib/python3.10/dist-packages/arlo_interfaces/msg/_estado_arlo.py
[24.520s] -- Installing: /home/antonio/Robotic-Swarms-main/Robotic-Swarms-main/install/arlo_interfaces/local/lib/python3.10/dist-packages/arlo_interfaces/msg/__init__.py
[24.520s] -- Installing: /home/antonio/Robotic-Swarms-main/Robotic-Swarms-main/install/arlo_interfaces/local/lib/python3.10/dist-packages/arlo_interfaces/arlo_interfaces_s__rosidl_typesupport_c.cpython-310-x86_64-linux-gnu.so
[24.521s] -- Installing: /home/antonio/Robotic-Swarms-main/Robotic-Swarms-main/install/arlo_interfaces/local/lib/python3.10/dist-packages/arlo_interfaces/_arlo_interfaces_s.ep.rosidl_typesupport_fastrtps_c.c
[24.521s] -- Installing: /home/antonio/Robotic-Swarms-main/Robotic-Swarms-main/install/arlo_interfaces/local/lib/python3.10/dist-packages/arlo_interfaces/__init__.py
[24.521s] -- Installing: /home/antonio/Robotic-Swarms-main/Robotic-Swarms-main/install/arlo_interfaces/local/lib/python3.10/dist-packages/arlo_interfaces/libarlo_interfaces__rosidl_generator_py.so
[24.610s] Listing '/home/antonio/Robotic-Swarms-main/Robotic-Swarms-main/install/arlo_interfaces/local/lib/python3.10/dist-packages/arlo_interfaces'...
[24.610s] Compiling '/home/antonio/Robotic-Swarms-main/Robotic-Swarms-main/install/arlo_interfaces/local/lib/python3.10/dist-packages/arlo_interfaces/__init__.py'...
[24.610s] Listing '/home/antonio/Robotic-Swarms-main/Robotic-Swarms-main/install/arlo_interfaces/local/lib/python3.10/dist-packages/arlo_interfaces/msg'...
[24.610s] Compiling '/home/antonio/Robotic-Swarms-main/Robotic-Swarms-main/install/arlo_interfaces/local/lib/python3.10/dist-packages/arlo_interfaces/msg/__init__.py'...
[24.610s] Compiling '/home/antonio/Robotic-Swarms-main/Robotic-Swarms-main/install/arlo_interfaces/local/lib/python3.10/dist-packages/arlo_interfaces/msg/_estado_arlo.py'...
[24.610s] Compiling '/home/antonio/Robotic-Swarms-main/Robotic-Swarms-main/install/arlo_interfaces/local/lib/python3.10/dist-packages/arlo_interfaces/msg/_mates_odom.py'...
[24.610s] Compiling '/home/antonio/Robotic-Swarms-main/Robotic-Swarms-main/install/arlo_interfaces/local/lib/python3.10/dist-packages/arlo_interfaces/msg/_pesos_struct.py'...
[24.611s] Listing '/home/antonio/Robotic-Swarms-main/Robotic-Swarms-main/install/arlo_interfaces/local/lib/python3.10/dist-packages/arlo_interfaces/srv'...
[24.611s] Compiling '/home/antonio/Robotic-Swarms-main/Robotic-Swarms-main/install/arlo_interfaces/local/lib/python3.10/dist-packages/arlo_interfaces/srv/__init__.py'...
[24.611s] Compiling '/home/antonio/Robotic-Swarms-main/Robotic-Swarms-main/install/arlo_interfaces/local/lib/python3.10/dist-packages/arlo_interfaces/srv/_evaluate_driver.py'...
[24.611s] Compiling '/home/antonio/Robotic-Swarms-main/Robotic-Swarms-main/install/arlo_interfaces/local/lib/python3.10/dist-packages/arlo_interfaces/srv/_get_important_weights.py'...
[24.611s] Compiling '/home/antonio/Robotic-Swarms-main/Robotic-Swarms-main/install/arlo_interfaces/local/lib/python3.10/dist-packages/arlo_interfaces/srv/_get_mates_fitness.py'...
[24.611s] Compiling '/home/antonio/Robotic-Swarms-main/Robotic-Swarms-main/install/arlo_interfaces/local/lib/python3.10/dist-packages/arlo_interfaces/srv/_get_robot_pose.py'...
[24.616s] -- Installing: /home/antonio/Robotic-Swarms-main/Robotic-Swarms-main/install/arlo_interfaces/local/lib/python3.10/dist-packages/arlo_interfaces/arlo_interfaces_s__rosidl_typesupport_fastrtps_c.cpython-310-x86_64-linux-gnu.so
[24.617s] -- Set runtime path of "/home/antonio/Robotic-Swarms-main/Robotic-Swarms-main/install/arlo_interfaces/local/lib/python3.10/dist-packages/arlo_interfaces/arlo_interfaces_s__rosidl_typesupport_fastrtps_c.cpython-310-x86_64-linux-gnu.so" to ""
[24.617s] -- Installing: /home/antonio/Robotic-Swarms-main/Robotic-Swarms-main/install/arlo_interfaces/local/lib/python3.10/dist-packages/arlo_interfaces/arlo_interfaces_s__rosidl_typesupport_introspection_c.cpython-310-x86_64-linux-gnu.so
[24.618s] -- Set runtime path of "/home/antonio/Robotic-Swarms-main/Robotic-Swarms-main/install/arlo_interfaces/local/lib/python3.10/dist-packages/arlo_interfaces/arlo_interfaces_s__rosidl_typesupport_introspection_c.cpython-310-x86_64-linux-gnu.so" to ""
[24.618s] -- Installing: /home/antonio/Robotic-Swarms-main/Robotic-Swarms-main/install/arlo_interfaces/local/lib/python3.10/dist-packages/arlo_interfaces/arlo_interfaces_s__rosidl_typesupport_c.cpython-310-x86_64-linux-gnu.so
[24.619s] -- Set runtime path of "/home/antonio/Robotic-Swarms-main/Robotic-Swarms-main/install/arlo_interfaces/local/lib/python3.10/dist-packages/arlo_interfaces/arlo_interfaces_s__rosidl_typesupport_c.cpython-310-x86_64-linux-gnu.so" to ""
[24.619s] -- Installing: /home/antonio/Robotic-Swarms-main/Robotic-Swarms-main/install/arlo_interfaces/lib/libarlo_interfaces__rosidl_generator_py.so
[24.619s] -- Set runtime path of "/home/antonio/Robotic-Swarms-main/Robotic-Swarms-main/install/arlo_interfaces/lib/libarlo_interfaces__rosidl_generator_py.so" to ""
[24.620s] -- Installing: /home/antonio/Robotic-Swarms-main/Robotic-Swarms-main/install/arlo_interfaces/share/arlo_interfaces/msg/PesosStruct.idl
[24.620s] -- Installing: /home/antonio/Robotic-Swarms-main/Robotic-Swarms-main/install/arlo_interfaces/share/arlo_interfaces/msg/EstadoArlo.idl
[24.620s] -- Installing: /home/antonio/Robotic-Swarms-main/Robotic-Swarms-main/install/arlo_interfaces/share/arlo_interfaces/msg/MatesOdom.idl
[24.620s] -- Installing: /home/antonio/Robotic-Swarms-main/Robotic-Swarms-main/install/arlo_interfaces/share/arlo_interfaces/srv/EvaluateDriver.idl
[24.621s] -- Installing: /home/antonio/Robotic-Swarms-main/Robotic-Swarms-main/install/arlo_interfaces/share/arlo_interfaces/srv/GetImportantWeights.idl
[24.621s] -- Installing: /home/antonio/Robotic-Swarms-main/Robotic-Swarms-main/install/arlo_interfaces/share/arlo_interfaces/srv/GetMatesFitness.idl
[24.621s] -- Installing: /home/antonio/Robotic-Swarms-main/Robotic-Swarms-main/install/arlo_interfaces/share/arlo_interfaces/srv/GetRobotPose.idl
[24.621s] -- Installing: /home/antonio/Robotic-Swarms-main/Robotic-Swarms-main/install/arlo_interfaces/share/arlo_interfaces/msg/PesosStruct.msg
[24.621s] -- Installing: /home/antonio/Robotic-Swarms-main/Robotic-Swarms-main/install/arlo_interfaces/share/arlo_interfaces/msg/EstadoArlo.msg
[24.622s] -- Installing: /home/antonio/Robotic-Swarms-main/Robotic-Swarms-main/install/arlo_interfaces/share/arlo_interfaces/msg/MatesOdom.msg
[24.622s] -- Installing: /home/antonio/Robotic-Swarms-main/Robotic-Swarms-main/install/arlo_interfaces/share/arlo_interfaces/srv/EvaluateDriver.srv
[24.622s] -- Installing: /home/antonio/Robotic-Swarms-main/Robotic-Swarms-main/install/arlo_interfaces/share/arlo_interfaces/srv/EvaluateDriver_Request.msg
[24.622s] -- Installing: /home/antonio/Robotic-Swarms-main/Robotic-Swarms-main/install/arlo_interfaces/share/arlo_interfaces/srv/EvaluateDriver_Response.msg
[24.622s] -- Installing: /home/antonio/Robotic-Swarms-main/Robotic-Swarms-main/install/arlo_interfaces/share/arlo_interfaces/srv/GetImportantWeights.srv
[24.623s] -- Installing: /home/antonio/Robotic-Swarms-main/Robotic-Swarms-main/install/arlo_interfaces/share/arlo_interfaces/srv/GetImportantWeights_Request.msg
[24.623s] -- Installing: /home/antonio/Robotic-Swarms-main/Robotic-Swarms-main/install/arlo_interfaces/share/arlo_interfaces/srv/GetImportantWeights_Response.msg
[24.623s] -- Installing: /home/antonio/Robotic-Swarms-main/Robotic-Swarms-main/install/arlo_interfaces/share/arlo_interfaces/srv/GetMatesFitness.srv
[24.623s] -- Installing: /home/antonio/Robotic-Swarms-main/Robotic-Swarms-main/install/arlo_interfaces/share/arlo_interfaces/srv/GetMatesFitness_Request.msg
[24.624s] -- Installing: /home/antonio/Robotic-Swarms-main/Robotic-Swarms-main/install/arlo_interfaces/share/arlo_interfaces/srv/GetMatesFitness_Response.msg
[24.624s] -- Installing: /home/antonio/Robotic-Swarms-main/Robotic-Swarms-main/install/arlo_interfaces/share/arlo_interfaces/srv/GetRobotPose.srv
[24.624s] -- Installing: /home/antonio/Robotic-Swarms-main/Robotic-Swarms-main/install/arlo_interfaces/share/arlo_interfaces/srv/GetRobotPose_Request.msg
[24.624s] -- Installing: /home/antonio/Robotic-Swarms-main/Robotic-Swarms-main/install/arlo_interfaces/share/arlo_interfaces/srv/GetRobotPose_Response.msg
[24.625s] -- Installing: /home/antonio/Robotic-Swarms-main/Robotic-Swarms-main/install/arlo_interfaces/share/ament_index/resource_index/package_run_dependencies/arlo_interfaces
[24.625s] -- Installing: /home/antonio/Robotic-Swarms-main/Robotic-Swarms-main/install/arlo_interfaces/share/ament_index/resource_index/parent_prefix_path/arlo_interfaces
[24.625s] -- Installing: /home/antonio/Robotic-Swarms-main/Robotic-Swarms-main/install/arlo_interfaces/share/arlo_interfaces/environment/ament_prefix_path.sh
[24.625s] -- Installing: /home/antonio/Robotic-Swarms-main/Robotic-Swarms-main/install/arlo_interfaces/share/arlo_interfaces/environment/ament_prefix_path.dsv
[24.626s] -- Installing: /home/antonio/Robotic-Swarms-main/Robotic-Swarms-main/install/arlo_interfaces/share/arlo_interfaces/environment/path.sh
[24.626s] -- Installing: /home/antonio/Robotic-Swarms-main/Robotic-Swarms-main/install/arlo_interfaces/share/arlo_interfaces/environment/path.dsv
[24.626s] -- Installing: /home/antonio/Robotic-Swarms-main/Robotic-Swarms-main/install/arlo_interfaces/share/arlo_interfaces/local_setup.bash
[24.626s] -- Installing: /home/antonio/Robotic-Swarms-main/Robotic-Swarms-main/install/arlo_interfaces/share/arlo_interfaces/local_setup.sh
[24.627s] -- Installing: /home/antonio/Robotic-Swarms-main/Robotic-Swarms-main/install/arlo_interfaces/share/arlo_interfaces/local_setup.zsh
[24.627s] -- Installing: /home/antonio/Robotic-Swarms-main/Robotic-Swarms-main/install/arlo_interfaces/share/arlo_interfaces/local_setup.dsv
[24.627s] -- Installing: /home/antonio/Robotic-Swarms-main/Robotic-Swarms-main/install/arlo_interfaces/share/arlo_interfaces/package.dsv
[24.628s] -- Installing: /home/antonio/Robotic-Swarms-main/Robotic-Swarms-main/install/arlo_interfaces/share/ament_index/resource_index/packages/arlo_interfaces
[24.628s] -- Installing: /home/antonio/Robotic-Swarms-main/Robotic-Swarms-main/install/arlo_interfaces/share/arlo_interfaces/cmake/export_arlo_interfaces__rosidl_generator_cExport.cmake
[24.628s] -- Installing: /home/antonio/Robotic-Swarms-main/Robotic-Swarms-main/install/arlo_interfaces/share/arlo_interfaces/cmake/export_arlo_interfaces__rosidl_generator_cExport-noconfig.cmake
[24.629s] -- Installing: /home/antonio/Robotic-Swarms-main/Robotic-Swarms-main/install/arlo_interfaces/share/arlo_interfaces/cmake/export_arlo_interfaces__rosidl_typesupport_fastrtps_cExport.cmake
[24.629s] -- Installing: /home/antonio/Robotic-Swarms-main/Robotic-Swarms-main/install/arlo_interfaces/share/arlo_interfaces/cmake/export_arlo_interfaces__rosidl_typesupport_fastrtps_cExport-noconfig.cmake
[24.629s] -- Installing: /home/antonio/Robotic-Swarms-main/Robotic-Swarms-main/install/arlo_interfaces/share/arlo_interfaces/cmake/export_arlo_interfaces__rosidl_generator_cppExport.cmake
[24.630s] -- Installing: /home/antonio/Robotic-Swarms-main/Robotic-Swarms-main/install/arlo_interfaces/share/arlo_interfaces/cmake/export_arlo_interfaces__rosidl_typesupport_fastrtps_cppExport.cmake
[24.630s] -- Installing: /home/antonio/Robotic-Swarms-main/Robotic-Swarms-main/install/arlo_interfaces/share/arlo_interfaces/cmake/export_arlo_interfaces__rosidl_typesupport_fastrtps_cppExport-noconfig.cmake
[24.631s] -- Installing: /home/antonio/Robotic-Swarms-main/Robotic-Swarms-main/install/arlo_interfaces/share/arlo_interfaces/cmake/arlo_interfaces__rosidl_typesupport_introspection_cExport.cmake
[24.631s] -- Installing: /home/antonio/Robotic-Swarms-main/Robotic-Swarms-main/install/arlo_interfaces/share/arlo_interfaces/cmake/arlo_interfaces__rosidl_typesupport_introspection_cExport-noconfig.cmake
[24.631s] -- Installing: /home/antonio/Robotic-Swarms-main/Robotic-Swarms-main/install/arlo_interfaces/share/arlo_interfaces/cmake/arlo_interfaces__rosidl_typesupport_cExport.cmake
[24.632s] -- Installing: /home/antonio/Robotic-Swarms-main/Robotic-Swarms-main/install/arlo_interfaces/share/arlo_interfaces/cmake/arlo_interfaces__rosidl_typesupport_cExport-noconfig.cmake
[24.632s] -- Installing: /home/antonio/Robotic-Swarms-main/Robotic-Swarms-main/install/arlo_interfaces/share/arlo_interfaces/cmake/arlo_interfaces__rosidl_typesupport_introspection_cppExport.cmake
[24.632s] -- Installing: /home/antonio/Robotic-Swarms-main/Robotic-Swarms-main/install/arlo_interfaces/share/arlo_interfaces/cmake/arlo_interfaces__rosidl_typesupport_introspection_cppExport-noconfig.cmake
[24.633s] -- Installing: /home/antonio/Robotic-Swarms-main/Robotic-Swarms-main/install/arlo_interfaces/share/arlo_interfaces/cmake/arlo_interfaces__rosidl_typesupport_cppExport.cmake
[24.633s] -- Installing: /home/antonio/Robotic-Swarms-main/Robotic-Swarms-main/install/arlo_interfaces/share/arlo_interfaces/cmake/arlo_interfaces__rosidl_typesupport_cppExport-noconfig.cmake
[24.633s] -- Installing: /home/antonio/Robotic-Swarms-main/Robotic-Swarms-main/install/arlo_interfaces/share/arlo_interfaces/cmake/export_arlo_interfaces__rosidl_generator_pyExport.cmake
[24.634s] -- Installing: /home/antonio/Robotic-Swarms-main/Robotic-Swarms-main/install/arlo_interfaces/share/arlo_interfaces/cmake/export_arlo_interfaces__rosidl_generator_pyExport-noconfig.cmake
[24.634s] -- Installing: /home/antonio/Robotic-Swarms-main/Robotic-Swarms-main/install/arlo_interfaces/share/arlo_interfaces/cmake/rosidl_cmake-extras.cmake
[24.634s] -- Installing: /home/antonio/Robotic-Swarms-main/Robotic-Swarms-main/install/arlo_interfaces/share/arlo_interfaces/cmake/ament_cmake_export_dependencies-extras.cmake
[24.635s] -- Installing: /home/antonio/Robotic-Swarms-main/Robotic-Swarms-main/install/arlo_interfaces/share/arlo_interfaces/cmake/ament_cmake_export_include_directories-extras.cmake
[24.635s] -- Installing: /home/antonio/Robotic-Swarms-main/Robotic-Swarms-main/install/arlo_interfaces/share/arlo_interfaces/cmake/ament_cmake_export_libraries-extras.cmake
[24.635s] -- Installing: /home/antonio/Robotic-Swarms-main/Robotic-Swarms-main/install/arlo_interfaces/share/arlo_interfaces/cmake/ament_cmake_export_targets-extras.cmake
[24.636s] -- Installing: /home/antonio/Robotic-Swarms-main/Robotic-Swarms-main/install/arlo_interfaces/share/arlo_interfaces/cmake/rosidl_cmake_export_typesupport_targets-extras.cmake
[24.636s] -- Installing: /home/antonio/Robotic-Swarms-main/Robotic-Swarms-main/install/arlo_interfaces/share/arlo_interfaces/cmake/rosidl_cmake_export_typesupport_libraries-extras.cmake
[24.636s] -- Installing: /home/antonio/Robotic-Swarms-main/Robotic-Swarms-main/install/arlo_interfaces/share/arlo_interfaces/cmake/arlo_interfacesConfig.cmake
[24.637s] -- Installing: /home/antonio/Robotic-Swarms-main/Robotic-Swarms-main/install/arlo_interfaces/share/arlo_interfaces/cmake/arlo_interfacesConfig-version.cmake
[24.637s] -- Installing: /home/antonio/Robotic-Swarms-main/Robotic-Swarms-main/install/arlo_interfaces/share/arlo_interfaces/package.xml
[24.642s] Invoked command in '/home/antonio/Robotic-Swarms-main/Robotic-Swarms-main/build/arlo_interfaces' returned '0': CMAKE_PREFIX_PATH=${CMAKE_PREFIX_PATH}:/opt/ros/humble /usr/bin/cmake --install /home/antonio/Robotic-Swarms-main/Robotic-Swarms-main/build/arlo_interfaces
