[0.013s] Invoking command in '/home/antonio/Robotic-Swarms-main/Robotic-Swarms-main/build/arlo_interfaces': /usr/bin/cmake /home/antonio/Robotic-Swarms-main/Robotic-Swarms-main/arlo_interfaces -DCMAKE_INSTALL_PREFIX=/home/antonio/Robotic-Swarms-main/Robotic-Swarms-main/install/arlo_interfaces
[0.075s] -- The C compiler identification is GNU 11.4.0
[0.157s] -- The CXX compiler identification is GNU 11.4.0
[0.170s] -- Detecting C compiler ABI info
[0.257s] -- Detecting C compiler ABI info - done
[0.270s] -- Check for working C compiler: /usr/bin/cc - skipped
[0.271s] -- Detecting C compile features
[0.271s] -- Detecting C compile features - done
[0.275s] -- Detecting CXX compiler ABI info
[0.385s] -- Detecting CXX compiler ABI info - done
[0.405s] -- Check for working CXX compiler: /usr/bin/c++ - skipped
[0.405s] -- Detecting CXX compile features
[0.406s] -- Detecting CXX compile features - done
[0.418s] [31mCMake Error at CMakeLists.txt:9 (find_package):
[0.418s]   By not providing "Findament_cmake.cmake" in CMAKE_MODULE_PATH this project
[0.419s]   has asked CMake to find a package configuration file provided by
[0.419s]   "ament_cmake", but CMake did not find one.
[0.419s] 
[0.419s]   Could not find a package configuration file provided by "ament_cmake" with
[0.419s]   any of the following names:
[0.419s] 
[0.420s]     ament_cmakeConfig.cmake
[0.420s]     ament_cmake-config.cmake
[0.420s] 
[0.420s]   Add the installation prefix of "ament_cmake" to CMAKE_PREFIX_PATH or set
[0.420s]   "ament_cmake_DIR" to a directory containing one of the above files.  If
[0.420s]   "ament_cmake" provides a separate development package or SDK, be sure it
[0.420s]   has been installed.
[0.421s] 
[0.421s] [0m
[0.421s] -- Configuring incomplete, errors occurred!
[0.421s] See also "/home/antonio/Robotic-Swarms-main/Robotic-Swarms-main/build/arlo_interfaces/CMakeFiles/CMakeOutput.log".
[0.423s] Invoked command in '/home/antonio/Robotic-Swarms-main/Robotic-Swarms-main/build/arlo_interfaces' returned '1': /usr/bin/cmake /home/antonio/Robotic-Swarms-main/Robotic-Swarms-main/arlo_interfaces -DCMAKE_INSTALL_PREFIX=/home/antonio/Robotic-Swarms-main/Robotic-Swarms-main/install/arlo_interfaces
