[0.011s] Invoking command in '/home/antonio/Robotic-Swarms-main/Robotic-Swarms-main/build/arlo_interfaces': /usr/bin/cmake /home/antonio/Robotic-Swarms-main/Robotic-Swarms-main/arlo_interfaces -DCMAKE_INSTALL_PREFIX=/home/antonio/Robotic-Swarms-main/Robotic-Swarms-main/install/arlo_interfaces
[0.085s] -- The C compiler identification is GNU 11.4.0
[0.162s] -- The CXX compiler identification is GNU 11.4.0
[0.178s] -- Detecting C compiler ABI info
[0.276s] -- Detecting C compiler ABI info - done
[0.288s] -- Check for working C compiler: /usr/bin/cc - skipped
[0.288s] -- Detecting C compile features
[0.289s] -- Detecting C compile features - done
[0.293s] -- Detecting CXX compiler ABI info
[0.392s] -- Detecting CXX compiler ABI info - done
[0.408s] -- Check for working CXX compiler: /usr/bin/c++ - skipped
[0.408s] -- Detecting CXX compile features
[0.409s] -- Detecting CXX compile features - done
[0.431s] [31mCMake Error at CMakeLists.txt:9 (find_package):
[0.431s]   By not providing "Findament_cmake.cmake" in CMAKE_MODULE_PATH this project
[0.431s]   has asked CMake to find a package configuration file provided by
[0.431s]   "ament_cmake", but CMake did not find one.
[0.432s] 
[0.432s]   Could not find a package configuration file provided by "ament_cmake" with
[0.432s]   any of the following names:
[0.432s] 
[0.432s]     ament_cmakeConfig.cmake
[0.432s]     ament_cmake-config.cmake
[0.432s] 
[0.433s]   Add the installation prefix of "ament_cmake" to CMAKE_PREFIX_PATH or set
[0.433s]   "ament_cmake_DIR" to a directory containing one of the above files.  If
[0.433s]   "ament_cmake" provides a separate development package or SDK, be sure it
[0.433s]   has been installed.
[0.433s] 
[0.433s] -- Configuring incomplete, errors occurred!
[0.433s] See also "/home/antonio/Robotic-Swarms-main/Robotic-Swarms-main/build/arlo_interfaces/CMakeFiles/CMakeOutput.log".
[0.434s] [0m
[0.444s] Invoked command in '/home/antonio/Robotic-Swarms-main/Robotic-Swarms-main/build/arlo_interfaces' returned '1': /usr/bin/cmake /home/antonio/Robotic-Swarms-main/Robotic-Swarms-main/arlo_interfaces -DCMAKE_INSTALL_PREFIX=/home/antonio/Robotic-Swarms-main/Robotic-Swarms-main/install/arlo_interfaces
