[35m[1mConsolidate compiler generated dependencies of target cpp_exe[0m
[35m[1mConsolidate compiler generated dependencies of target meta_exe[0m
[  0%] Built target ament_cmake_python_copy_cognitive_architecture
[ 50%] Built target cpp_exe
[100%] Built target meta_exe
running egg_info
writing cognitive_architecture.egg-info/PKG-INFO
writing dependency_links to cognitive_architecture.egg-info/dependency_links.txt
writing top-level names to cognitive_architecture.egg-info/top_level.txt
reading manifest file 'cognitive_architecture.egg-info/SOURCES.txt'
writing manifest file 'cognitive_architecture.egg-info/SOURCES.txt'
[100%] Built target ament_cmake_python_build_cognitive_architecture_egg
-- Install configuration: ""
-- Up-to-date: /home/antonio/Robotic-Swarms-main/Robotic-Swarms-main/install/cognitive_architecture/lib/cognitive_architecture/cpp_exe
-- Up-to-date: /home/antonio/Robotic-Swarms-main/Robotic-Swarms-main/install/cognitive_architecture/lib/cognitive_architecture/meta_exe
-- Up-to-date: /home/antonio/Robotic-Swarms-main/Robotic-Swarms-main/install/cognitive_architecture/share/cognitive_architecture/environment/pythonpath.sh
-- Up-to-date: /home/antonio/Robotic-Swarms-main/Robotic-Swarms-main/install/cognitive_architecture/share/cognitive_architecture/environment/pythonpath.dsv
-- Up-to-date: /home/antonio/Robotic-Swarms-main/Robotic-Swarms-main/install/cognitive_architecture/local/lib/python3.10/dist-packages/cognitive_architecture-0.0.0-py3.10.egg-info
-- Installing: /home/antonio/Robotic-Swarms-main/Robotic-Swarms-main/install/cognitive_architecture/local/lib/python3.10/dist-packages/cognitive_architecture-0.0.0-py3.10.egg-info/dependency_links.txt
-- Installing: /home/antonio/Robotic-Swarms-main/Robotic-Swarms-main/install/cognitive_architecture/local/lib/python3.10/dist-packages/cognitive_architecture-0.0.0-py3.10.egg-info/top_level.txt
-- Installing: /home/antonio/Robotic-Swarms-main/Robotic-Swarms-main/install/cognitive_architecture/local/lib/python3.10/dist-packages/cognitive_architecture-0.0.0-py3.10.egg-info/PKG-INFO
-- Installing: /home/antonio/Robotic-Swarms-main/Robotic-Swarms-main/install/cognitive_architecture/local/lib/python3.10/dist-packages/cognitive_architecture-0.0.0-py3.10.egg-info/SOURCES.txt
-- Up-to-date: /home/antonio/Robotic-Swarms-main/Robotic-Swarms-main/install/cognitive_architecture/local/lib/python3.10/dist-packages/cognitive_architecture
-- Up-to-date: /home/antonio/Robotic-Swarms-main/Robotic-Swarms-main/install/cognitive_architecture/local/lib/python3.10/dist-packages/cognitive_architecture/corteza_motora_primaria.py
-- Up-to-date: /home/antonio/Robotic-Swarms-main/Robotic-Swarms-main/install/cognitive_architecture/local/lib/python3.10/dist-packages/cognitive_architecture/robot.py
-- Up-to-date: /home/antonio/Robotic-Swarms-main/Robotic-Swarms-main/install/cognitive_architecture/local/lib/python3.10/dist-packages/cognitive_architecture/README.md
-- Up-to-date: /home/antonio/Robotic-Swarms-main/Robotic-Swarms-main/install/cognitive_architecture/local/lib/python3.10/dist-packages/cognitive_architecture/__init__.py
-- Up-to-date: /home/antonio/Robotic-Swarms-main/Robotic-Swarms-main/install/cognitive_architecture/local/lib/python3.10/dist-packages/cognitive_architecture/lobulo_temporal.py
Listing '/home/antonio/Robotic-Swarms-main/Robotic-Swarms-main/install/cognitive_architecture/local/lib/python3.10/dist-packages/cognitive_architecture'...
-- Up-to-date: /home/antonio/Robotic-Swarms-main/Robotic-Swarms-main/install/cognitive_architecture/lib/cognitive_architecture/Controlador_individuo.py
-- Up-to-date: /home/antonio/Robotic-Swarms-main/Robotic-Swarms-main/install/cognitive_architecture/share/cognitive_architecture/launch
-- Up-to-date: /home/antonio/Robotic-Swarms-main/Robotic-Swarms-main/install/cognitive_architecture/share/cognitive_architecture/launch/gazebo.launch.py
-- Up-to-date: /home/antonio/Robotic-Swarms-main/Robotic-Swarms-main/install/cognitive_architecture/share/cognitive_architecture/launch/dummys.launch.py
-- Up-to-date: /home/antonio/Robotic-Swarms-main/Robotic-Swarms-main/install/cognitive_architecture/share/cognitive_architecture/launch/meta_trainning.launch.py
-- Up-to-date: /home/antonio/Robotic-Swarms-main/Robotic-Swarms-main/install/cognitive_architecture/share/cognitive_architecture/models
-- Up-to-date: /home/antonio/Robotic-Swarms-main/Robotic-Swarms-main/install/cognitive_architecture/share/cognitive_architecture/models/curling_target
-- Up-to-date: /home/antonio/Robotic-Swarms-main/Robotic-Swarms-main/install/cognitive_architecture/share/cognitive_architecture/models/curling_target/model.config
-- Up-to-date: /home/antonio/Robotic-Swarms-main/Robotic-Swarms-main/install/cognitive_architecture/share/cognitive_architecture/models/curling_target/meshes
-- Up-to-date: /home/antonio/Robotic-Swarms-main/Robotic-Swarms-main/install/cognitive_architecture/share/cognitive_architecture/models/curling_target/meshes/curling.dae
-- Up-to-date: /home/antonio/Robotic-Swarms-main/Robotic-Swarms-main/install/cognitive_architecture/share/cognitive_architecture/models/curling_target/meshes/target.png
-- Up-to-date: /home/antonio/Robotic-Swarms-main/Robotic-Swarms-main/install/cognitive_architecture/share/cognitive_architecture/models/curling_target/meshes/curling_target.dae
-- Up-to-date: /home/antonio/Robotic-Swarms-main/Robotic-Swarms-main/install/cognitive_architecture/share/cognitive_architecture/models/curling_target/meshes/diana.blend
-- Up-to-date: /home/antonio/Robotic-Swarms-main/Robotic-Swarms-main/install/cognitive_architecture/share/cognitive_architecture/models/curling_target/meshes/diana.blend1
-- Up-to-date: /home/antonio/Robotic-Swarms-main/Robotic-Swarms-main/install/cognitive_architecture/share/cognitive_architecture/models/curling_target/materials
-- Up-to-date: /home/antonio/Robotic-Swarms-main/Robotic-Swarms-main/install/cognitive_architecture/share/cognitive_architecture/models/curling_target/materials/textures
-- Up-to-date: /home/antonio/Robotic-Swarms-main/Robotic-Swarms-main/install/cognitive_architecture/share/cognitive_architecture/models/curling_target/materials/textures/target.png
-- Up-to-date: /home/antonio/Robotic-Swarms-main/Robotic-Swarms-main/install/cognitive_architecture/share/cognitive_architecture/models/curling_target/curling_target.sdf
-- Up-to-date: /home/antonio/Robotic-Swarms-main/Robotic-Swarms-main/install/cognitive_architecture/share/cognitive_architecture/models/checkerboard_plane
-- Up-to-date: /home/antonio/Robotic-Swarms-main/Robotic-Swarms-main/install/cognitive_architecture/share/cognitive_architecture/models/checkerboard_plane/model.config
-- Up-to-date: /home/antonio/Robotic-Swarms-main/Robotic-Swarms-main/install/cognitive_architecture/share/cognitive_architecture/models/checkerboard_plane/checkerboard_plane.sdf
-- Up-to-date: /home/antonio/Robotic-Swarms-main/Robotic-Swarms-main/install/cognitive_architecture/share/cognitive_architecture/models/checkerboard_plane/meshes
-- Up-to-date: /home/antonio/Robotic-Swarms-main/Robotic-Swarms-main/install/cognitive_architecture/share/cognitive_architecture/models/checkerboard_plane/meshes/checker.png
-- Up-to-date: /home/antonio/Robotic-Swarms-main/Robotic-Swarms-main/install/cognitive_architecture/share/cognitive_architecture/models/checkerboard_plane/meshes/checkerboard_plane.dae
-- Up-to-date: /home/antonio/Robotic-Swarms-main/Robotic-Swarms-main/install/cognitive_architecture/share/cognitive_architecture/models/checkerboard_plane/materials
-- Up-to-date: /home/antonio/Robotic-Swarms-main/Robotic-Swarms-main/install/cognitive_architecture/share/cognitive_architecture/models/checkerboard_plane/materials/textures
-- Up-to-date: /home/antonio/Robotic-Swarms-main/Robotic-Swarms-main/install/cognitive_architecture/share/cognitive_architecture/models/checkerboard_plane/materials/textures/checker.png
-- Up-to-date: /home/antonio/Robotic-Swarms-main/Robotic-Swarms-main/install/cognitive_architecture/share/cognitive_architecture/models/bardas_madera
-- Up-to-date: /home/antonio/Robotic-Swarms-main/Robotic-Swarms-main/install/cognitive_architecture/share/cognitive_architecture/models/bardas_madera/model.config
-- Up-to-date: /home/antonio/Robotic-Swarms-main/Robotic-Swarms-main/install/cognitive_architecture/share/cognitive_architecture/models/bardas_madera/model.sdf
-- Up-to-date: /home/antonio/Robotic-Swarms-main/Robotic-Swarms-main/install/cognitive_architecture/share/cognitive_architecture/models/cerebral_carpet
-- Installing: /home/antonio/Robotic-Swarms-main/Robotic-Swarms-main/install/cognitive_architecture/share/cognitive_architecture/models/cerebral_carpet/cerebral_carpet.sdf
-- Up-to-date: /home/antonio/Robotic-Swarms-main/Robotic-Swarms-main/install/cognitive_architecture/share/cognitive_architecture/models/cerebral_carpet/model.config
-- Up-to-date: /home/antonio/Robotic-Swarms-main/Robotic-Swarms-main/install/cognitive_architecture/share/cognitive_architecture/models/cerebral_carpet/meshes
-- Up-to-date: /home/antonio/Robotic-Swarms-main/Robotic-Swarms-main/install/cognitive_architecture/share/cognitive_architecture/models/cerebral_carpet/meshes/cerebral_carpet.dae
-- Up-to-date: /home/antonio/Robotic-Swarms-main/Robotic-Swarms-main/install/cognitive_architecture/share/cognitive_architecture/models/cerebral_carpet/meshes/curling.dae
-- Up-to-date: /home/antonio/Robotic-Swarms-main/Robotic-Swarms-main/install/cognitive_architecture/share/cognitive_architecture/models/cerebral_carpet/meshes/cerebral_carpet.svg
-- Up-to-date: /home/antonio/Robotic-Swarms-main/Robotic-Swarms-main/install/cognitive_architecture/share/cognitive_architecture/models/cerebral_carpet/meshes/target.png
-- Up-to-date: /home/antonio/Robotic-Swarms-main/Robotic-Swarms-main/install/cognitive_architecture/share/cognitive_architecture/models/cerebral_carpet/meshes/diana.blend
-- Up-to-date: /home/antonio/Robotic-Swarms-main/Robotic-Swarms-main/install/cognitive_architecture/share/cognitive_architecture/models/cerebral_carpet/meshes/diana.blend1
-- Up-to-date: /home/antonio/Robotic-Swarms-main/Robotic-Swarms-main/install/cognitive_architecture/share/cognitive_architecture/models/cerebral_carpet/materials
-- Up-to-date: /home/antonio/Robotic-Swarms-main/Robotic-Swarms-main/install/cognitive_architecture/share/cognitive_architecture/models/cerebral_carpet/materials/textures
-- Up-to-date: /home/antonio/Robotic-Swarms-main/Robotic-Swarms-main/install/cognitive_architecture/share/cognitive_architecture/models/cerebral_carpet/materials/textures/target.png
-- Up-to-date: /home/antonio/Robotic-Swarms-main/Robotic-Swarms-main/install/cognitive_architecture/share/cognitive_architecture/models/arrow_red
-- Up-to-date: /home/antonio/Robotic-Swarms-main/Robotic-Swarms-main/install/cognitive_architecture/share/cognitive_architecture/models/arrow_red/model.config
-- Up-to-date: /home/antonio/Robotic-Swarms-main/Robotic-Swarms-main/install/cognitive_architecture/share/cognitive_architecture/models/arrow_red/model.sdf
-- Up-to-date: /home/antonio/Robotic-Swarms-main/Robotic-Swarms-main/install/cognitive_architecture/share/cognitive_architecture/models/cerebral_goal
-- Up-to-date: /home/antonio/Robotic-Swarms-main/Robotic-Swarms-main/install/cognitive_architecture/share/cognitive_architecture/models/cerebral_goal/model.config
-- Up-to-date: /home/antonio/Robotic-Swarms-main/Robotic-Swarms-main/install/cognitive_architecture/share/cognitive_architecture/models/cerebral_goal/cerebral_goal.sdf
-- Up-to-date: /home/antonio/Robotic-Swarms-main/Robotic-Swarms-main/install/cognitive_architecture/share/cognitive_architecture/models/cerebral_goal/meshes
-- Up-to-date: /home/antonio/Robotic-Swarms-main/Robotic-Swarms-main/install/cognitive_architecture/share/cognitive_architecture/models/cerebral_goal/meshes/cerebral_goal.svg
-- Up-to-date: /home/antonio/Robotic-Swarms-main/Robotic-Swarms-main/install/cognitive_architecture/share/cognitive_architecture/models/cerebral_goal/meshes/curling.dae
-- Up-to-date: /home/antonio/Robotic-Swarms-main/Robotic-Swarms-main/install/cognitive_architecture/share/cognitive_architecture/models/cerebral_goal/meshes/cerebral_carpet.svg
-- Up-to-date: /home/antonio/Robotic-Swarms-main/Robotic-Swarms-main/install/cognitive_architecture/share/cognitive_architecture/models/cerebral_goal/meshes/target.png
-- Up-to-date: /home/antonio/Robotic-Swarms-main/Robotic-Swarms-main/install/cognitive_architecture/share/cognitive_architecture/models/cerebral_goal/meshes/diana.blend
-- Up-to-date: /home/antonio/Robotic-Swarms-main/Robotic-Swarms-main/install/cognitive_architecture/share/cognitive_architecture/models/cerebral_goal/meshes/diana.blend1
-- Up-to-date: /home/antonio/Robotic-Swarms-main/Robotic-Swarms-main/install/cognitive_architecture/share/cognitive_architecture/models/cerebral_goal/meshes/cerebral_goal.dae
-- Up-to-date: /home/antonio/Robotic-Swarms-main/Robotic-Swarms-main/install/cognitive_architecture/share/cognitive_architecture/models/cerebral_goal/materials
-- Up-to-date: /home/antonio/Robotic-Swarms-main/Robotic-Swarms-main/install/cognitive_architecture/share/cognitive_architecture/models/cerebral_goal/materials/textures
-- Up-to-date: /home/antonio/Robotic-Swarms-main/Robotic-Swarms-main/install/cognitive_architecture/share/cognitive_architecture/models/cerebral_goal/materials/textures/target.png
-- Up-to-date: /home/antonio/Robotic-Swarms-main/Robotic-Swarms-main/install/cognitive_architecture/share/cognitive_architecture/models/arlo
-- Up-to-date: /home/antonio/Robotic-Swarms-main/Robotic-Swarms-main/install/cognitive_architecture/share/cognitive_architecture/models/arlo/arlourdf.urdf
-- Up-to-date: /home/antonio/Robotic-Swarms-main/Robotic-Swarms-main/install/cognitive_architecture/share/cognitive_architecture/models/arlo/model.config
-- Up-to-date: /home/antonio/Robotic-Swarms-main/Robotic-Swarms-main/install/cognitive_architecture/share/cognitive_architecture/models/arlo/prueba.urdf
-- Up-to-date: /home/antonio/Robotic-Swarms-main/Robotic-Swarms-main/install/cognitive_architecture/share/cognitive_architecture/models/arlo/meshes
-- Up-to-date: /home/antonio/Robotic-Swarms-main/Robotic-Swarms-main/install/cognitive_architecture/share/cognitive_architecture/models/arlo/meshes/arlo_base_altura_ok.dae
-- Up-to-date: /home/antonio/Robotic-Swarms-main/Robotic-Swarms-main/install/cognitive_architecture/share/cognitive_architecture/models/arlo/meshes/arlo_wheel_mejorado_backup.dae
-- Up-to-date: /home/antonio/Robotic-Swarms-main/Robotic-Swarms-main/install/cognitive_architecture/share/cognitive_architecture/models/arlo/meshes/Rueda_izquierda_link.STL
-- Up-to-date: /home/antonio/Robotic-Swarms-main/Robotic-Swarms-main/install/cognitive_architecture/share/cognitive_architecture/models/arlo/meshes/arlo_base_backup.dae
-- Up-to-date: /home/antonio/Robotic-Swarms-main/Robotic-Swarms-main/install/cognitive_architecture/share/cognitive_architecture/models/arlo/meshes/Rueda_derecha_link.STL
-- Up-to-date: /home/antonio/Robotic-Swarms-main/Robotic-Swarms-main/install/cognitive_architecture/share/cognitive_architecture/models/arlo/meshes/Rueda_castor_link.STL
-- Up-to-date: /home/antonio/Robotic-Swarms-main/Robotic-Swarms-main/install/cognitive_architecture/share/cognitive_architecture/models/arlo/meshes/arlo_sensor.dae
-- Up-to-date: /home/antonio/Robotic-Swarms-main/Robotic-Swarms-main/install/cognitive_architecture/share/cognitive_architecture/models/arlo/meshes/base_link.STL
-- Up-to-date: /home/antonio/Robotic-Swarms-main/Robotic-Swarms-main/install/cognitive_architecture/share/cognitive_architecture/models/arlo/meshes/Base_castor_link.STL
-- Up-to-date: /home/antonio/Robotic-Swarms-main/Robotic-Swarms-main/install/cognitive_architecture/share/cognitive_architecture/models/arlo/meshes/arlo_wheel_mejorado.dae
-- Up-to-date: /home/antonio/Robotic-Swarms-main/Robotic-Swarms-main/install/cognitive_architecture/share/cognitive_architecture/models/arlo/meshes/arlo_base.dae
-- Up-to-date: /home/antonio/Robotic-Swarms-main/Robotic-Swarms-main/install/cognitive_architecture/share/cognitive_architecture/models/arlo/meshes/arlo_wheel.dae
-- Up-to-date: /home/antonio/Robotic-Swarms-main/Robotic-Swarms-main/install/cognitive_architecture/share/cognitive_architecture/models/arlo/model.sdf
-- Up-to-date: /home/antonio/Robotic-Swarms-main/Robotic-Swarms-main/install/cognitive_architecture/share/cognitive_architecture/worlds
-- Up-to-date: /home/antonio/Robotic-Swarms-main/Robotic-Swarms-main/install/cognitive_architecture/share/cognitive_architecture/worlds/curling_obstaculo.world.xml
-- Up-to-date: /home/antonio/Robotic-Swarms-main/Robotic-Swarms-main/install/cognitive_architecture/share/cognitive_architecture/worlds/box_bot_empty.world
-- Up-to-date: /home/antonio/Robotic-Swarms-main/Robotic-Swarms-main/install/cognitive_architecture/share/cognitive_architecture/worlds/arena_cerebral.world
-- Up-to-date: /home/antonio/Robotic-Swarms-main/Robotic-Swarms-main/install/cognitive_architecture/share/cognitive_architecture/worlds/walk_verde.dae
-- Up-to-date: /home/antonio/Robotic-Swarms-main/Robotic-Swarms-main/install/cognitive_architecture/share/cognitive_architecture/worlds/escenarioRiesgoso.world.docx
-- Up-to-date: /home/antonio/Robotic-Swarms-main/Robotic-Swarms-main/install/cognitive_architecture/share/cognitive_architecture/worlds/cafe_uam_1.world
-- Up-to-date: /home/antonio/Robotic-Swarms-main/Robotic-Swarms-main/install/cognitive_architecture/share/cognitive_architecture/worlds/cafe_uam.world.docx
-- Up-to-date: /home/antonio/Robotic-Swarms-main/Robotic-Swarms-main/install/cognitive_architecture/share/cognitive_architecture/worlds/curling_empty_field.world.xml
-- Up-to-date: /home/antonio/Robotic-Swarms-main/Robotic-Swarms-main/install/cognitive_architecture/share/cognitive_architecture/worlds/pista_pasillo_cerebral.world
-- Up-to-date: /home/antonio/Robotic-Swarms-main/Robotic-Swarms-main/install/cognitive_architecture/share/cognitive_architecture/worlds/curling_libre.world.xml
-- Up-to-date: /home/antonio/Robotic-Swarms-main/Robotic-Swarms-main/install/cognitive_architecture/share/cognitive_architecture/worlds/pista_herradura.world
-- Up-to-date: /home/antonio/Robotic-Swarms-main/Robotic-Swarms-main/install/cognitive_architecture/share/cognitive_architecture/worlds/basic_house_obstacles.world.xml
-- Up-to-date: /home/antonio/Robotic-Swarms-main/Robotic-Swarms-main/install/cognitive_architecture/share/cognitive_architecture/worlds/escenarioAusteroCalvos.world.docx
-- Up-to-date: /home/antonio/Robotic-Swarms-main/Robotic-Swarms-main/install/cognitive_architecture/share/cognitive_architecture/worlds/pista_herradura_cerebral.world
-- Up-to-date: /home/antonio/Robotic-Swarms-main/Robotic-Swarms-main/install/cognitive_architecture/share/cognitive_architecture/worlds/bote_azul_obstaculos.world.xml
-- Up-to-date: /home/antonio/Robotic-Swarms-main/Robotic-Swarms-main/install/cognitive_architecture/share/cognitive_architecture/worlds/cuadrilatero_obstaculos.world.xml
-- Up-to-date: /home/antonio/Robotic-Swarms-main/Robotic-Swarms-main/install/cognitive_architecture/share/cognitive_architecture/worlds/bote_azul_libre.world.xml
-- Up-to-date: /home/antonio/Robotic-Swarms-main/Robotic-Swarms-main/install/cognitive_architecture/share/cognitive_architecture/worlds/laberinto_01.world
-- Up-to-date: /home/antonio/Robotic-Swarms-main/Robotic-Swarms-main/install/cognitive_architecture/share/cognitive_architecture/worlds/escenarioAustero.world.docx
-- Up-to-date: /home/antonio/Robotic-Swarms-main/Robotic-Swarms-main/install/cognitive_architecture/share/ament_index/resource_index/package_run_dependencies/cognitive_architecture
-- Up-to-date: /home/antonio/Robotic-Swarms-main/Robotic-Swarms-main/install/cognitive_architecture/share/ament_index/resource_index/parent_prefix_path/cognitive_architecture
-- Up-to-date: /home/antonio/Robotic-Swarms-main/Robotic-Swarms-main/install/cognitive_architecture/share/cognitive_architecture/environment/ament_prefix_path.sh
-- Up-to-date: /home/antonio/Robotic-Swarms-main/Robotic-Swarms-main/install/cognitive_architecture/share/cognitive_architecture/environment/ament_prefix_path.dsv
-- Up-to-date: /home/antonio/Robotic-Swarms-main/Robotic-Swarms-main/install/cognitive_architecture/share/cognitive_architecture/environment/path.sh
-- Up-to-date: /home/antonio/Robotic-Swarms-main/Robotic-Swarms-main/install/cognitive_architecture/share/cognitive_architecture/environment/path.dsv
-- Up-to-date: /home/antonio/Robotic-Swarms-main/Robotic-Swarms-main/install/cognitive_architecture/share/cognitive_architecture/local_setup.bash
-- Up-to-date: /home/antonio/Robotic-Swarms-main/Robotic-Swarms-main/install/cognitive_architecture/share/cognitive_architecture/local_setup.sh
-- Up-to-date: /home/antonio/Robotic-Swarms-main/Robotic-Swarms-main/install/cognitive_architecture/share/cognitive_architecture/local_setup.zsh
-- Up-to-date: /home/antonio/Robotic-Swarms-main/Robotic-Swarms-main/install/cognitive_architecture/share/cognitive_architecture/local_setup.dsv
-- Installing: /home/antonio/Robotic-Swarms-main/Robotic-Swarms-main/install/cognitive_architecture/share/cognitive_architecture/package.dsv
-- Up-to-date: /home/antonio/Robotic-Swarms-main/Robotic-Swarms-main/install/cognitive_architecture/share/ament_index/resource_index/packages/cognitive_architecture
-- Up-to-date: /home/antonio/Robotic-Swarms-main/Robotic-Swarms-main/install/cognitive_architecture/share/cognitive_architecture/cmake/cognitive_architectureConfig.cmake
-- Up-to-date: /home/antonio/Robotic-Swarms-main/Robotic-Swarms-main/install/cognitive_architecture/share/cognitive_architecture/cmake/cognitive_architectureConfig-version.cmake
-- Up-to-date: /home/antonio/Robotic-Swarms-main/Robotic-Swarms-main/install/cognitive_architecture/share/cognitive_architecture/package.xml
