[3.283s] DEBUG:colcon:Command line arguments: ['/usr/bin/colcon', 'build', '--packages-select', 'cognitive_architecture']
[3.284s] DEBUG:colcon:Parsed command line arguments: Namespace(log_base=None, log_level=None, verb_name='build', build_base='build', install_base='install', merge_install=False, symlink_install=False, test_result_base=None, continue_on_error=False, executor='parallel', parallel_workers=4, event_handlers=None, ignore_user_meta=False, metas=['./colcon.meta'], base_paths=['.'], packages_ignore=None, packages_ignore_regex=None, paths=None, packages_up_to=None, packages_up_to_regex=None, packages_above=None, packages_above_and_dependencies=None, packages_above_depth=None, packages_select_by_dep=None, packages_skip_by_dep=None, packages_skip_up_to=None, packages_select_build_failed=False, packages_skip_build_finished=False, packages_select_test_failures=False, packages_skip_test_passed=False, packages_select=['cognitive_architecture'], packages_skip=None, packages_select_regex=None, packages_skip_regex=None, packages_start=None, packages_end=None, allow_overriding=[], cmake_args=None, cmake_target=None, cmake_target_skip_unavailable=False, cmake_clean_cache=False, cmake_clean_first=False, cmake_force_configure=False, ament_cmake_args=None, catkin_cmake_args=None, catkin_skip_building_tests=False, mixin_files=None, mixin=None, verb_parser=<colcon_mixin.mixin.mixin_argument.MixinArgumentDecorator object at 0x72f9bd631720>, verb_extension=<colcon_core.verb.build.BuildVerb object at 0x72f9bd631210>, main=<bound method BuildVerb.main of <colcon_core.verb.build.BuildVerb object at 0x72f9bd631210>>, mixin_verb=('build',))
[6.590s] Level 1:colcon.colcon_core.package_discovery:discover_packages(colcon_meta) check parameters
[6.591s] Level 1:colcon.colcon_core.package_discovery:discover_packages(recursive) check parameters
[6.591s] Level 1:colcon.colcon_core.package_discovery:discover_packages(ignore) check parameters
[6.591s] Level 1:colcon.colcon_core.package_discovery:discover_packages(path) check parameters
[6.592s] Level 1:colcon.colcon_core.package_discovery:discover_packages(colcon_meta) discover
[6.592s] Level 1:colcon.colcon_core.package_discovery:discover_packages(recursive) discover
[6.593s] INFO:colcon.colcon_core.package_discovery:Crawling recursively for packages in '/home/antonio/Robotic-Swarms-main/Robotic-Swarms-main'
[6.593s] Level 1:colcon.colcon_core.package_identification:_identify(.) by extensions ['ignore', 'ignore_ament_install']
[6.594s] Level 1:colcon.colcon_core.package_identification:_identify(.) by extension 'ignore'
[6.594s] Level 1:colcon.colcon_core.package_identification:_identify(.) by extension 'ignore_ament_install'
[6.594s] Level 1:colcon.colcon_core.package_identification:_identify(.) by extensions ['colcon_pkg']
[6.595s] Level 1:colcon.colcon_core.package_identification:_identify(.) by extension 'colcon_pkg'
[6.595s] Level 1:colcon.colcon_core.package_identification:_identify(.) by extensions ['colcon_meta']
[6.595s] Level 1:colcon.colcon_core.package_identification:_identify(.) by extension 'colcon_meta'
[6.596s] Level 1:colcon.colcon_core.package_identification:_identify(.) by extensions ['ros']
[6.596s] Level 1:colcon.colcon_core.package_identification:_identify(.) by extension 'ros'
[6.675s] Level 1:colcon.colcon_core.package_identification:_identify(.) by extensions ['cmake', 'python']
[6.675s] Level 1:colcon.colcon_core.package_identification:_identify(.) by extension 'cmake'
[6.675s] Level 1:colcon.colcon_core.package_identification:_identify(.) by extension 'python'
[6.676s] Level 1:colcon.colcon_core.package_identification:_identify(.) by extensions ['python_setup_py']
[6.676s] Level 1:colcon.colcon_core.package_identification:_identify(.) by extension 'python_setup_py'
[6.676s] Level 1:colcon.colcon_core.package_identification:_identify(arlo_interfaces) by extensions ['ignore', 'ignore_ament_install']
[6.676s] Level 1:colcon.colcon_core.package_identification:_identify(arlo_interfaces) by extension 'ignore'
[6.677s] Level 1:colcon.colcon_core.package_identification:_identify(arlo_interfaces) by extension 'ignore_ament_install'
[6.677s] Level 1:colcon.colcon_core.package_identification:_identify(arlo_interfaces) by extensions ['colcon_pkg']
[6.677s] Level 1:colcon.colcon_core.package_identification:_identify(arlo_interfaces) by extension 'colcon_pkg'
[6.677s] Level 1:colcon.colcon_core.package_identification:_identify(arlo_interfaces) by extensions ['colcon_meta']
[6.677s] Level 1:colcon.colcon_core.package_identification:_identify(arlo_interfaces) by extension 'colcon_meta'
[6.678s] Level 1:colcon.colcon_core.package_identification:_identify(arlo_interfaces) by extensions ['ros']
[6.678s] Level 1:colcon.colcon_core.package_identification:_identify(arlo_interfaces) by extension 'ros'
[6.744s] DEBUG:colcon.colcon_core.package_identification:Package 'arlo_interfaces' with type 'ros.ament_cmake' and name 'arlo_interfaces'
[6.745s] Level 1:colcon.colcon_core.package_identification:_identify(build) by extensions ['ignore', 'ignore_ament_install']
[6.745s] Level 1:colcon.colcon_core.package_identification:_identify(build) by extension 'ignore'
[6.746s] Level 1:colcon.colcon_core.package_identification:_identify(build) ignored
[6.746s] Level 1:colcon.colcon_core.package_identification:_identify(cognitive_architecture) by extensions ['ignore', 'ignore_ament_install']
[6.747s] Level 1:colcon.colcon_core.package_identification:_identify(cognitive_architecture) by extension 'ignore'
[6.747s] Level 1:colcon.colcon_core.package_identification:_identify(cognitive_architecture) by extension 'ignore_ament_install'
[6.748s] Level 1:colcon.colcon_core.package_identification:_identify(cognitive_architecture) by extensions ['colcon_pkg']
[6.748s] Level 1:colcon.colcon_core.package_identification:_identify(cognitive_architecture) by extension 'colcon_pkg'
[6.748s] Level 1:colcon.colcon_core.package_identification:_identify(cognitive_architecture) by extensions ['colcon_meta']
[6.748s] Level 1:colcon.colcon_core.package_identification:_identify(cognitive_architecture) by extension 'colcon_meta'
[6.749s] Level 1:colcon.colcon_core.package_identification:_identify(cognitive_architecture) by extensions ['ros']
[6.749s] Level 1:colcon.colcon_core.package_identification:_identify(cognitive_architecture) by extension 'ros'
[6.779s] DEBUG:colcon.colcon_core.package_identification:Package 'cognitive_architecture' with type 'ros.ament_cmake' and name 'cognitive_architecture'
[6.780s] Level 1:colcon.colcon_core.package_identification:_identify(install) by extensions ['ignore', 'ignore_ament_install']
[6.780s] Level 1:colcon.colcon_core.package_identification:_identify(install) by extension 'ignore'
[6.781s] Level 1:colcon.colcon_core.package_identification:_identify(install) ignored
[6.781s] Level 1:colcon.colcon_core.package_identification:_identify(log) by extensions ['ignore', 'ignore_ament_install']
[6.782s] Level 1:colcon.colcon_core.package_identification:_identify(log) by extension 'ignore'
[6.782s] Level 1:colcon.colcon_core.package_identification:_identify(log) ignored
[6.783s] Level 1:colcon.colcon_core.package_identification:_identify(salidafinal) by extensions ['ignore', 'ignore_ament_install']
[6.783s] Level 1:colcon.colcon_core.package_identification:_identify(salidafinal) by extension 'ignore'
[6.783s] Level 1:colcon.colcon_core.package_identification:_identify(salidafinal) by extension 'ignore_ament_install'
[6.784s] Level 1:colcon.colcon_core.package_identification:_identify(salidafinal) by extensions ['colcon_pkg']
[6.784s] Level 1:colcon.colcon_core.package_identification:_identify(salidafinal) by extension 'colcon_pkg'
[6.785s] Level 1:colcon.colcon_core.package_identification:_identify(salidafinal) by extensions ['colcon_meta']
[6.785s] Level 1:colcon.colcon_core.package_identification:_identify(salidafinal) by extension 'colcon_meta'
[6.785s] Level 1:colcon.colcon_core.package_identification:_identify(salidafinal) by extensions ['ros']
[6.785s] Level 1:colcon.colcon_core.package_identification:_identify(salidafinal) by extension 'ros'
[6.786s] Level 1:colcon.colcon_core.package_identification:_identify(salidafinal) by extensions ['cmake', 'python']
[6.786s] Level 1:colcon.colcon_core.package_identification:_identify(salidafinal) by extension 'cmake'
[6.786s] Level 1:colcon.colcon_core.package_identification:_identify(salidafinal) by extension 'python'
[6.787s] Level 1:colcon.colcon_core.package_identification:_identify(salidafinal) by extensions ['python_setup_py']
[6.787s] Level 1:colcon.colcon_core.package_identification:_identify(salidafinal) by extension 'python_setup_py'
[6.787s] Level 1:colcon.colcon_core.package_discovery:discover_packages(recursive) using defaults
[6.788s] Level 1:colcon.colcon_core.package_discovery:discover_packages(ignore) discover
[6.788s] Level 1:colcon.colcon_core.package_discovery:discover_packages(ignore) using defaults
[6.788s] Level 1:colcon.colcon_core.package_discovery:discover_packages(path) discover
[6.788s] Level 1:colcon.colcon_core.package_discovery:discover_packages(path) using defaults
[7.252s] INFO:colcon.colcon_core.package_selection:Skipping not selected package 'arlo_interfaces' in 'arlo_interfaces'
[7.263s] Level 1:colcon.colcon_core.package_discovery:discover_packages(prefix_path) check parameters
[7.263s] Level 1:colcon.colcon_core.package_discovery:discover_packages(prefix_path) discover
[7.294s] Level 1:colcon.colcon_core.package_discovery:discover_packages(prefix_path) using defaults
[7.304s] Level 5:colcon.colcon_core.verb:set package 'cognitive_architecture' build argument 'cmake_args' from command line to 'None'
[7.305s] Level 5:colcon.colcon_core.verb:set package 'cognitive_architecture' build argument 'cmake_target' from command line to 'None'
[7.305s] Level 5:colcon.colcon_core.verb:set package 'cognitive_architecture' build argument 'cmake_target_skip_unavailable' from command line to 'False'
[7.305s] Level 5:colcon.colcon_core.verb:set package 'cognitive_architecture' build argument 'cmake_clean_cache' from command line to 'False'
[7.305s] Level 5:colcon.colcon_core.verb:set package 'cognitive_architecture' build argument 'cmake_clean_first' from command line to 'False'
[7.306s] Level 5:colcon.colcon_core.verb:set package 'cognitive_architecture' build argument 'cmake_force_configure' from command line to 'False'
[7.306s] Level 5:colcon.colcon_core.verb:set package 'cognitive_architecture' build argument 'ament_cmake_args' from command line to 'None'
[7.306s] Level 5:colcon.colcon_core.verb:set package 'cognitive_architecture' build argument 'catkin_cmake_args' from command line to 'None'
[7.306s] Level 5:colcon.colcon_core.verb:set package 'cognitive_architecture' build argument 'catkin_skip_building_tests' from command line to 'False'
[7.306s] DEBUG:colcon.colcon_core.verb:Building package 'cognitive_architecture' with the following arguments: {'ament_cmake_args': None, 'build_base': '/home/antonio/Robotic-Swarms-main/Robotic-Swarms-main/build/cognitive_architecture', 'catkin_cmake_args': None, 'catkin_skip_building_tests': False, 'cmake_args': None, 'cmake_clean_cache': False, 'cmake_clean_first': False, 'cmake_force_configure': False, 'cmake_target': None, 'cmake_target_skip_unavailable': False, 'install_base': '/home/antonio/Robotic-Swarms-main/Robotic-Swarms-main/install/cognitive_architecture', 'merge_install': False, 'path': '/home/antonio/Robotic-Swarms-main/Robotic-Swarms-main/cognitive_architecture', 'symlink_install': False, 'test_result_base': None}
[7.307s] INFO:colcon.colcon_core.executor:Executing jobs using 'parallel' executor
[7.312s] DEBUG:colcon.colcon_parallel_executor.executor.parallel:run_until_complete
[7.312s] INFO:colcon.colcon_ros.task.ament_cmake.build:Building ROS package in '/home/antonio/Robotic-Swarms-main/Robotic-Swarms-main/cognitive_architecture' with build type 'ament_cmake'
[7.313s] INFO:colcon.colcon_cmake.task.cmake.build:Building CMake package in '/home/antonio/Robotic-Swarms-main/Robotic-Swarms-main/cognitive_architecture'
[7.448s] INFO:colcon.colcon_core.plugin_system:Skipping extension 'colcon_core.shell.bat': Not used on non-Windows systems
[7.449s] INFO:colcon.colcon_core.shell:Skip shell extension 'powershell' for command environment: Not usable outside of PowerShell
[7.450s] DEBUG:colcon.colcon_core.shell:Skip shell extension 'dsv' for command environment
[7.697s] DEBUG:colcon.colcon_core.event_handler.log_command:Invoking command in '/home/antonio/Robotic-Swarms-main/Robotic-Swarms-main/build/cognitive_architecture': AMENT_PREFIX_PATH=/home/antonio/Robotic-Swarms-main/Robotic-Swarms-main/install/arlo_interfaces CMAKE_PREFIX_PATH=/home/antonio/Robotic-Swarms-main/Robotic-Swarms-main/install/arlo_interfaces LD_LIBRARY_PATH=/home/antonio/Robotic-Swarms-main/Robotic-Swarms-main/install/arlo_interfaces/lib PYTHONPATH=/home/antonio/Robotic-Swarms-main/Robotic-Swarms-main/install/arlo_interfaces/local/lib/python3.10/dist-packages /usr/bin/cmake --build /home/antonio/Robotic-Swarms-main/Robotic-Swarms-main/build/cognitive_architecture -- -j4 -l4
[9.585s] DEBUG:colcon.colcon_core.event_handler.log_command:Invoked command in '/home/antonio/Robotic-Swarms-main/Robotic-Swarms-main/build/cognitive_architecture' returned '0': AMENT_PREFIX_PATH=/home/antonio/Robotic-Swarms-main/Robotic-Swarms-main/install/arlo_interfaces CMAKE_PREFIX_PATH=/home/antonio/Robotic-Swarms-main/Robotic-Swarms-main/install/arlo_interfaces LD_LIBRARY_PATH=/home/antonio/Robotic-Swarms-main/Robotic-Swarms-main/install/arlo_interfaces/lib PYTHONPATH=/home/antonio/Robotic-Swarms-main/Robotic-Swarms-main/install/arlo_interfaces/local/lib/python3.10/dist-packages /usr/bin/cmake --build /home/antonio/Robotic-Swarms-main/Robotic-Swarms-main/build/cognitive_architecture -- -j4 -l4
[9.638s] DEBUG:colcon.colcon_core.event_handler.log_command:Invoking command in '/home/antonio/Robotic-Swarms-main/Robotic-Swarms-main/build/cognitive_architecture': AMENT_PREFIX_PATH=/home/antonio/Robotic-Swarms-main/Robotic-Swarms-main/install/arlo_interfaces CMAKE_PREFIX_PATH=/home/antonio/Robotic-Swarms-main/Robotic-Swarms-main/install/arlo_interfaces LD_LIBRARY_PATH=/home/antonio/Robotic-Swarms-main/Robotic-Swarms-main/install/arlo_interfaces/lib PYTHONPATH=/home/antonio/Robotic-Swarms-main/Robotic-Swarms-main/install/arlo_interfaces/local/lib/python3.10/dist-packages /usr/bin/cmake --install /home/antonio/Robotic-Swarms-main/Robotic-Swarms-main/build/cognitive_architecture
[9.949s] Level 1:colcon.colcon_core.environment:create_environment_scripts_only(cognitive_architecture)
[9.950s] DEBUG:colcon.colcon_core.event_handler.log_command:Invoked command in '/home/antonio/Robotic-Swarms-main/Robotic-Swarms-main/build/cognitive_architecture' returned '0': AMENT_PREFIX_PATH=/home/antonio/Robotic-Swarms-main/Robotic-Swarms-main/install/arlo_interfaces CMAKE_PREFIX_PATH=/home/antonio/Robotic-Swarms-main/Robotic-Swarms-main/install/arlo_interfaces LD_LIBRARY_PATH=/home/antonio/Robotic-Swarms-main/Robotic-Swarms-main/install/arlo_interfaces/lib PYTHONPATH=/home/antonio/Robotic-Swarms-main/Robotic-Swarms-main/install/arlo_interfaces/local/lib/python3.10/dist-packages /usr/bin/cmake --install /home/antonio/Robotic-Swarms-main/Robotic-Swarms-main/build/cognitive_architecture
[10.074s] Level 1:colcon.colcon_core.environment:checking '/home/antonio/Robotic-Swarms-main/Robotic-Swarms-main/install/cognitive_architecture' for CMake module files
[10.075s] Level 1:colcon.colcon_core.environment:checking '/home/antonio/Robotic-Swarms-main/Robotic-Swarms-main/install/cognitive_architecture' for CMake config files
[10.078s] Level 1:colcon.colcon_core.shell:create_environment_hook('cognitive_architecture', 'cmake_prefix_path')
[10.078s] INFO:colcon.colcon_core.shell:Creating environment hook '/home/antonio/Robotic-Swarms-main/Robotic-Swarms-main/install/cognitive_architecture/share/cognitive_architecture/hook/cmake_prefix_path.ps1'
[10.091s] INFO:colcon.colcon_core.shell:Creating environment descriptor '/home/antonio/Robotic-Swarms-main/Robotic-Swarms-main/install/cognitive_architecture/share/cognitive_architecture/hook/cmake_prefix_path.dsv'
[10.105s] INFO:colcon.colcon_core.shell:Creating environment hook '/home/antonio/Robotic-Swarms-main/Robotic-Swarms-main/install/cognitive_architecture/share/cognitive_architecture/hook/cmake_prefix_path.sh'
[10.109s] Level 1:colcon.colcon_core.environment:checking '/home/antonio/Robotic-Swarms-main/Robotic-Swarms-main/install/cognitive_architecture/lib'
[10.110s] Level 1:colcon.colcon_core.environment:checking '/home/antonio/Robotic-Swarms-main/Robotic-Swarms-main/install/cognitive_architecture/bin'
[10.111s] Level 1:colcon.colcon_core.environment:checking '/home/antonio/Robotic-Swarms-main/Robotic-Swarms-main/install/cognitive_architecture/lib/pkgconfig/cognitive_architecture.pc'
[10.127s] Level 1:colcon.colcon_core.environment:checking '/home/antonio/Robotic-Swarms-main/Robotic-Swarms-main/install/cognitive_architecture/lib/python3.10/site-packages'
[10.129s] Level 1:colcon.colcon_core.environment:checking '/home/antonio/Robotic-Swarms-main/Robotic-Swarms-main/install/cognitive_architecture/bin'
[10.130s] INFO:colcon.colcon_core.shell:Creating package script '/home/antonio/Robotic-Swarms-main/Robotic-Swarms-main/install/cognitive_architecture/share/cognitive_architecture/package.ps1'
[10.133s] INFO:colcon.colcon_core.shell:Creating package descriptor '/home/antonio/Robotic-Swarms-main/Robotic-Swarms-main/install/cognitive_architecture/share/cognitive_architecture/package.dsv'
[10.136s] INFO:colcon.colcon_core.shell:Creating package script '/home/antonio/Robotic-Swarms-main/Robotic-Swarms-main/install/cognitive_architecture/share/cognitive_architecture/package.sh'
[10.139s] INFO:colcon.colcon_core.shell:Creating package script '/home/antonio/Robotic-Swarms-main/Robotic-Swarms-main/install/cognitive_architecture/share/cognitive_architecture/package.bash'
[10.160s] INFO:colcon.colcon_core.shell:Creating package script '/home/antonio/Robotic-Swarms-main/Robotic-Swarms-main/install/cognitive_architecture/share/cognitive_architecture/package.zsh'
[10.164s] Level 1:colcon.colcon_core.environment:create_file_with_runtime_dependencies(/home/antonio/Robotic-Swarms-main/Robotic-Swarms-main/install/cognitive_architecture/share/colcon-core/packages/cognitive_architecture)
[10.166s] Level 1:colcon.colcon_core.environment:create_environment_scripts_only(cognitive_architecture)
[10.167s] Level 1:colcon.colcon_core.environment:checking '/home/antonio/Robotic-Swarms-main/Robotic-Swarms-main/install/cognitive_architecture' for CMake module files
[10.169s] Level 1:colcon.colcon_core.environment:checking '/home/antonio/Robotic-Swarms-main/Robotic-Swarms-main/install/cognitive_architecture' for CMake config files
[10.171s] Level 1:colcon.colcon_core.shell:create_environment_hook('cognitive_architecture', 'cmake_prefix_path')
[10.172s] INFO:colcon.colcon_core.shell:Creating environment hook '/home/antonio/Robotic-Swarms-main/Robotic-Swarms-main/install/cognitive_architecture/share/cognitive_architecture/hook/cmake_prefix_path.ps1'
[10.173s] INFO:colcon.colcon_core.shell:Creating environment descriptor '/home/antonio/Robotic-Swarms-main/Robotic-Swarms-main/install/cognitive_architecture/share/cognitive_architecture/hook/cmake_prefix_path.dsv'
[10.174s] INFO:colcon.colcon_core.shell:Creating environment hook '/home/antonio/Robotic-Swarms-main/Robotic-Swarms-main/install/cognitive_architecture/share/cognitive_architecture/hook/cmake_prefix_path.sh'
[10.176s] Level 1:colcon.colcon_core.environment:checking '/home/antonio/Robotic-Swarms-main/Robotic-Swarms-main/install/cognitive_architecture/lib'
[10.176s] Level 1:colcon.colcon_core.environment:checking '/home/antonio/Robotic-Swarms-main/Robotic-Swarms-main/install/cognitive_architecture/bin'
[10.176s] Level 1:colcon.colcon_core.environment:checking '/home/antonio/Robotic-Swarms-main/Robotic-Swarms-main/install/cognitive_architecture/lib/pkgconfig/cognitive_architecture.pc'
[10.177s] Level 1:colcon.colcon_core.environment:checking '/home/antonio/Robotic-Swarms-main/Robotic-Swarms-main/install/cognitive_architecture/lib/python3.10/site-packages'
[10.177s] Level 1:colcon.colcon_core.environment:checking '/home/antonio/Robotic-Swarms-main/Robotic-Swarms-main/install/cognitive_architecture/bin'
[10.178s] INFO:colcon.colcon_core.shell:Creating package script '/home/antonio/Robotic-Swarms-main/Robotic-Swarms-main/install/cognitive_architecture/share/cognitive_architecture/package.ps1'
[10.179s] INFO:colcon.colcon_core.shell:Creating package descriptor '/home/antonio/Robotic-Swarms-main/Robotic-Swarms-main/install/cognitive_architecture/share/cognitive_architecture/package.dsv'
[10.181s] INFO:colcon.colcon_core.shell:Creating package script '/home/antonio/Robotic-Swarms-main/Robotic-Swarms-main/install/cognitive_architecture/share/cognitive_architecture/package.sh'
[10.182s] INFO:colcon.colcon_core.shell:Creating package script '/home/antonio/Robotic-Swarms-main/Robotic-Swarms-main/install/cognitive_architecture/share/cognitive_architecture/package.bash'
[10.183s] INFO:colcon.colcon_core.shell:Creating package script '/home/antonio/Robotic-Swarms-main/Robotic-Swarms-main/install/cognitive_architecture/share/cognitive_architecture/package.zsh'
[10.184s] Level 1:colcon.colcon_core.environment:create_file_with_runtime_dependencies(/home/antonio/Robotic-Swarms-main/Robotic-Swarms-main/install/cognitive_architecture/share/colcon-core/packages/cognitive_architecture)
[10.184s] DEBUG:colcon.colcon_parallel_executor.executor.parallel:closing loop
[10.186s] DEBUG:colcon.colcon_parallel_executor.executor.parallel:loop closed
[10.186s] DEBUG:colcon.colcon_parallel_executor.executor.parallel:run_until_complete finished with '0'
[10.186s] DEBUG:colcon.colcon_core.event_reactor:joining thread
[10.257s] INFO:colcon.colcon_core.plugin_system:Skipping extension 'colcon_notification.desktop_notification.terminal_notifier': Not used on non-Darwin systems
[10.258s] INFO:colcon.colcon_core.plugin_system:Skipping extension 'colcon_notification.desktop_notification.win32': Not used on non-Windows systems
[10.258s] INFO:colcon.colcon_notification.desktop_notification:Sending desktop notification using 'notify2'
[10.301s] DEBUG:colcon.colcon_core.event_reactor:joined thread
[10.301s] INFO:colcon.colcon_core.shell:Creating prefix script '/home/antonio/Robotic-Swarms-main/Robotic-Swarms-main/install/local_setup.ps1'
[10.303s] INFO:colcon.colcon_core.shell:Creating prefix util module '/home/antonio/Robotic-Swarms-main/Robotic-Swarms-main/install/_local_setup_util_ps1.py'
[10.306s] INFO:colcon.colcon_core.shell:Creating prefix chain script '/home/antonio/Robotic-Swarms-main/Robotic-Swarms-main/install/setup.ps1'
[10.309s] INFO:colcon.colcon_core.shell:Creating prefix script '/home/antonio/Robotic-Swarms-main/Robotic-Swarms-main/install/local_setup.sh'
[10.328s] INFO:colcon.colcon_core.shell:Creating prefix util module '/home/antonio/Robotic-Swarms-main/Robotic-Swarms-main/install/_local_setup_util_sh.py'
[10.329s] INFO:colcon.colcon_core.shell:Creating prefix chain script '/home/antonio/Robotic-Swarms-main/Robotic-Swarms-main/install/setup.sh'
[10.331s] INFO:colcon.colcon_core.shell:Creating prefix script '/home/antonio/Robotic-Swarms-main/Robotic-Swarms-main/install/local_setup.bash'
[10.333s] INFO:colcon.colcon_core.shell:Creating prefix chain script '/home/antonio/Robotic-Swarms-main/Robotic-Swarms-main/install/setup.bash'
[10.335s] INFO:colcon.colcon_core.shell:Creating prefix script '/home/antonio/Robotic-Swarms-main/Robotic-Swarms-main/install/local_setup.zsh'
[10.338s] INFO:colcon.colcon_core.shell:Creating prefix chain script '/home/antonio/Robotic-Swarms-main/Robotic-Swarms-main/install/setup.zsh'
