[0.093s] Invoking command in '/home/antonio/Robotic-Swarms-main/Robotic-Swarms-main/build/cognitive_architecture': AMENT_PREFIX_PATH=/home/antonio/Robotic-Swarms-main/Robotic-Swarms-main/install/arlo_interfaces:${AMENT_PREFIX_PATH} CMAKE_PREFIX_PATH=/home/antonio/Robotic-Swarms-main/Robotic-Swarms-main/install/arlo_interfaces:/home/antonio/Robotic-Swarms-main/install/cognitive_architecture:/home/antonio/Robotic-Swarms-main/install/arlo_interfaces:/opt/ros/humble LD_LIBRARY_PATH=/home/antonio/Robotic-Swarms-main/Robotic-Swarms-main/install/arlo_interfaces/lib:${LD_LIBRARY_PATH} PYTHONPATH=/home/antonio/Robotic-Swarms-main/Robotic-Swarms-main/install/arlo_interfaces/local/lib/python3.10/dist-packages:${PYTHONPATH} /usr/bin/cmake --build /home/antonio/Robotic-Swarms-main/Robotic-Swarms-main/build/cognitive_architecture -- -j4 -l4
[0.198s] [35m[1mConsolidate compiler generated dependencies of target cpp_exe[0m
[0.202s] [35m[1mConsolidate compiler generated dependencies of target meta_exe[0m
[0.227s] [  0%] Built target ament_cmake_python_copy_cognitive_architecture
[0.228s] [ 75%] Built target meta_exe
[0.228s] [100%] Built target cpp_exe
[0.559s] running egg_info
[0.560s] writing cognitive_architecture.egg-info/PKG-INFO
[0.560s] writing dependency_links to cognitive_architecture.egg-info/dependency_links.txt
[0.560s] writing top-level names to cognitive_architecture.egg-info/top_level.txt
[0.563s] reading manifest file 'cognitive_architecture.egg-info/SOURCES.txt'
[0.563s] writing manifest file 'cognitive_architecture.egg-info/SOURCES.txt'
[0.601s] [100%] Built target ament_cmake_python_build_cognitive_architecture_egg
[0.617s] Invoked command in '/home/antonio/Robotic-Swarms-main/Robotic-Swarms-main/build/cognitive_architecture' returned '0': AMENT_PREFIX_PATH=/home/antonio/Robotic-Swarms-main/Robotic-Swarms-main/install/arlo_interfaces:${AMENT_PREFIX_PATH} CMAKE_PREFIX_PATH=/home/antonio/Robotic-Swarms-main/Robotic-Swarms-main/install/arlo_interfaces:/home/antonio/Robotic-Swarms-main/install/cognitive_architecture:/home/antonio/Robotic-Swarms-main/install/arlo_interfaces:/opt/ros/humble LD_LIBRARY_PATH=/home/antonio/Robotic-Swarms-main/Robotic-Swarms-main/install/arlo_interfaces/lib:${LD_LIBRARY_PATH} PYTHONPATH=/home/antonio/Robotic-Swarms-main/Robotic-Swarms-main/install/arlo_interfaces/local/lib/python3.10/dist-packages:${PYTHONPATH} /usr/bin/cmake --build /home/antonio/Robotic-Swarms-main/Robotic-Swarms-main/build/cognitive_architecture -- -j4 -l4
[0.621s] Invoking command in '/home/antonio/Robotic-Swarms-main/Robotic-Swarms-main/build/cognitive_architecture': AMENT_PREFIX_PATH=/home/antonio/Robotic-Swarms-main/Robotic-Swarms-main/install/arlo_interfaces:${AMENT_PREFIX_PATH} CMAKE_PREFIX_PATH=/home/antonio/Robotic-Swarms-main/Robotic-Swarms-main/install/arlo_interfaces:/home/antonio/Robotic-Swarms-main/install/cognitive_architecture:/home/antonio/Robotic-Swarms-main/install/arlo_interfaces:/opt/ros/humble LD_LIBRARY_PATH=/home/antonio/Robotic-Swarms-main/Robotic-Swarms-main/install/arlo_interfaces/lib:${LD_LIBRARY_PATH} PYTHONPATH=/home/antonio/Robotic-Swarms-main/Robotic-Swarms-main/install/arlo_interfaces/local/lib/python3.10/dist-packages:${PYTHONPATH} /usr/bin/cmake --install /home/antonio/Robotic-Swarms-main/Robotic-Swarms-main/build/cognitive_architecture
[0.632s] -- Install configuration: ""
[0.632s] -- Up-to-date: /home/antonio/Robotic-Swarms-main/Robotic-Swarms-main/install/cognitive_architecture/lib/cognitive_architecture/cpp_exe
[0.633s] -- Up-to-date: /home/antonio/Robotic-Swarms-main/Robotic-Swarms-main/install/cognitive_architecture/lib/cognitive_architecture/meta_exe
[0.634s] -- Up-to-date: /home/antonio/Robotic-Swarms-main/Robotic-Swarms-main/install/cognitive_architecture/share/cognitive_architecture/environment/pythonpath.sh
[0.634s] -- Up-to-date: /home/antonio/Robotic-Swarms-main/Robotic-Swarms-main/install/cognitive_architecture/share/cognitive_architecture/environment/pythonpath.dsv
[0.634s] -- Up-to-date: /home/antonio/Robotic-Swarms-main/Robotic-Swarms-main/install/cognitive_architecture/local/lib/python3.10/dist-packages/cognitive_architecture-0.0.0-py3.10.egg-info
[0.635s] -- Installing: /home/antonio/Robotic-Swarms-main/Robotic-Swarms-main/install/cognitive_architecture/local/lib/python3.10/dist-packages/cognitive_architecture-0.0.0-py3.10.egg-info/dependency_links.txt
[0.635s] -- Installing: /home/antonio/Robotic-Swarms-main/Robotic-Swarms-main/install/cognitive_architecture/local/lib/python3.10/dist-packages/cognitive_architecture-0.0.0-py3.10.egg-info/top_level.txt
[0.635s] -- Installing: /home/antonio/Robotic-Swarms-main/Robotic-Swarms-main/install/cognitive_architecture/local/lib/python3.10/dist-packages/cognitive_architecture-0.0.0-py3.10.egg-info/PKG-INFO
[0.635s] -- Installing: /home/antonio/Robotic-Swarms-main/Robotic-Swarms-main/install/cognitive_architecture/local/lib/python3.10/dist-packages/cognitive_architecture-0.0.0-py3.10.egg-info/SOURCES.txt
[0.636s] -- Up-to-date: /home/antonio/Robotic-Swarms-main/Robotic-Swarms-main/install/cognitive_architecture/local/lib/python3.10/dist-packages/cognitive_architecture
[0.636s] -- Up-to-date: /home/antonio/Robotic-Swarms-main/Robotic-Swarms-main/install/cognitive_architecture/local/lib/python3.10/dist-packages/cognitive_architecture/corteza_motora_primaria.py
[0.636s] -- Up-to-date: /home/antonio/Robotic-Swarms-main/Robotic-Swarms-main/install/cognitive_architecture/local/lib/python3.10/dist-packages/cognitive_architecture/robot.py
[0.636s] -- Up-to-date: /home/antonio/Robotic-Swarms-main/Robotic-Swarms-main/install/cognitive_architecture/local/lib/python3.10/dist-packages/cognitive_architecture/README.md
[0.636s] -- Up-to-date: /home/antonio/Robotic-Swarms-main/Robotic-Swarms-main/install/cognitive_architecture/local/lib/python3.10/dist-packages/cognitive_architecture/__init__.py
[0.636s] -- Up-to-date: /home/antonio/Robotic-Swarms-main/Robotic-Swarms-main/install/cognitive_architecture/local/lib/python3.10/dist-packages/cognitive_architecture/lobulo_temporal.py
[0.677s] Listing '/home/antonio/Robotic-Swarms-main/Robotic-Swarms-main/install/cognitive_architecture/local/lib/python3.10/dist-packages/cognitive_architecture'...
[0.683s] -- Up-to-date: /home/antonio/Robotic-Swarms-main/Robotic-Swarms-main/install/cognitive_architecture/lib/cognitive_architecture/Controlador_individuo.py
[0.684s] -- Up-to-date: /home/antonio/Robotic-Swarms-main/Robotic-Swarms-main/install/cognitive_architecture/share/cognitive_architecture/launch
[0.684s] -- Up-to-date: /home/antonio/Robotic-Swarms-main/Robotic-Swarms-main/install/cognitive_architecture/share/cognitive_architecture/launch/gazebo.launch.py
[0.684s] -- Up-to-date: /home/antonio/Robotic-Swarms-main/Robotic-Swarms-main/install/cognitive_architecture/share/cognitive_architecture/launch/dummys.launch.py
[0.685s] -- Up-to-date: /home/antonio/Robotic-Swarms-main/Robotic-Swarms-main/install/cognitive_architecture/share/cognitive_architecture/launch/meta_trainning.launch.py
[0.685s] -- Up-to-date: /home/antonio/Robotic-Swarms-main/Robotic-Swarms-main/install/cognitive_architecture/share/cognitive_architecture/models
[0.686s] -- Up-to-date: /home/antonio/Robotic-Swarms-main/Robotic-Swarms-main/install/cognitive_architecture/share/cognitive_architecture/models/curling_target
[0.686s] -- Up-to-date: /home/antonio/Robotic-Swarms-main/Robotic-Swarms-main/install/cognitive_architecture/share/cognitive_architecture/models/curling_target/model.config
[0.686s] -- Up-to-date: /home/antonio/Robotic-Swarms-main/Robotic-Swarms-main/install/cognitive_architecture/share/cognitive_architecture/models/curling_target/meshes
[0.687s] -- Up-to-date: /home/antonio/Robotic-Swarms-main/Robotic-Swarms-main/install/cognitive_architecture/share/cognitive_architecture/models/curling_target/meshes/curling.dae
[0.687s] -- Up-to-date: /home/antonio/Robotic-Swarms-main/Robotic-Swarms-main/install/cognitive_architecture/share/cognitive_architecture/models/curling_target/meshes/target.png
[0.687s] -- Up-to-date: /home/antonio/Robotic-Swarms-main/Robotic-Swarms-main/install/cognitive_architecture/share/cognitive_architecture/models/curling_target/meshes/curling_target.dae
[0.688s] -- Up-to-date: /home/antonio/Robotic-Swarms-main/Robotic-Swarms-main/install/cognitive_architecture/share/cognitive_architecture/models/curling_target/meshes/diana.blend
[0.688s] -- Up-to-date: /home/antonio/Robotic-Swarms-main/Robotic-Swarms-main/install/cognitive_architecture/share/cognitive_architecture/models/curling_target/meshes/diana.blend1
[0.688s] -- Up-to-date: /home/antonio/Robotic-Swarms-main/Robotic-Swarms-main/install/cognitive_architecture/share/cognitive_architecture/models/curling_target/materials
[0.689s] -- Up-to-date: /home/antonio/Robotic-Swarms-main/Robotic-Swarms-main/install/cognitive_architecture/share/cognitive_architecture/models/curling_target/materials/textures
[0.689s] -- Up-to-date: /home/antonio/Robotic-Swarms-main/Robotic-Swarms-main/install/cognitive_architecture/share/cognitive_architecture/models/curling_target/materials/textures/target.png
[0.689s] -- Up-to-date: /home/antonio/Robotic-Swarms-main/Robotic-Swarms-main/install/cognitive_architecture/share/cognitive_architecture/models/curling_target/curling_target.sdf
[0.690s] -- Up-to-date: /home/antonio/Robotic-Swarms-main/Robotic-Swarms-main/install/cognitive_architecture/share/cognitive_architecture/models/checkerboard_plane
[0.690s] -- Up-to-date: /home/antonio/Robotic-Swarms-main/Robotic-Swarms-main/install/cognitive_architecture/share/cognitive_architecture/models/checkerboard_plane/model.config
[0.690s] -- Up-to-date: /home/antonio/Robotic-Swarms-main/Robotic-Swarms-main/install/cognitive_architecture/share/cognitive_architecture/models/checkerboard_plane/checkerboard_plane.sdf
[0.690s] -- Up-to-date: /home/antonio/Robotic-Swarms-main/Robotic-Swarms-main/install/cognitive_architecture/share/cognitive_architecture/models/checkerboard_plane/meshes
[0.691s] -- Up-to-date: /home/antonio/Robotic-Swarms-main/Robotic-Swarms-main/install/cognitive_architecture/share/cognitive_architecture/models/checkerboard_plane/meshes/checker.png
[0.691s] -- Up-to-date: /home/antonio/Robotic-Swarms-main/Robotic-Swarms-main/install/cognitive_architecture/share/cognitive_architecture/models/checkerboard_plane/meshes/checkerboard_plane.dae
[0.691s] -- Up-to-date: /home/antonio/Robotic-Swarms-main/Robotic-Swarms-main/install/cognitive_architecture/share/cognitive_architecture/models/checkerboard_plane/materials
[0.692s] -- Up-to-date: /home/antonio/Robotic-Swarms-main/Robotic-Swarms-main/install/cognitive_architecture/share/cognitive_architecture/models/checkerboard_plane/materials/textures
[0.692s] -- Up-to-date: /home/antonio/Robotic-Swarms-main/Robotic-Swarms-main/install/cognitive_architecture/share/cognitive_architecture/models/checkerboard_plane/materials/textures/checker.png
[0.692s] -- Up-to-date: /home/antonio/Robotic-Swarms-main/Robotic-Swarms-main/install/cognitive_architecture/share/cognitive_architecture/models/bardas_madera
[0.692s] -- Up-to-date: /home/antonio/Robotic-Swarms-main/Robotic-Swarms-main/install/cognitive_architecture/share/cognitive_architecture/models/bardas_madera/model.config
[0.693s] -- Up-to-date: /home/antonio/Robotic-Swarms-main/Robotic-Swarms-main/install/cognitive_architecture/share/cognitive_architecture/models/bardas_madera/model.sdf
[0.693s] -- Up-to-date: /home/antonio/Robotic-Swarms-main/Robotic-Swarms-main/install/cognitive_architecture/share/cognitive_architecture/models/cerebral_carpet
[0.693s] -- Up-to-date: /home/antonio/Robotic-Swarms-main/Robotic-Swarms-main/install/cognitive_architecture/share/cognitive_architecture/models/cerebral_carpet/cerebral_carpet.sdf
[0.693s] -- Up-to-date: /home/antonio/Robotic-Swarms-main/Robotic-Swarms-main/install/cognitive_architecture/share/cognitive_architecture/models/cerebral_carpet/model.config
[0.693s] -- Up-to-date: /home/antonio/Robotic-Swarms-main/Robotic-Swarms-main/install/cognitive_architecture/share/cognitive_architecture/models/cerebral_carpet/meshes
[0.694s] -- Up-to-date: /home/antonio/Robotic-Swarms-main/Robotic-Swarms-main/install/cognitive_architecture/share/cognitive_architecture/models/cerebral_carpet/meshes/cerebral_carpet.dae
[0.694s] -- Up-to-date: /home/antonio/Robotic-Swarms-main/Robotic-Swarms-main/install/cognitive_architecture/share/cognitive_architecture/models/cerebral_carpet/meshes/curling.dae
[0.694s] -- Up-to-date: /home/antonio/Robotic-Swarms-main/Robotic-Swarms-main/install/cognitive_architecture/share/cognitive_architecture/models/cerebral_carpet/meshes/cerebral_carpet.svg
[0.694s] -- Up-to-date: /home/antonio/Robotic-Swarms-main/Robotic-Swarms-main/install/cognitive_architecture/share/cognitive_architecture/models/cerebral_carpet/meshes/target.png
[0.695s] -- Up-to-date: /home/antonio/Robotic-Swarms-main/Robotic-Swarms-main/install/cognitive_architecture/share/cognitive_architecture/models/cerebral_carpet/meshes/diana.blend
[0.695s] -- Up-to-date: /home/antonio/Robotic-Swarms-main/Robotic-Swarms-main/install/cognitive_architecture/share/cognitive_architecture/models/cerebral_carpet/meshes/diana.blend1
[0.696s] -- Up-to-date: /home/antonio/Robotic-Swarms-main/Robotic-Swarms-main/install/cognitive_architecture/share/cognitive_architecture/models/cerebral_carpet/materials
[0.696s] -- Up-to-date: /home/antonio/Robotic-Swarms-main/Robotic-Swarms-main/install/cognitive_architecture/share/cognitive_architecture/models/cerebral_carpet/materials/textures
[0.697s] -- Up-to-date: /home/antonio/Robotic-Swarms-main/Robotic-Swarms-main/install/cognitive_architecture/share/cognitive_architecture/models/cerebral_carpet/materials/textures/target.png
[0.699s] -- Up-to-date: /home/antonio/Robotic-Swarms-main/Robotic-Swarms-main/install/cognitive_architecture/share/cognitive_architecture/models/arrow_red
[0.699s] -- Up-to-date: /home/antonio/Robotic-Swarms-main/Robotic-Swarms-main/install/cognitive_architecture/share/cognitive_architecture/models/arrow_red/model.config
[0.700s] -- Up-to-date: /home/antonio/Robotic-Swarms-main/Robotic-Swarms-main/install/cognitive_architecture/share/cognitive_architecture/models/arrow_red/model.sdf
[0.701s] -- Up-to-date: /home/antonio/Robotic-Swarms-main/Robotic-Swarms-main/install/cognitive_architecture/share/cognitive_architecture/models/cerebral_goal
[0.701s] -- Up-to-date: /home/antonio/Robotic-Swarms-main/Robotic-Swarms-main/install/cognitive_architecture/share/cognitive_architecture/models/cerebral_goal/model.config
[0.701s] -- Up-to-date: /home/antonio/Robotic-Swarms-main/Robotic-Swarms-main/install/cognitive_architecture/share/cognitive_architecture/models/cerebral_goal/cerebral_goal.sdf
[0.702s] -- Up-to-date: /home/antonio/Robotic-Swarms-main/Robotic-Swarms-main/install/cognitive_architecture/share/cognitive_architecture/models/cerebral_goal/meshes
[0.702s] -- Up-to-date: /home/antonio/Robotic-Swarms-main/Robotic-Swarms-main/install/cognitive_architecture/share/cognitive_architecture/models/cerebral_goal/meshes/cerebral_goal.svg
[0.703s] -- Up-to-date: /home/antonio/Robotic-Swarms-main/Robotic-Swarms-main/install/cognitive_architecture/share/cognitive_architecture/models/cerebral_goal/meshes/curling.dae
[0.703s] -- Up-to-date: /home/antonio/Robotic-Swarms-main/Robotic-Swarms-main/install/cognitive_architecture/share/cognitive_architecture/models/cerebral_goal/meshes/cerebral_carpet.svg
[0.704s] -- Up-to-date: /home/antonio/Robotic-Swarms-main/Robotic-Swarms-main/install/cognitive_architecture/share/cognitive_architecture/models/cerebral_goal/meshes/target.png
[0.705s] -- Up-to-date: /home/antonio/Robotic-Swarms-main/Robotic-Swarms-main/install/cognitive_architecture/share/cognitive_architecture/models/cerebral_goal/meshes/diana.blend
[0.705s] -- Up-to-date: /home/antonio/Robotic-Swarms-main/Robotic-Swarms-main/install/cognitive_architecture/share/cognitive_architecture/models/cerebral_goal/meshes/diana.blend1
[0.706s] -- Up-to-date: /home/antonio/Robotic-Swarms-main/Robotic-Swarms-main/install/cognitive_architecture/share/cognitive_architecture/models/cerebral_goal/meshes/cerebral_goal.dae
[0.706s] -- Up-to-date: /home/antonio/Robotic-Swarms-main/Robotic-Swarms-main/install/cognitive_architecture/share/cognitive_architecture/models/cerebral_goal/materials
[0.706s] -- Up-to-date: /home/antonio/Robotic-Swarms-main/Robotic-Swarms-main/install/cognitive_architecture/share/cognitive_architecture/models/cerebral_goal/materials/textures
[0.706s] -- Up-to-date: /home/antonio/Robotic-Swarms-main/Robotic-Swarms-main/install/cognitive_architecture/share/cognitive_architecture/models/cerebral_goal/materials/textures/target.png
[0.706s] -- Up-to-date: /home/antonio/Robotic-Swarms-main/Robotic-Swarms-main/install/cognitive_architecture/share/cognitive_architecture/models/arlo
[0.707s] -- Up-to-date: /home/antonio/Robotic-Swarms-main/Robotic-Swarms-main/install/cognitive_architecture/share/cognitive_architecture/models/arlo/arlourdf.urdf
[0.707s] -- Up-to-date: /home/antonio/Robotic-Swarms-main/Robotic-Swarms-main/install/cognitive_architecture/share/cognitive_architecture/models/arlo/model.config
[0.707s] -- Up-to-date: /home/antonio/Robotic-Swarms-main/Robotic-Swarms-main/install/cognitive_architecture/share/cognitive_architecture/models/arlo/prueba.urdf
[0.707s] -- Up-to-date: /home/antonio/Robotic-Swarms-main/Robotic-Swarms-main/install/cognitive_architecture/share/cognitive_architecture/models/arlo/meshes
[0.707s] -- Up-to-date: /home/antonio/Robotic-Swarms-main/Robotic-Swarms-main/install/cognitive_architecture/share/cognitive_architecture/models/arlo/meshes/arlo_base_altura_ok.dae
[0.707s] -- Up-to-date: /home/antonio/Robotic-Swarms-main/Robotic-Swarms-main/install/cognitive_architecture/share/cognitive_architecture/models/arlo/meshes/arlo_wheel_mejorado_backup.dae
[0.707s] -- Up-to-date: /home/antonio/Robotic-Swarms-main/Robotic-Swarms-main/install/cognitive_architecture/share/cognitive_architecture/models/arlo/meshes/Rueda_izquierda_link.STL
[0.707s] -- Up-to-date: /home/antonio/Robotic-Swarms-main/Robotic-Swarms-main/install/cognitive_architecture/share/cognitive_architecture/models/arlo/meshes/arlo_base_backup.dae
[0.707s] -- Up-to-date: /home/antonio/Robotic-Swarms-main/Robotic-Swarms-main/install/cognitive_architecture/share/cognitive_architecture/models/arlo/meshes/Rueda_derecha_link.STL
[0.708s] -- Up-to-date: /home/antonio/Robotic-Swarms-main/Robotic-Swarms-main/install/cognitive_architecture/share/cognitive_architecture/models/arlo/meshes/Rueda_castor_link.STL
[0.708s] -- Up-to-date: /home/antonio/Robotic-Swarms-main/Robotic-Swarms-main/install/cognitive_architecture/share/cognitive_architecture/models/arlo/meshes/arlo_sensor.dae
[0.708s] -- Up-to-date: /home/antonio/Robotic-Swarms-main/Robotic-Swarms-main/install/cognitive_architecture/share/cognitive_architecture/models/arlo/meshes/base_link.STL
[0.708s] -- Up-to-date: /home/antonio/Robotic-Swarms-main/Robotic-Swarms-main/install/cognitive_architecture/share/cognitive_architecture/models/arlo/meshes/Base_castor_link.STL
[0.708s] -- Up-to-date: /home/antonio/Robotic-Swarms-main/Robotic-Swarms-main/install/cognitive_architecture/share/cognitive_architecture/models/arlo/meshes/arlo_wheel_mejorado.dae
[0.708s] -- Up-to-date: /home/antonio/Robotic-Swarms-main/Robotic-Swarms-main/install/cognitive_architecture/share/cognitive_architecture/models/arlo/meshes/arlo_base.dae
[0.708s] -- Up-to-date: /home/antonio/Robotic-Swarms-main/Robotic-Swarms-main/install/cognitive_architecture/share/cognitive_architecture/models/arlo/meshes/arlo_wheel.dae
[0.708s] -- Up-to-date: /home/antonio/Robotic-Swarms-main/Robotic-Swarms-main/install/cognitive_architecture/share/cognitive_architecture/models/arlo/model.sdf
[0.708s] -- Up-to-date: /home/antonio/Robotic-Swarms-main/Robotic-Swarms-main/install/cognitive_architecture/share/cognitive_architecture/worlds
[0.708s] -- Up-to-date: /home/antonio/Robotic-Swarms-main/Robotic-Swarms-main/install/cognitive_architecture/share/cognitive_architecture/worlds/curling_obstaculo.world.xml
[0.709s] -- Up-to-date: /home/antonio/Robotic-Swarms-main/Robotic-Swarms-main/install/cognitive_architecture/share/cognitive_architecture/worlds/box_bot_empty.world
[0.709s] -- Up-to-date: /home/antonio/Robotic-Swarms-main/Robotic-Swarms-main/install/cognitive_architecture/share/cognitive_architecture/worlds/arena_cerebral.world
[0.709s] -- Up-to-date: /home/antonio/Robotic-Swarms-main/Robotic-Swarms-main/install/cognitive_architecture/share/cognitive_architecture/worlds/walk_verde.dae
[0.709s] -- Up-to-date: /home/antonio/Robotic-Swarms-main/Robotic-Swarms-main/install/cognitive_architecture/share/cognitive_architecture/worlds/escenarioRiesgoso.world.docx
[0.709s] -- Up-to-date: /home/antonio/Robotic-Swarms-main/Robotic-Swarms-main/install/cognitive_architecture/share/cognitive_architecture/worlds/cafe_uam_1.world
[0.709s] -- Up-to-date: /home/antonio/Robotic-Swarms-main/Robotic-Swarms-main/install/cognitive_architecture/share/cognitive_architecture/worlds/cafe_uam.world.docx
[0.709s] -- Up-to-date: /home/antonio/Robotic-Swarms-main/Robotic-Swarms-main/install/cognitive_architecture/share/cognitive_architecture/worlds/curling_empty_field.world.xml
[0.709s] -- Up-to-date: /home/antonio/Robotic-Swarms-main/Robotic-Swarms-main/install/cognitive_architecture/share/cognitive_architecture/worlds/pista_pasillo_cerebral.world
[0.709s] -- Up-to-date: /home/antonio/Robotic-Swarms-main/Robotic-Swarms-main/install/cognitive_architecture/share/cognitive_architecture/worlds/curling_libre.world.xml
[0.709s] -- Up-to-date: /home/antonio/Robotic-Swarms-main/Robotic-Swarms-main/install/cognitive_architecture/share/cognitive_architecture/worlds/pista_herradura.world
[0.710s] -- Up-to-date: /home/antonio/Robotic-Swarms-main/Robotic-Swarms-main/install/cognitive_architecture/share/cognitive_architecture/worlds/basic_house_obstacles.world.xml
[0.710s] -- Up-to-date: /home/antonio/Robotic-Swarms-main/Robotic-Swarms-main/install/cognitive_architecture/share/cognitive_architecture/worlds/escenarioAusteroCalvos.world.docx
[0.710s] -- Up-to-date: /home/antonio/Robotic-Swarms-main/Robotic-Swarms-main/install/cognitive_architecture/share/cognitive_architecture/worlds/pista_herradura_cerebral.world
[0.710s] -- Up-to-date: /home/antonio/Robotic-Swarms-main/Robotic-Swarms-main/install/cognitive_architecture/share/cognitive_architecture/worlds/bote_azul_obstaculos.world.xml
[0.710s] -- Up-to-date: /home/antonio/Robotic-Swarms-main/Robotic-Swarms-main/install/cognitive_architecture/share/cognitive_architecture/worlds/cuadrilatero_obstaculos.world.xml
[0.710s] -- Up-to-date: /home/antonio/Robotic-Swarms-main/Robotic-Swarms-main/install/cognitive_architecture/share/cognitive_architecture/worlds/bote_azul_libre.world.xml
[0.710s] -- Up-to-date: /home/antonio/Robotic-Swarms-main/Robotic-Swarms-main/install/cognitive_architecture/share/cognitive_architecture/worlds/laberinto_01.world
[0.710s] -- Up-to-date: /home/antonio/Robotic-Swarms-main/Robotic-Swarms-main/install/cognitive_architecture/share/cognitive_architecture/worlds/escenarioAustero.world.docx
[0.711s] -- Up-to-date: /home/antonio/Robotic-Swarms-main/Robotic-Swarms-main/install/cognitive_architecture/share/ament_index/resource_index/package_run_dependencies/cognitive_architecture
[0.711s] -- Up-to-date: /home/antonio/Robotic-Swarms-main/Robotic-Swarms-main/install/cognitive_architecture/share/ament_index/resource_index/parent_prefix_path/cognitive_architecture
[0.711s] -- Up-to-date: /home/antonio/Robotic-Swarms-main/Robotic-Swarms-main/install/cognitive_architecture/share/cognitive_architecture/environment/ament_prefix_path.sh
[0.711s] -- Up-to-date: /home/antonio/Robotic-Swarms-main/Robotic-Swarms-main/install/cognitive_architecture/share/cognitive_architecture/environment/ament_prefix_path.dsv
[0.711s] -- Up-to-date: /home/antonio/Robotic-Swarms-main/Robotic-Swarms-main/install/cognitive_architecture/share/cognitive_architecture/environment/path.sh
[0.711s] -- Up-to-date: /home/antonio/Robotic-Swarms-main/Robotic-Swarms-main/install/cognitive_architecture/share/cognitive_architecture/environment/path.dsv
[0.711s] -- Up-to-date: /home/antonio/Robotic-Swarms-main/Robotic-Swarms-main/install/cognitive_architecture/share/cognitive_architecture/local_setup.bash
[0.711s] -- Up-to-date: /home/antonio/Robotic-Swarms-main/Robotic-Swarms-main/install/cognitive_architecture/share/cognitive_architecture/local_setup.sh
[0.711s] -- Up-to-date: /home/antonio/Robotic-Swarms-main/Robotic-Swarms-main/install/cognitive_architecture/share/cognitive_architecture/local_setup.zsh
[0.712s] -- Up-to-date: /home/antonio/Robotic-Swarms-main/Robotic-Swarms-main/install/cognitive_architecture/share/cognitive_architecture/local_setup.dsv
[0.712s] -- Installing: /home/antonio/Robotic-Swarms-main/Robotic-Swarms-main/install/cognitive_architecture/share/cognitive_architecture/package.dsv
[0.712s] -- Up-to-date: /home/antonio/Robotic-Swarms-main/Robotic-Swarms-main/install/cognitive_architecture/share/ament_index/resource_index/packages/cognitive_architecture
[0.712s] -- Up-to-date: /home/antonio/Robotic-Swarms-main/Robotic-Swarms-main/install/cognitive_architecture/share/cognitive_architecture/cmake/cognitive_architectureConfig.cmake
[0.712s] -- Up-to-date: /home/antonio/Robotic-Swarms-main/Robotic-Swarms-main/install/cognitive_architecture/share/cognitive_architecture/cmake/cognitive_architectureConfig-version.cmake
[0.712s] -- Up-to-date: /home/antonio/Robotic-Swarms-main/Robotic-Swarms-main/install/cognitive_architecture/share/cognitive_architecture/package.xml
[0.712s] Invoked command in '/home/antonio/Robotic-Swarms-main/Robotic-Swarms-main/build/cognitive_architecture' returned '0': AMENT_PREFIX_PATH=/home/antonio/Robotic-Swarms-main/Robotic-Swarms-main/install/arlo_interfaces:${AMENT_PREFIX_PATH} CMAKE_PREFIX_PATH=/home/antonio/Robotic-Swarms-main/Robotic-Swarms-main/install/arlo_interfaces:/home/antonio/Robotic-Swarms-main/install/cognitive_architecture:/home/antonio/Robotic-Swarms-main/install/arlo_interfaces:/opt/ros/humble LD_LIBRARY_PATH=/home/antonio/Robotic-Swarms-main/Robotic-Swarms-main/install/arlo_interfaces/lib:${LD_LIBRARY_PATH} PYTHONPATH=/home/antonio/Robotic-Swarms-main/Robotic-Swarms-main/install/arlo_interfaces/local/lib/python3.10/dist-packages:${PYTHONPATH} /usr/bin/cmake --install /home/antonio/Robotic-Swarms-main/Robotic-Swarms-main/build/cognitive_architecture
