[0.144s] DEBUG:colcon:Command line arguments: ['/usr/bin/colcon', 'build', '--packages-select', 'cognitive_architecture']
[0.144s] DEBUG:colcon:Parsed command line arguments: Namespace(log_base=None, log_level=None, verb_name='build', build_base='build', install_base='install', merge_install=False, symlink_install=False, test_result_base=None, continue_on_error=False, executor='parallel', parallel_workers=4, event_handlers=None, ignore_user_meta=False, metas=['./colcon.meta'], base_paths=['.'], packages_ignore=None, packages_ignore_regex=None, paths=None, packages_up_to=None, packages_up_to_regex=None, packages_above=None, packages_above_and_dependencies=None, packages_above_depth=None, packages_select_by_dep=None, packages_skip_by_dep=None, packages_skip_up_to=None, packages_select_build_failed=False, packages_skip_build_finished=False, packages_select_test_failures=False, packages_skip_test_passed=False, packages_select=['cognitive_architecture'], packages_skip=None, packages_select_regex=None, packages_skip_regex=None, packages_start=None, packages_end=None, allow_overriding=[], cmake_args=None, cmake_target=None, cmake_target_skip_unavailable=False, cmake_clean_cache=False, cmake_clean_first=False, cmake_force_configure=False, ament_cmake_args=None, catkin_cmake_args=None, catkin_skip_building_tests=False, mixin_files=None, mixin=None, verb_parser=<colcon_mixin.mixin.mixin_argument.MixinArgumentDecorator object at 0x7ca70a106530>, verb_extension=<colcon_core.verb.build.BuildVerb object at 0x7ca70a105ff0>, main=<bound method BuildVerb.main of <colcon_core.verb.build.BuildVerb object at 0x7ca70a105ff0>>, mixin_verb=('build',))
[0.384s] Level 1:colcon.colcon_core.package_discovery:discover_packages(colcon_meta) check parameters
[0.384s] Level 1:colcon.colcon_core.package_discovery:discover_packages(recursive) check parameters
[0.384s] Level 1:colcon.colcon_core.package_discovery:discover_packages(ignore) check parameters
[0.384s] Level 1:colcon.colcon_core.package_discovery:discover_packages(path) check parameters
[0.384s] Level 1:colcon.colcon_core.package_discovery:discover_packages(colcon_meta) discover
[0.384s] Level 1:colcon.colcon_core.package_discovery:discover_packages(recursive) discover
[0.384s] INFO:colcon.colcon_core.package_discovery:Crawling recursively for packages in '/home/antonio/Robotic-Swarms-main/Robotic-Swarms-main'
[0.384s] Level 1:colcon.colcon_core.package_identification:_identify(.) by extensions ['ignore', 'ignore_ament_install']
[0.384s] Level 1:colcon.colcon_core.package_identification:_identify(.) by extension 'ignore'
[0.384s] Level 1:colcon.colcon_core.package_identification:_identify(.) by extension 'ignore_ament_install'
[0.385s] Level 1:colcon.colcon_core.package_identification:_identify(.) by extensions ['colcon_pkg']
[0.385s] Level 1:colcon.colcon_core.package_identification:_identify(.) by extension 'colcon_pkg'
[0.385s] Level 1:colcon.colcon_core.package_identification:_identify(.) by extensions ['colcon_meta']
[0.385s] Level 1:colcon.colcon_core.package_identification:_identify(.) by extension 'colcon_meta'
[0.385s] Level 1:colcon.colcon_core.package_identification:_identify(.) by extensions ['ros']
[0.385s] Level 1:colcon.colcon_core.package_identification:_identify(.) by extension 'ros'
[0.398s] Level 1:colcon.colcon_core.package_identification:_identify(.) by extensions ['cmake', 'python']
[0.398s] Level 1:colcon.colcon_core.package_identification:_identify(.) by extension 'cmake'
[0.399s] Level 1:colcon.colcon_core.package_identification:_identify(.) by extension 'python'
[0.399s] Level 1:colcon.colcon_core.package_identification:_identify(.) by extensions ['python_setup_py']
[0.399s] Level 1:colcon.colcon_core.package_identification:_identify(.) by extension 'python_setup_py'
[0.399s] Level 1:colcon.colcon_core.package_identification:_identify(arlo_interfaces) by extensions ['ignore', 'ignore_ament_install']
[0.399s] Level 1:colcon.colcon_core.package_identification:_identify(arlo_interfaces) by extension 'ignore'
[0.399s] Level 1:colcon.colcon_core.package_identification:_identify(arlo_interfaces) by extension 'ignore_ament_install'
[0.399s] Level 1:colcon.colcon_core.package_identification:_identify(arlo_interfaces) by extensions ['colcon_pkg']
[0.399s] Level 1:colcon.colcon_core.package_identification:_identify(arlo_interfaces) by extension 'colcon_pkg'
[0.399s] Level 1:colcon.colcon_core.package_identification:_identify(arlo_interfaces) by extensions ['colcon_meta']
[0.399s] Level 1:colcon.colcon_core.package_identification:_identify(arlo_interfaces) by extension 'colcon_meta'
[0.399s] Level 1:colcon.colcon_core.package_identification:_identify(arlo_interfaces) by extensions ['ros']
[0.399s] Level 1:colcon.colcon_core.package_identification:_identify(arlo_interfaces) by extension 'ros'
[0.403s] DEBUG:colcon.colcon_core.package_identification:Package 'arlo_interfaces' with type 'ros.ament_cmake' and name 'arlo_interfaces'
[0.403s] Level 1:colcon.colcon_core.package_identification:_identify(build) by extensions ['ignore', 'ignore_ament_install']
[0.403s] Level 1:colcon.colcon_core.package_identification:_identify(build) by extension 'ignore'
[0.403s] Level 1:colcon.colcon_core.package_identification:_identify(build) ignored
[0.403s] Level 1:colcon.colcon_core.package_identification:_identify(cognitive_architecture) by extensions ['ignore', 'ignore_ament_install']
[0.403s] Level 1:colcon.colcon_core.package_identification:_identify(cognitive_architecture) by extension 'ignore'
[0.403s] Level 1:colcon.colcon_core.package_identification:_identify(cognitive_architecture) by extension 'ignore_ament_install'
[0.403s] Level 1:colcon.colcon_core.package_identification:_identify(cognitive_architecture) by extensions ['colcon_pkg']
[0.403s] Level 1:colcon.colcon_core.package_identification:_identify(cognitive_architecture) by extension 'colcon_pkg'
[0.403s] Level 1:colcon.colcon_core.package_identification:_identify(cognitive_architecture) by extensions ['colcon_meta']
[0.403s] Level 1:colcon.colcon_core.package_identification:_identify(cognitive_architecture) by extension 'colcon_meta'
[0.404s] Level 1:colcon.colcon_core.package_identification:_identify(cognitive_architecture) by extensions ['ros']
[0.404s] Level 1:colcon.colcon_core.package_identification:_identify(cognitive_architecture) by extension 'ros'
[0.405s] DEBUG:colcon.colcon_core.package_identification:Package 'cognitive_architecture' with type 'ros.ament_cmake' and name 'cognitive_architecture'
[0.405s] Level 1:colcon.colcon_core.package_identification:_identify(install) by extensions ['ignore', 'ignore_ament_install']
[0.405s] Level 1:colcon.colcon_core.package_identification:_identify(install) by extension 'ignore'
[0.406s] Level 1:colcon.colcon_core.package_identification:_identify(install) ignored
[0.406s] Level 1:colcon.colcon_core.package_identification:_identify(log) by extensions ['ignore', 'ignore_ament_install']
[0.406s] Level 1:colcon.colcon_core.package_identification:_identify(log) by extension 'ignore'
[0.406s] Level 1:colcon.colcon_core.package_identification:_identify(log) ignored
[0.406s] Level 1:colcon.colcon_core.package_identification:_identify(salidafinal) by extensions ['ignore', 'ignore_ament_install']
[0.406s] Level 1:colcon.colcon_core.package_identification:_identify(salidafinal) by extension 'ignore'
[0.406s] Level 1:colcon.colcon_core.package_identification:_identify(salidafinal) by extension 'ignore_ament_install'
[0.406s] Level 1:colcon.colcon_core.package_identification:_identify(salidafinal) by extensions ['colcon_pkg']
[0.406s] Level 1:colcon.colcon_core.package_identification:_identify(salidafinal) by extension 'colcon_pkg'
[0.406s] Level 1:colcon.colcon_core.package_identification:_identify(salidafinal) by extensions ['colcon_meta']
[0.406s] Level 1:colcon.colcon_core.package_identification:_identify(salidafinal) by extension 'colcon_meta'
[0.406s] Level 1:colcon.colcon_core.package_identification:_identify(salidafinal) by extensions ['ros']
[0.406s] Level 1:colcon.colcon_core.package_identification:_identify(salidafinal) by extension 'ros'
[0.407s] Level 1:colcon.colcon_core.package_identification:_identify(salidafinal) by extensions ['cmake', 'python']
[0.407s] Level 1:colcon.colcon_core.package_identification:_identify(salidafinal) by extension 'cmake'
[0.407s] Level 1:colcon.colcon_core.package_identification:_identify(salidafinal) by extension 'python'
[0.407s] Level 1:colcon.colcon_core.package_identification:_identify(salidafinal) by extensions ['python_setup_py']
[0.407s] Level 1:colcon.colcon_core.package_identification:_identify(salidafinal) by extension 'python_setup_py'
[0.407s] Level 1:colcon.colcon_core.package_discovery:discover_packages(recursive) using defaults
[0.407s] Level 1:colcon.colcon_core.package_discovery:discover_packages(ignore) discover
[0.407s] Level 1:colcon.colcon_core.package_discovery:discover_packages(ignore) using defaults
[0.407s] Level 1:colcon.colcon_core.package_discovery:discover_packages(path) discover
[0.407s] Level 1:colcon.colcon_core.package_discovery:discover_packages(path) using defaults
[0.446s] INFO:colcon.colcon_core.package_selection:Skipping not selected package 'arlo_interfaces' in 'arlo_interfaces'
[0.446s] Level 1:colcon.colcon_core.package_discovery:discover_packages(prefix_path) check parameters
[0.446s] Level 1:colcon.colcon_core.package_discovery:discover_packages(prefix_path) discover
[0.448s] DEBUG:colcon.colcon_installed_package_information.package_discovery:Found 2 installed packages in /home/antonio/Robotic-Swarms-main/Robotic-Swarms-main/install
[0.450s] DEBUG:colcon.colcon_installed_package_information.package_discovery:Found 293 installed packages in /opt/ros/humble
[0.453s] Level 1:colcon.colcon_core.package_discovery:discover_packages(prefix_path) using defaults
[0.508s] Level 5:colcon.colcon_core.verb:set package 'cognitive_architecture' build argument 'cmake_args' from command line to 'None'
[0.509s] Level 5:colcon.colcon_core.verb:set package 'cognitive_architecture' build argument 'cmake_target' from command line to 'None'
[0.509s] Level 5:colcon.colcon_core.verb:set package 'cognitive_architecture' build argument 'cmake_target_skip_unavailable' from command line to 'False'
[0.509s] Level 5:colcon.colcon_core.verb:set package 'cognitive_architecture' build argument 'cmake_clean_cache' from command line to 'False'
[0.509s] Level 5:colcon.colcon_core.verb:set package 'cognitive_architecture' build argument 'cmake_clean_first' from command line to 'False'
[0.509s] Level 5:colcon.colcon_core.verb:set package 'cognitive_architecture' build argument 'cmake_force_configure' from command line to 'False'
[0.509s] Level 5:colcon.colcon_core.verb:set package 'cognitive_architecture' build argument 'ament_cmake_args' from command line to 'None'
[0.509s] Level 5:colcon.colcon_core.verb:set package 'cognitive_architecture' build argument 'catkin_cmake_args' from command line to 'None'
[0.509s] Level 5:colcon.colcon_core.verb:set package 'cognitive_architecture' build argument 'catkin_skip_building_tests' from command line to 'False'
[0.509s] DEBUG:colcon.colcon_core.verb:Building package 'cognitive_architecture' with the following arguments: {'ament_cmake_args': None, 'build_base': '/home/antonio/Robotic-Swarms-main/Robotic-Swarms-main/build/cognitive_architecture', 'catkin_cmake_args': None, 'catkin_skip_building_tests': False, 'cmake_args': None, 'cmake_clean_cache': False, 'cmake_clean_first': False, 'cmake_force_configure': False, 'cmake_target': None, 'cmake_target_skip_unavailable': False, 'install_base': '/home/antonio/Robotic-Swarms-main/Robotic-Swarms-main/install/cognitive_architecture', 'merge_install': False, 'path': '/home/antonio/Robotic-Swarms-main/Robotic-Swarms-main/cognitive_architecture', 'symlink_install': False, 'test_result_base': None}
[0.509s] INFO:colcon.colcon_core.executor:Executing jobs using 'parallel' executor
[0.511s] DEBUG:colcon.colcon_parallel_executor.executor.parallel:run_until_complete
[0.511s] INFO:colcon.colcon_ros.task.ament_cmake.build:Building ROS package in '/home/antonio/Robotic-Swarms-main/Robotic-Swarms-main/cognitive_architecture' with build type 'ament_cmake'
[0.511s] INFO:colcon.colcon_cmake.task.cmake.build:Building CMake package in '/home/antonio/Robotic-Swarms-main/Robotic-Swarms-main/cognitive_architecture'
[0.514s] INFO:colcon.colcon_core.plugin_system:Skipping extension 'colcon_core.shell.bat': Not used on non-Windows systems
[0.514s] INFO:colcon.colcon_core.shell:Skip shell extension 'powershell' for command environment: Not usable outside of PowerShell
[0.514s] DEBUG:colcon.colcon_core.shell:Skip shell extension 'dsv' for command environment
[0.529s] DEBUG:colcon.colcon_core.event_handler.log_command:Invoking command in '/home/antonio/Robotic-Swarms-main/Robotic-Swarms-main/build/cognitive_architecture': CMAKE_PREFIX_PATH=/home/antonio/Robotic-Swarms-main/Robotic-Swarms-main/install/arlo_interfaces:/home/antonio/Robotic-Swarms-main/Robotic-Swarms-main/install/cognitive_architecture:/opt/ros/humble /usr/bin/cmake --build /home/antonio/Robotic-Swarms-main/Robotic-Swarms-main/build/cognitive_architecture -- -j4 -l4
[1.005s] DEBUG:colcon.colcon_core.event_handler.log_command:Invoked command in '/home/antonio/Robotic-Swarms-main/Robotic-Swarms-main/build/cognitive_architecture' returned '0': CMAKE_PREFIX_PATH=/home/antonio/Robotic-Swarms-main/Robotic-Swarms-main/install/arlo_interfaces:/home/antonio/Robotic-Swarms-main/Robotic-Swarms-main/install/cognitive_architecture:/opt/ros/humble /usr/bin/cmake --build /home/antonio/Robotic-Swarms-main/Robotic-Swarms-main/build/cognitive_architecture -- -j4 -l4
[1.020s] DEBUG:colcon.colcon_core.event_handler.log_command:Invoking command in '/home/antonio/Robotic-Swarms-main/Robotic-Swarms-main/build/cognitive_architecture': CMAKE_PREFIX_PATH=/home/antonio/Robotic-Swarms-main/Robotic-Swarms-main/install/arlo_interfaces:/home/antonio/Robotic-Swarms-main/Robotic-Swarms-main/install/cognitive_architecture:/opt/ros/humble /usr/bin/cmake --install /home/antonio/Robotic-Swarms-main/Robotic-Swarms-main/build/cognitive_architecture
[1.093s] Level 1:colcon.colcon_core.environment:create_environment_scripts_only(cognitive_architecture)
[1.101s] DEBUG:colcon.colcon_core.event_handler.log_command:Invoked command in '/home/antonio/Robotic-Swarms-main/Robotic-Swarms-main/build/cognitive_architecture' returned '0': CMAKE_PREFIX_PATH=/home/antonio/Robotic-Swarms-main/Robotic-Swarms-main/install/arlo_interfaces:/home/antonio/Robotic-Swarms-main/Robotic-Swarms-main/install/cognitive_architecture:/opt/ros/humble /usr/bin/cmake --install /home/antonio/Robotic-Swarms-main/Robotic-Swarms-main/build/cognitive_architecture
[1.103s] Level 1:colcon.colcon_core.environment:checking '/home/antonio/Robotic-Swarms-main/Robotic-Swarms-main/install/cognitive_architecture' for CMake module files
[1.104s] Level 1:colcon.colcon_core.environment:checking '/home/antonio/Robotic-Swarms-main/Robotic-Swarms-main/install/cognitive_architecture' for CMake config files
[1.105s] Level 1:colcon.colcon_core.shell:create_environment_hook('cognitive_architecture', 'cmake_prefix_path')
[1.105s] INFO:colcon.colcon_core.shell:Creating environment hook '/home/antonio/Robotic-Swarms-main/Robotic-Swarms-main/install/cognitive_architecture/share/cognitive_architecture/hook/cmake_prefix_path.ps1'
[1.106s] INFO:colcon.colcon_core.shell:Creating environment descriptor '/home/antonio/Robotic-Swarms-main/Robotic-Swarms-main/install/cognitive_architecture/share/cognitive_architecture/hook/cmake_prefix_path.dsv'
[1.106s] INFO:colcon.colcon_core.shell:Creating environment hook '/home/antonio/Robotic-Swarms-main/Robotic-Swarms-main/install/cognitive_architecture/share/cognitive_architecture/hook/cmake_prefix_path.sh'
[1.107s] Level 1:colcon.colcon_core.environment:checking '/home/antonio/Robotic-Swarms-main/Robotic-Swarms-main/install/cognitive_architecture/lib'
[1.108s] Level 1:colcon.colcon_core.environment:checking '/home/antonio/Robotic-Swarms-main/Robotic-Swarms-main/install/cognitive_architecture/bin'
[1.108s] Level 1:colcon.colcon_core.environment:checking '/home/antonio/Robotic-Swarms-main/Robotic-Swarms-main/install/cognitive_architecture/lib/pkgconfig/cognitive_architecture.pc'
[1.108s] Level 1:colcon.colcon_core.environment:checking '/home/antonio/Robotic-Swarms-main/Robotic-Swarms-main/install/cognitive_architecture/lib/python3.10/site-packages'
[1.109s] Level 1:colcon.colcon_core.environment:checking '/home/antonio/Robotic-Swarms-main/Robotic-Swarms-main/install/cognitive_architecture/bin'
[1.110s] INFO:colcon.colcon_core.shell:Creating package script '/home/antonio/Robotic-Swarms-main/Robotic-Swarms-main/install/cognitive_architecture/share/cognitive_architecture/package.ps1'
[1.111s] INFO:colcon.colcon_core.shell:Creating package descriptor '/home/antonio/Robotic-Swarms-main/Robotic-Swarms-main/install/cognitive_architecture/share/cognitive_architecture/package.dsv'
[1.112s] INFO:colcon.colcon_core.shell:Creating package script '/home/antonio/Robotic-Swarms-main/Robotic-Swarms-main/install/cognitive_architecture/share/cognitive_architecture/package.sh'
[1.114s] INFO:colcon.colcon_core.shell:Creating package script '/home/antonio/Robotic-Swarms-main/Robotic-Swarms-main/install/cognitive_architecture/share/cognitive_architecture/package.bash'
[1.115s] INFO:colcon.colcon_core.shell:Creating package script '/home/antonio/Robotic-Swarms-main/Robotic-Swarms-main/install/cognitive_architecture/share/cognitive_architecture/package.zsh'
[1.116s] Level 1:colcon.colcon_core.environment:create_file_with_runtime_dependencies(/home/antonio/Robotic-Swarms-main/Robotic-Swarms-main/install/cognitive_architecture/share/colcon-core/packages/cognitive_architecture)
[1.117s] Level 1:colcon.colcon_core.environment:create_environment_scripts_only(cognitive_architecture)
[1.118s] Level 1:colcon.colcon_core.environment:checking '/home/antonio/Robotic-Swarms-main/Robotic-Swarms-main/install/cognitive_architecture' for CMake module files
[1.119s] Level 1:colcon.colcon_core.environment:checking '/home/antonio/Robotic-Swarms-main/Robotic-Swarms-main/install/cognitive_architecture' for CMake config files
[1.120s] Level 1:colcon.colcon_core.shell:create_environment_hook('cognitive_architecture', 'cmake_prefix_path')
[1.121s] INFO:colcon.colcon_core.shell:Creating environment hook '/home/antonio/Robotic-Swarms-main/Robotic-Swarms-main/install/cognitive_architecture/share/cognitive_architecture/hook/cmake_prefix_path.ps1'
[1.122s] INFO:colcon.colcon_core.shell:Creating environment descriptor '/home/antonio/Robotic-Swarms-main/Robotic-Swarms-main/install/cognitive_architecture/share/cognitive_architecture/hook/cmake_prefix_path.dsv'
[1.122s] INFO:colcon.colcon_core.shell:Creating environment hook '/home/antonio/Robotic-Swarms-main/Robotic-Swarms-main/install/cognitive_architecture/share/cognitive_architecture/hook/cmake_prefix_path.sh'
[1.123s] Level 1:colcon.colcon_core.environment:checking '/home/antonio/Robotic-Swarms-main/Robotic-Swarms-main/install/cognitive_architecture/lib'
[1.123s] Level 1:colcon.colcon_core.environment:checking '/home/antonio/Robotic-Swarms-main/Robotic-Swarms-main/install/cognitive_architecture/bin'
[1.123s] Level 1:colcon.colcon_core.environment:checking '/home/antonio/Robotic-Swarms-main/Robotic-Swarms-main/install/cognitive_architecture/lib/pkgconfig/cognitive_architecture.pc'
[1.124s] Level 1:colcon.colcon_core.environment:checking '/home/antonio/Robotic-Swarms-main/Robotic-Swarms-main/install/cognitive_architecture/lib/python3.10/site-packages'
[1.125s] Level 1:colcon.colcon_core.environment:checking '/home/antonio/Robotic-Swarms-main/Robotic-Swarms-main/install/cognitive_architecture/bin'
[1.125s] INFO:colcon.colcon_core.shell:Creating package script '/home/antonio/Robotic-Swarms-main/Robotic-Swarms-main/install/cognitive_architecture/share/cognitive_architecture/package.ps1'
[1.126s] INFO:colcon.colcon_core.shell:Creating package descriptor '/home/antonio/Robotic-Swarms-main/Robotic-Swarms-main/install/cognitive_architecture/share/cognitive_architecture/package.dsv'
[1.127s] INFO:colcon.colcon_core.shell:Creating package script '/home/antonio/Robotic-Swarms-main/Robotic-Swarms-main/install/cognitive_architecture/share/cognitive_architecture/package.sh'
[1.128s] INFO:colcon.colcon_core.shell:Creating package script '/home/antonio/Robotic-Swarms-main/Robotic-Swarms-main/install/cognitive_architecture/share/cognitive_architecture/package.bash'
[1.129s] INFO:colcon.colcon_core.shell:Creating package script '/home/antonio/Robotic-Swarms-main/Robotic-Swarms-main/install/cognitive_architecture/share/cognitive_architecture/package.zsh'
[1.129s] Level 1:colcon.colcon_core.environment:create_file_with_runtime_dependencies(/home/antonio/Robotic-Swarms-main/Robotic-Swarms-main/install/cognitive_architecture/share/colcon-core/packages/cognitive_architecture)
[1.146s] DEBUG:colcon.colcon_parallel_executor.executor.parallel:closing loop
[1.147s] DEBUG:colcon.colcon_parallel_executor.executor.parallel:loop closed
[1.147s] DEBUG:colcon.colcon_parallel_executor.executor.parallel:run_until_complete finished with '0'
[1.147s] DEBUG:colcon.colcon_core.event_reactor:joining thread
[1.155s] INFO:colcon.colcon_core.plugin_system:Skipping extension 'colcon_notification.desktop_notification.terminal_notifier': Not used on non-Darwin systems
[1.156s] INFO:colcon.colcon_core.plugin_system:Skipping extension 'colcon_notification.desktop_notification.win32': Not used on non-Windows systems
[1.156s] INFO:colcon.colcon_notification.desktop_notification:Sending desktop notification using 'notify2'
[1.185s] DEBUG:colcon.colcon_core.event_reactor:joined thread
[1.186s] INFO:colcon.colcon_core.shell:Creating prefix script '/home/antonio/Robotic-Swarms-main/Robotic-Swarms-main/install/local_setup.ps1'
[1.188s] INFO:colcon.colcon_core.shell:Creating prefix util module '/home/antonio/Robotic-Swarms-main/Robotic-Swarms-main/install/_local_setup_util_ps1.py'
[1.192s] INFO:colcon.colcon_core.shell:Creating prefix chain script '/home/antonio/Robotic-Swarms-main/Robotic-Swarms-main/install/setup.ps1'
[1.195s] INFO:colcon.colcon_core.shell:Creating prefix script '/home/antonio/Robotic-Swarms-main/Robotic-Swarms-main/install/local_setup.sh'
[1.196s] INFO:colcon.colcon_core.shell:Creating prefix util module '/home/antonio/Robotic-Swarms-main/Robotic-Swarms-main/install/_local_setup_util_sh.py'
[1.198s] INFO:colcon.colcon_core.shell:Creating prefix chain script '/home/antonio/Robotic-Swarms-main/Robotic-Swarms-main/install/setup.sh'
[1.201s] INFO:colcon.colcon_core.shell:Creating prefix script '/home/antonio/Robotic-Swarms-main/Robotic-Swarms-main/install/local_setup.bash'
[1.202s] INFO:colcon.colcon_core.shell:Creating prefix chain script '/home/antonio/Robotic-Swarms-main/Robotic-Swarms-main/install/setup.bash'
[1.204s] INFO:colcon.colcon_core.shell:Creating prefix script '/home/antonio/Robotic-Swarms-main/Robotic-Swarms-main/install/local_setup.zsh'
[1.206s] INFO:colcon.colcon_core.shell:Creating prefix chain script '/home/antonio/Robotic-Swarms-main/Robotic-Swarms-main/install/setup.zsh'
