[0.016s] Invoking command in '/home/antonio/Robotic-Swarms-main/Robotic-Swarms-main/build/arlo_interfaces': CMAKE_PREFIX_PATH=${CMAKE_PREFIX_PATH}:/opt/ros/humble /usr/bin/cmake --build /home/antonio/Robotic-Swarms-main/Robotic-Swarms-main/build/arlo_interfaces -- -j4 -l4
[0.074s] [35m[1mConsolidate compiler generated dependencies of target arlo_interfaces__rosidl_generator_c[0m
[0.091s] [  1%] Built target arlo_interfaces__cpp
[0.095s] [ 12%] Built target arlo_interfaces__rosidl_generator_c
[0.114s] [ 12%] Built target ament_cmake_python_copy_arlo_interfaces
[0.114s] [35m[1mConsolidate compiler generated dependencies of target arlo_interfaces__rosidl_typesupport_cpp[0m
[0.118s] [35m[1mConsolidate compiler generated dependencies of target arlo_interfaces__rosidl_typesupport_introspection_cpp[0m
[0.120s] [35m[1mConsolidate compiler generated dependencies of target arlo_interfaces__rosidl_typesupport_fastrtps_cpp[0m
[0.149s] [35m[1mConsolidate compiler generated dependencies of target arlo_interfaces__rosidl_typesupport_fastrtps_c[0m
[0.158s] [ 24%] Built target arlo_interfaces__rosidl_typesupport_introspection_cpp
[0.160s] [ 35%] Built target arlo_interfaces__rosidl_typesupport_cpp
[0.182s] [35m[1mConsolidate compiler generated dependencies of target arlo_interfaces__rosidl_typesupport_c[0m
[0.188s] [ 46%] Built target arlo_interfaces__rosidl_typesupport_fastrtps_c
[0.203s] [35m[1mConsolidate compiler generated dependencies of target arlo_interfaces__rosidl_typesupport_introspection_c[0m
[0.216s] [ 58%] Built target arlo_interfaces__rosidl_typesupport_c
[0.219s] [ 69%] Built target arlo_interfaces__rosidl_typesupport_fastrtps_cpp
[0.241s] [ 81%] Built target arlo_interfaces__rosidl_typesupport_introspection_c
[0.281s] [ 81%] Built target arlo_interfaces
[0.340s] [ 82%] Built target arlo_interfaces__py
[0.363s] [35m[1mConsolidate compiler generated dependencies of target arlo_interfaces__rosidl_generator_py[0m
[0.398s] [ 92%] Built target arlo_interfaces__rosidl_generator_py
[0.426s] [35m[1mConsolidate compiler generated dependencies of target arlo_interfaces__rosidl_typesupport_c__pyext[0m
[0.437s] [35m[1mConsolidate compiler generated dependencies of target arlo_interfaces__rosidl_typesupport_introspection_c__pyext[0m
[0.444s] [35m[1mConsolidate compiler generated dependencies of target arlo_interfaces__rosidl_typesupport_fastrtps_c__pyext[0m
[0.468s] [ 94%] Built target arlo_interfaces__rosidl_typesupport_c__pyext
[0.481s] [ 97%] Built target arlo_interfaces__rosidl_typesupport_introspection_c__pyext
[0.491s] [100%] Built target arlo_interfaces__rosidl_typesupport_fastrtps_c__pyext
[0.729s] running egg_info
[0.730s] writing arlo_interfaces.egg-info/PKG-INFO
[0.731s] writing dependency_links to arlo_interfaces.egg-info/dependency_links.txt
[0.732s] writing top-level names to arlo_interfaces.egg-info/top_level.txt
[0.735s] reading manifest file 'arlo_interfaces.egg-info/SOURCES.txt'
[0.736s] writing manifest file 'arlo_interfaces.egg-info/SOURCES.txt'
[0.772s] [100%] Built target ament_cmake_python_build_arlo_interfaces_egg
[0.788s] Invoked command in '/home/antonio/Robotic-Swarms-main/Robotic-Swarms-main/build/arlo_interfaces' returned '0': CMAKE_PREFIX_PATH=${CMAKE_PREFIX_PATH}:/opt/ros/humble /usr/bin/cmake --build /home/antonio/Robotic-Swarms-main/Robotic-Swarms-main/build/arlo_interfaces -- -j4 -l4
[0.799s] Invoking command in '/home/antonio/Robotic-Swarms-main/Robotic-Swarms-main/build/arlo_interfaces': CMAKE_PREFIX_PATH=${CMAKE_PREFIX_PATH}:/opt/ros/humble /usr/bin/cmake --install /home/antonio/Robotic-Swarms-main/Robotic-Swarms-main/build/arlo_interfaces
[0.811s] -- Install configuration: ""
[0.811s] -- Up-to-date: /home/antonio/Robotic-Swarms-main/Robotic-Swarms-main/install/arlo_interfaces/share/ament_index/resource_index/rosidl_interfaces/arlo_interfaces
[0.811s] -- Up-to-date: /home/antonio/Robotic-Swarms-main/Robotic-Swarms-main/install/arlo_interfaces/include/arlo_interfaces/arlo_interfaces
[0.812s] -- Up-to-date: /home/antonio/Robotic-Swarms-main/Robotic-Swarms-main/install/arlo_interfaces/include/arlo_interfaces/arlo_interfaces/srv
[0.812s] -- Up-to-date: /home/antonio/Robotic-Swarms-main/Robotic-Swarms-main/install/arlo_interfaces/include/arlo_interfaces/arlo_interfaces/srv/get_important_weights.h
[0.812s] -- Up-to-date: /home/antonio/Robotic-Swarms-main/Robotic-Swarms-main/install/arlo_interfaces/include/arlo_interfaces/arlo_interfaces/srv/detail
[0.813s] -- Up-to-date: /home/antonio/Robotic-Swarms-main/Robotic-Swarms-main/install/arlo_interfaces/include/arlo_interfaces/arlo_interfaces/srv/detail/get_robot_pose__functions.c
[0.813s] -- Up-to-date: /home/antonio/Robotic-Swarms-main/Robotic-Swarms-main/install/arlo_interfaces/include/arlo_interfaces/arlo_interfaces/srv/detail/get_mates_fitness__type_support.h
[0.813s] -- Up-to-date: /home/antonio/Robotic-Swarms-main/Robotic-Swarms-main/install/arlo_interfaces/include/arlo_interfaces/arlo_interfaces/srv/detail/get_important_weights__functions.h
[0.813s] -- Up-to-date: /home/antonio/Robotic-Swarms-main/Robotic-Swarms-main/install/arlo_interfaces/include/arlo_interfaces/arlo_interfaces/srv/detail/get_mates_fitness__functions.c
[0.814s] -- Up-to-date: /home/antonio/Robotic-Swarms-main/Robotic-Swarms-main/install/arlo_interfaces/include/arlo_interfaces/arlo_interfaces/srv/detail/get_important_weights__functions.c
[0.814s] -- Up-to-date: /home/antonio/Robotic-Swarms-main/Robotic-Swarms-main/install/arlo_interfaces/include/arlo_interfaces/arlo_interfaces/srv/detail/evaluate_driver__type_support.h
[0.814s] -- Up-to-date: /home/antonio/Robotic-Swarms-main/Robotic-Swarms-main/install/arlo_interfaces/include/arlo_interfaces/arlo_interfaces/srv/detail/get_robot_pose__struct.h
[0.814s] -- Up-to-date: /home/antonio/Robotic-Swarms-main/Robotic-Swarms-main/install/arlo_interfaces/include/arlo_interfaces/arlo_interfaces/srv/detail/evaluate_driver__functions.h
[0.815s] -- Up-to-date: /home/antonio/Robotic-Swarms-main/Robotic-Swarms-main/install/arlo_interfaces/include/arlo_interfaces/arlo_interfaces/srv/detail/evaluate_driver__struct.h
[0.815s] -- Up-to-date: /home/antonio/Robotic-Swarms-main/Robotic-Swarms-main/install/arlo_interfaces/include/arlo_interfaces/arlo_interfaces/srv/detail/get_mates_fitness__functions.h
[0.815s] -- Up-to-date: /home/antonio/Robotic-Swarms-main/Robotic-Swarms-main/install/arlo_interfaces/include/arlo_interfaces/arlo_interfaces/srv/detail/get_robot_pose__type_support.h
[0.815s] -- Up-to-date: /home/antonio/Robotic-Swarms-main/Robotic-Swarms-main/install/arlo_interfaces/include/arlo_interfaces/arlo_interfaces/srv/detail/get_robot_pose__functions.h
[0.815s] -- Up-to-date: /home/antonio/Robotic-Swarms-main/Robotic-Swarms-main/install/arlo_interfaces/include/arlo_interfaces/arlo_interfaces/srv/detail/get_important_weights__struct.h
[0.816s] -- Up-to-date: /home/antonio/Robotic-Swarms-main/Robotic-Swarms-main/install/arlo_interfaces/include/arlo_interfaces/arlo_interfaces/srv/detail/get_important_weights__type_support.h
[0.816s] -- Up-to-date: /home/antonio/Robotic-Swarms-main/Robotic-Swarms-main/install/arlo_interfaces/include/arlo_interfaces/arlo_interfaces/srv/detail/evaluate_driver__functions.c
[0.816s] -- Up-to-date: /home/antonio/Robotic-Swarms-main/Robotic-Swarms-main/install/arlo_interfaces/include/arlo_interfaces/arlo_interfaces/srv/detail/get_mates_fitness__struct.h
[0.816s] -- Up-to-date: /home/antonio/Robotic-Swarms-main/Robotic-Swarms-main/install/arlo_interfaces/include/arlo_interfaces/arlo_interfaces/srv/get_mates_fitness.h
[0.816s] -- Up-to-date: /home/antonio/Robotic-Swarms-main/Robotic-Swarms-main/install/arlo_interfaces/include/arlo_interfaces/arlo_interfaces/srv/get_robot_pose.h
[0.816s] -- Up-to-date: /home/antonio/Robotic-Swarms-main/Robotic-Swarms-main/install/arlo_interfaces/include/arlo_interfaces/arlo_interfaces/srv/evaluate_driver.h
[0.817s] -- Up-to-date: /home/antonio/Robotic-Swarms-main/Robotic-Swarms-main/install/arlo_interfaces/include/arlo_interfaces/arlo_interfaces/msg
[0.817s] -- Up-to-date: /home/antonio/Robotic-Swarms-main/Robotic-Swarms-main/install/arlo_interfaces/include/arlo_interfaces/arlo_interfaces/msg/rosidl_generator_c__visibility_control.h
[0.817s] -- Up-to-date: /home/antonio/Robotic-Swarms-main/Robotic-Swarms-main/install/arlo_interfaces/include/arlo_interfaces/arlo_interfaces/msg/pesos_struct.h
[0.817s] -- Up-to-date: /home/antonio/Robotic-Swarms-main/Robotic-Swarms-main/install/arlo_interfaces/include/arlo_interfaces/arlo_interfaces/msg/estado_arlo.h
[0.817s] -- Up-to-date: /home/antonio/Robotic-Swarms-main/Robotic-Swarms-main/install/arlo_interfaces/include/arlo_interfaces/arlo_interfaces/msg/detail
[0.818s] -- Up-to-date: /home/antonio/Robotic-Swarms-main/Robotic-Swarms-main/install/arlo_interfaces/include/arlo_interfaces/arlo_interfaces/msg/detail/estado_arlo__struct.h
[0.818s] -- Up-to-date: /home/antonio/Robotic-Swarms-main/Robotic-Swarms-main/install/arlo_interfaces/include/arlo_interfaces/arlo_interfaces/msg/detail/pesos_struct__functions.h
[0.818s] -- Up-to-date: /home/antonio/Robotic-Swarms-main/Robotic-Swarms-main/install/arlo_interfaces/include/arlo_interfaces/arlo_interfaces/msg/detail/mates_odom__functions.c
[0.819s] -- Up-to-date: /home/antonio/Robotic-Swarms-main/Robotic-Swarms-main/install/arlo_interfaces/include/arlo_interfaces/arlo_interfaces/msg/detail/estado_arlo__functions.c
[0.820s] -- Up-to-date: /home/antonio/Robotic-Swarms-main/Robotic-Swarms-main/install/arlo_interfaces/include/arlo_interfaces/arlo_interfaces/msg/detail/estado_arlo__type_support.h
[0.820s] -- Up-to-date: /home/antonio/Robotic-Swarms-main/Robotic-Swarms-main/install/arlo_interfaces/include/arlo_interfaces/arlo_interfaces/msg/detail/estado_arlo__functions.h
[0.821s] -- Up-to-date: /home/antonio/Robotic-Swarms-main/Robotic-Swarms-main/install/arlo_interfaces/include/arlo_interfaces/arlo_interfaces/msg/detail/pesos_struct__struct.h
[0.821s] -- Up-to-date: /home/antonio/Robotic-Swarms-main/Robotic-Swarms-main/install/arlo_interfaces/include/arlo_interfaces/arlo_interfaces/msg/detail/mates_odom__functions.h
[0.821s] -- Up-to-date: /home/antonio/Robotic-Swarms-main/Robotic-Swarms-main/install/arlo_interfaces/include/arlo_interfaces/arlo_interfaces/msg/detail/mates_odom__struct.h
[0.821s] -- Up-to-date: /home/antonio/Robotic-Swarms-main/Robotic-Swarms-main/install/arlo_interfaces/include/arlo_interfaces/arlo_interfaces/msg/detail/pesos_struct__type_support.h
[0.821s] -- Up-to-date: /home/antonio/Robotic-Swarms-main/Robotic-Swarms-main/install/arlo_interfaces/include/arlo_interfaces/arlo_interfaces/msg/detail/mates_odom__type_support.h
[0.822s] -- Up-to-date: /home/antonio/Robotic-Swarms-main/Robotic-Swarms-main/install/arlo_interfaces/include/arlo_interfaces/arlo_interfaces/msg/detail/pesos_struct__functions.c
[0.822s] -- Up-to-date: /home/antonio/Robotic-Swarms-main/Robotic-Swarms-main/install/arlo_interfaces/include/arlo_interfaces/arlo_interfaces/msg/mates_odom.h
[0.822s] -- Up-to-date: /home/antonio/Robotic-Swarms-main/Robotic-Swarms-main/install/arlo_interfaces/share/arlo_interfaces/environment/library_path.sh
[0.822s] -- Up-to-date: /home/antonio/Robotic-Swarms-main/Robotic-Swarms-main/install/arlo_interfaces/share/arlo_interfaces/environment/library_path.dsv
[0.822s] -- Up-to-date: /home/antonio/Robotic-Swarms-main/Robotic-Swarms-main/install/arlo_interfaces/lib/libarlo_interfaces__rosidl_generator_c.so
[0.823s] -- Up-to-date: /home/antonio/Robotic-Swarms-main/Robotic-Swarms-main/install/arlo_interfaces/include/arlo_interfaces/arlo_interfaces
[0.823s] -- Up-to-date: /home/antonio/Robotic-Swarms-main/Robotic-Swarms-main/install/arlo_interfaces/include/arlo_interfaces/arlo_interfaces/srv
[0.823s] -- Up-to-date: /home/antonio/Robotic-Swarms-main/Robotic-Swarms-main/install/arlo_interfaces/include/arlo_interfaces/arlo_interfaces/srv/detail
[0.823s] -- Up-to-date: /home/antonio/Robotic-Swarms-main/Robotic-Swarms-main/install/arlo_interfaces/include/arlo_interfaces/arlo_interfaces/srv/detail/get_mates_fitness__rosidl_typesupport_fastrtps_c.h
[0.823s] -- Up-to-date: /home/antonio/Robotic-Swarms-main/Robotic-Swarms-main/install/arlo_interfaces/include/arlo_interfaces/arlo_interfaces/srv/detail/get_robot_pose__rosidl_typesupport_fastrtps_c.h
[0.824s] -- Up-to-date: /home/antonio/Robotic-Swarms-main/Robotic-Swarms-main/install/arlo_interfaces/include/arlo_interfaces/arlo_interfaces/srv/detail/evaluate_driver__rosidl_typesupport_fastrtps_c.h
[0.824s] -- Up-to-date: /home/antonio/Robotic-Swarms-main/Robotic-Swarms-main/install/arlo_interfaces/include/arlo_interfaces/arlo_interfaces/srv/detail/get_important_weights__rosidl_typesupport_fastrtps_c.h
[0.824s] -- Up-to-date: /home/antonio/Robotic-Swarms-main/Robotic-Swarms-main/install/arlo_interfaces/include/arlo_interfaces/arlo_interfaces/msg
[0.824s] -- Up-to-date: /home/antonio/Robotic-Swarms-main/Robotic-Swarms-main/install/arlo_interfaces/include/arlo_interfaces/arlo_interfaces/msg/rosidl_typesupport_fastrtps_c__visibility_control.h
[0.824s] -- Up-to-date: /home/antonio/Robotic-Swarms-main/Robotic-Swarms-main/install/arlo_interfaces/include/arlo_interfaces/arlo_interfaces/msg/detail
[0.824s] -- Up-to-date: /home/antonio/Robotic-Swarms-main/Robotic-Swarms-main/install/arlo_interfaces/include/arlo_interfaces/arlo_interfaces/msg/detail/pesos_struct__rosidl_typesupport_fastrtps_c.h
[0.825s] -- Up-to-date: /home/antonio/Robotic-Swarms-main/Robotic-Swarms-main/install/arlo_interfaces/include/arlo_interfaces/arlo_interfaces/msg/detail/mates_odom__rosidl_typesupport_fastrtps_c.h
[0.825s] -- Up-to-date: /home/antonio/Robotic-Swarms-main/Robotic-Swarms-main/install/arlo_interfaces/include/arlo_interfaces/arlo_interfaces/msg/detail/estado_arlo__rosidl_typesupport_fastrtps_c.h
[0.826s] -- Up-to-date: /home/antonio/Robotic-Swarms-main/Robotic-Swarms-main/install/arlo_interfaces/lib/libarlo_interfaces__rosidl_typesupport_fastrtps_c.so
[0.826s] -- Up-to-date: /home/antonio/Robotic-Swarms-main/Robotic-Swarms-main/install/arlo_interfaces/include/arlo_interfaces/arlo_interfaces
[0.826s] -- Up-to-date: /home/antonio/Robotic-Swarms-main/Robotic-Swarms-main/install/arlo_interfaces/include/arlo_interfaces/arlo_interfaces/srv
[0.826s] -- Up-to-date: /home/antonio/Robotic-Swarms-main/Robotic-Swarms-main/install/arlo_interfaces/include/arlo_interfaces/arlo_interfaces/srv/get_mates_fitness.hpp
[0.827s] -- Up-to-date: /home/antonio/Robotic-Swarms-main/Robotic-Swarms-main/install/arlo_interfaces/include/arlo_interfaces/arlo_interfaces/srv/evaluate_driver.hpp
[0.827s] -- Up-to-date: /home/antonio/Robotic-Swarms-main/Robotic-Swarms-main/install/arlo_interfaces/include/arlo_interfaces/arlo_interfaces/srv/get_robot_pose.hpp
[0.827s] -- Up-to-date: /home/antonio/Robotic-Swarms-main/Robotic-Swarms-main/install/arlo_interfaces/include/arlo_interfaces/arlo_interfaces/srv/get_important_weights.hpp
[0.827s] -- Up-to-date: /home/antonio/Robotic-Swarms-main/Robotic-Swarms-main/install/arlo_interfaces/include/arlo_interfaces/arlo_interfaces/srv/detail
[0.827s] -- Up-to-date: /home/antonio/Robotic-Swarms-main/Robotic-Swarms-main/install/arlo_interfaces/include/arlo_interfaces/arlo_interfaces/srv/detail/get_robot_pose__type_support.hpp
[0.827s] -- Up-to-date: /home/antonio/Robotic-Swarms-main/Robotic-Swarms-main/install/arlo_interfaces/include/arlo_interfaces/arlo_interfaces/srv/detail/evaluate_driver__traits.hpp
[0.828s] -- Up-to-date: /home/antonio/Robotic-Swarms-main/Robotic-Swarms-main/install/arlo_interfaces/include/arlo_interfaces/arlo_interfaces/srv/detail/evaluate_driver__type_support.hpp
[0.828s] -- Up-to-date: /home/antonio/Robotic-Swarms-main/Robotic-Swarms-main/install/arlo_interfaces/include/arlo_interfaces/arlo_interfaces/srv/detail/get_robot_pose__builder.hpp
[0.828s] -- Up-to-date: /home/antonio/Robotic-Swarms-main/Robotic-Swarms-main/install/arlo_interfaces/include/arlo_interfaces/arlo_interfaces/srv/detail/get_important_weights__type_support.hpp
[0.828s] -- Up-to-date: /home/antonio/Robotic-Swarms-main/Robotic-Swarms-main/install/arlo_interfaces/include/arlo_interfaces/arlo_interfaces/srv/detail/get_mates_fitness__builder.hpp
[0.828s] -- Up-to-date: /home/antonio/Robotic-Swarms-main/Robotic-Swarms-main/install/arlo_interfaces/include/arlo_interfaces/arlo_interfaces/srv/detail/get_robot_pose__traits.hpp
[0.828s] -- Up-to-date: /home/antonio/Robotic-Swarms-main/Robotic-Swarms-main/install/arlo_interfaces/include/arlo_interfaces/arlo_interfaces/srv/detail/get_important_weights__struct.hpp
[0.828s] -- Up-to-date: /home/antonio/Robotic-Swarms-main/Robotic-Swarms-main/install/arlo_interfaces/include/arlo_interfaces/arlo_interfaces/srv/detail/get_important_weights__traits.hpp
[0.828s] -- Up-to-date: /home/antonio/Robotic-Swarms-main/Robotic-Swarms-main/install/arlo_interfaces/include/arlo_interfaces/arlo_interfaces/srv/detail/get_important_weights__builder.hpp
[0.829s] -- Up-to-date: /home/antonio/Robotic-Swarms-main/Robotic-Swarms-main/install/arlo_interfaces/include/arlo_interfaces/arlo_interfaces/srv/detail/get_mates_fitness__struct.hpp
[0.829s] -- Up-to-date: /home/antonio/Robotic-Swarms-main/Robotic-Swarms-main/install/arlo_interfaces/include/arlo_interfaces/arlo_interfaces/srv/detail/evaluate_driver__struct.hpp
[0.829s] -- Up-to-date: /home/antonio/Robotic-Swarms-main/Robotic-Swarms-main/install/arlo_interfaces/include/arlo_interfaces/arlo_interfaces/srv/detail/evaluate_driver__builder.hpp
[0.829s] -- Up-to-date: /home/antonio/Robotic-Swarms-main/Robotic-Swarms-main/install/arlo_interfaces/include/arlo_interfaces/arlo_interfaces/srv/detail/get_mates_fitness__type_support.hpp
[0.829s] -- Up-to-date: /home/antonio/Robotic-Swarms-main/Robotic-Swarms-main/install/arlo_interfaces/include/arlo_interfaces/arlo_interfaces/srv/detail/get_robot_pose__struct.hpp
[0.829s] -- Up-to-date: /home/antonio/Robotic-Swarms-main/Robotic-Swarms-main/install/arlo_interfaces/include/arlo_interfaces/arlo_interfaces/srv/detail/get_mates_fitness__traits.hpp
[0.829s] -- Up-to-date: /home/antonio/Robotic-Swarms-main/Robotic-Swarms-main/install/arlo_interfaces/include/arlo_interfaces/arlo_interfaces/msg
[0.829s] -- Up-to-date: /home/antonio/Robotic-Swarms-main/Robotic-Swarms-main/install/arlo_interfaces/include/arlo_interfaces/arlo_interfaces/msg/mates_odom.hpp
[0.829s] -- Up-to-date: /home/antonio/Robotic-Swarms-main/Robotic-Swarms-main/install/arlo_interfaces/include/arlo_interfaces/arlo_interfaces/msg/rosidl_generator_cpp__visibility_control.hpp
[0.829s] -- Up-to-date: /home/antonio/Robotic-Swarms-main/Robotic-Swarms-main/install/arlo_interfaces/include/arlo_interfaces/arlo_interfaces/msg/estado_arlo.hpp
[0.830s] -- Up-to-date: /home/antonio/Robotic-Swarms-main/Robotic-Swarms-main/install/arlo_interfaces/include/arlo_interfaces/arlo_interfaces/msg/detail
[0.830s] -- Up-to-date: /home/antonio/Robotic-Swarms-main/Robotic-Swarms-main/install/arlo_interfaces/include/arlo_interfaces/arlo_interfaces/msg/detail/mates_odom__builder.hpp
[0.830s] -- Up-to-date: /home/antonio/Robotic-Swarms-main/Robotic-Swarms-main/install/arlo_interfaces/include/arlo_interfaces/arlo_interfaces/msg/detail/pesos_struct__type_support.hpp
[0.830s] -- Up-to-date: /home/antonio/Robotic-Swarms-main/Robotic-Swarms-main/install/arlo_interfaces/include/arlo_interfaces/arlo_interfaces/msg/detail/estado_arlo__struct.hpp
[0.830s] -- Up-to-date: /home/antonio/Robotic-Swarms-main/Robotic-Swarms-main/install/arlo_interfaces/include/arlo_interfaces/arlo_interfaces/msg/detail/mates_odom__traits.hpp
[0.830s] -- Up-to-date: /home/antonio/Robotic-Swarms-main/Robotic-Swarms-main/install/arlo_interfaces/include/arlo_interfaces/arlo_interfaces/msg/detail/pesos_struct__traits.hpp
[0.830s] -- Up-to-date: /home/antonio/Robotic-Swarms-main/Robotic-Swarms-main/install/arlo_interfaces/include/arlo_interfaces/arlo_interfaces/msg/detail/estado_arlo__type_support.hpp
[0.830s] -- Up-to-date: /home/antonio/Robotic-Swarms-main/Robotic-Swarms-main/install/arlo_interfaces/include/arlo_interfaces/arlo_interfaces/msg/detail/mates_odom__struct.hpp
[0.830s] -- Up-to-date: /home/antonio/Robotic-Swarms-main/Robotic-Swarms-main/install/arlo_interfaces/include/arlo_interfaces/arlo_interfaces/msg/detail/estado_arlo__builder.hpp
[0.830s] -- Up-to-date: /home/antonio/Robotic-Swarms-main/Robotic-Swarms-main/install/arlo_interfaces/include/arlo_interfaces/arlo_interfaces/msg/detail/pesos_struct__struct.hpp
[0.831s] -- Up-to-date: /home/antonio/Robotic-Swarms-main/Robotic-Swarms-main/install/arlo_interfaces/include/arlo_interfaces/arlo_interfaces/msg/detail/pesos_struct__builder.hpp
[0.831s] -- Up-to-date: /home/antonio/Robotic-Swarms-main/Robotic-Swarms-main/install/arlo_interfaces/include/arlo_interfaces/arlo_interfaces/msg/detail/estado_arlo__traits.hpp
[0.831s] -- Up-to-date: /home/antonio/Robotic-Swarms-main/Robotic-Swarms-main/install/arlo_interfaces/include/arlo_interfaces/arlo_interfaces/msg/detail/mates_odom__type_support.hpp
[0.831s] -- Up-to-date: /home/antonio/Robotic-Swarms-main/Robotic-Swarms-main/install/arlo_interfaces/include/arlo_interfaces/arlo_interfaces/msg/pesos_struct.hpp
[0.831s] -- Up-to-date: /home/antonio/Robotic-Swarms-main/Robotic-Swarms-main/install/arlo_interfaces/include/arlo_interfaces/arlo_interfaces
[0.831s] -- Up-to-date: /home/antonio/Robotic-Swarms-main/Robotic-Swarms-main/install/arlo_interfaces/include/arlo_interfaces/arlo_interfaces/srv
[0.831s] -- Up-to-date: /home/antonio/Robotic-Swarms-main/Robotic-Swarms-main/install/arlo_interfaces/include/arlo_interfaces/arlo_interfaces/srv/detail
[0.831s] -- Up-to-date: /home/antonio/Robotic-Swarms-main/Robotic-Swarms-main/install/arlo_interfaces/include/arlo_interfaces/arlo_interfaces/srv/detail/dds_fastrtps
[0.831s] -- Up-to-date: /home/antonio/Robotic-Swarms-main/Robotic-Swarms-main/install/arlo_interfaces/include/arlo_interfaces/arlo_interfaces/srv/detail/get_robot_pose__rosidl_typesupport_fastrtps_cpp.hpp
[0.832s] -- Up-to-date: /home/antonio/Robotic-Swarms-main/Robotic-Swarms-main/install/arlo_interfaces/include/arlo_interfaces/arlo_interfaces/srv/detail/get_important_weights__rosidl_typesupport_fastrtps_cpp.hpp
[0.832s] -- Up-to-date: /home/antonio/Robotic-Swarms-main/Robotic-Swarms-main/install/arlo_interfaces/include/arlo_interfaces/arlo_interfaces/srv/detail/get_mates_fitness__rosidl_typesupport_fastrtps_cpp.hpp
[0.832s] -- Up-to-date: /home/antonio/Robotic-Swarms-main/Robotic-Swarms-main/install/arlo_interfaces/include/arlo_interfaces/arlo_interfaces/srv/detail/evaluate_driver__rosidl_typesupport_fastrtps_cpp.hpp
[0.832s] -- Up-to-date: /home/antonio/Robotic-Swarms-main/Robotic-Swarms-main/install/arlo_interfaces/include/arlo_interfaces/arlo_interfaces/msg
[0.832s] -- Up-to-date: /home/antonio/Robotic-Swarms-main/Robotic-Swarms-main/install/arlo_interfaces/include/arlo_interfaces/arlo_interfaces/msg/rosidl_typesupport_fastrtps_cpp__visibility_control.h
[0.832s] -- Up-to-date: /home/antonio/Robotic-Swarms-main/Robotic-Swarms-main/install/arlo_interfaces/include/arlo_interfaces/arlo_interfaces/msg/detail
[0.832s] -- Up-to-date: /home/antonio/Robotic-Swarms-main/Robotic-Swarms-main/install/arlo_interfaces/include/arlo_interfaces/arlo_interfaces/msg/detail/dds_fastrtps
[0.833s] -- Up-to-date: /home/antonio/Robotic-Swarms-main/Robotic-Swarms-main/install/arlo_interfaces/include/arlo_interfaces/arlo_interfaces/msg/detail/pesos_struct__rosidl_typesupport_fastrtps_cpp.hpp
[0.833s] -- Up-to-date: /home/antonio/Robotic-Swarms-main/Robotic-Swarms-main/install/arlo_interfaces/include/arlo_interfaces/arlo_interfaces/msg/detail/estado_arlo__rosidl_typesupport_fastrtps_cpp.hpp
[0.833s] -- Up-to-date: /home/antonio/Robotic-Swarms-main/Robotic-Swarms-main/install/arlo_interfaces/include/arlo_interfaces/arlo_interfaces/msg/detail/mates_odom__rosidl_typesupport_fastrtps_cpp.hpp
[0.833s] -- Up-to-date: /home/antonio/Robotic-Swarms-main/Robotic-Swarms-main/install/arlo_interfaces/lib/libarlo_interfaces__rosidl_typesupport_fastrtps_cpp.so
[0.833s] -- Up-to-date: /home/antonio/Robotic-Swarms-main/Robotic-Swarms-main/install/arlo_interfaces/include/arlo_interfaces/arlo_interfaces
[0.833s] -- Up-to-date: /home/antonio/Robotic-Swarms-main/Robotic-Swarms-main/install/arlo_interfaces/include/arlo_interfaces/arlo_interfaces/srv
[0.833s] -- Up-to-date: /home/antonio/Robotic-Swarms-main/Robotic-Swarms-main/install/arlo_interfaces/include/arlo_interfaces/arlo_interfaces/srv/detail
[0.833s] -- Up-to-date: /home/antonio/Robotic-Swarms-main/Robotic-Swarms-main/install/arlo_interfaces/include/arlo_interfaces/arlo_interfaces/srv/detail/evaluate_driver__rosidl_typesupport_introspection_c.h
[0.833s] -- Up-to-date: /home/antonio/Robotic-Swarms-main/Robotic-Swarms-main/install/arlo_interfaces/include/arlo_interfaces/arlo_interfaces/srv/detail/evaluate_driver__type_support.c
[0.833s] -- Up-to-date: /home/antonio/Robotic-Swarms-main/Robotic-Swarms-main/install/arlo_interfaces/include/arlo_interfaces/arlo_interfaces/srv/detail/get_robot_pose__rosidl_typesupport_introspection_c.h
[0.834s] -- Up-to-date: /home/antonio/Robotic-Swarms-main/Robotic-Swarms-main/install/arlo_interfaces/include/arlo_interfaces/arlo_interfaces/srv/detail/get_mates_fitness__type_support.c
[0.834s] -- Up-to-date: /home/antonio/Robotic-Swarms-main/Robotic-Swarms-main/install/arlo_interfaces/include/arlo_interfaces/arlo_interfaces/srv/detail/get_robot_pose__type_support.c
[0.834s] -- Up-to-date: /home/antonio/Robotic-Swarms-main/Robotic-Swarms-main/install/arlo_interfaces/include/arlo_interfaces/arlo_interfaces/srv/detail/get_important_weights__rosidl_typesupport_introspection_c.h
[0.834s] -- Up-to-date: /home/antonio/Robotic-Swarms-main/Robotic-Swarms-main/install/arlo_interfaces/include/arlo_interfaces/arlo_interfaces/srv/detail/get_mates_fitness__rosidl_typesupport_introspection_c.h
[0.834s] -- Up-to-date: /home/antonio/Robotic-Swarms-main/Robotic-Swarms-main/install/arlo_interfaces/include/arlo_interfaces/arlo_interfaces/srv/detail/get_important_weights__type_support.c
[0.834s] -- Up-to-date: /home/antonio/Robotic-Swarms-main/Robotic-Swarms-main/install/arlo_interfaces/include/arlo_interfaces/arlo_interfaces/msg
[0.834s] -- Up-to-date: /home/antonio/Robotic-Swarms-main/Robotic-Swarms-main/install/arlo_interfaces/include/arlo_interfaces/arlo_interfaces/msg/rosidl_typesupport_introspection_c__visibility_control.h
[0.834s] -- Up-to-date: /home/antonio/Robotic-Swarms-main/Robotic-Swarms-main/install/arlo_interfaces/include/arlo_interfaces/arlo_interfaces/msg/detail
[0.834s] -- Up-to-date: /home/antonio/Robotic-Swarms-main/Robotic-Swarms-main/install/arlo_interfaces/include/arlo_interfaces/arlo_interfaces/msg/detail/mates_odom__type_support.c
[0.834s] -- Up-to-date: /home/antonio/Robotic-Swarms-main/Robotic-Swarms-main/install/arlo_interfaces/include/arlo_interfaces/arlo_interfaces/msg/detail/pesos_struct__rosidl_typesupport_introspection_c.h
[0.835s] -- Up-to-date: /home/antonio/Robotic-Swarms-main/Robotic-Swarms-main/install/arlo_interfaces/include/arlo_interfaces/arlo_interfaces/msg/detail/pesos_struct__type_support.c
[0.835s] -- Up-to-date: /home/antonio/Robotic-Swarms-main/Robotic-Swarms-main/install/arlo_interfaces/include/arlo_interfaces/arlo_interfaces/msg/detail/estado_arlo__type_support.c
[0.835s] -- Up-to-date: /home/antonio/Robotic-Swarms-main/Robotic-Swarms-main/install/arlo_interfaces/include/arlo_interfaces/arlo_interfaces/msg/detail/estado_arlo__rosidl_typesupport_introspection_c.h
[0.835s] -- Up-to-date: /home/antonio/Robotic-Swarms-main/Robotic-Swarms-main/install/arlo_interfaces/include/arlo_interfaces/arlo_interfaces/msg/detail/mates_odom__rosidl_typesupport_introspection_c.h
[0.835s] -- Up-to-date: /home/antonio/Robotic-Swarms-main/Robotic-Swarms-main/install/arlo_interfaces/lib/libarlo_interfaces__rosidl_typesupport_introspection_c.so
[0.835s] -- Up-to-date: /home/antonio/Robotic-Swarms-main/Robotic-Swarms-main/install/arlo_interfaces/lib/libarlo_interfaces__rosidl_typesupport_c.so
[0.835s] -- Up-to-date: /home/antonio/Robotic-Swarms-main/Robotic-Swarms-main/install/arlo_interfaces/include/arlo_interfaces/arlo_interfaces
[0.835s] -- Up-to-date: /home/antonio/Robotic-Swarms-main/Robotic-Swarms-main/install/arlo_interfaces/include/arlo_interfaces/arlo_interfaces/srv
[0.836s] -- Up-to-date: /home/antonio/Robotic-Swarms-main/Robotic-Swarms-main/install/arlo_interfaces/include/arlo_interfaces/arlo_interfaces/srv/detail
[0.836s] -- Up-to-date: /home/antonio/Robotic-Swarms-main/Robotic-Swarms-main/install/arlo_interfaces/include/arlo_interfaces/arlo_interfaces/srv/detail/get_robot_pose__rosidl_typesupport_introspection_cpp.hpp
[0.836s] -- Up-to-date: /home/antonio/Robotic-Swarms-main/Robotic-Swarms-main/install/arlo_interfaces/include/arlo_interfaces/arlo_interfaces/srv/detail/get_mates_fitness__type_support.cpp
[0.836s] -- Up-to-date: /home/antonio/Robotic-Swarms-main/Robotic-Swarms-main/install/arlo_interfaces/include/arlo_interfaces/arlo_interfaces/srv/detail/evaluate_driver__type_support.cpp
[0.836s] -- Up-to-date: /home/antonio/Robotic-Swarms-main/Robotic-Swarms-main/install/arlo_interfaces/include/arlo_interfaces/arlo_interfaces/srv/detail/get_important_weights__type_support.cpp
[0.837s] -- Up-to-date: /home/antonio/Robotic-Swarms-main/Robotic-Swarms-main/install/arlo_interfaces/include/arlo_interfaces/arlo_interfaces/srv/detail/get_robot_pose__type_support.cpp
[0.837s] -- Up-to-date: /home/antonio/Robotic-Swarms-main/Robotic-Swarms-main/install/arlo_interfaces/include/arlo_interfaces/arlo_interfaces/srv/detail/get_important_weights__rosidl_typesupport_introspection_cpp.hpp
[0.837s] -- Up-to-date: /home/antonio/Robotic-Swarms-main/Robotic-Swarms-main/install/arlo_interfaces/include/arlo_interfaces/arlo_interfaces/srv/detail/evaluate_driver__rosidl_typesupport_introspection_cpp.hpp
[0.837s] -- Up-to-date: /home/antonio/Robotic-Swarms-main/Robotic-Swarms-main/install/arlo_interfaces/include/arlo_interfaces/arlo_interfaces/srv/detail/get_mates_fitness__rosidl_typesupport_introspection_cpp.hpp
[0.837s] -- Up-to-date: /home/antonio/Robotic-Swarms-main/Robotic-Swarms-main/install/arlo_interfaces/include/arlo_interfaces/arlo_interfaces/msg
[0.837s] -- Up-to-date: /home/antonio/Robotic-Swarms-main/Robotic-Swarms-main/install/arlo_interfaces/include/arlo_interfaces/arlo_interfaces/msg/detail
[0.837s] -- Up-to-date: /home/antonio/Robotic-Swarms-main/Robotic-Swarms-main/install/arlo_interfaces/include/arlo_interfaces/arlo_interfaces/msg/detail/estado_arlo__rosidl_typesupport_introspection_cpp.hpp
[0.837s] -- Up-to-date: /home/antonio/Robotic-Swarms-main/Robotic-Swarms-main/install/arlo_interfaces/include/arlo_interfaces/arlo_interfaces/msg/detail/mates_odom__type_support.cpp
[0.837s] -- Up-to-date: /home/antonio/Robotic-Swarms-main/Robotic-Swarms-main/install/arlo_interfaces/include/arlo_interfaces/arlo_interfaces/msg/detail/pesos_struct__type_support.cpp
[0.838s] -- Up-to-date: /home/antonio/Robotic-Swarms-main/Robotic-Swarms-main/install/arlo_interfaces/include/arlo_interfaces/arlo_interfaces/msg/detail/mates_odom__rosidl_typesupport_introspection_cpp.hpp
[0.838s] -- Up-to-date: /home/antonio/Robotic-Swarms-main/Robotic-Swarms-main/install/arlo_interfaces/include/arlo_interfaces/arlo_interfaces/msg/detail/pesos_struct__rosidl_typesupport_introspection_cpp.hpp
[0.838s] -- Up-to-date: /home/antonio/Robotic-Swarms-main/Robotic-Swarms-main/install/arlo_interfaces/include/arlo_interfaces/arlo_interfaces/msg/detail/estado_arlo__type_support.cpp
[0.838s] -- Up-to-date: /home/antonio/Robotic-Swarms-main/Robotic-Swarms-main/install/arlo_interfaces/lib/libarlo_interfaces__rosidl_typesupport_introspection_cpp.so
[0.838s] -- Up-to-date: /home/antonio/Robotic-Swarms-main/Robotic-Swarms-main/install/arlo_interfaces/lib/libarlo_interfaces__rosidl_typesupport_cpp.so
[0.838s] -- Up-to-date: /home/antonio/Robotic-Swarms-main/Robotic-Swarms-main/install/arlo_interfaces/share/arlo_interfaces/environment/pythonpath.sh
[0.838s] -- Up-to-date: /home/antonio/Robotic-Swarms-main/Robotic-Swarms-main/install/arlo_interfaces/share/arlo_interfaces/environment/pythonpath.dsv
[0.838s] -- Up-to-date: /home/antonio/Robotic-Swarms-main/Robotic-Swarms-main/install/arlo_interfaces/local/lib/python3.10/dist-packages/arlo_interfaces-0.0.0-py3.10.egg-info
[0.838s] -- Installing: /home/antonio/Robotic-Swarms-main/Robotic-Swarms-main/install/arlo_interfaces/local/lib/python3.10/dist-packages/arlo_interfaces-0.0.0-py3.10.egg-info/dependency_links.txt
[0.838s] -- Installing: /home/antonio/Robotic-Swarms-main/Robotic-Swarms-main/install/arlo_interfaces/local/lib/python3.10/dist-packages/arlo_interfaces-0.0.0-py3.10.egg-info/top_level.txt
[0.839s] -- Installing: /home/antonio/Robotic-Swarms-main/Robotic-Swarms-main/install/arlo_interfaces/local/lib/python3.10/dist-packages/arlo_interfaces-0.0.0-py3.10.egg-info/PKG-INFO
[0.839s] -- Installing: /home/antonio/Robotic-Swarms-main/Robotic-Swarms-main/install/arlo_interfaces/local/lib/python3.10/dist-packages/arlo_interfaces-0.0.0-py3.10.egg-info/SOURCES.txt
[0.839s] -- Up-to-date: /home/antonio/Robotic-Swarms-main/Robotic-Swarms-main/install/arlo_interfaces/local/lib/python3.10/dist-packages/arlo_interfaces
[0.839s] -- Up-to-date: /home/antonio/Robotic-Swarms-main/Robotic-Swarms-main/install/arlo_interfaces/local/lib/python3.10/dist-packages/arlo_interfaces/_arlo_interfaces_s.ep.rosidl_typesupport_c.c
[0.839s] -- Up-to-date: /home/antonio/Robotic-Swarms-main/Robotic-Swarms-main/install/arlo_interfaces/local/lib/python3.10/dist-packages/arlo_interfaces/srv
[0.839s] -- Up-to-date: /home/antonio/Robotic-Swarms-main/Robotic-Swarms-main/install/arlo_interfaces/local/lib/python3.10/dist-packages/arlo_interfaces/srv/_get_important_weights.py
[0.839s] -- Up-to-date: /home/antonio/Robotic-Swarms-main/Robotic-Swarms-main/install/arlo_interfaces/local/lib/python3.10/dist-packages/arlo_interfaces/srv/_get_robot_pose_s.c
[0.839s] -- Up-to-date: /home/antonio/Robotic-Swarms-main/Robotic-Swarms-main/install/arlo_interfaces/local/lib/python3.10/dist-packages/arlo_interfaces/srv/_get_mates_fitness_s.c
[0.839s] -- Up-to-date: /home/antonio/Robotic-Swarms-main/Robotic-Swarms-main/install/arlo_interfaces/local/lib/python3.10/dist-packages/arlo_interfaces/srv/_evaluate_driver_s.c
[0.840s] -- Up-to-date: /home/antonio/Robotic-Swarms-main/Robotic-Swarms-main/install/arlo_interfaces/local/lib/python3.10/dist-packages/arlo_interfaces/srv/_get_mates_fitness.py
[0.840s] -- Up-to-date: /home/antonio/Robotic-Swarms-main/Robotic-Swarms-main/install/arlo_interfaces/local/lib/python3.10/dist-packages/arlo_interfaces/srv/_get_important_weights_s.c
[0.840s] -- Up-to-date: /home/antonio/Robotic-Swarms-main/Robotic-Swarms-main/install/arlo_interfaces/local/lib/python3.10/dist-packages/arlo_interfaces/srv/_get_robot_pose.py
[0.840s] -- Up-to-date: /home/antonio/Robotic-Swarms-main/Robotic-Swarms-main/install/arlo_interfaces/local/lib/python3.10/dist-packages/arlo_interfaces/srv/__init__.py
[0.840s] -- Up-to-date: /home/antonio/Robotic-Swarms-main/Robotic-Swarms-main/install/arlo_interfaces/local/lib/python3.10/dist-packages/arlo_interfaces/srv/_evaluate_driver.py
[0.840s] -- Up-to-date: /home/antonio/Robotic-Swarms-main/Robotic-Swarms-main/install/arlo_interfaces/local/lib/python3.10/dist-packages/arlo_interfaces/arlo_interfaces_s__rosidl_typesupport_fastrtps_c.cpython-310-x86_64-linux-gnu.so
[0.841s] -- Up-to-date: /home/antonio/Robotic-Swarms-main/Robotic-Swarms-main/install/arlo_interfaces/local/lib/python3.10/dist-packages/arlo_interfaces/arlo_interfaces_s__rosidl_typesupport_introspection_c.cpython-310-x86_64-linux-gnu.so
[0.841s] -- Up-to-date: /home/antonio/Robotic-Swarms-main/Robotic-Swarms-main/install/arlo_interfaces/local/lib/python3.10/dist-packages/arlo_interfaces/_arlo_interfaces_s.ep.rosidl_typesupport_introspection_c.c
[0.841s] -- Up-to-date: /home/antonio/Robotic-Swarms-main/Robotic-Swarms-main/install/arlo_interfaces/local/lib/python3.10/dist-packages/arlo_interfaces/msg
[0.841s] -- Up-to-date: /home/antonio/Robotic-Swarms-main/Robotic-Swarms-main/install/arlo_interfaces/local/lib/python3.10/dist-packages/arlo_interfaces/msg/_estado_arlo_s.c
[0.841s] -- Up-to-date: /home/antonio/Robotic-Swarms-main/Robotic-Swarms-main/install/arlo_interfaces/local/lib/python3.10/dist-packages/arlo_interfaces/msg/_pesos_struct_s.c
[0.841s] -- Up-to-date: /home/antonio/Robotic-Swarms-main/Robotic-Swarms-main/install/arlo_interfaces/local/lib/python3.10/dist-packages/arlo_interfaces/msg/_mates_odom_s.c
[0.841s] -- Up-to-date: /home/antonio/Robotic-Swarms-main/Robotic-Swarms-main/install/arlo_interfaces/local/lib/python3.10/dist-packages/arlo_interfaces/msg/_mates_odom.py
[0.841s] -- Up-to-date: /home/antonio/Robotic-Swarms-main/Robotic-Swarms-main/install/arlo_interfaces/local/lib/python3.10/dist-packages/arlo_interfaces/msg/_pesos_struct.py
[0.841s] -- Up-to-date: /home/antonio/Robotic-Swarms-main/Robotic-Swarms-main/install/arlo_interfaces/local/lib/python3.10/dist-packages/arlo_interfaces/msg/_estado_arlo.py
[0.841s] -- Up-to-date: /home/antonio/Robotic-Swarms-main/Robotic-Swarms-main/install/arlo_interfaces/local/lib/python3.10/dist-packages/arlo_interfaces/msg/__init__.py
[0.842s] -- Up-to-date: /home/antonio/Robotic-Swarms-main/Robotic-Swarms-main/install/arlo_interfaces/local/lib/python3.10/dist-packages/arlo_interfaces/arlo_interfaces_s__rosidl_typesupport_c.cpython-310-x86_64-linux-gnu.so
[0.842s] -- Up-to-date: /home/antonio/Robotic-Swarms-main/Robotic-Swarms-main/install/arlo_interfaces/local/lib/python3.10/dist-packages/arlo_interfaces/_arlo_interfaces_s.ep.rosidl_typesupport_fastrtps_c.c
[0.842s] -- Up-to-date: /home/antonio/Robotic-Swarms-main/Robotic-Swarms-main/install/arlo_interfaces/local/lib/python3.10/dist-packages/arlo_interfaces/__init__.py
[0.842s] -- Up-to-date: /home/antonio/Robotic-Swarms-main/Robotic-Swarms-main/install/arlo_interfaces/local/lib/python3.10/dist-packages/arlo_interfaces/libarlo_interfaces__rosidl_generator_py.so
[0.882s] Listing '/home/antonio/Robotic-Swarms-main/Robotic-Swarms-main/install/arlo_interfaces/local/lib/python3.10/dist-packages/arlo_interfaces'...
[0.883s] Listing '/home/antonio/Robotic-Swarms-main/Robotic-Swarms-main/install/arlo_interfaces/local/lib/python3.10/dist-packages/arlo_interfaces/msg'...
[0.883s] Listing '/home/antonio/Robotic-Swarms-main/Robotic-Swarms-main/install/arlo_interfaces/local/lib/python3.10/dist-packages/arlo_interfaces/srv'...
[0.889s] -- Up-to-date: /home/antonio/Robotic-Swarms-main/Robotic-Swarms-main/install/arlo_interfaces/local/lib/python3.10/dist-packages/arlo_interfaces/arlo_interfaces_s__rosidl_typesupport_fastrtps_c.cpython-310-x86_64-linux-gnu.so
[0.889s] -- Up-to-date: /home/antonio/Robotic-Swarms-main/Robotic-Swarms-main/install/arlo_interfaces/local/lib/python3.10/dist-packages/arlo_interfaces/arlo_interfaces_s__rosidl_typesupport_introspection_c.cpython-310-x86_64-linux-gnu.so
[0.890s] -- Up-to-date: /home/antonio/Robotic-Swarms-main/Robotic-Swarms-main/install/arlo_interfaces/local/lib/python3.10/dist-packages/arlo_interfaces/arlo_interfaces_s__rosidl_typesupport_c.cpython-310-x86_64-linux-gnu.so
[0.890s] -- Up-to-date: /home/antonio/Robotic-Swarms-main/Robotic-Swarms-main/install/arlo_interfaces/lib/libarlo_interfaces__rosidl_generator_py.so
[0.891s] -- Up-to-date: /home/antonio/Robotic-Swarms-main/Robotic-Swarms-main/install/arlo_interfaces/share/arlo_interfaces/msg/PesosStruct.idl
[0.891s] -- Up-to-date: /home/antonio/Robotic-Swarms-main/Robotic-Swarms-main/install/arlo_interfaces/share/arlo_interfaces/msg/EstadoArlo.idl
[0.891s] -- Up-to-date: /home/antonio/Robotic-Swarms-main/Robotic-Swarms-main/install/arlo_interfaces/share/arlo_interfaces/msg/MatesOdom.idl
[0.891s] -- Up-to-date: /home/antonio/Robotic-Swarms-main/Robotic-Swarms-main/install/arlo_interfaces/share/arlo_interfaces/srv/EvaluateDriver.idl
[0.892s] -- Up-to-date: /home/antonio/Robotic-Swarms-main/Robotic-Swarms-main/install/arlo_interfaces/share/arlo_interfaces/srv/GetImportantWeights.idl
[0.892s] -- Up-to-date: /home/antonio/Robotic-Swarms-main/Robotic-Swarms-main/install/arlo_interfaces/share/arlo_interfaces/srv/GetMatesFitness.idl
[0.892s] -- Up-to-date: /home/antonio/Robotic-Swarms-main/Robotic-Swarms-main/install/arlo_interfaces/share/arlo_interfaces/srv/GetRobotPose.idl
[0.892s] -- Up-to-date: /home/antonio/Robotic-Swarms-main/Robotic-Swarms-main/install/arlo_interfaces/share/arlo_interfaces/msg/PesosStruct.msg
[0.892s] -- Up-to-date: /home/antonio/Robotic-Swarms-main/Robotic-Swarms-main/install/arlo_interfaces/share/arlo_interfaces/msg/EstadoArlo.msg
[0.892s] -- Up-to-date: /home/antonio/Robotic-Swarms-main/Robotic-Swarms-main/install/arlo_interfaces/share/arlo_interfaces/msg/MatesOdom.msg
[0.892s] -- Up-to-date: /home/antonio/Robotic-Swarms-main/Robotic-Swarms-main/install/arlo_interfaces/share/arlo_interfaces/srv/EvaluateDriver.srv
[0.893s] -- Up-to-date: /home/antonio/Robotic-Swarms-main/Robotic-Swarms-main/install/arlo_interfaces/share/arlo_interfaces/srv/EvaluateDriver_Request.msg
[0.893s] -- Up-to-date: /home/antonio/Robotic-Swarms-main/Robotic-Swarms-main/install/arlo_interfaces/share/arlo_interfaces/srv/EvaluateDriver_Response.msg
[0.893s] -- Up-to-date: /home/antonio/Robotic-Swarms-main/Robotic-Swarms-main/install/arlo_interfaces/share/arlo_interfaces/srv/GetImportantWeights.srv
[0.893s] -- Up-to-date: /home/antonio/Robotic-Swarms-main/Robotic-Swarms-main/install/arlo_interfaces/share/arlo_interfaces/srv/GetImportantWeights_Request.msg
[0.893s] -- Up-to-date: /home/antonio/Robotic-Swarms-main/Robotic-Swarms-main/install/arlo_interfaces/share/arlo_interfaces/srv/GetImportantWeights_Response.msg
[0.893s] -- Up-to-date: /home/antonio/Robotic-Swarms-main/Robotic-Swarms-main/install/arlo_interfaces/share/arlo_interfaces/srv/GetMatesFitness.srv
[0.894s] -- Up-to-date: /home/antonio/Robotic-Swarms-main/Robotic-Swarms-main/install/arlo_interfaces/share/arlo_interfaces/srv/GetMatesFitness_Request.msg
[0.894s] -- Up-to-date: /home/antonio/Robotic-Swarms-main/Robotic-Swarms-main/install/arlo_interfaces/share/arlo_interfaces/srv/GetMatesFitness_Response.msg
[0.894s] -- Up-to-date: /home/antonio/Robotic-Swarms-main/Robotic-Swarms-main/install/arlo_interfaces/share/arlo_interfaces/srv/GetRobotPose.srv
[0.894s] -- Up-to-date: /home/antonio/Robotic-Swarms-main/Robotic-Swarms-main/install/arlo_interfaces/share/arlo_interfaces/srv/GetRobotPose_Request.msg
[0.894s] -- Up-to-date: /home/antonio/Robotic-Swarms-main/Robotic-Swarms-main/install/arlo_interfaces/share/arlo_interfaces/srv/GetRobotPose_Response.msg
[0.894s] -- Up-to-date: /home/antonio/Robotic-Swarms-main/Robotic-Swarms-main/install/arlo_interfaces/share/ament_index/resource_index/package_run_dependencies/arlo_interfaces
[0.894s] -- Up-to-date: /home/antonio/Robotic-Swarms-main/Robotic-Swarms-main/install/arlo_interfaces/share/ament_index/resource_index/parent_prefix_path/arlo_interfaces
[0.895s] -- Up-to-date: /home/antonio/Robotic-Swarms-main/Robotic-Swarms-main/install/arlo_interfaces/share/arlo_interfaces/environment/ament_prefix_path.sh
[0.895s] -- Up-to-date: /home/antonio/Robotic-Swarms-main/Robotic-Swarms-main/install/arlo_interfaces/share/arlo_interfaces/environment/ament_prefix_path.dsv
[0.895s] -- Up-to-date: /home/antonio/Robotic-Swarms-main/Robotic-Swarms-main/install/arlo_interfaces/share/arlo_interfaces/environment/path.sh
[0.895s] -- Up-to-date: /home/antonio/Robotic-Swarms-main/Robotic-Swarms-main/install/arlo_interfaces/share/arlo_interfaces/environment/path.dsv
[0.895s] -- Up-to-date: /home/antonio/Robotic-Swarms-main/Robotic-Swarms-main/install/arlo_interfaces/share/arlo_interfaces/local_setup.bash
[0.895s] -- Up-to-date: /home/antonio/Robotic-Swarms-main/Robotic-Swarms-main/install/arlo_interfaces/share/arlo_interfaces/local_setup.sh
[0.895s] -- Up-to-date: /home/antonio/Robotic-Swarms-main/Robotic-Swarms-main/install/arlo_interfaces/share/arlo_interfaces/local_setup.zsh
[0.896s] -- Up-to-date: /home/antonio/Robotic-Swarms-main/Robotic-Swarms-main/install/arlo_interfaces/share/arlo_interfaces/local_setup.dsv
[0.896s] -- Installing: /home/antonio/Robotic-Swarms-main/Robotic-Swarms-main/install/arlo_interfaces/share/arlo_interfaces/package.dsv
[0.896s] -- Up-to-date: /home/antonio/Robotic-Swarms-main/Robotic-Swarms-main/install/arlo_interfaces/share/ament_index/resource_index/packages/arlo_interfaces
[0.896s] -- Up-to-date: /home/antonio/Robotic-Swarms-main/Robotic-Swarms-main/install/arlo_interfaces/share/arlo_interfaces/cmake/export_arlo_interfaces__rosidl_generator_cExport.cmake
[0.896s] -- Up-to-date: /home/antonio/Robotic-Swarms-main/Robotic-Swarms-main/install/arlo_interfaces/share/arlo_interfaces/cmake/export_arlo_interfaces__rosidl_generator_cExport-noconfig.cmake
[0.896s] -- Up-to-date: /home/antonio/Robotic-Swarms-main/Robotic-Swarms-main/install/arlo_interfaces/share/arlo_interfaces/cmake/export_arlo_interfaces__rosidl_typesupport_fastrtps_cExport.cmake
[0.896s] -- Up-to-date: /home/antonio/Robotic-Swarms-main/Robotic-Swarms-main/install/arlo_interfaces/share/arlo_interfaces/cmake/export_arlo_interfaces__rosidl_typesupport_fastrtps_cExport-noconfig.cmake
[0.897s] -- Up-to-date: /home/antonio/Robotic-Swarms-main/Robotic-Swarms-main/install/arlo_interfaces/share/arlo_interfaces/cmake/export_arlo_interfaces__rosidl_generator_cppExport.cmake
[0.897s] -- Up-to-date: /home/antonio/Robotic-Swarms-main/Robotic-Swarms-main/install/arlo_interfaces/share/arlo_interfaces/cmake/export_arlo_interfaces__rosidl_typesupport_fastrtps_cppExport.cmake
[0.897s] -- Up-to-date: /home/antonio/Robotic-Swarms-main/Robotic-Swarms-main/install/arlo_interfaces/share/arlo_interfaces/cmake/export_arlo_interfaces__rosidl_typesupport_fastrtps_cppExport-noconfig.cmake
[0.897s] -- Up-to-date: /home/antonio/Robotic-Swarms-main/Robotic-Swarms-main/install/arlo_interfaces/share/arlo_interfaces/cmake/arlo_interfaces__rosidl_typesupport_introspection_cExport.cmake
[0.897s] -- Up-to-date: /home/antonio/Robotic-Swarms-main/Robotic-Swarms-main/install/arlo_interfaces/share/arlo_interfaces/cmake/arlo_interfaces__rosidl_typesupport_introspection_cExport-noconfig.cmake
[0.897s] -- Up-to-date: /home/antonio/Robotic-Swarms-main/Robotic-Swarms-main/install/arlo_interfaces/share/arlo_interfaces/cmake/arlo_interfaces__rosidl_typesupport_cExport.cmake
[0.897s] -- Up-to-date: /home/antonio/Robotic-Swarms-main/Robotic-Swarms-main/install/arlo_interfaces/share/arlo_interfaces/cmake/arlo_interfaces__rosidl_typesupport_cExport-noconfig.cmake
[0.898s] -- Up-to-date: /home/antonio/Robotic-Swarms-main/Robotic-Swarms-main/install/arlo_interfaces/share/arlo_interfaces/cmake/arlo_interfaces__rosidl_typesupport_introspection_cppExport.cmake
[0.898s] -- Up-to-date: /home/antonio/Robotic-Swarms-main/Robotic-Swarms-main/install/arlo_interfaces/share/arlo_interfaces/cmake/arlo_interfaces__rosidl_typesupport_introspection_cppExport-noconfig.cmake
[0.898s] -- Up-to-date: /home/antonio/Robotic-Swarms-main/Robotic-Swarms-main/install/arlo_interfaces/share/arlo_interfaces/cmake/arlo_interfaces__rosidl_typesupport_cppExport.cmake
[0.898s] -- Up-to-date: /home/antonio/Robotic-Swarms-main/Robotic-Swarms-main/install/arlo_interfaces/share/arlo_interfaces/cmake/arlo_interfaces__rosidl_typesupport_cppExport-noconfig.cmake
[0.898s] -- Up-to-date: /home/antonio/Robotic-Swarms-main/Robotic-Swarms-main/install/arlo_interfaces/share/arlo_interfaces/cmake/export_arlo_interfaces__rosidl_generator_pyExport.cmake
[0.898s] -- Up-to-date: /home/antonio/Robotic-Swarms-main/Robotic-Swarms-main/install/arlo_interfaces/share/arlo_interfaces/cmake/export_arlo_interfaces__rosidl_generator_pyExport-noconfig.cmake
[0.898s] -- Up-to-date: /home/antonio/Robotic-Swarms-main/Robotic-Swarms-main/install/arlo_interfaces/share/arlo_interfaces/cmake/rosidl_cmake-extras.cmake
[0.898s] -- Up-to-date: /home/antonio/Robotic-Swarms-main/Robotic-Swarms-main/install/arlo_interfaces/share/arlo_interfaces/cmake/ament_cmake_export_dependencies-extras.cmake
[0.898s] -- Up-to-date: /home/antonio/Robotic-Swarms-main/Robotic-Swarms-main/install/arlo_interfaces/share/arlo_interfaces/cmake/ament_cmake_export_include_directories-extras.cmake
[0.899s] -- Up-to-date: /home/antonio/Robotic-Swarms-main/Robotic-Swarms-main/install/arlo_interfaces/share/arlo_interfaces/cmake/ament_cmake_export_libraries-extras.cmake
[0.899s] -- Up-to-date: /home/antonio/Robotic-Swarms-main/Robotic-Swarms-main/install/arlo_interfaces/share/arlo_interfaces/cmake/ament_cmake_export_targets-extras.cmake
[0.899s] -- Up-to-date: /home/antonio/Robotic-Swarms-main/Robotic-Swarms-main/install/arlo_interfaces/share/arlo_interfaces/cmake/rosidl_cmake_export_typesupport_targets-extras.cmake
[0.899s] -- Up-to-date: /home/antonio/Robotic-Swarms-main/Robotic-Swarms-main/install/arlo_interfaces/share/arlo_interfaces/cmake/rosidl_cmake_export_typesupport_libraries-extras.cmake
[0.899s] -- Up-to-date: /home/antonio/Robotic-Swarms-main/Robotic-Swarms-main/install/arlo_interfaces/share/arlo_interfaces/cmake/arlo_interfacesConfig.cmake
[0.899s] -- Up-to-date: /home/antonio/Robotic-Swarms-main/Robotic-Swarms-main/install/arlo_interfaces/share/arlo_interfaces/cmake/arlo_interfacesConfig-version.cmake
[0.899s] -- Up-to-date: /home/antonio/Robotic-Swarms-main/Robotic-Swarms-main/install/arlo_interfaces/share/arlo_interfaces/package.xml
[0.902s] Invoked command in '/home/antonio/Robotic-Swarms-main/Robotic-Swarms-main/build/arlo_interfaces' returned '0': CMAKE_PREFIX_PATH=${CMAKE_PREFIX_PATH}:/opt/ros/humble /usr/bin/cmake --install /home/antonio/Robotic-Swarms-main/Robotic-Swarms-main/build/arlo_interfaces
