[0.120s] Invoking command in '/home/antonio/Robotic-Swarms-main/Robotic-Swarms-main/build/arlo_interfaces': CMAKE_PREFIX_PATH=/opt/ros/humble /usr/bin/cmake /home/antonio/Robotic-Swarms-main/Robotic-Swarms-main/arlo_interfaces -DCMAKE_INSTALL_PREFIX=/home/antonio/Robotic-Swarms-main/Robotic-Swarms-main/install/arlo_interfaces
[2.037s] -- The C compiler identification is GNU 11.4.0
[2.816s] -- The CXX compiler identification is GNU 11.4.0
[2.918s] -- Detecting C compiler ABI info
[3.223s] -- Detecting C compiler ABI info - done
[3.234s] -- Check for working C compiler: /usr/bin/cc - skipped
[3.235s] -- Detecting C compile features
[3.261s] -- Detecting C compile features - done
[3.299s] -- Detecting CXX compiler ABI info
[3.498s] -- Detecting CXX compiler ABI info - done
[3.509s] -- Check for working CXX compiler: /usr/bin/c++ - skipped
[3.509s] -- Detecting CXX compile features
[3.510s] -- Detecting CXX compile features - done
[3.569s] -- Found ament_cmake: 1.3.13 (/opt/ros/humble/share/ament_cmake/cmake)
[3.966s] -- Found Python3: /usr/bin/python3 (found version "3.10.12") found components: Interpreter 
[4.338s] -- Found sensor_msgs: 4.9.1 (/opt/ros/humble/share/sensor_msgs/cmake)
[4.628s] -- Found rosidl_generator_c: 3.1.8 (/opt/ros/humble/share/rosidl_generator_c/cmake)
[4.666s] -- Found rosidl_adapter: 3.1.8 (/opt/ros/humble/share/rosidl_adapter/cmake)
[4.766s] -- Found rosidl_generator_cpp: 3.1.8 (/opt/ros/humble/share/rosidl_generator_cpp/cmake)
[4.885s] -- Using all available rosidl_typesupport_c: rosidl_typesupport_fastrtps_c;rosidl_typesupport_introspection_c
[4.976s] -- Using all available rosidl_typesupport_cpp: rosidl_typesupport_fastrtps_cpp;rosidl_typesupport_introspection_cpp
[5.274s] -- Found nav_msgs: 4.9.1 (/opt/ros/humble/share/nav_msgs/cmake)
[5.348s] -- Found rosidl_default_generators: 1.2.0 (/opt/ros/humble/share/rosidl_default_generators/cmake)
[6.153s] -- Found ament_cmake_ros: 0.10.0 (/opt/ros/humble/share/ament_cmake_ros/cmake)
[7.124s] -- Using all available rosidl_typesupport_c: rosidl_typesupport_fastrtps_c;rosidl_typesupport_introspection_c
[7.474s] -- Using all available rosidl_typesupport_cpp: rosidl_typesupport_fastrtps_cpp;rosidl_typesupport_introspection_cpp
[7.524s] -- Found PythonInterp: /usr/bin/python3 (found suitable version "3.10.12", minimum required is "3.6") 
[7.536s] -- Found python_cmake_module: 0.10.0 (/opt/ros/humble/share/python_cmake_module/cmake)
[7.672s] -- Found PythonLibs: /usr/lib/x86_64-linux-gnu/libpython3.10.so (found suitable version "3.10.12", minimum required is "3.5") 
[7.673s] -- Using PYTHON_EXECUTABLE: /usr/bin/python3
[7.673s] -- Using PYTHON_INCLUDE_DIRS: /usr/include/python3.10
[7.674s] -- Using PYTHON_LIBRARIES: /usr/lib/x86_64-linux-gnu/libpython3.10.so
[7.711s] -- Found PythonExtra: .so  
[8.041s] -- Configuring done
[8.237s] -- Generating done
[8.263s] -- Build files have been written to: /home/antonio/Robotic-Swarms-main/Robotic-Swarms-main/build/arlo_interfaces
[8.279s] Invoked command in '/home/antonio/Robotic-Swarms-main/Robotic-Swarms-main/build/arlo_interfaces' returned '0': CMAKE_PREFIX_PATH=/opt/ros/humble /usr/bin/cmake /home/antonio/Robotic-Swarms-main/Robotic-Swarms-main/arlo_interfaces -DCMAKE_INSTALL_PREFIX=/home/antonio/Robotic-Swarms-main/Robotic-Swarms-main/install/arlo_interfaces
[8.286s] Invoking command in '/home/antonio/Robotic-Swarms-main/Robotic-Swarms-main/build/arlo_interfaces': CMAKE_PREFIX_PATH=/opt/ros/humble /usr/bin/cmake --build /home/antonio/Robotic-Swarms-main/Robotic-Swarms-main/build/arlo_interfaces -- -j4 -l4
[8.345s] [  1%] [34m[1mGenerating C code for ROS interfaces[0m
[8.366s] [  2%] [34m[1mGenerating C++ code for ROS interfaces[0m
[8.378s] [  2%] Built target ament_cmake_python_copy_arlo_interfaces
[8.991s] running egg_info
[8.992s] creating arlo_interfaces.egg-info
[8.992s] writing arlo_interfaces.egg-info/PKG-INFO
[8.993s] writing dependency_links to arlo_interfaces.egg-info/dependency_links.txt
[8.993s] writing top-level names to arlo_interfaces.egg-info/top_level.txt
[8.993s] writing manifest file 'arlo_interfaces.egg-info/SOURCES.txt'
[9.016s] reading manifest file 'arlo_interfaces.egg-info/SOURCES.txt'
[9.017s] writing manifest file 'arlo_interfaces.egg-info/SOURCES.txt'
[9.068s] [  2%] Built target ament_cmake_python_build_arlo_interfaces_egg
[9.519s] [  5%] [32mBuilding C object CMakeFiles/arlo_interfaces__rosidl_generator_c.dir/rosidl_generator_c/arlo_interfaces/msg/detail/mates_odom__functions.c.o[0m
[9.519s] [  5%] [32mBuilding C object CMakeFiles/arlo_interfaces__rosidl_generator_c.dir/rosidl_generator_c/arlo_interfaces/msg/detail/estado_arlo__functions.c.o[0m
[9.522s] [  6%] [32mBuilding C object CMakeFiles/arlo_interfaces__rosidl_generator_c.dir/rosidl_generator_c/arlo_interfaces/msg/detail/pesos_struct__functions.c.o[0m
[9.992s] [  6%] Built target arlo_interfaces__cpp
[10.006s] [  7%] [34m[1mGenerating C++ type support dispatch for ROS interfaces[0m
[10.286s] [  8%] [32mBuilding C object CMakeFiles/arlo_interfaces__rosidl_generator_c.dir/rosidl_generator_c/arlo_interfaces/srv/detail/evaluate_driver__functions.c.o[0m
[10.290s] [ 10%] [34m[1mGenerating C++ type support for eProsima Fast-RTPS[0m
[10.306s] [ 11%] [34m[1mGenerating C++ introspection for ROS interfaces[0m
[10.393s] [ 12%] [32mBuilding C object CMakeFiles/arlo_interfaces__rosidl_generator_c.dir/rosidl_generator_c/arlo_interfaces/srv/detail/get_important_weights__functions.c.o[0m
[10.513s] [ 13%] [32mBuilding C object CMakeFiles/arlo_interfaces__rosidl_generator_c.dir/rosidl_generator_c/arlo_interfaces/srv/detail/get_mates_fitness__functions.c.o[0m
[10.627s] [ 15%] [32mBuilding C object CMakeFiles/arlo_interfaces__rosidl_generator_c.dir/rosidl_generator_c/arlo_interfaces/srv/detail/get_robot_pose__functions.c.o[0m
[10.741s] [ 16%] [32m[1mLinking C shared library libarlo_interfaces__rosidl_generator_c.so[0m
[10.899s] [ 17%] [32mBuilding CXX object CMakeFiles/arlo_interfaces__rosidl_typesupport_cpp.dir/rosidl_typesupport_cpp/arlo_interfaces/msg/pesos_struct__type_support.cpp.o[0m
[11.025s] [ 17%] Built target arlo_interfaces__rosidl_generator_c
[11.043s] [ 18%] [34m[1mGenerating C type support for eProsima Fast-RTPS[0m
[11.404s] [ 20%] [32mBuilding CXX object CMakeFiles/arlo_interfaces__rosidl_typesupport_introspection_cpp.dir/rosidl_typesupport_introspection_cpp/arlo_interfaces/msg/detail/pesos_struct__type_support.cpp.o[0m
[11.717s] [ 21%] [32mBuilding CXX object CMakeFiles/arlo_interfaces__rosidl_typesupport_fastrtps_cpp.dir/rosidl_typesupport_fastrtps_cpp/arlo_interfaces/msg/detail/dds_fastrtps/pesos_struct__type_support.cpp.o[0m
[12.185s] [ 22%] [32mBuilding CXX object CMakeFiles/arlo_interfaces__rosidl_typesupport_fastrtps_c.dir/rosidl_typesupport_fastrtps_c/arlo_interfaces/msg/detail/pesos_struct__type_support_c.cpp.o[0m
[12.938s] [ 24%] [32mBuilding CXX object CMakeFiles/arlo_interfaces__rosidl_typesupport_cpp.dir/rosidl_typesupport_cpp/arlo_interfaces/msg/estado_arlo__type_support.cpp.o[0m
[13.299s] [ 25%] [32mBuilding CXX object CMakeFiles/arlo_interfaces__rosidl_typesupport_fastrtps_c.dir/rosidl_typesupport_fastrtps_c/arlo_interfaces/msg/detail/estado_arlo__type_support_c.cpp.o[0m
[13.315s] [ 26%] [32mBuilding CXX object CMakeFiles/arlo_interfaces__rosidl_typesupport_introspection_cpp.dir/rosidl_typesupport_introspection_cpp/arlo_interfaces/msg/detail/estado_arlo__type_support.cpp.o[0m
[13.353s] [ 27%] [32mBuilding CXX object CMakeFiles/arlo_interfaces__rosidl_typesupport_fastrtps_cpp.dir/rosidl_typesupport_fastrtps_cpp/arlo_interfaces/msg/detail/dds_fastrtps/estado_arlo__type_support.cpp.o[0m
[13.872s] [ 29%] [32mBuilding CXX object CMakeFiles/arlo_interfaces__rosidl_typesupport_cpp.dir/rosidl_typesupport_cpp/arlo_interfaces/msg/mates_odom__type_support.cpp.o[0m
[14.075s] [ 30%] [32mBuilding CXX object CMakeFiles/arlo_interfaces__rosidl_typesupport_fastrtps_c.dir/rosidl_typesupport_fastrtps_c/arlo_interfaces/msg/detail/mates_odom__type_support_c.cpp.o[0m
[14.281s] [ 31%] [32mBuilding CXX object CMakeFiles/arlo_interfaces__rosidl_typesupport_introspection_cpp.dir/rosidl_typesupport_introspection_cpp/arlo_interfaces/msg/detail/mates_odom__type_support.cpp.o[0m
[14.289s] [ 32%] [32mBuilding CXX object CMakeFiles/arlo_interfaces__rosidl_typesupport_fastrtps_cpp.dir/rosidl_typesupport_fastrtps_cpp/arlo_interfaces/msg/detail/dds_fastrtps/mates_odom__type_support.cpp.o[0m
[14.502s] [ 34%] [32mBuilding CXX object CMakeFiles/arlo_interfaces__rosidl_typesupport_cpp.dir/rosidl_typesupport_cpp/arlo_interfaces/srv/evaluate_driver__type_support.cpp.o[0m
[14.874s] [ 35%] [32mBuilding CXX object CMakeFiles/arlo_interfaces__rosidl_typesupport_fastrtps_c.dir/rosidl_typesupport_fastrtps_c/arlo_interfaces/srv/detail/evaluate_driver__type_support_c.cpp.o[0m
[15.111s] [ 36%] [32mBuilding CXX object CMakeFiles/arlo_interfaces__rosidl_typesupport_cpp.dir/rosidl_typesupport_cpp/arlo_interfaces/srv/get_important_weights__type_support.cpp.o[0m
[15.202s] [ 37%] [32mBuilding CXX object CMakeFiles/arlo_interfaces__rosidl_typesupport_fastrtps_cpp.dir/rosidl_typesupport_fastrtps_cpp/arlo_interfaces/srv/detail/dds_fastrtps/evaluate_driver__type_support.cpp.o[0m
[15.211s] [ 39%] [32mBuilding CXX object CMakeFiles/arlo_interfaces__rosidl_typesupport_introspection_cpp.dir/rosidl_typesupport_introspection_cpp/arlo_interfaces/srv/detail/evaluate_driver__type_support.cpp.o[0m
[15.760s] [ 40%] [32mBuilding CXX object CMakeFiles/arlo_interfaces__rosidl_typesupport_cpp.dir/rosidl_typesupport_cpp/arlo_interfaces/srv/get_mates_fitness__type_support.cpp.o[0m
[15.766s] [ 41%] [32mBuilding CXX object CMakeFiles/arlo_interfaces__rosidl_typesupport_fastrtps_c.dir/rosidl_typesupport_fastrtps_c/arlo_interfaces/srv/detail/get_important_weights__type_support_c.cpp.o[0m
[16.117s] [ 43%] [32mBuilding CXX object CMakeFiles/arlo_interfaces__rosidl_typesupport_introspection_cpp.dir/rosidl_typesupport_introspection_cpp/arlo_interfaces/srv/detail/get_important_weights__type_support.cpp.o[0m
[16.133s] [ 44%] [32mBuilding CXX object CMakeFiles/arlo_interfaces__rosidl_typesupport_fastrtps_cpp.dir/rosidl_typesupport_fastrtps_cpp/arlo_interfaces/srv/detail/dds_fastrtps/get_important_weights__type_support.cpp.o[0m
[16.398s] [ 45%] [32mBuilding CXX object CMakeFiles/arlo_interfaces__rosidl_typesupport_cpp.dir/rosidl_typesupport_cpp/arlo_interfaces/srv/get_robot_pose__type_support.cpp.o[0m
[16.576s] [ 46%] [32mBuilding CXX object CMakeFiles/arlo_interfaces__rosidl_typesupport_fastrtps_c.dir/rosidl_typesupport_fastrtps_c/arlo_interfaces/srv/detail/get_mates_fitness__type_support_c.cpp.o[0m
[17.007s] [ 48%] [32mBuilding CXX object CMakeFiles/arlo_interfaces__rosidl_typesupport_introspection_cpp.dir/rosidl_typesupport_introspection_cpp/arlo_interfaces/srv/detail/get_mates_fitness__type_support.cpp.o[0m
[17.040s] [ 49%] [32m[1mLinking CXX shared library libarlo_interfaces__rosidl_typesupport_cpp.so[0m
[17.068s] [ 50%] [32mBuilding CXX object CMakeFiles/arlo_interfaces__rosidl_typesupport_fastrtps_cpp.dir/rosidl_typesupport_fastrtps_cpp/arlo_interfaces/srv/detail/dds_fastrtps/get_mates_fitness__type_support.cpp.o[0m
[17.176s] [ 50%] Built target arlo_interfaces__rosidl_typesupport_cpp
[17.194s] [ 51%] [32mBuilding CXX object CMakeFiles/arlo_interfaces__rosidl_typesupport_fastrtps_c.dir/rosidl_typesupport_fastrtps_c/arlo_interfaces/srv/detail/get_robot_pose__type_support_c.cpp.o[0m
[17.345s] [ 53%] [32mBuilding CXX object CMakeFiles/arlo_interfaces__rosidl_typesupport_introspection_cpp.dir/rosidl_typesupport_introspection_cpp/arlo_interfaces/srv/detail/get_robot_pose__type_support.cpp.o[0m
[17.907s] [ 54%] [32mBuilding CXX object CMakeFiles/arlo_interfaces__rosidl_typesupport_fastrtps_cpp.dir/rosidl_typesupport_fastrtps_cpp/arlo_interfaces/srv/detail/dds_fastrtps/get_robot_pose__type_support.cpp.o[0m
[17.995s] [ 55%] [32m[1mLinking CXX shared library libarlo_interfaces__rosidl_typesupport_fastrtps_c.so[0m
[18.005s] [ 56%] [34m[1mGenerating C introspection for ROS interfaces[0m
[18.182s] [ 58%] [32m[1mLinking CXX shared library libarlo_interfaces__rosidl_typesupport_introspection_cpp.so[0m
[18.235s] [ 58%] Built target arlo_interfaces__rosidl_typesupport_fastrtps_c
[18.248s] [ 59%] [34m[1mGenerating C type support dispatch for ROS interfaces[0m
[18.477s] [ 59%] Built target arlo_interfaces__rosidl_typesupport_introspection_cpp
[18.807s] [ 60%] [32m[1mLinking CXX shared library libarlo_interfaces__rosidl_typesupport_fastrtps_cpp.so[0m
[19.054s] [ 63%] [32mBuilding CXX object CMakeFiles/arlo_interfaces__rosidl_typesupport_c.dir/rosidl_typesupport_c/arlo_interfaces/msg/estado_arlo__type_support.cpp.o[0m
[19.054s] [ 63%] [32mBuilding CXX object CMakeFiles/arlo_interfaces__rosidl_typesupport_c.dir/rosidl_typesupport_c/arlo_interfaces/msg/pesos_struct__type_support.cpp.o[0m
[19.089s] [ 63%] Built target arlo_interfaces__rosidl_typesupport_fastrtps_cpp
[19.106s] [ 64%] [32mBuilding CXX object CMakeFiles/arlo_interfaces__rosidl_typesupport_c.dir/rosidl_typesupport_c/arlo_interfaces/msg/mates_odom__type_support.cpp.o[0m
[19.141s] [ 65%] [32mBuilding CXX object CMakeFiles/arlo_interfaces__rosidl_typesupport_c.dir/rosidl_typesupport_c/arlo_interfaces/srv/get_important_weights__type_support.cpp.o[0m
[19.141s] [ 67%] [32mBuilding CXX object CMakeFiles/arlo_interfaces__rosidl_typesupport_c.dir/rosidl_typesupport_c/arlo_interfaces/srv/evaluate_driver__type_support.cpp.o[0m
[19.199s] [ 68%] [32mBuilding CXX object CMakeFiles/arlo_interfaces__rosidl_typesupport_c.dir/rosidl_typesupport_c/arlo_interfaces/srv/get_mates_fitness__type_support.cpp.o[0m
[19.199s] [ 69%] [32mBuilding CXX object CMakeFiles/arlo_interfaces__rosidl_typesupport_c.dir/rosidl_typesupport_c/arlo_interfaces/srv/get_robot_pose__type_support.cpp.o[0m
[19.230s] [ 72%] [32mBuilding C object CMakeFiles/arlo_interfaces__rosidl_typesupport_introspection_c.dir/rosidl_typesupport_introspection_c/arlo_interfaces/msg/detail/estado_arlo__type_support.c.o[0m
[19.231s] [ 72%] [32mBuilding C object CMakeFiles/arlo_interfaces__rosidl_typesupport_introspection_c.dir/rosidl_typesupport_introspection_c/arlo_interfaces/msg/detail/pesos_struct__type_support.c.o[0m
[19.254s] [ 74%] [32m[1mLinking CXX shared library libarlo_interfaces__rosidl_typesupport_c.so[0m
[19.254s] [ 74%] [32mBuilding C object CMakeFiles/arlo_interfaces__rosidl_typesupport_introspection_c.dir/rosidl_typesupport_introspection_c/arlo_interfaces/msg/detail/mates_odom__type_support.c.o[0m
[19.296s] [ 75%] [32mBuilding C object CMakeFiles/arlo_interfaces__rosidl_typesupport_introspection_c.dir/rosidl_typesupport_introspection_c/arlo_interfaces/srv/detail/evaluate_driver__type_support.c.o[0m
[19.342s] [ 77%] [32mBuilding C object CMakeFiles/arlo_interfaces__rosidl_typesupport_introspection_c.dir/rosidl_typesupport_introspection_c/arlo_interfaces/srv/detail/get_important_weights__type_support.c.o[0m
[19.370s] [ 78%] [32mBuilding C object CMakeFiles/arlo_interfaces__rosidl_typesupport_introspection_c.dir/rosidl_typesupport_introspection_c/arlo_interfaces/srv/detail/get_mates_fitness__type_support.c.o[0m
[19.374s] [ 79%] [32mBuilding C object CMakeFiles/arlo_interfaces__rosidl_typesupport_introspection_c.dir/rosidl_typesupport_introspection_c/arlo_interfaces/srv/detail/get_robot_pose__type_support.c.o[0m
[19.423s] [ 81%] [32m[1mLinking C shared library libarlo_interfaces__rosidl_typesupport_introspection_c.so[0m
[19.443s] [ 81%] Built target arlo_interfaces__rosidl_typesupport_c
[19.566s] [ 81%] Built target arlo_interfaces__rosidl_typesupport_introspection_c
[19.591s] [ 81%] Built target arlo_interfaces
[19.619s] [ 82%] [34m[1mGenerating Python code for ROS interfaces[0m
[21.173s] [ 82%] Built target arlo_interfaces__py
[21.202s] [ 86%] [32mBuilding C object CMakeFiles/arlo_interfaces__rosidl_generator_py.dir/rosidl_generator_py/arlo_interfaces/msg/_mates_odom_s.c.o[0m
[21.202s] [ 86%] [32mBuilding C object CMakeFiles/arlo_interfaces__rosidl_generator_py.dir/rosidl_generator_py/arlo_interfaces/msg/_pesos_struct_s.c.o[0m
[21.202s] [ 86%] [32mBuilding C object CMakeFiles/arlo_interfaces__rosidl_generator_py.dir/rosidl_generator_py/arlo_interfaces/msg/_estado_arlo_s.c.o[0m
[21.202s] [ 87%] [32mBuilding C object CMakeFiles/arlo_interfaces__rosidl_generator_py.dir/rosidl_generator_py/arlo_interfaces/srv/_evaluate_driver_s.c.o[0m
[21.965s] [ 88%] [32mBuilding C object CMakeFiles/arlo_interfaces__rosidl_generator_py.dir/rosidl_generator_py/arlo_interfaces/srv/_get_important_weights_s.c.o[0m
[21.969s] [ 89%] [32mBuilding C object CMakeFiles/arlo_interfaces__rosidl_generator_py.dir/rosidl_generator_py/arlo_interfaces/srv/_get_mates_fitness_s.c.o[0m
[21.974s] [ 91%] [32mBuilding C object CMakeFiles/arlo_interfaces__rosidl_generator_py.dir/rosidl_generator_py/arlo_interfaces/srv/_get_robot_pose_s.c.o[0m
[22.181s] [ 92%] [32m[1mLinking C shared library rosidl_generator_py/arlo_interfaces/libarlo_interfaces__rosidl_generator_py.so[0m
[22.436s] [ 92%] Built target arlo_interfaces__rosidl_generator_py
[22.465s] [ 93%] [32mBuilding C object CMakeFiles/arlo_interfaces__rosidl_typesupport_introspection_c__pyext.dir/rosidl_generator_py/arlo_interfaces/_arlo_interfaces_s.ep.rosidl_typesupport_introspection_c.c.o[0m
[22.466s] [ 94%] [32mBuilding C object CMakeFiles/arlo_interfaces__rosidl_typesupport_fastrtps_c__pyext.dir/rosidl_generator_py/arlo_interfaces/_arlo_interfaces_s.ep.rosidl_typesupport_fastrtps_c.c.o[0m
[22.468s] [ 96%] [32mBuilding C object CMakeFiles/arlo_interfaces__rosidl_typesupport_c__pyext.dir/rosidl_generator_py/arlo_interfaces/_arlo_interfaces_s.ep.rosidl_typesupport_c.c.o[0m
[22.684s] [ 97%] [32m[1mLinking C shared library rosidl_generator_py/arlo_interfaces/arlo_interfaces_s__rosidl_typesupport_fastrtps_c.cpython-310-x86_64-linux-gnu.so[0m
[22.734s] [ 98%] [32m[1mLinking C shared library rosidl_generator_py/arlo_interfaces/arlo_interfaces_s__rosidl_typesupport_c.cpython-310-x86_64-linux-gnu.so[0m
[22.753s] [ 98%] Built target arlo_interfaces__rosidl_typesupport_fastrtps_c__pyext
[22.754s] [100%] [32m[1mLinking C shared library rosidl_generator_py/arlo_interfaces/arlo_interfaces_s__rosidl_typesupport_introspection_c.cpython-310-x86_64-linux-gnu.so[0m
[22.794s] [100%] Built target arlo_interfaces__rosidl_typesupport_c__pyext
[22.810s] [100%] Built target arlo_interfaces__rosidl_typesupport_introspection_c__pyext
[22.827s] Invoked command in '/home/antonio/Robotic-Swarms-main/Robotic-Swarms-main/build/arlo_interfaces' returned '0': CMAKE_PREFIX_PATH=/opt/ros/humble /usr/bin/cmake --build /home/antonio/Robotic-Swarms-main/Robotic-Swarms-main/build/arlo_interfaces -- -j4 -l4
[22.840s] Invoking command in '/home/antonio/Robotic-Swarms-main/Robotic-Swarms-main/build/arlo_interfaces': CMAKE_PREFIX_PATH=/opt/ros/humble /usr/bin/cmake --install /home/antonio/Robotic-Swarms-main/Robotic-Swarms-main/build/arlo_interfaces
[22.850s] -- Install configuration: ""
[22.850s] -- Installing: /home/antonio/Robotic-Swarms-main/Robotic-Swarms-main/install/arlo_interfaces/share/ament_index/resource_index/rosidl_interfaces/arlo_interfaces
[22.851s] -- Installing: /home/antonio/Robotic-Swarms-main/Robotic-Swarms-main/install/arlo_interfaces/include/arlo_interfaces/arlo_interfaces
[22.851s] -- Installing: /home/antonio/Robotic-Swarms-main/Robotic-Swarms-main/install/arlo_interfaces/include/arlo_interfaces/arlo_interfaces/srv
[22.851s] -- Installing: /home/antonio/Robotic-Swarms-main/Robotic-Swarms-main/install/arlo_interfaces/include/arlo_interfaces/arlo_interfaces/srv/get_important_weights.h
[22.852s] -- Installing: /home/antonio/Robotic-Swarms-main/Robotic-Swarms-main/install/arlo_interfaces/include/arlo_interfaces/arlo_interfaces/srv/detail
[22.852s] -- Installing: /home/antonio/Robotic-Swarms-main/Robotic-Swarms-main/install/arlo_interfaces/include/arlo_interfaces/arlo_interfaces/srv/detail/get_robot_pose__functions.c
[22.852s] -- Installing: /home/antonio/Robotic-Swarms-main/Robotic-Swarms-main/install/arlo_interfaces/include/arlo_interfaces/arlo_interfaces/srv/detail/get_mates_fitness__type_support.h
[22.852s] -- Installing: /home/antonio/Robotic-Swarms-main/Robotic-Swarms-main/install/arlo_interfaces/include/arlo_interfaces/arlo_interfaces/srv/detail/get_important_weights__functions.h
[22.853s] -- Installing: /home/antonio/Robotic-Swarms-main/Robotic-Swarms-main/install/arlo_interfaces/include/arlo_interfaces/arlo_interfaces/srv/detail/get_mates_fitness__functions.c
[22.853s] -- Installing: /home/antonio/Robotic-Swarms-main/Robotic-Swarms-main/install/arlo_interfaces/include/arlo_interfaces/arlo_interfaces/srv/detail/get_important_weights__functions.c
[22.853s] -- Installing: /home/antonio/Robotic-Swarms-main/Robotic-Swarms-main/install/arlo_interfaces/include/arlo_interfaces/arlo_interfaces/srv/detail/evaluate_driver__type_support.h
[22.853s] -- Installing: /home/antonio/Robotic-Swarms-main/Robotic-Swarms-main/install/arlo_interfaces/include/arlo_interfaces/arlo_interfaces/srv/detail/get_robot_pose__struct.h
[22.854s] -- Installing: /home/antonio/Robotic-Swarms-main/Robotic-Swarms-main/install/arlo_interfaces/include/arlo_interfaces/arlo_interfaces/srv/detail/evaluate_driver__functions.h
[22.854s] -- Installing: /home/antonio/Robotic-Swarms-main/Robotic-Swarms-main/install/arlo_interfaces/include/arlo_interfaces/arlo_interfaces/srv/detail/evaluate_driver__struct.h
[22.854s] -- Installing: /home/antonio/Robotic-Swarms-main/Robotic-Swarms-main/install/arlo_interfaces/include/arlo_interfaces/arlo_interfaces/srv/detail/get_mates_fitness__functions.h
[22.854s] -- Installing: /home/antonio/Robotic-Swarms-main/Robotic-Swarms-main/install/arlo_interfaces/include/arlo_interfaces/arlo_interfaces/srv/detail/get_robot_pose__type_support.h
[22.854s] -- Installing: /home/antonio/Robotic-Swarms-main/Robotic-Swarms-main/install/arlo_interfaces/include/arlo_interfaces/arlo_interfaces/srv/detail/get_robot_pose__functions.h
[22.855s] -- Installing: /home/antonio/Robotic-Swarms-main/Robotic-Swarms-main/install/arlo_interfaces/include/arlo_interfaces/arlo_interfaces/srv/detail/get_important_weights__struct.h
[22.855s] -- Installing: /home/antonio/Robotic-Swarms-main/Robotic-Swarms-main/install/arlo_interfaces/include/arlo_interfaces/arlo_interfaces/srv/detail/get_important_weights__type_support.h
[22.855s] -- Installing: /home/antonio/Robotic-Swarms-main/Robotic-Swarms-main/install/arlo_interfaces/include/arlo_interfaces/arlo_interfaces/srv/detail/evaluate_driver__functions.c
[22.855s] -- Installing: /home/antonio/Robotic-Swarms-main/Robotic-Swarms-main/install/arlo_interfaces/include/arlo_interfaces/arlo_interfaces/srv/detail/get_mates_fitness__struct.h
[22.856s] -- Installing: /home/antonio/Robotic-Swarms-main/Robotic-Swarms-main/install/arlo_interfaces/include/arlo_interfaces/arlo_interfaces/srv/get_mates_fitness.h
[22.856s] -- Installing: /home/antonio/Robotic-Swarms-main/Robotic-Swarms-main/install/arlo_interfaces/include/arlo_interfaces/arlo_interfaces/srv/get_robot_pose.h
[22.856s] -- Installing: /home/antonio/Robotic-Swarms-main/Robotic-Swarms-main/install/arlo_interfaces/include/arlo_interfaces/arlo_interfaces/srv/evaluate_driver.h
[22.856s] -- Installing: /home/antonio/Robotic-Swarms-main/Robotic-Swarms-main/install/arlo_interfaces/include/arlo_interfaces/arlo_interfaces/msg
[22.857s] -- Installing: /home/antonio/Robotic-Swarms-main/Robotic-Swarms-main/install/arlo_interfaces/include/arlo_interfaces/arlo_interfaces/msg/rosidl_generator_c__visibility_control.h
[22.857s] -- Installing: /home/antonio/Robotic-Swarms-main/Robotic-Swarms-main/install/arlo_interfaces/include/arlo_interfaces/arlo_interfaces/msg/pesos_struct.h
[22.857s] -- Installing: /home/antonio/Robotic-Swarms-main/Robotic-Swarms-main/install/arlo_interfaces/include/arlo_interfaces/arlo_interfaces/msg/estado_arlo.h
[22.857s] -- Installing: /home/antonio/Robotic-Swarms-main/Robotic-Swarms-main/install/arlo_interfaces/include/arlo_interfaces/arlo_interfaces/msg/detail
[22.857s] -- Installing: /home/antonio/Robotic-Swarms-main/Robotic-Swarms-main/install/arlo_interfaces/include/arlo_interfaces/arlo_interfaces/msg/detail/estado_arlo__struct.h
[22.858s] -- Installing: /home/antonio/Robotic-Swarms-main/Robotic-Swarms-main/install/arlo_interfaces/include/arlo_interfaces/arlo_interfaces/msg/detail/pesos_struct__functions.h
[22.858s] -- Installing: /home/antonio/Robotic-Swarms-main/Robotic-Swarms-main/install/arlo_interfaces/include/arlo_interfaces/arlo_interfaces/msg/detail/mates_odom__functions.c
[22.858s] -- Installing: /home/antonio/Robotic-Swarms-main/Robotic-Swarms-main/install/arlo_interfaces/include/arlo_interfaces/arlo_interfaces/msg/detail/estado_arlo__functions.c
[22.858s] -- Installing: /home/antonio/Robotic-Swarms-main/Robotic-Swarms-main/install/arlo_interfaces/include/arlo_interfaces/arlo_interfaces/msg/detail/estado_arlo__type_support.h
[22.859s] -- Installing: /home/antonio/Robotic-Swarms-main/Robotic-Swarms-main/install/arlo_interfaces/include/arlo_interfaces/arlo_interfaces/msg/detail/estado_arlo__functions.h
[22.859s] -- Installing: /home/antonio/Robotic-Swarms-main/Robotic-Swarms-main/install/arlo_interfaces/include/arlo_interfaces/arlo_interfaces/msg/detail/pesos_struct__struct.h
[22.859s] -- Installing: /home/antonio/Robotic-Swarms-main/Robotic-Swarms-main/install/arlo_interfaces/include/arlo_interfaces/arlo_interfaces/msg/detail/mates_odom__functions.h
[22.859s] -- Installing: /home/antonio/Robotic-Swarms-main/Robotic-Swarms-main/install/arlo_interfaces/include/arlo_interfaces/arlo_interfaces/msg/detail/mates_odom__struct.h
[22.859s] -- Installing: /home/antonio/Robotic-Swarms-main/Robotic-Swarms-main/install/arlo_interfaces/include/arlo_interfaces/arlo_interfaces/msg/detail/pesos_struct__type_support.h
[22.860s] -- Installing: /home/antonio/Robotic-Swarms-main/Robotic-Swarms-main/install/arlo_interfaces/include/arlo_interfaces/arlo_interfaces/msg/detail/mates_odom__type_support.h
[22.860s] -- Installing: /home/antonio/Robotic-Swarms-main/Robotic-Swarms-main/install/arlo_interfaces/include/arlo_interfaces/arlo_interfaces/msg/detail/pesos_struct__functions.c
[22.860s] -- Installing: /home/antonio/Robotic-Swarms-main/Robotic-Swarms-main/install/arlo_interfaces/include/arlo_interfaces/arlo_interfaces/msg/mates_odom.h
[22.861s] -- Installing: /home/antonio/Robotic-Swarms-main/Robotic-Swarms-main/install/arlo_interfaces/share/arlo_interfaces/environment/library_path.sh
[22.861s] -- Installing: /home/antonio/Robotic-Swarms-main/Robotic-Swarms-main/install/arlo_interfaces/share/arlo_interfaces/environment/library_path.dsv
[22.861s] -- Installing: /home/antonio/Robotic-Swarms-main/Robotic-Swarms-main/install/arlo_interfaces/lib/libarlo_interfaces__rosidl_generator_c.so
[22.862s] -- Set runtime path of "/home/antonio/Robotic-Swarms-main/Robotic-Swarms-main/install/arlo_interfaces/lib/libarlo_interfaces__rosidl_generator_c.so" to ""
[22.862s] -- Up-to-date: /home/antonio/Robotic-Swarms-main/Robotic-Swarms-main/install/arlo_interfaces/include/arlo_interfaces/arlo_interfaces
[22.862s] -- Up-to-date: /home/antonio/Robotic-Swarms-main/Robotic-Swarms-main/install/arlo_interfaces/include/arlo_interfaces/arlo_interfaces/srv
[22.863s] -- Up-to-date: /home/antonio/Robotic-Swarms-main/Robotic-Swarms-main/install/arlo_interfaces/include/arlo_interfaces/arlo_interfaces/srv/detail
[22.863s] -- Installing: /home/antonio/Robotic-Swarms-main/Robotic-Swarms-main/install/arlo_interfaces/include/arlo_interfaces/arlo_interfaces/srv/detail/get_mates_fitness__rosidl_typesupport_fastrtps_c.h
[22.863s] -- Installing: /home/antonio/Robotic-Swarms-main/Robotic-Swarms-main/install/arlo_interfaces/include/arlo_interfaces/arlo_interfaces/srv/detail/get_robot_pose__rosidl_typesupport_fastrtps_c.h
[22.863s] -- Installing: /home/antonio/Robotic-Swarms-main/Robotic-Swarms-main/install/arlo_interfaces/include/arlo_interfaces/arlo_interfaces/srv/detail/evaluate_driver__rosidl_typesupport_fastrtps_c.h
[22.863s] -- Installing: /home/antonio/Robotic-Swarms-main/Robotic-Swarms-main/install/arlo_interfaces/include/arlo_interfaces/arlo_interfaces/srv/detail/get_important_weights__rosidl_typesupport_fastrtps_c.h
[22.864s] -- Up-to-date: /home/antonio/Robotic-Swarms-main/Robotic-Swarms-main/install/arlo_interfaces/include/arlo_interfaces/arlo_interfaces/msg
[22.864s] -- Installing: /home/antonio/Robotic-Swarms-main/Robotic-Swarms-main/install/arlo_interfaces/include/arlo_interfaces/arlo_interfaces/msg/rosidl_typesupport_fastrtps_c__visibility_control.h
[22.864s] -- Up-to-date: /home/antonio/Robotic-Swarms-main/Robotic-Swarms-main/install/arlo_interfaces/include/arlo_interfaces/arlo_interfaces/msg/detail
[22.864s] -- Installing: /home/antonio/Robotic-Swarms-main/Robotic-Swarms-main/install/arlo_interfaces/include/arlo_interfaces/arlo_interfaces/msg/detail/pesos_struct__rosidl_typesupport_fastrtps_c.h
[22.864s] -- Installing: /home/antonio/Robotic-Swarms-main/Robotic-Swarms-main/install/arlo_interfaces/include/arlo_interfaces/arlo_interfaces/msg/detail/mates_odom__rosidl_typesupport_fastrtps_c.h
[22.865s] -- Installing: /home/antonio/Robotic-Swarms-main/Robotic-Swarms-main/install/arlo_interfaces/include/arlo_interfaces/arlo_interfaces/msg/detail/estado_arlo__rosidl_typesupport_fastrtps_c.h
[22.865s] -- Installing: /home/antonio/Robotic-Swarms-main/Robotic-Swarms-main/install/arlo_interfaces/lib/libarlo_interfaces__rosidl_typesupport_fastrtps_c.so
[22.865s] -- Set runtime path of "/home/antonio/Robotic-Swarms-main/Robotic-Swarms-main/install/arlo_interfaces/lib/libarlo_interfaces__rosidl_typesupport_fastrtps_c.so" to ""
[22.865s] -- Up-to-date: /home/antonio/Robotic-Swarms-main/Robotic-Swarms-main/install/arlo_interfaces/include/arlo_interfaces/arlo_interfaces
[22.866s] -- Up-to-date: /home/antonio/Robotic-Swarms-main/Robotic-Swarms-main/install/arlo_interfaces/include/arlo_interfaces/arlo_interfaces/srv
[22.866s] -- Installing: /home/antonio/Robotic-Swarms-main/Robotic-Swarms-main/install/arlo_interfaces/include/arlo_interfaces/arlo_interfaces/srv/get_mates_fitness.hpp
[22.866s] -- Installing: /home/antonio/Robotic-Swarms-main/Robotic-Swarms-main/install/arlo_interfaces/include/arlo_interfaces/arlo_interfaces/srv/evaluate_driver.hpp
[22.866s] -- Installing: /home/antonio/Robotic-Swarms-main/Robotic-Swarms-main/install/arlo_interfaces/include/arlo_interfaces/arlo_interfaces/srv/get_robot_pose.hpp
[22.866s] -- Installing: /home/antonio/Robotic-Swarms-main/Robotic-Swarms-main/install/arlo_interfaces/include/arlo_interfaces/arlo_interfaces/srv/get_important_weights.hpp
[22.867s] -- Up-to-date: /home/antonio/Robotic-Swarms-main/Robotic-Swarms-main/install/arlo_interfaces/include/arlo_interfaces/arlo_interfaces/srv/detail
[22.867s] -- Installing: /home/antonio/Robotic-Swarms-main/Robotic-Swarms-main/install/arlo_interfaces/include/arlo_interfaces/arlo_interfaces/srv/detail/get_robot_pose__type_support.hpp
[22.867s] -- Installing: /home/antonio/Robotic-Swarms-main/Robotic-Swarms-main/install/arlo_interfaces/include/arlo_interfaces/arlo_interfaces/srv/detail/evaluate_driver__traits.hpp
[22.867s] -- Installing: /home/antonio/Robotic-Swarms-main/Robotic-Swarms-main/install/arlo_interfaces/include/arlo_interfaces/arlo_interfaces/srv/detail/evaluate_driver__type_support.hpp
[22.867s] -- Installing: /home/antonio/Robotic-Swarms-main/Robotic-Swarms-main/install/arlo_interfaces/include/arlo_interfaces/arlo_interfaces/srv/detail/get_robot_pose__builder.hpp
[22.868s] -- Installing: /home/antonio/Robotic-Swarms-main/Robotic-Swarms-main/install/arlo_interfaces/include/arlo_interfaces/arlo_interfaces/srv/detail/get_important_weights__type_support.hpp
[22.868s] -- Installing: /home/antonio/Robotic-Swarms-main/Robotic-Swarms-main/install/arlo_interfaces/include/arlo_interfaces/arlo_interfaces/srv/detail/get_mates_fitness__builder.hpp
[22.868s] -- Installing: /home/antonio/Robotic-Swarms-main/Robotic-Swarms-main/install/arlo_interfaces/include/arlo_interfaces/arlo_interfaces/srv/detail/get_robot_pose__traits.hpp
[22.868s] -- Installing: /home/antonio/Robotic-Swarms-main/Robotic-Swarms-main/install/arlo_interfaces/include/arlo_interfaces/arlo_interfaces/srv/detail/get_important_weights__struct.hpp
[22.868s] -- Installing: /home/antonio/Robotic-Swarms-main/Robotic-Swarms-main/install/arlo_interfaces/include/arlo_interfaces/arlo_interfaces/srv/detail/get_important_weights__traits.hpp
[22.869s] -- Installing: /home/antonio/Robotic-Swarms-main/Robotic-Swarms-main/install/arlo_interfaces/include/arlo_interfaces/arlo_interfaces/srv/detail/get_important_weights__builder.hpp
[22.869s] -- Installing: /home/antonio/Robotic-Swarms-main/Robotic-Swarms-main/install/arlo_interfaces/include/arlo_interfaces/arlo_interfaces/srv/detail/get_mates_fitness__struct.hpp
[22.869s] -- Installing: /home/antonio/Robotic-Swarms-main/Robotic-Swarms-main/install/arlo_interfaces/include/arlo_interfaces/arlo_interfaces/srv/detail/evaluate_driver__struct.hpp
[22.869s] -- Installing: /home/antonio/Robotic-Swarms-main/Robotic-Swarms-main/install/arlo_interfaces/include/arlo_interfaces/arlo_interfaces/srv/detail/evaluate_driver__builder.hpp
[22.870s] -- Installing: /home/antonio/Robotic-Swarms-main/Robotic-Swarms-main/install/arlo_interfaces/include/arlo_interfaces/arlo_interfaces/srv/detail/get_mates_fitness__type_support.hpp
[22.870s] -- Installing: /home/antonio/Robotic-Swarms-main/Robotic-Swarms-main/install/arlo_interfaces/include/arlo_interfaces/arlo_interfaces/srv/detail/get_robot_pose__struct.hpp
[22.870s] -- Installing: /home/antonio/Robotic-Swarms-main/Robotic-Swarms-main/install/arlo_interfaces/include/arlo_interfaces/arlo_interfaces/srv/detail/get_mates_fitness__traits.hpp
[22.870s] -- Up-to-date: /home/antonio/Robotic-Swarms-main/Robotic-Swarms-main/install/arlo_interfaces/include/arlo_interfaces/arlo_interfaces/msg
[22.870s] -- Installing: /home/antonio/Robotic-Swarms-main/Robotic-Swarms-main/install/arlo_interfaces/include/arlo_interfaces/arlo_interfaces/msg/mates_odom.hpp
[22.871s] -- Installing: /home/antonio/Robotic-Swarms-main/Robotic-Swarms-main/install/arlo_interfaces/include/arlo_interfaces/arlo_interfaces/msg/rosidl_generator_cpp__visibility_control.hpp
[22.871s] -- Installing: /home/antonio/Robotic-Swarms-main/Robotic-Swarms-main/install/arlo_interfaces/include/arlo_interfaces/arlo_interfaces/msg/estado_arlo.hpp
[22.871s] -- Up-to-date: /home/antonio/Robotic-Swarms-main/Robotic-Swarms-main/install/arlo_interfaces/include/arlo_interfaces/arlo_interfaces/msg/detail
[22.871s] -- Installing: /home/antonio/Robotic-Swarms-main/Robotic-Swarms-main/install/arlo_interfaces/include/arlo_interfaces/arlo_interfaces/msg/detail/mates_odom__builder.hpp
[22.871s] -- Installing: /home/antonio/Robotic-Swarms-main/Robotic-Swarms-main/install/arlo_interfaces/include/arlo_interfaces/arlo_interfaces/msg/detail/pesos_struct__type_support.hpp
[22.872s] -- Installing: /home/antonio/Robotic-Swarms-main/Robotic-Swarms-main/install/arlo_interfaces/include/arlo_interfaces/arlo_interfaces/msg/detail/estado_arlo__struct.hpp
[22.872s] -- Installing: /home/antonio/Robotic-Swarms-main/Robotic-Swarms-main/install/arlo_interfaces/include/arlo_interfaces/arlo_interfaces/msg/detail/mates_odom__traits.hpp
[22.872s] -- Installing: /home/antonio/Robotic-Swarms-main/Robotic-Swarms-main/install/arlo_interfaces/include/arlo_interfaces/arlo_interfaces/msg/detail/pesos_struct__traits.hpp
[22.872s] -- Installing: /home/antonio/Robotic-Swarms-main/Robotic-Swarms-main/install/arlo_interfaces/include/arlo_interfaces/arlo_interfaces/msg/detail/estado_arlo__type_support.hpp
[22.872s] -- Installing: /home/antonio/Robotic-Swarms-main/Robotic-Swarms-main/install/arlo_interfaces/include/arlo_interfaces/arlo_interfaces/msg/detail/mates_odom__struct.hpp
[22.873s] -- Installing: /home/antonio/Robotic-Swarms-main/Robotic-Swarms-main/install/arlo_interfaces/include/arlo_interfaces/arlo_interfaces/msg/detail/estado_arlo__builder.hpp
[22.873s] -- Installing: /home/antonio/Robotic-Swarms-main/Robotic-Swarms-main/install/arlo_interfaces/include/arlo_interfaces/arlo_interfaces/msg/detail/pesos_struct__struct.hpp
[22.873s] -- Installing: /home/antonio/Robotic-Swarms-main/Robotic-Swarms-main/install/arlo_interfaces/include/arlo_interfaces/arlo_interfaces/msg/detail/pesos_struct__builder.hpp
[22.873s] -- Installing: /home/antonio/Robotic-Swarms-main/Robotic-Swarms-main/install/arlo_interfaces/include/arlo_interfaces/arlo_interfaces/msg/detail/estado_arlo__traits.hpp
[22.873s] -- Installing: /home/antonio/Robotic-Swarms-main/Robotic-Swarms-main/install/arlo_interfaces/include/arlo_interfaces/arlo_interfaces/msg/detail/mates_odom__type_support.hpp
[22.874s] -- Installing: /home/antonio/Robotic-Swarms-main/Robotic-Swarms-main/install/arlo_interfaces/include/arlo_interfaces/arlo_interfaces/msg/pesos_struct.hpp
[22.874s] -- Up-to-date: /home/antonio/Robotic-Swarms-main/Robotic-Swarms-main/install/arlo_interfaces/include/arlo_interfaces/arlo_interfaces
[22.874s] -- Up-to-date: /home/antonio/Robotic-Swarms-main/Robotic-Swarms-main/install/arlo_interfaces/include/arlo_interfaces/arlo_interfaces/srv
[22.874s] -- Up-to-date: /home/antonio/Robotic-Swarms-main/Robotic-Swarms-main/install/arlo_interfaces/include/arlo_interfaces/arlo_interfaces/srv/detail
[22.874s] -- Installing: /home/antonio/Robotic-Swarms-main/Robotic-Swarms-main/install/arlo_interfaces/include/arlo_interfaces/arlo_interfaces/srv/detail/dds_fastrtps
[22.875s] -- Installing: /home/antonio/Robotic-Swarms-main/Robotic-Swarms-main/install/arlo_interfaces/include/arlo_interfaces/arlo_interfaces/srv/detail/get_robot_pose__rosidl_typesupport_fastrtps_cpp.hpp
[22.875s] -- Installing: /home/antonio/Robotic-Swarms-main/Robotic-Swarms-main/install/arlo_interfaces/include/arlo_interfaces/arlo_interfaces/srv/detail/get_important_weights__rosidl_typesupport_fastrtps_cpp.hpp
[22.875s] -- Installing: /home/antonio/Robotic-Swarms-main/Robotic-Swarms-main/install/arlo_interfaces/include/arlo_interfaces/arlo_interfaces/srv/detail/get_mates_fitness__rosidl_typesupport_fastrtps_cpp.hpp
[22.875s] -- Installing: /home/antonio/Robotic-Swarms-main/Robotic-Swarms-main/install/arlo_interfaces/include/arlo_interfaces/arlo_interfaces/srv/detail/evaluate_driver__rosidl_typesupport_fastrtps_cpp.hpp
[22.875s] -- Up-to-date: /home/antonio/Robotic-Swarms-main/Robotic-Swarms-main/install/arlo_interfaces/include/arlo_interfaces/arlo_interfaces/msg
[22.876s] -- Installing: /home/antonio/Robotic-Swarms-main/Robotic-Swarms-main/install/arlo_interfaces/include/arlo_interfaces/arlo_interfaces/msg/rosidl_typesupport_fastrtps_cpp__visibility_control.h
[22.876s] -- Up-to-date: /home/antonio/Robotic-Swarms-main/Robotic-Swarms-main/install/arlo_interfaces/include/arlo_interfaces/arlo_interfaces/msg/detail
[22.876s] -- Installing: /home/antonio/Robotic-Swarms-main/Robotic-Swarms-main/install/arlo_interfaces/include/arlo_interfaces/arlo_interfaces/msg/detail/dds_fastrtps
[22.876s] -- Installing: /home/antonio/Robotic-Swarms-main/Robotic-Swarms-main/install/arlo_interfaces/include/arlo_interfaces/arlo_interfaces/msg/detail/pesos_struct__rosidl_typesupport_fastrtps_cpp.hpp
[22.876s] -- Installing: /home/antonio/Robotic-Swarms-main/Robotic-Swarms-main/install/arlo_interfaces/include/arlo_interfaces/arlo_interfaces/msg/detail/estado_arlo__rosidl_typesupport_fastrtps_cpp.hpp
[22.877s] -- Installing: /home/antonio/Robotic-Swarms-main/Robotic-Swarms-main/install/arlo_interfaces/include/arlo_interfaces/arlo_interfaces/msg/detail/mates_odom__rosidl_typesupport_fastrtps_cpp.hpp
[22.877s] -- Installing: /home/antonio/Robotic-Swarms-main/Robotic-Swarms-main/install/arlo_interfaces/lib/libarlo_interfaces__rosidl_typesupport_fastrtps_cpp.so
[22.877s] -- Set runtime path of "/home/antonio/Robotic-Swarms-main/Robotic-Swarms-main/install/arlo_interfaces/lib/libarlo_interfaces__rosidl_typesupport_fastrtps_cpp.so" to ""
[22.878s] -- Up-to-date: /home/antonio/Robotic-Swarms-main/Robotic-Swarms-main/install/arlo_interfaces/include/arlo_interfaces/arlo_interfaces
[22.878s] -- Up-to-date: /home/antonio/Robotic-Swarms-main/Robotic-Swarms-main/install/arlo_interfaces/include/arlo_interfaces/arlo_interfaces/srv
[22.878s] -- Up-to-date: /home/antonio/Robotic-Swarms-main/Robotic-Swarms-main/install/arlo_interfaces/include/arlo_interfaces/arlo_interfaces/srv/detail
[22.878s] -- Installing: /home/antonio/Robotic-Swarms-main/Robotic-Swarms-main/install/arlo_interfaces/include/arlo_interfaces/arlo_interfaces/srv/detail/evaluate_driver__rosidl_typesupport_introspection_c.h
[22.878s] -- Installing: /home/antonio/Robotic-Swarms-main/Robotic-Swarms-main/install/arlo_interfaces/include/arlo_interfaces/arlo_interfaces/srv/detail/evaluate_driver__type_support.c
[22.878s] -- Installing: /home/antonio/Robotic-Swarms-main/Robotic-Swarms-main/install/arlo_interfaces/include/arlo_interfaces/arlo_interfaces/srv/detail/get_robot_pose__rosidl_typesupport_introspection_c.h
[22.879s] -- Installing: /home/antonio/Robotic-Swarms-main/Robotic-Swarms-main/install/arlo_interfaces/include/arlo_interfaces/arlo_interfaces/srv/detail/get_mates_fitness__type_support.c
[22.879s] -- Installing: /home/antonio/Robotic-Swarms-main/Robotic-Swarms-main/install/arlo_interfaces/include/arlo_interfaces/arlo_interfaces/srv/detail/get_robot_pose__type_support.c
[22.879s] -- Installing: /home/antonio/Robotic-Swarms-main/Robotic-Swarms-main/install/arlo_interfaces/include/arlo_interfaces/arlo_interfaces/srv/detail/get_important_weights__rosidl_typesupport_introspection_c.h
[22.879s] -- Installing: /home/antonio/Robotic-Swarms-main/Robotic-Swarms-main/install/arlo_interfaces/include/arlo_interfaces/arlo_interfaces/srv/detail/get_mates_fitness__rosidl_typesupport_introspection_c.h
[22.879s] -- Installing: /home/antonio/Robotic-Swarms-main/Robotic-Swarms-main/install/arlo_interfaces/include/arlo_interfaces/arlo_interfaces/srv/detail/get_important_weights__type_support.c
[22.880s] -- Up-to-date: /home/antonio/Robotic-Swarms-main/Robotic-Swarms-main/install/arlo_interfaces/include/arlo_interfaces/arlo_interfaces/msg
[22.880s] -- Installing: /home/antonio/Robotic-Swarms-main/Robotic-Swarms-main/install/arlo_interfaces/include/arlo_interfaces/arlo_interfaces/msg/rosidl_typesupport_introspection_c__visibility_control.h
[22.880s] -- Up-to-date: /home/antonio/Robotic-Swarms-main/Robotic-Swarms-main/install/arlo_interfaces/include/arlo_interfaces/arlo_interfaces/msg/detail
[22.880s] -- Installing: /home/antonio/Robotic-Swarms-main/Robotic-Swarms-main/install/arlo_interfaces/include/arlo_interfaces/arlo_interfaces/msg/detail/mates_odom__type_support.c
[22.880s] -- Installing: /home/antonio/Robotic-Swarms-main/Robotic-Swarms-main/install/arlo_interfaces/include/arlo_interfaces/arlo_interfaces/msg/detail/pesos_struct__rosidl_typesupport_introspection_c.h
[22.881s] -- Installing: /home/antonio/Robotic-Swarms-main/Robotic-Swarms-main/install/arlo_interfaces/include/arlo_interfaces/arlo_interfaces/msg/detail/pesos_struct__type_support.c
[22.881s] -- Installing: /home/antonio/Robotic-Swarms-main/Robotic-Swarms-main/install/arlo_interfaces/include/arlo_interfaces/arlo_interfaces/msg/detail/estado_arlo__type_support.c
[22.881s] -- Installing: /home/antonio/Robotic-Swarms-main/Robotic-Swarms-main/install/arlo_interfaces/include/arlo_interfaces/arlo_interfaces/msg/detail/estado_arlo__rosidl_typesupport_introspection_c.h
[22.881s] -- Installing: /home/antonio/Robotic-Swarms-main/Robotic-Swarms-main/install/arlo_interfaces/include/arlo_interfaces/arlo_interfaces/msg/detail/mates_odom__rosidl_typesupport_introspection_c.h
[22.881s] -- Installing: /home/antonio/Robotic-Swarms-main/Robotic-Swarms-main/install/arlo_interfaces/lib/libarlo_interfaces__rosidl_typesupport_introspection_c.so
[22.882s] -- Set runtime path of "/home/antonio/Robotic-Swarms-main/Robotic-Swarms-main/install/arlo_interfaces/lib/libarlo_interfaces__rosidl_typesupport_introspection_c.so" to ""
[22.882s] -- Installing: /home/antonio/Robotic-Swarms-main/Robotic-Swarms-main/install/arlo_interfaces/lib/libarlo_interfaces__rosidl_typesupport_c.so
[22.883s] -- Set runtime path of "/home/antonio/Robotic-Swarms-main/Robotic-Swarms-main/install/arlo_interfaces/lib/libarlo_interfaces__rosidl_typesupport_c.so" to ""
[22.883s] -- Up-to-date: /home/antonio/Robotic-Swarms-main/Robotic-Swarms-main/install/arlo_interfaces/include/arlo_interfaces/arlo_interfaces
[22.883s] -- Up-to-date: /home/antonio/Robotic-Swarms-main/Robotic-Swarms-main/install/arlo_interfaces/include/arlo_interfaces/arlo_interfaces/srv
[22.883s] -- Up-to-date: /home/antonio/Robotic-Swarms-main/Robotic-Swarms-main/install/arlo_interfaces/include/arlo_interfaces/arlo_interfaces/srv/detail
[22.883s] -- Installing: /home/antonio/Robotic-Swarms-main/Robotic-Swarms-main/install/arlo_interfaces/include/arlo_interfaces/arlo_interfaces/srv/detail/get_robot_pose__rosidl_typesupport_introspection_cpp.hpp
[22.883s] -- Installing: /home/antonio/Robotic-Swarms-main/Robotic-Swarms-main/install/arlo_interfaces/include/arlo_interfaces/arlo_interfaces/srv/detail/get_mates_fitness__type_support.cpp
[22.883s] -- Installing: /home/antonio/Robotic-Swarms-main/Robotic-Swarms-main/install/arlo_interfaces/include/arlo_interfaces/arlo_interfaces/srv/detail/evaluate_driver__type_support.cpp
[22.883s] -- Installing: /home/antonio/Robotic-Swarms-main/Robotic-Swarms-main/install/arlo_interfaces/include/arlo_interfaces/arlo_interfaces/srv/detail/get_important_weights__type_support.cpp
[22.884s] -- Installing: /home/antonio/Robotic-Swarms-main/Robotic-Swarms-main/install/arlo_interfaces/include/arlo_interfaces/arlo_interfaces/srv/detail/get_robot_pose__type_support.cpp
[22.884s] -- Installing: /home/antonio/Robotic-Swarms-main/Robotic-Swarms-main/install/arlo_interfaces/include/arlo_interfaces/arlo_interfaces/srv/detail/get_important_weights__rosidl_typesupport_introspection_cpp.hpp
[22.884s] -- Installing: /home/antonio/Robotic-Swarms-main/Robotic-Swarms-main/install/arlo_interfaces/include/arlo_interfaces/arlo_interfaces/srv/detail/evaluate_driver__rosidl_typesupport_introspection_cpp.hpp
[22.884s] -- Installing: /home/antonio/Robotic-Swarms-main/Robotic-Swarms-main/install/arlo_interfaces/include/arlo_interfaces/arlo_interfaces/srv/detail/get_mates_fitness__rosidl_typesupport_introspection_cpp.hpp
[22.884s] -- Up-to-date: /home/antonio/Robotic-Swarms-main/Robotic-Swarms-main/install/arlo_interfaces/include/arlo_interfaces/arlo_interfaces/msg
[22.884s] -- Up-to-date: /home/antonio/Robotic-Swarms-main/Robotic-Swarms-main/install/arlo_interfaces/include/arlo_interfaces/arlo_interfaces/msg/detail
[22.884s] -- Installing: /home/antonio/Robotic-Swarms-main/Robotic-Swarms-main/install/arlo_interfaces/include/arlo_interfaces/arlo_interfaces/msg/detail/estado_arlo__rosidl_typesupport_introspection_cpp.hpp
[22.885s] -- Installing: /home/antonio/Robotic-Swarms-main/Robotic-Swarms-main/install/arlo_interfaces/include/arlo_interfaces/arlo_interfaces/msg/detail/mates_odom__type_support.cpp
[22.885s] -- Installing: /home/antonio/Robotic-Swarms-main/Robotic-Swarms-main/install/arlo_interfaces/include/arlo_interfaces/arlo_interfaces/msg/detail/pesos_struct__type_support.cpp
[22.885s] -- Installing: /home/antonio/Robotic-Swarms-main/Robotic-Swarms-main/install/arlo_interfaces/include/arlo_interfaces/arlo_interfaces/msg/detail/mates_odom__rosidl_typesupport_introspection_cpp.hpp
[22.885s] -- Installing: /home/antonio/Robotic-Swarms-main/Robotic-Swarms-main/install/arlo_interfaces/include/arlo_interfaces/arlo_interfaces/msg/detail/pesos_struct__rosidl_typesupport_introspection_cpp.hpp
[22.885s] -- Installing: /home/antonio/Robotic-Swarms-main/Robotic-Swarms-main/install/arlo_interfaces/include/arlo_interfaces/arlo_interfaces/msg/detail/estado_arlo__type_support.cpp
[22.885s] -- Installing: /home/antonio/Robotic-Swarms-main/Robotic-Swarms-main/install/arlo_interfaces/lib/libarlo_interfaces__rosidl_typesupport_introspection_cpp.so
[22.886s] -- Set runtime path of "/home/antonio/Robotic-Swarms-main/Robotic-Swarms-main/install/arlo_interfaces/lib/libarlo_interfaces__rosidl_typesupport_introspection_cpp.so" to ""
[22.886s] -- Installing: /home/antonio/Robotic-Swarms-main/Robotic-Swarms-main/install/arlo_interfaces/lib/libarlo_interfaces__rosidl_typesupport_cpp.so
[22.887s] -- Set runtime path of "/home/antonio/Robotic-Swarms-main/Robotic-Swarms-main/install/arlo_interfaces/lib/libarlo_interfaces__rosidl_typesupport_cpp.so" to ""
[22.887s] -- Installing: /home/antonio/Robotic-Swarms-main/Robotic-Swarms-main/install/arlo_interfaces/share/arlo_interfaces/environment/pythonpath.sh
[22.887s] -- Installing: /home/antonio/Robotic-Swarms-main/Robotic-Swarms-main/install/arlo_interfaces/share/arlo_interfaces/environment/pythonpath.dsv
[22.887s] -- Installing: /home/antonio/Robotic-Swarms-main/Robotic-Swarms-main/install/arlo_interfaces/local/lib/python3.10/dist-packages/arlo_interfaces-0.0.0-py3.10.egg-info
[22.887s] -- Installing: /home/antonio/Robotic-Swarms-main/Robotic-Swarms-main/install/arlo_interfaces/local/lib/python3.10/dist-packages/arlo_interfaces-0.0.0-py3.10.egg-info/dependency_links.txt
[22.887s] -- Installing: /home/antonio/Robotic-Swarms-main/Robotic-Swarms-main/install/arlo_interfaces/local/lib/python3.10/dist-packages/arlo_interfaces-0.0.0-py3.10.egg-info/top_level.txt
[22.888s] -- Installing: /home/antonio/Robotic-Swarms-main/Robotic-Swarms-main/install/arlo_interfaces/local/lib/python3.10/dist-packages/arlo_interfaces-0.0.0-py3.10.egg-info/PKG-INFO
[22.888s] -- Installing: /home/antonio/Robotic-Swarms-main/Robotic-Swarms-main/install/arlo_interfaces/local/lib/python3.10/dist-packages/arlo_interfaces-0.0.0-py3.10.egg-info/SOURCES.txt
[22.888s] -- Installing: /home/antonio/Robotic-Swarms-main/Robotic-Swarms-main/install/arlo_interfaces/local/lib/python3.10/dist-packages/arlo_interfaces
[22.888s] -- Installing: /home/antonio/Robotic-Swarms-main/Robotic-Swarms-main/install/arlo_interfaces/local/lib/python3.10/dist-packages/arlo_interfaces/_arlo_interfaces_s.ep.rosidl_typesupport_c.c
[22.888s] -- Installing: /home/antonio/Robotic-Swarms-main/Robotic-Swarms-main/install/arlo_interfaces/local/lib/python3.10/dist-packages/arlo_interfaces/srv
[22.888s] -- Installing: /home/antonio/Robotic-Swarms-main/Robotic-Swarms-main/install/arlo_interfaces/local/lib/python3.10/dist-packages/arlo_interfaces/srv/_get_important_weights.py
[22.889s] -- Installing: /home/antonio/Robotic-Swarms-main/Robotic-Swarms-main/install/arlo_interfaces/local/lib/python3.10/dist-packages/arlo_interfaces/srv/_get_robot_pose_s.c
[22.889s] -- Installing: /home/antonio/Robotic-Swarms-main/Robotic-Swarms-main/install/arlo_interfaces/local/lib/python3.10/dist-packages/arlo_interfaces/srv/_get_mates_fitness_s.c
[22.889s] -- Installing: /home/antonio/Robotic-Swarms-main/Robotic-Swarms-main/install/arlo_interfaces/local/lib/python3.10/dist-packages/arlo_interfaces/srv/_evaluate_driver_s.c
[22.889s] -- Installing: /home/antonio/Robotic-Swarms-main/Robotic-Swarms-main/install/arlo_interfaces/local/lib/python3.10/dist-packages/arlo_interfaces/srv/_get_mates_fitness.py
[22.889s] -- Installing: /home/antonio/Robotic-Swarms-main/Robotic-Swarms-main/install/arlo_interfaces/local/lib/python3.10/dist-packages/arlo_interfaces/srv/_get_important_weights_s.c
[22.889s] -- Installing: /home/antonio/Robotic-Swarms-main/Robotic-Swarms-main/install/arlo_interfaces/local/lib/python3.10/dist-packages/arlo_interfaces/srv/_get_robot_pose.py
[22.890s] -- Installing: /home/antonio/Robotic-Swarms-main/Robotic-Swarms-main/install/arlo_interfaces/local/lib/python3.10/dist-packages/arlo_interfaces/srv/__init__.py
[22.890s] -- Installing: /home/antonio/Robotic-Swarms-main/Robotic-Swarms-main/install/arlo_interfaces/local/lib/python3.10/dist-packages/arlo_interfaces/srv/_evaluate_driver.py
[22.890s] -- Installing: /home/antonio/Robotic-Swarms-main/Robotic-Swarms-main/install/arlo_interfaces/local/lib/python3.10/dist-packages/arlo_interfaces/arlo_interfaces_s__rosidl_typesupport_fastrtps_c.cpython-310-x86_64-linux-gnu.so
[22.890s] -- Installing: /home/antonio/Robotic-Swarms-main/Robotic-Swarms-main/install/arlo_interfaces/local/lib/python3.10/dist-packages/arlo_interfaces/arlo_interfaces_s__rosidl_typesupport_introspection_c.cpython-310-x86_64-linux-gnu.so
[22.890s] -- Installing: /home/antonio/Robotic-Swarms-main/Robotic-Swarms-main/install/arlo_interfaces/local/lib/python3.10/dist-packages/arlo_interfaces/_arlo_interfaces_s.ep.rosidl_typesupport_introspection_c.c
[22.890s] -- Installing: /home/antonio/Robotic-Swarms-main/Robotic-Swarms-main/install/arlo_interfaces/local/lib/python3.10/dist-packages/arlo_interfaces/msg
[22.891s] -- Installing: /home/antonio/Robotic-Swarms-main/Robotic-Swarms-main/install/arlo_interfaces/local/lib/python3.10/dist-packages/arlo_interfaces/msg/_estado_arlo_s.c
[22.891s] -- Installing: /home/antonio/Robotic-Swarms-main/Robotic-Swarms-main/install/arlo_interfaces/local/lib/python3.10/dist-packages/arlo_interfaces/msg/_pesos_struct_s.c
[22.891s] -- Installing: /home/antonio/Robotic-Swarms-main/Robotic-Swarms-main/install/arlo_interfaces/local/lib/python3.10/dist-packages/arlo_interfaces/msg/_mates_odom_s.c
[22.891s] -- Installing: /home/antonio/Robotic-Swarms-main/Robotic-Swarms-main/install/arlo_interfaces/local/lib/python3.10/dist-packages/arlo_interfaces/msg/_mates_odom.py
[22.891s] -- Installing: /home/antonio/Robotic-Swarms-main/Robotic-Swarms-main/install/arlo_interfaces/local/lib/python3.10/dist-packages/arlo_interfaces/msg/_pesos_struct.py
[22.891s] -- Installing: /home/antonio/Robotic-Swarms-main/Robotic-Swarms-main/install/arlo_interfaces/local/lib/python3.10/dist-packages/arlo_interfaces/msg/_estado_arlo.py
[22.892s] -- Installing: /home/antonio/Robotic-Swarms-main/Robotic-Swarms-main/install/arlo_interfaces/local/lib/python3.10/dist-packages/arlo_interfaces/msg/__init__.py
[22.892s] -- Installing: /home/antonio/Robotic-Swarms-main/Robotic-Swarms-main/install/arlo_interfaces/local/lib/python3.10/dist-packages/arlo_interfaces/arlo_interfaces_s__rosidl_typesupport_c.cpython-310-x86_64-linux-gnu.so
[22.892s] -- Installing: /home/antonio/Robotic-Swarms-main/Robotic-Swarms-main/install/arlo_interfaces/local/lib/python3.10/dist-packages/arlo_interfaces/_arlo_interfaces_s.ep.rosidl_typesupport_fastrtps_c.c
[22.892s] -- Installing: /home/antonio/Robotic-Swarms-main/Robotic-Swarms-main/install/arlo_interfaces/local/lib/python3.10/dist-packages/arlo_interfaces/__init__.py
[22.892s] -- Installing: /home/antonio/Robotic-Swarms-main/Robotic-Swarms-main/install/arlo_interfaces/local/lib/python3.10/dist-packages/arlo_interfaces/libarlo_interfaces__rosidl_generator_py.so
[22.983s] Listing '/home/antonio/Robotic-Swarms-main/Robotic-Swarms-main/install/arlo_interfaces/local/lib/python3.10/dist-packages/arlo_interfaces'...
[22.983s] Compiling '/home/antonio/Robotic-Swarms-main/Robotic-Swarms-main/install/arlo_interfaces/local/lib/python3.10/dist-packages/arlo_interfaces/__init__.py'...
[22.983s] Listing '/home/antonio/Robotic-Swarms-main/Robotic-Swarms-main/install/arlo_interfaces/local/lib/python3.10/dist-packages/arlo_interfaces/msg'...
[22.983s] Compiling '/home/antonio/Robotic-Swarms-main/Robotic-Swarms-main/install/arlo_interfaces/local/lib/python3.10/dist-packages/arlo_interfaces/msg/__init__.py'...
[22.983s] Compiling '/home/antonio/Robotic-Swarms-main/Robotic-Swarms-main/install/arlo_interfaces/local/lib/python3.10/dist-packages/arlo_interfaces/msg/_estado_arlo.py'...
[22.984s] Compiling '/home/antonio/Robotic-Swarms-main/Robotic-Swarms-main/install/arlo_interfaces/local/lib/python3.10/dist-packages/arlo_interfaces/msg/_mates_odom.py'...
[22.984s] Compiling '/home/antonio/Robotic-Swarms-main/Robotic-Swarms-main/install/arlo_interfaces/local/lib/python3.10/dist-packages/arlo_interfaces/msg/_pesos_struct.py'...
[22.984s] Listing '/home/antonio/Robotic-Swarms-main/Robotic-Swarms-main/install/arlo_interfaces/local/lib/python3.10/dist-packages/arlo_interfaces/srv'...
[22.984s] Compiling '/home/antonio/Robotic-Swarms-main/Robotic-Swarms-main/install/arlo_interfaces/local/lib/python3.10/dist-packages/arlo_interfaces/srv/__init__.py'...
[22.984s] Compiling '/home/antonio/Robotic-Swarms-main/Robotic-Swarms-main/install/arlo_interfaces/local/lib/python3.10/dist-packages/arlo_interfaces/srv/_evaluate_driver.py'...
[22.984s] Compiling '/home/antonio/Robotic-Swarms-main/Robotic-Swarms-main/install/arlo_interfaces/local/lib/python3.10/dist-packages/arlo_interfaces/srv/_get_important_weights.py'...
[22.985s] Compiling '/home/antonio/Robotic-Swarms-main/Robotic-Swarms-main/install/arlo_interfaces/local/lib/python3.10/dist-packages/arlo_interfaces/srv/_get_mates_fitness.py'...
[22.985s] Compiling '/home/antonio/Robotic-Swarms-main/Robotic-Swarms-main/install/arlo_interfaces/local/lib/python3.10/dist-packages/arlo_interfaces/srv/_get_robot_pose.py'...
[22.991s] -- Installing: /home/antonio/Robotic-Swarms-main/Robotic-Swarms-main/install/arlo_interfaces/local/lib/python3.10/dist-packages/arlo_interfaces/arlo_interfaces_s__rosidl_typesupport_fastrtps_c.cpython-310-x86_64-linux-gnu.so
[22.991s] -- Set runtime path of "/home/antonio/Robotic-Swarms-main/Robotic-Swarms-main/install/arlo_interfaces/local/lib/python3.10/dist-packages/arlo_interfaces/arlo_interfaces_s__rosidl_typesupport_fastrtps_c.cpython-310-x86_64-linux-gnu.so" to ""
[22.992s] -- Installing: /home/antonio/Robotic-Swarms-main/Robotic-Swarms-main/install/arlo_interfaces/local/lib/python3.10/dist-packages/arlo_interfaces/arlo_interfaces_s__rosidl_typesupport_introspection_c.cpython-310-x86_64-linux-gnu.so
[22.992s] -- Set runtime path of "/home/antonio/Robotic-Swarms-main/Robotic-Swarms-main/install/arlo_interfaces/local/lib/python3.10/dist-packages/arlo_interfaces/arlo_interfaces_s__rosidl_typesupport_introspection_c.cpython-310-x86_64-linux-gnu.so" to ""
[22.993s] -- Installing: /home/antonio/Robotic-Swarms-main/Robotic-Swarms-main/install/arlo_interfaces/local/lib/python3.10/dist-packages/arlo_interfaces/arlo_interfaces_s__rosidl_typesupport_c.cpython-310-x86_64-linux-gnu.so
[22.993s] -- Set runtime path of "/home/antonio/Robotic-Swarms-main/Robotic-Swarms-main/install/arlo_interfaces/local/lib/python3.10/dist-packages/arlo_interfaces/arlo_interfaces_s__rosidl_typesupport_c.cpython-310-x86_64-linux-gnu.so" to ""
[22.993s] -- Installing: /home/antonio/Robotic-Swarms-main/Robotic-Swarms-main/install/arlo_interfaces/lib/libarlo_interfaces__rosidl_generator_py.so
[22.994s] -- Set runtime path of "/home/antonio/Robotic-Swarms-main/Robotic-Swarms-main/install/arlo_interfaces/lib/libarlo_interfaces__rosidl_generator_py.so" to ""
[22.994s] -- Installing: /home/antonio/Robotic-Swarms-main/Robotic-Swarms-main/install/arlo_interfaces/share/arlo_interfaces/msg/PesosStruct.idl
[22.994s] -- Installing: /home/antonio/Robotic-Swarms-main/Robotic-Swarms-main/install/arlo_interfaces/share/arlo_interfaces/msg/EstadoArlo.idl
[22.994s] -- Installing: /home/antonio/Robotic-Swarms-main/Robotic-Swarms-main/install/arlo_interfaces/share/arlo_interfaces/msg/MatesOdom.idl
[22.995s] -- Installing: /home/antonio/Robotic-Swarms-main/Robotic-Swarms-main/install/arlo_interfaces/share/arlo_interfaces/srv/EvaluateDriver.idl
[22.995s] -- Installing: /home/antonio/Robotic-Swarms-main/Robotic-Swarms-main/install/arlo_interfaces/share/arlo_interfaces/srv/GetImportantWeights.idl
[22.995s] -- Installing: /home/antonio/Robotic-Swarms-main/Robotic-Swarms-main/install/arlo_interfaces/share/arlo_interfaces/srv/GetMatesFitness.idl
[22.995s] -- Installing: /home/antonio/Robotic-Swarms-main/Robotic-Swarms-main/install/arlo_interfaces/share/arlo_interfaces/srv/GetRobotPose.idl
[22.995s] -- Installing: /home/antonio/Robotic-Swarms-main/Robotic-Swarms-main/install/arlo_interfaces/share/arlo_interfaces/msg/PesosStruct.msg
[22.996s] -- Installing: /home/antonio/Robotic-Swarms-main/Robotic-Swarms-main/install/arlo_interfaces/share/arlo_interfaces/msg/EstadoArlo.msg
[22.996s] -- Installing: /home/antonio/Robotic-Swarms-main/Robotic-Swarms-main/install/arlo_interfaces/share/arlo_interfaces/msg/MatesOdom.msg
[22.996s] -- Installing: /home/antonio/Robotic-Swarms-main/Robotic-Swarms-main/install/arlo_interfaces/share/arlo_interfaces/srv/EvaluateDriver.srv
[22.996s] -- Installing: /home/antonio/Robotic-Swarms-main/Robotic-Swarms-main/install/arlo_interfaces/share/arlo_interfaces/srv/EvaluateDriver_Request.msg
[22.996s] -- Installing: /home/antonio/Robotic-Swarms-main/Robotic-Swarms-main/install/arlo_interfaces/share/arlo_interfaces/srv/EvaluateDriver_Response.msg
[22.997s] -- Installing: /home/antonio/Robotic-Swarms-main/Robotic-Swarms-main/install/arlo_interfaces/share/arlo_interfaces/srv/GetImportantWeights.srv
[22.997s] -- Installing: /home/antonio/Robotic-Swarms-main/Robotic-Swarms-main/install/arlo_interfaces/share/arlo_interfaces/srv/GetImportantWeights_Request.msg
[22.997s] -- Installing: /home/antonio/Robotic-Swarms-main/Robotic-Swarms-main/install/arlo_interfaces/share/arlo_interfaces/srv/GetImportantWeights_Response.msg
[22.997s] -- Installing: /home/antonio/Robotic-Swarms-main/Robotic-Swarms-main/install/arlo_interfaces/share/arlo_interfaces/srv/GetMatesFitness.srv
[22.997s] -- Installing: /home/antonio/Robotic-Swarms-main/Robotic-Swarms-main/install/arlo_interfaces/share/arlo_interfaces/srv/GetMatesFitness_Request.msg
[22.998s] -- Installing: /home/antonio/Robotic-Swarms-main/Robotic-Swarms-main/install/arlo_interfaces/share/arlo_interfaces/srv/GetMatesFitness_Response.msg
[22.998s] -- Installing: /home/antonio/Robotic-Swarms-main/Robotic-Swarms-main/install/arlo_interfaces/share/arlo_interfaces/srv/GetRobotPose.srv
[22.998s] -- Installing: /home/antonio/Robotic-Swarms-main/Robotic-Swarms-main/install/arlo_interfaces/share/arlo_interfaces/srv/GetRobotPose_Request.msg
[22.998s] -- Installing: /home/antonio/Robotic-Swarms-main/Robotic-Swarms-main/install/arlo_interfaces/share/arlo_interfaces/srv/GetRobotPose_Response.msg
[22.999s] -- Installing: /home/antonio/Robotic-Swarms-main/Robotic-Swarms-main/install/arlo_interfaces/share/ament_index/resource_index/package_run_dependencies/arlo_interfaces
[22.999s] -- Installing: /home/antonio/Robotic-Swarms-main/Robotic-Swarms-main/install/arlo_interfaces/share/ament_index/resource_index/parent_prefix_path/arlo_interfaces
[22.999s] -- Installing: /home/antonio/Robotic-Swarms-main/Robotic-Swarms-main/install/arlo_interfaces/share/arlo_interfaces/environment/ament_prefix_path.sh
[22.999s] -- Installing: /home/antonio/Robotic-Swarms-main/Robotic-Swarms-main/install/arlo_interfaces/share/arlo_interfaces/environment/ament_prefix_path.dsv
[22.999s] -- Installing: /home/antonio/Robotic-Swarms-main/Robotic-Swarms-main/install/arlo_interfaces/share/arlo_interfaces/environment/path.sh
[23.000s] -- Installing: /home/antonio/Robotic-Swarms-main/Robotic-Swarms-main/install/arlo_interfaces/share/arlo_interfaces/environment/path.dsv
[23.000s] -- Installing: /home/antonio/Robotic-Swarms-main/Robotic-Swarms-main/install/arlo_interfaces/share/arlo_interfaces/local_setup.bash
[23.000s] -- Installing: /home/antonio/Robotic-Swarms-main/Robotic-Swarms-main/install/arlo_interfaces/share/arlo_interfaces/local_setup.sh
[23.000s] -- Installing: /home/antonio/Robotic-Swarms-main/Robotic-Swarms-main/install/arlo_interfaces/share/arlo_interfaces/local_setup.zsh
[23.001s] -- Installing: /home/antonio/Robotic-Swarms-main/Robotic-Swarms-main/install/arlo_interfaces/share/arlo_interfaces/local_setup.dsv
[23.001s] -- Installing: /home/antonio/Robotic-Swarms-main/Robotic-Swarms-main/install/arlo_interfaces/share/arlo_interfaces/package.dsv
[23.001s] -- Installing: /home/antonio/Robotic-Swarms-main/Robotic-Swarms-main/install/arlo_interfaces/share/ament_index/resource_index/packages/arlo_interfaces
[23.001s] -- Installing: /home/antonio/Robotic-Swarms-main/Robotic-Swarms-main/install/arlo_interfaces/share/arlo_interfaces/cmake/export_arlo_interfaces__rosidl_generator_cExport.cmake
[23.002s] -- Installing: /home/antonio/Robotic-Swarms-main/Robotic-Swarms-main/install/arlo_interfaces/share/arlo_interfaces/cmake/export_arlo_interfaces__rosidl_generator_cExport-noconfig.cmake
[23.002s] -- Installing: /home/antonio/Robotic-Swarms-main/Robotic-Swarms-main/install/arlo_interfaces/share/arlo_interfaces/cmake/export_arlo_interfaces__rosidl_typesupport_fastrtps_cExport.cmake
[23.002s] -- Installing: /home/antonio/Robotic-Swarms-main/Robotic-Swarms-main/install/arlo_interfaces/share/arlo_interfaces/cmake/export_arlo_interfaces__rosidl_typesupport_fastrtps_cExport-noconfig.cmake
[23.002s] -- Installing: /home/antonio/Robotic-Swarms-main/Robotic-Swarms-main/install/arlo_interfaces/share/arlo_interfaces/cmake/export_arlo_interfaces__rosidl_generator_cppExport.cmake
[23.003s] -- Installing: /home/antonio/Robotic-Swarms-main/Robotic-Swarms-main/install/arlo_interfaces/share/arlo_interfaces/cmake/export_arlo_interfaces__rosidl_typesupport_fastrtps_cppExport.cmake
[23.003s] -- Installing: /home/antonio/Robotic-Swarms-main/Robotic-Swarms-main/install/arlo_interfaces/share/arlo_interfaces/cmake/export_arlo_interfaces__rosidl_typesupport_fastrtps_cppExport-noconfig.cmake
[23.003s] -- Installing: /home/antonio/Robotic-Swarms-main/Robotic-Swarms-main/install/arlo_interfaces/share/arlo_interfaces/cmake/arlo_interfaces__rosidl_typesupport_introspection_cExport.cmake
[23.003s] -- Installing: /home/antonio/Robotic-Swarms-main/Robotic-Swarms-main/install/arlo_interfaces/share/arlo_interfaces/cmake/arlo_interfaces__rosidl_typesupport_introspection_cExport-noconfig.cmake
[23.003s] -- Installing: /home/antonio/Robotic-Swarms-main/Robotic-Swarms-main/install/arlo_interfaces/share/arlo_interfaces/cmake/arlo_interfaces__rosidl_typesupport_cExport.cmake
[23.004s] -- Installing: /home/antonio/Robotic-Swarms-main/Robotic-Swarms-main/install/arlo_interfaces/share/arlo_interfaces/cmake/arlo_interfaces__rosidl_typesupport_cExport-noconfig.cmake
[23.004s] -- Installing: /home/antonio/Robotic-Swarms-main/Robotic-Swarms-main/install/arlo_interfaces/share/arlo_interfaces/cmake/arlo_interfaces__rosidl_typesupport_introspection_cppExport.cmake
[23.004s] -- Installing: /home/antonio/Robotic-Swarms-main/Robotic-Swarms-main/install/arlo_interfaces/share/arlo_interfaces/cmake/arlo_interfaces__rosidl_typesupport_introspection_cppExport-noconfig.cmake
[23.004s] -- Installing: /home/antonio/Robotic-Swarms-main/Robotic-Swarms-main/install/arlo_interfaces/share/arlo_interfaces/cmake/arlo_interfaces__rosidl_typesupport_cppExport.cmake
[23.005s] -- Installing: /home/antonio/Robotic-Swarms-main/Robotic-Swarms-main/install/arlo_interfaces/share/arlo_interfaces/cmake/arlo_interfaces__rosidl_typesupport_cppExport-noconfig.cmake
[23.005s] -- Installing: /home/antonio/Robotic-Swarms-main/Robotic-Swarms-main/install/arlo_interfaces/share/arlo_interfaces/cmake/export_arlo_interfaces__rosidl_generator_pyExport.cmake
[23.005s] -- Installing: /home/antonio/Robotic-Swarms-main/Robotic-Swarms-main/install/arlo_interfaces/share/arlo_interfaces/cmake/export_arlo_interfaces__rosidl_generator_pyExport-noconfig.cmake
[23.006s] -- Installing: /home/antonio/Robotic-Swarms-main/Robotic-Swarms-main/install/arlo_interfaces/share/arlo_interfaces/cmake/rosidl_cmake-extras.cmake
[23.006s] -- Installing: /home/antonio/Robotic-Swarms-main/Robotic-Swarms-main/install/arlo_interfaces/share/arlo_interfaces/cmake/ament_cmake_export_dependencies-extras.cmake
[23.006s] -- Installing: /home/antonio/Robotic-Swarms-main/Robotic-Swarms-main/install/arlo_interfaces/share/arlo_interfaces/cmake/ament_cmake_export_include_directories-extras.cmake
[23.007s] -- Installing: /home/antonio/Robotic-Swarms-main/Robotic-Swarms-main/install/arlo_interfaces/share/arlo_interfaces/cmake/ament_cmake_export_libraries-extras.cmake
[23.007s] -- Installing: /home/antonio/Robotic-Swarms-main/Robotic-Swarms-main/install/arlo_interfaces/share/arlo_interfaces/cmake/ament_cmake_export_targets-extras.cmake
[23.007s] -- Installing: /home/antonio/Robotic-Swarms-main/Robotic-Swarms-main/install/arlo_interfaces/share/arlo_interfaces/cmake/rosidl_cmake_export_typesupport_targets-extras.cmake
[23.008s] -- Installing: /home/antonio/Robotic-Swarms-main/Robotic-Swarms-main/install/arlo_interfaces/share/arlo_interfaces/cmake/rosidl_cmake_export_typesupport_libraries-extras.cmake
[23.008s] -- Installing: /home/antonio/Robotic-Swarms-main/Robotic-Swarms-main/install/arlo_interfaces/share/arlo_interfaces/cmake/arlo_interfacesConfig.cmake
[23.008s] -- Installing: /home/antonio/Robotic-Swarms-main/Robotic-Swarms-main/install/arlo_interfaces/share/arlo_interfaces/cmake/arlo_interfacesConfig-version.cmake
[23.008s] -- Installing: /home/antonio/Robotic-Swarms-main/Robotic-Swarms-main/install/arlo_interfaces/share/arlo_interfaces/package.xml
[23.013s] Invoked command in '/home/antonio/Robotic-Swarms-main/Robotic-Swarms-main/build/arlo_interfaces' returned '0': CMAKE_PREFIX_PATH=/opt/ros/humble /usr/bin/cmake --install /home/antonio/Robotic-Swarms-main/Robotic-Swarms-main/build/arlo_interfaces
